[2015.11.27-14.45.50:854][  0]Log file open, 11/27/15 22:45:50
[2015.11.27-14.45.50:854][  0]LogInit:Display: Running engine for game: GravityBall
[2015.11.27-14.45.50:854][  0]LogPlatformFile: Not using cached read wrapper
[2015.11.27-14.45.50:854][  0]LogInit:Display: RandInit(511673955) SRandInit(511673957).
[2015.11.27-14.45.50:854][  0]LogTaskGraph: Started task graph with 4 named threads and 5 total threads.
[2015.11.27-14.45.50:854][  0]LogStats: Stats thread started at 0.527169
[2015.11.27-14.45.50:854][  0]LogInit: Version: 4.10.0-2758231+++depot+UE4-Releases+4.10
[2015.11.27-14.45.50:854][  0]LogInit: API Version: 2758231
[2015.11.27-14.45.50:854][  0]LogInit: Compiled (64-bit): Nov  7 2015 05:13:45
[2015.11.27-14.45.50:854][  0]LogInit: Compiled with Visual C++: 19.00.23026.00
[2015.11.27-14.45.50:854][  0]LogInit: Build Configuration: Development
[2015.11.27-14.45.50:854][  0]LogInit: Branch Name: ++depot+UE4-Releases+4.10
[2015.11.27-14.45.50:854][  0]LogInit: Command line: 
[2015.11.27-14.45.50:854][  0]LogInit: Base directory: C:/Program Files (x86)/Epic Games/4.10/Engine/Binaries/Win64/
[2015.11.27-14.45.50:854][  0]LogInit: Rocket: 1
[2015.11.27-14.45.50:893][  0]LogInit: Using libcurl 7.41.0
[2015.11.27-14.45.50:893][  0]LogInit:  - built for x86_64-pc-win32
[2015.11.27-14.45.50:893][  0]LogInit:  - supports SSL with WinSSL
[2015.11.27-14.45.50:893][  0]LogInit:  - other features:
[2015.11.27-14.45.50:893][  0]LogInit:      CURL_VERSION_SSL
[2015.11.27-14.45.50:894][  0]LogInit:      CURL_VERSION_IPV6
[2015.11.27-14.45.50:894][  0]LogInit:      CURL_VERSION_ASYNCHDNS
[2015.11.27-14.45.50:894][  0]LogInit:      CURL_VERSION_LARGEFILE
[2015.11.27-14.45.50:894][  0]LogInit:      CURL_VERSION_IDN
[2015.11.27-14.45.50:894][  0]LogInit:  CurlRequestOptions (configurable via config and command line):
[2015.11.27-14.45.50:894][  0]LogInit:  - bVerifyPeer = true  - Libcurl will verify peer certificate
[2015.11.27-14.45.50:894][  0]LogInit:  - bUseHttpProxy = false  - Libcurl will NOT use HTTP proxy
[2015.11.27-14.45.50:894][  0]LogInit:  - bDontReuseConnections = false  - Libcurl will reuse connections
[2015.11.27-14.45.50:894][  0]LogInit:  - CertBundlePath = nullptr  - Libcurl will use whatever was configured at build time.
[2015.11.27-14.45.50:964][  0]LogInit: Presizing for 0 objects not considered by GC, pre-allocating 0 bytes.
[2015.11.27-14.45.50:983][  0]LogInit: Object subsystem initialized
[2015.11.27-14.45.50:995][  0]LogInit: Selected Device Profile: [Windows]
[2015.11.27-14.45.50:995][  0]LogInit: Applying CVar settings loaded from the selected device profile: [Windows]
[2015.11.27-14.45.51:033][  0]LogInit: Computer: USER
[2015.11.27-14.45.51:033][  0]LogInit: User: acer
[2015.11.27-14.45.51:033][  0]LogInit: CPU Page size=4096, Cores=2
[2015.11.27-14.45.51:033][  0]LogInit: High frequency timer resolution =2.435881 MHz
[2015.11.27-14.45.51:033][  0]LogMemory: Memory total: Physical=3.8GB (4GB approx)
[2015.11.27-14.45.51:033][  0]LogMemory: Platform Memory Stats for Windows
[2015.11.27-14.45.51:033][  0]LogMemory: Process Physical Memory: 55.88 MB used, 55.88 MB peak
[2015.11.27-14.45.51:033][  0]LogMemory: Process Virtual Memory: 55.61 MB used, 55.61 MB peak
[2015.11.27-14.45.51:033][  0]LogMemory: Physical Memory: 3632.84 MB used, 3914.31 MB total
[2015.11.27-14.45.51:033][  0]LogMemory: Virtual Memory: 378.15 MB used, 134217728.00 MB total
[2015.11.27-14.45.51:339][  0]LogTextLocalizationManager: No translations for ('zh-TW') exist, falling back to 'en' for localization and internationalization data.
[2015.11.27-14.45.52:233][  0]LogD3D11RHI: Found D3D11 adapter 0: Intel(R) HD Graphics 4000 (Feature Level 11_0)
[2015.11.27-14.45.52:233][  0]LogD3D11RHI: Adapter has 96MB of dedicated video memory, 0MB of dedicated system memory, and 1696MB of shared system memory, 1 output[s]
[2015.11.27-14.45.52:236][  0]LogD3D11RHI: Found D3D11 adapter 1: Microsoft Basic Render Driver (Feature Level 11_0)
[2015.11.27-14.45.52:236][  0]LogD3D11RHI: Adapter has 0MB of dedicated video memory, 0MB of dedicated system memory, and 1957MB of shared system memory, 0 output[s]
[2015.11.27-14.45.52:237][  0]LogD3D11RHI: Chosen D3D11 Adapter Id = 0
[2015.11.27-14.45.52:244][  0]LogD3D11RHI: !Direct3DDevice
[2015.11.27-14.45.52:244][  0]LogRHI: Texture pool is 660 MB (70% of 944 MB)
[2015.11.27-14.45.52:248][  0]LogD3D11RHI: Async texture creation enabled
[2015.11.27-14.45.52:267][  0]LogShaderCompilers: Guid format shader working directory is -21 characters bigger than the processId version (../../../../../../Users/acer/Documents/Unreal Projects/GravityBall/Intermediate/Shaders/WorkingDirectory/7600/).
[2015.11.27-14.45.52:267][  0]LogShaderCompilers: Cleaned the shader compiler working directory 'C:/Users/acer/AppData/Local/Temp/UnrealShaderWorkingDir/7FDAC6D6463A86E4BC71AABFB7C516FD/'.
[2015.11.27-14.45.52:268][  0]LogShaderCompilers:Display: Using Local Shader Compiler.
[2015.11.27-14.45.55:039][  0]LogTemp:Display: Loaded TP AllDesktopTargetPlatform
[2015.11.27-14.45.55:048][  0]LogTemp:Display: Loaded TP WindowsClientTargetPlatform
[2015.11.27-14.45.55:057][  0]LogTemp:Display: Loaded TP WindowsNoEditorTargetPlatform
[2015.11.27-14.45.55:066][  0]LogTemp:Display: Loaded TP WindowsServerTargetPlatform
[2015.11.27-14.45.55:075][  0]LogTemp:Display: Loaded TP WindowsTargetPlatform
[2015.11.27-14.45.55:082][  0]LogTemp:Display: Loaded TP AndroidTargetPlatform
[2015.11.27-14.45.55:088][  0]LogTemp:Display: Loaded TP Android_ASTCTargetPlatform
[2015.11.27-14.45.55:093][  0]LogTemp:Display: Loaded TP Android_ATCTargetPlatform
[2015.11.27-14.45.55:098][  0]LogTemp:Display: Loaded TP Android_DXTTargetPlatform
[2015.11.27-14.45.55:103][  0]LogTemp:Display: Loaded TP Android_ETC1TargetPlatform
[2015.11.27-14.45.55:109][  0]LogTemp:Display: Loaded TP Android_ETC2TargetPlatform
[2015.11.27-14.45.55:119][  0]LogTemp:Display: Loaded TP Android_MultiTargetPlatform
[2015.11.27-14.45.55:120][  0]LogTemp:Display: Loaded TP Android_PVRTCTargetPlatform
[2015.11.27-14.45.55:123][  0]LogTemp:Display: Loaded TP HTML5TargetPlatform
[2015.11.27-14.45.55:176][  0]LogTemp:Display: Loaded TP IOSTargetPlatform
[2015.11.27-14.45.55:180][  0]LogTemp:Display: Loaded TP LinuxNoEditorTargetPlatform
[2015.11.27-14.45.55:185][  0]LogTemp:Display: Loaded TP LinuxServerTargetPlatform
[2015.11.27-14.45.55:193][  0]LogTemp:Display: Loaded TP LinuxTargetPlatform
[2015.11.27-14.45.55:193][  0]LogTargetPlatformManager:Display: Building Assets For Windows
[2015.11.27-14.45.55:592][  0]LogDerivedDataCache:Display: Max Cache Size: 512 MB
[2015.11.27-14.45.55:744][  0]LogDerivedDataCache: Loaded boot cache 0.15s 41MB C:/Users/acer/AppData/Local/UnrealEngine/4.10/DerivedDataCache/Boot.ddc.
[2015.11.27-14.45.55:744][  0]LogDerivedDataCache:Display: Loaded Boot cache: C:/Users/acer/AppData/Local/UnrealEngine/4.10/DerivedDataCache/Boot.ddc
[2015.11.27-14.45.55:744][  0]LogDerivedDataCache: FDerivedDataBackendGraph:  Pak pak cache file ../../../../../../Users/acer/Documents/Unreal Projects/GravityBall/DerivedDataCache/DDC.ddp not found, will not use a pak cache.
[2015.11.27-14.45.55:744][  0]LogDerivedDataCache: Unable to find inner node Pak for hierarchical cache Hierarchy.
[2015.11.27-14.45.55:744][  0]LogDerivedDataCache: FDerivedDataBackendGraph:  CompressedPak pak cache file ../../../../../../Users/acer/Documents/Unreal Projects/GravityBall/DerivedDataCache/Compressed.ddp not found, will not use a pak cache.
[2015.11.27-14.45.55:744][  0]LogDerivedDataCache: Unable to find inner node CompressedPak for hierarchical cache Hierarchy.
[2015.11.27-14.45.55:834][  0]LogDerivedDataCache:Display: Pak cache opened for reading ../../../Engine/DerivedDataCache/Compressed.ddp.
[2015.11.27-14.45.55:847][  0]LogDerivedDataCache: Using Local data cache path C:/Users/acer/AppData/Local/UnrealEngine/Common/DerivedDataCache: Writable
[2015.11.27-14.45.59:770][  0]LogInit: Selected Device Profile: [Windows]
[2015.11.27-14.45.59:779][  0]LogContentStreaming: Texture pool size is 0.000000MB
[2015.11.27-14.46.00:012][  0]LogMeshUtilities: No automatic mesh reduction module available
[2015.11.27-14.46.00:013][  0]LogMeshUtilities: No automatic mesh merging module available
[2015.11.27-14.46.00:723][  0]LogInit: WinSock: version 1.1 (2.2), MaxSocks=32767, MaxUdp=65467
[2015.11.27-14.46.04:017][  0]UdpMessaging: Initializing bridge on interface 0.0.0.0:0 to multicast group 230.0.0.1:6666.
[2015.11.27-14.46.04:019][  0]FUdpSocketBuilder: Failed to create the socket UdpMessageMulticastSocket as configured
[2015.11.27-14.46.04:019][  0]UdpMessageTransport.StartTransport: Failed to create multicast socket on 0.0.0.0:0, joined to 230.0.0.1:6666 with TTL 1
[2015.11.27-14.46.04:180][  0]LogAssetRegistry: FAssetRegistry took 0.0112 seconds to start up
[2015.11.27-14.46.04:580][  0]SourceControl: Info Source control is disabled
[2015.11.27-14.46.04:710][  0]SourceControl: Info Source control is disabled
[2015.11.27-14.46.04:736][  0]SourceControl: Info Source control is disabled
[2015.11.27-14.46.04:756][  0]SourceControl: Info Source control is disabled
[2015.11.27-14.46.05:273][  0]LogObj: 28633 objects as part of root set at end of initial load.
[2015.11.27-14.46.05:273][  0]LogUObjectAllocator: 6099744 out of 0 bytes used by permanent object pool.
[2015.11.27-14.46.05:442][  0]LogEngine: Initializing Engine...
[2015.11.27-14.46.05:450][  0]LogHMD: Can't find Oculus library dev build: is proper Runtime installed? Version: 0.8.0.0
[2015.11.27-14.46.05:466][  0]LogHMD: SteamVR failed to initialize.  Err: 110
[2015.11.27-14.46.05:790][  0]LogAIModule: Creating AISystem for world NewWorld
[2015.11.27-14.46.05:841][  0]LogInit: XAudio2 using '喇叭 (Realtek High Definition Audio)' : 2 channels at 48 kHz using 32 bits per sample (channel mask 0x3)
[2015.11.27-14.46.05:861][  0]LogInit: FAudioDevice initialized.
[2015.11.27-14.46.05:913][  0]LogDerivedDataCache: Saved boot cache 0.05s 41MB C:/Users/acer/AppData/Local/UnrealEngine/4.10/DerivedDataCache/Boot.ddc.
[2015.11.27-14.46.05:921][  0]LogInit: Texture streaming: Enabled
[2015.11.27-14.46.05:963][  0]LogAnalytics: Creating configured Analytics provider AnalyticsET
[2015.11.27-14.46.05:964][  0]LogAnalytics: [UEEditor.Rocket.Release] APIServer = http://et2.epicgames.com/ET2/. AppVersion = 4.10.0-2758231+++depot+UE4-Releases+4.10
[2015.11.27-14.46.05:964][  0]LogAnalytics: [UEEditor.Rocket.Release] SetUserId b28a54dd4c274698e8fd378172540302|7ab9c2e1b7464127a7a1e84c1ac07d12|20189905-d510-4860-8e10-ed7b2f66fadd
[2015.11.27-14.46.05:965][  0]LogAnalytics: [UEEditor.Rocket.Release] AnalyticsET::StartSession
[2015.11.27-14.46.06:097][  0]LogInit: Transaction tracking system initialized
[2015.11.27-14.46.06:276][  0]BlueprintLog: New page: Editor Load
[2015.11.27-14.46.06:814][  0]LogInit:Warning: CVar named 'r.MobileHDR' marked up in RendererSettings was not found or is set to read-only
[2015.11.27-14.46.09:217][  0]LocalizationService: Info Localization service is disabled
[2015.11.27-14.46.09:911][  0]LogConsoleResponse:Display: 
[2015.11.27-14.46.10:476][  0]LogFileCache: Scanning file cache for directory 'C:/Users/acer/Documents/Unreal Projects/GravityBall/Content/' took 0.01s
[2015.11.27-14.46.10:476][  0]LogCook:Display: Done creating registry. It took  0.00s.
[2015.11.27-14.46.11:026][  0]SourceControl: Info Source control is disabled
[2015.11.27-14.46.11:033][  0]Cmd: MAP LOAD FILE="../../../Engine/Content/Maps/Templates/Template_Default.umap" TEMPLATE=1 SHOWPROGRESS=1 FEATURELEVEL=3
[2015.11.27-14.46.11:040][  0]LightingResults: New page: Lighting Build
[2015.11.27-14.46.11:067][  0]MapCheck: New page: Map Check
[2015.11.27-14.46.11:067][  0]LightingResults: New page: Lighting Build
[2015.11.27-14.46.11:146][  0]LogParticles: Destroying 0 GPU particle simulations for FXSystem 0x0000000987232AC0
[2015.11.27-14.46.12:027][  0]LogAIModule: Creating AISystem for world Untitled_1
[2015.11.27-14.46.12:090][  0]LogEditorServer: Finished looking for orphan Actors (0.000 secs)
[2015.11.27-14.46.12:101][  0]Cmd: MAP CHECKDEP NOCLEARLOG
[2015.11.27-14.46.12:196][  0]MapCheck: Info Map check complete: 0 Error(s), 0 Warning(s), took 94.468ms to complete.
[2015.11.27-14.46.12:196][  0]LogFileHelpers: Loading map 'Template_Default' took 1.165
[2015.11.27-14.46.12:563][  0]LogCollectionManager: Loaded 0 collections in 0.004160 seconds
[2015.11.27-14.46.12:645][  0]LogFileCache: Scanning file cache for directory 'C:/Users/acer/Documents/Unreal Projects/GravityBall/Saved/Collections/' took 0.01s
[2015.11.27-14.46.12:645][  0]LogFileCache: Scanning file cache for directory 'C:/Users/acer/Documents/Unreal Projects/GravityBall/Content/Developers/acer/Collections/' took 0.01s
[2015.11.27-14.46.12:645][  0]LogFileCache: Scanning file cache for directory 'C:/Users/acer/Documents/Unreal Projects/GravityBall/Content/Collections/' took 0.01s
[2015.11.27-14.46.12:645][  0]LogCollectionManager: Rebuilt the GUID cache for 0 collections in 0.000008 seconds
[2015.11.27-14.46.12:663][  0]LogContentBrowser: Native class hierarchy populated in 0.0173 seconds. Added 1893 classes and 338 folders.
[2015.11.27-14.46.12:701][  0]LogContentBrowser: Native class hierarchy updated for 'WidgetCarousel' in 0.0006 seconds. Added 0 classes and 0 folders.
[2015.11.27-14.46.13:225][  0]LogContentBrowser: Native class hierarchy updated for 'AddContentDialog' in 0.0005 seconds. Added 0 classes and 0 folders.
[2015.11.27-14.46.13:258][  0]LogContentBrowser: Native class hierarchy updated for 'SceneOutliner' in 0.0006 seconds. Added 1 classes and 2 folders.
[2015.11.27-14.46.13:392][  0]LogCrashTracker: Crashtracker disabled due to settings.
[2015.11.27-14.46.13:510][  0]LogLoad: Full Startup: 24.37 seconds (BP compile: 0.24 seconds)
[2015.11.27-14.46.13:534][  0]LogOcInput: Can't find Oculus library dev build: is proper Runtime installed? Version: 0.8.0.0
[2015.11.27-14.46.13:745][  0]LogContentStreaming: Texture pool size now 1000 MB
[2015.11.27-14.46.14:026][  0]LogRenderer: Reallocating scene render targets to support 804x340 (Frame:2).
[2015.11.27-14.46.14:886][  4]LogAssetRegistry: Asset discovery search completed in 10.7172 seconds
[2015.11.27-14.46.14:886][  4]LogCollectionManager: Rebuilt the object cache for 0 collections in 0.000001 seconds (found 0 objects)
[2015.11.27-14.46.14:886][  4]LogCollectionManager: Fixed up redirectors for 0 collections in 0.000050 seconds (updated 0 objects)
[2015.11.27-14.49.52:058][181]LogEditorViewport: Clicking on Actor (LMB): StaticMeshActor (Floor)
[2015.11.27-14.49.54:026][216]LogEditorViewport: Clicking on Actor (LMB): StaticMeshActor (Floor)
[2015.11.27-14.49.55:997][263]LogEditorViewport: Clicking on Actor (LMB): StaticMeshActor (Floor)
[2015.11.27-14.50.01:104][378]LogEditorViewport: Clicking on Actor (LMB): StaticMeshActor (Floor)
[2015.11.27-14.50.01:232][378]LogEditorViewport: Clicking on Component (LMB): StaticMeshComponent (StaticMeshComponent0)
[2015.11.27-14.50.02:620][409]LogEditorViewport: Clicking on Component (LMB): StaticMeshComponent (StaticMeshComponent0)
[2015.11.27-14.50.24:236][897]LogEditorViewport: Clicking on Actor (LMB): TriggerSphere (TriggerSphere)
[2015.11.27-14.51.38:546][571]Cmd: DELETE
[2015.11.27-14.51.38:546][571]Cmd: ACTOR DELETE
[2015.11.27-14.51.38:565][571]LogEditorActor: Deleted Actor: TriggerSphere
[2015.11.27-14.51.38:727][571]LogEditorActor: Deleted 1 Actors (0.165 secs)
[2015.11.27-14.51.39:356][588]LogEditorViewport: Clicking on Actor (LMB): TriggerSphere (TriggerSphere)
[2015.11.27-14.51.40:080][603]Cmd: DELETE
[2015.11.27-14.51.40:080][603]Cmd: ACTOR DELETE
[2015.11.27-14.51.40:081][603]LogEditorActor: Deleted Actor: TriggerSphere
[2015.11.27-14.51.40:130][603]LogEditorActor: Deleted 1 Actors (0.050 secs)
[2015.11.27-14.51.42:729][677]LogActorFactory: Actor Factory created Sphere
[2015.11.27-14.51.44:052][707]LogActorFactory: Actor Factory created Sphere
[2015.11.27-14.51.44:174][707]LogEditorViewport: Clicking on Actor (LMB): StaticMeshActor (Floor)
[2015.11.27-14.51.44:349][707]LogEditorViewport: Clicking on Actor (double click): StaticMeshActor (Sphere)
[2015.11.27-14.54.36:648][604]LogMaterial: Missing cached shader map for material NewMaterial, compiling. 
[2015.11.27-14.54.36:906][604]LogMaterial: Missing cached shader map for material NewMaterial, compiling. 
[2015.11.27-14.54.36:914][604]LogMaterial: 0.000985 seconds spent updating 1 materials, 1 interfaces, 0 instances, 0 with static permutations.
[2015.11.27-14.54.46:876][705]MaterialEditorStats: Info Base pass shader with only dynamic lighting: 31 instructions
[2015.11.27-14.54.46:876][705]MaterialEditorStats: Info Vertex shader: 31 instructions
[2015.11.27-14.54.46:876][705]MaterialEditorStats: Info Texture samplers: 0/16
[2015.11.27-14.55.31:348][340]LogMaterial: Missing cached shader map for material TutorialMaterial, compiling. 
[2015.11.27-14.55.31:387][340]LogSlate:Warning: Slate: Had to block on waiting for a draw buffer
[2015.11.27-14.55.31:491][340]LogMaterial: Missing cached shader map for material TutorialMaterial, compiling. 
[2015.11.27-14.55.31:499][340]LogMaterial: 0.000047 seconds spent updating 1 materials, 1 interfaces, 0 instances, 0 with static permutations.
[2015.11.27-14.55.35:946][391]LogUObjectGlobals:Warning: Failed to find object 'Object None.MaterialEditor_MaterialProperties'
[2015.11.27-14.55.35:948][391]LogUObjectGlobals:Warning: Failed to find object 'Object None.MaterialEditor_MaterialProperties'
[2015.11.27-14.55.43:533][531]LogParticles: Destroying 0 GPU particle simulations for FXSystem 0x00000009C3A62B60
[2015.11.27-14.55.43:536][531]LogParticles: Destroying 0 GPU particle simulations for FXSystem 0x00000009B77BF6A0
[2015.11.27-14.55.54:714][670]LogMaterial: Missing cached shader map for material BasicShapeMaterial, compiling. 
[2015.11.27-14.55.54:958][670]LogMaterial: Missing cached shader map for material BasicShapeMaterial, compiling. 
[2015.11.27-14.55.54:966][670]LogMaterial: 0.000040 seconds spent updating 1 materials, 1 interfaces, 0 instances, 0 with static permutations.
[2015.11.27-14.55.54:996][670]LogMaterial: Missing cached shader map for material FMatExpressionPreview MaterialExpressionVectorParameter_0, compiling. 
[2015.11.27-14.55.55:022][670]LogUObjectGlobals:Warning: Failed to find object 'Object None.MaterialEditor_MaterialProperties'
[2015.11.27-14.55.55:024][670]LogUObjectGlobals:Warning: Failed to find object 'Object None.MaterialEditor_MaterialProperties'
[2015.11.27-14.55.58:147][709]LogUObjectGlobals:Warning: Failed to find object 'Object None.GraphEditorPanel'
[2015.11.27-14.55.58:150][709]LogUObjectGlobals:Warning: Failed to find object 'Object None.GraphEditorPanel'
[2015.11.27-14.55.59:246][723]LogUObjectGlobals:Warning: Failed to find object 'Object None.GraphEditorPanel'
[2015.11.27-14.55.59:248][723]LogUObjectGlobals:Warning: Failed to find object 'Object None.GraphEditorPanel'
[2015.11.27-14.56.00:430][738]LogUObjectGlobals:Warning: Failed to find object 'Object None.MaterialPalette'
[2015.11.27-14.56.00:432][738]LogUObjectGlobals:Warning: Failed to find object 'Object None.MaterialPalette'
[2015.11.27-14.56.02:474][763]MaterialEditorStats: Info Base pass shader with static lighting: 65 instructions
[2015.11.27-14.56.02:475][763]MaterialEditorStats: Info Base pass shader with only dynamic lighting: 33 instructions
[2015.11.27-14.56.02:475][763]MaterialEditorStats: Info Vertex shader: 31 instructions
[2015.11.27-14.56.02:475][763]MaterialEditorStats: Info Texture samplers: 2/16
[2015.11.27-14.56.04:468][786]LogUObjectGlobals:Warning: Failed to find object 'Object None.GraphEditorPanel'
[2015.11.27-14.56.04:470][786]LogUObjectGlobals:Warning: Failed to find object 'Object None.GraphEditorPanel'
[2015.11.27-14.57.06:273][836]LogParticles: Destroying 0 GPU particle simulations for FXSystem 0x00000009A6B2F7E0
[2015.11.27-14.57.06:421][836]LogSavePackage: Save=87.741974ms
[2015.11.27-14.57.06:421][836]LogSavePackage: Moving '../../../../../../Users/acer/Documents/Unreal Projects/GravityBall/Saved/Untitled_1_Auto1061A14A54BBC88F9A7C254AF3E2B57EA.tmp' to '../../../../../../Users/acer/Documents/Unreal Projects/GravityBall/Saved/Autosaves/Temp/Untitled_1_Auto1.umap'
[2015.11.27-14.57.06:425][836]LogSavePackage: Total save time: 135.619927ms
[2015.11.27-14.57.06:425][836]LogSavePackage:Display: Finished SavePackage ../../../../../../Users/acer/Documents/Unreal Projects/GravityBall/Saved/Autosaves/Temp/Untitled_1_Auto1.umap
[2015.11.27-14.57.06:439][836]LogFileHelpers: Editor autosave (incl. sublevels) for '/Temp/Untitled_1' took 0.210
[2015.11.27-14.57.06:439][836]LogFileHelpers: Editor autosave (incl. sublevels) for all levels took 0.210
[2015.11.27-15.01.02:585][525]LogEditorViewport: Clicking on Actor (LMB): StaticMeshActor (Floor)
[2015.11.27-15.01.04:508][563]LogEditorViewport: Clicking on Actor (LMB): StaticMeshActor (Sphere)
[2015.11.27-15.07.39:625][195]LogMaterial: Missing cached shader map for material Material_0, compiling. 
[2015.11.27-15.07.39:629][195]LogMaterial:Warning: Failed to compile Material /Engine/Transient.Material_0 for platform PCD3D_SM5, Default Material will be used in game.
[2015.11.27-15.07.39:629][195]LogMaterial:Warning: 	SceneTexture expressions cannot be used in opaque materials
[2015.11.27-15.07.46:521][275]LogRenderer: Reallocating scene render targets to support 804x560 (Frame:14082).
[2015.11.27-15.09.24:277][659]LogActorComponent: UnregisterComponent: (/Engine/Transient.MovementComponent0) Not registered. Aborting.
[2015.11.27-15.09.24:401][659]LogSavePackage: Save=62.004261ms
[2015.11.27-15.09.24:401][659]LogSavePackage: Moving '../../../../../../Users/acer/Documents/Unreal Projects/GravityBall/Saved/Untitled_1_Auto2E87F17F94708656E8C1EC892FEACA292.tmp' to '../../../../../../Users/acer/Documents/Unreal Projects/GravityBall/Saved/Autosaves/Temp/Untitled_1_Auto2.umap'
[2015.11.27-15.09.24:403][659]LogSavePackage: Total save time: 64.572118ms
[2015.11.27-15.09.24:403][659]LogSavePackage:Display: Finished SavePackage ../../../../../../Users/acer/Documents/Unreal Projects/GravityBall/Saved/Autosaves/Temp/Untitled_1_Auto2.umap
[2015.11.27-15.09.24:410][659]LogFileHelpers: Editor autosave (incl. sublevels) for '/Temp/Untitled_1' took 0.135
[2015.11.27-15.09.24:410][659]LogFileHelpers: Editor autosave (incl. sublevels) for all levels took 0.135
[2015.11.27-15.19.25:386][460]LogSavePackage: Save=103.954582ms
[2015.11.27-15.19.25:389][460]LogSavePackage: Moving '../../../../../../Users/acer/Documents/Unreal Projects/GravityBall/Saved/Untitled_1_Auto30867A422409C6DA6FC0F1D82D6694EA4.tmp' to '../../../../../../Users/acer/Documents/Unreal Projects/GravityBall/Saved/Autosaves/Temp/Untitled_1_Auto3.umap'
[2015.11.27-15.19.25:393][460]LogSavePackage: Total save time: 113.572463ms
[2015.11.27-15.19.25:393][460]LogSavePackage:Display: Finished SavePackage ../../../../../../Users/acer/Documents/Unreal Projects/GravityBall/Saved/Autosaves/Temp/Untitled_1_Auto3.umap
[2015.11.27-15.19.25:407][460]LogFileHelpers: Editor autosave (incl. sublevels) for '/Temp/Untitled_1' took 0.263
[2015.11.27-15.19.25:407][460]LogFileHelpers: Editor autosave (incl. sublevels) for all levels took 0.263
[2015.11.27-15.20.00:970][333]Cmd: CLOSE_SLATE_MAINFRAME
[2015.11.27-15.20.05:104][334]Cmd: QUIT_EDITOR
[2015.11.27-15.20.05:452][334]LogWindowsTextInputMethodSystem:Display: IME system now activated using TSF (微軟注音).
[2015.11.27-15.20.05:453][334]LogWindowsTextInputMethodSystem:Display: IME system now activated using TSF (微軟注音).
[2015.11.27-15.20.06:246][334]LogExit: Preparing to exit.
[2015.11.27-15.20.07:707][334]LogExit: Editor shut down
[2015.11.27-15.20.07:710][334]LogExit: Transaction tracking system shut down
[2015.11.27-15.20.07:754][334]LogParticles: Destroying 0 GPU particle simulations for FXSystem 0x00000009F604F560
[2015.11.27-15.20.07:757][334]LogParticles: Destroying 0 GPU particle simulations for FXSystem 0x00000009F5204CC0
[2015.11.27-15.20.08:185][334]LogParticles: Destroying 0 GPU particle simulations for FXSystem 0x00000009C1768D60
[2015.11.27-15.20.08:185][334]LogParticles: Destroying 0 GPU particle simulations for FXSystem 0x00000009A8A32F20
[2015.11.27-15.20.08:185][334]LogParticles: Destroying 0 GPU particle simulations for FXSystem 0x00000009A89E2520
[2015.11.27-15.20.08:185][334]LogParticles: Destroying 0 GPU particle simulations for FXSystem 0x0000000983F50180
[2015.11.27-15.20.08:185][334]LogExit: Object subsystem successfully closed.
[2015.11.27-15.20.08:256][334]LogD3D11RHI: Shutdown
[2015.11.27-15.20.08:257][334]LogD3D11RHI: CleanupD3DDevice
[2015.11.27-15.20.08:376][334]LogD3D11RHI: ~FD3D11DynamicRHI
[2015.11.27-15.20.08:489][334]LogModuleManager: Shutting down and abandoning module CookingStats (200)
[2015.11.27-15.20.08:489][334]LogModuleManager: Shutting down and abandoning module MaterialEditor (199)
[2015.11.27-15.20.08:490][334]LogModuleManager: Shutting down and abandoning module CrashTracker (198)
[2015.11.27-15.20.08:491][334]LogModuleManager: Shutting down and abandoning module SceneOutliner (197)
[2015.11.27-15.20.08:492][334]LogModuleManager: Shutting down and abandoning module SuperSearch (196)
[2015.11.27-15.20.08:492][334]LogModuleManager: Shutting down and abandoning module WidgetCarousel (195)
[2015.11.27-15.20.08:492][334]LogModuleManager: Shutting down and abandoning module AddContentDialog (194)
[2015.11.27-15.20.08:503][334]LogModuleManager: Shutting down and abandoning module EditorWidgets (193)
[2015.11.27-15.20.08:503][334]LogModuleManager: Shutting down and abandoning module CollectionManager (192)
[2015.11.27-15.20.08:505][334]LogModuleManager: Shutting down and abandoning module StatsViewer (191)
[2015.11.27-15.20.08:505][334]LogModuleManager: Shutting down and abandoning module FoliageEdit (190)
[2015.11.27-15.20.08:506][334]LogModuleManager: Shutting down and abandoning module LandscapeEditor (189)
[2015.11.27-15.20.08:513][334]LogModuleManager: Shutting down and abandoning module ActorPickerMode (188)
[2015.11.27-15.20.08:513][334]LogModuleManager: Shutting down and abandoning module GeometryMode (187)
[2015.11.27-15.20.08:513][334]LogModuleManager: Shutting down and abandoning module TextureAlignMode (186)
[2015.11.27-15.20.08:513][334]LogModuleManager: Shutting down and abandoning module BspMode (185)
[2015.11.27-15.20.08:513][334]LogModuleManager: Shutting down and abandoning module PlacementMode (184)
[2015.11.27-15.20.08:513][334]LogModuleManager: Shutting down and abandoning module AutomationWorker (183)
[2015.11.27-15.20.08:513][334]LogModuleManager: Shutting down and abandoning module CharacterAI (182)
[2015.11.27-15.20.08:513][334]LogModuleManager: Shutting down and abandoning module SmartSnapping (181)
[2015.11.27-15.20.08:513][334]LogModuleManager: Shutting down and abandoning module ViewportSnapping (180)
[2015.11.27-15.20.08:513][334]LogModuleManager: Shutting down and abandoning module LogVisualizer (179)
[2015.11.27-15.20.08:516][334]LogModuleManager: Shutting down and abandoning module GameProjectGeneration (178)
[2015.11.27-15.20.08:517][334]LogModuleManager: Shutting down and abandoning module IntroTutorials (177)
[2015.11.27-15.20.08:521][334]LogModuleManager: Shutting down and abandoning module EditorLiveStreaming (176)
[2015.11.27-15.20.08:521][334]LogModuleManager: Shutting down and abandoning module IOSPlatformEditor (175)
[2015.11.27-15.20.08:522][334]LogModuleManager: Shutting down and abandoning module HTML5PlatformEditor (174)
[2015.11.27-15.20.08:522][334]LogModuleManager: Shutting down and abandoning module AndroidDeviceDetection (173)
[2015.11.27-15.20.09:010][334]LogModuleManager: Shutting down and abandoning module AndroidPlatformEditor (172)
[2015.11.27-15.20.09:010][334]LogModuleManager: Shutting down and abandoning module IOSRuntimeSettings (171)
[2015.11.27-15.20.09:010][334]LogModuleManager: Shutting down and abandoning module AndroidRuntimeSettings (170)
[2015.11.27-15.20.09:010][334]LogModuleManager: Shutting down and abandoning module MergeActors (169)
[2015.11.27-15.20.09:010][334]LogModuleManager: Shutting down and abandoning module SizeMap (168)
[2015.11.27-15.20.09:010][334]LogModuleManager: Shutting down and abandoning module TreeMap (167)
[2015.11.27-15.20.09:011][334]LogModuleManager: Shutting down and abandoning module ReferenceViewer (166)
[2015.11.27-15.20.09:012][334]LogModuleManager: Shutting down and abandoning module LocalizationService (165)
[2015.11.27-15.20.09:012][334]LogModuleManager: Shutting down and abandoning module LocalizationDashboard (164)
[2015.11.27-15.20.09:013][334]LogModuleManager: Shutting down and abandoning module HardwareTargeting (163)
[2015.11.27-15.20.09:013][334]LogModuleManager: Shutting down and abandoning module DeviceProfileEditor (162)
[2015.11.27-15.20.09:014][334]LogModuleManager: Shutting down and abandoning module UndoHistory (161)
[2015.11.27-15.20.09:014][334]LogModuleManager: Shutting down and abandoning module GameplayTagsEditor (160)
[2015.11.27-15.20.09:014][334]LogModuleManager: Shutting down and abandoning module UserFeedback (159)
[2015.11.27-15.20.09:015][334]LogModuleManager: Shutting down and abandoning module XmlParser (158)
[2015.11.27-15.20.09:015][334]LogModuleManager: Shutting down and abandoning module Blutility (157)
[2015.11.27-15.20.09:015][334]LogModuleManager: Shutting down and abandoning module ProjectTargetPlatformEditor (156)
[2015.11.27-15.20.09:016][334]LogModuleManager: Shutting down and abandoning module ProjectSettingsViewer (155)
[2015.11.27-15.20.09:016][334]LogModuleManager: Shutting down and abandoning module InputBindingEditor (154)
[2015.11.27-15.20.09:019][334]LogModuleManager: Shutting down and abandoning module EditorSettingsViewer (153)
[2015.11.27-15.20.09:019][334]LogModuleManager: Shutting down and abandoning module SettingsEditor (152)
[2015.11.27-15.20.09:021][334]LogModuleManager: Shutting down and abandoning module ProjectLauncher (151)
[2015.11.27-15.20.09:022][334]LogModuleManager: Shutting down and abandoning module SessionFrontend (150)
[2015.11.27-15.20.09:024][334]LogModuleManager: Shutting down and abandoning module ProfilerClient (149)
[2015.11.27-15.20.09:025][334]LogModuleManager: Shutting down and abandoning module TargetDeviceServices (148)
[2015.11.27-15.20.09:025][334]LogModuleManager: Shutting down and abandoning module DeviceManager (147)
[2015.11.27-15.20.09:026][334]LogModuleManager: Shutting down and abandoning module AutomationController (146)
[2015.11.27-15.20.09:028][334]LogModuleManager: Shutting down and abandoning module AutomationWindow (145)
[2015.11.27-15.20.09:029][334]LogModuleManager: Shutting down and abandoning module Layers (144)
[2015.11.27-15.20.09:031][334]LogModuleManager: Shutting down and abandoning module ComponentVisualizers (143)
[2015.11.27-15.20.09:031][334]LogModuleManager: Shutting down and abandoning module DetailCustomizations (142)
[2015.11.27-15.20.09:033][334]LogModuleManager: Shutting down and abandoning module PackagesDialog (141)
[2015.11.27-15.20.09:033][334]LogModuleManager: Shutting down and abandoning module Persona (140)
[2015.11.27-15.20.09:037][334]LogModuleManager: Shutting down and abandoning module Kismet (139)
[2015.11.27-15.20.09:042][334]LogModuleManager: Shutting down and abandoning module GraphEditor (138)
[2015.11.27-15.20.09:046][334]LogModuleManager: Shutting down and abandoning module ClassViewer (137)
[2015.11.27-15.20.09:046][334]LogModuleManager: Shutting down and abandoning module Toolbox (136)
[2015.11.27-15.20.09:046][334]LogModuleManager: Shutting down and abandoning module ModuleUI (135)
[2015.11.27-15.20.09:047][334]LogModuleManager: Shutting down and abandoning module MovieSceneTools (134)
[2015.11.27-15.20.09:049][334]LogModuleManager: Shutting down and abandoning module OutputLog (133)
[2015.11.27-15.20.09:050][334]LogModuleManager: Shutting down and abandoning module GammaUI (132)
[2015.11.27-15.20.09:050][334]LogModuleManager: Shutting down and abandoning module Documentation (131)
[2015.11.27-15.20.09:053][334]LogModuleManager: Shutting down and abandoning module GameLiveStreaming (130)
[2015.11.27-15.20.09:054][334]LogModuleManager: Shutting down and abandoning module StreamingPauseRendering (129)
[2015.11.27-15.20.09:054][334]LogModuleManager: Shutting down and abandoning module AnalyticsET (128)
[2015.11.27-15.20.09:054][334]LogModuleManager: Shutting down and abandoning module Analytics (127)
[2015.11.27-15.20.09:054][334]LogModuleManager: Shutting down and abandoning module AITestSuite (126)
[2015.11.27-15.20.09:055][334]LogModuleManager: Shutting down and abandoning module GameplayDebugger (125)
[2015.11.27-15.20.09:056][334]LogModuleManager: Shutting down and abandoning module AIModule (124)
[2015.11.27-15.20.09:057][334]LogModuleManager: Shutting down and abandoning module ProfilerService (123)
[2015.11.27-15.20.09:152][334]LogModuleManager: Shutting down and abandoning module TaskGraph (122)
[2015.11.27-15.20.09:175][334]LogModuleManager: Shutting down and abandoning module SlateRemote (121)
[2015.11.27-15.20.09:175][334]LogModuleManager: Shutting down and abandoning module SteamVRController (120)
[2015.11.27-15.20.09:175][334]LogModuleManager: Shutting down and abandoning module SteamVR (119)
[2015.11.27-15.20.09:175][334]LogModuleManager: Shutting down and abandoning module ProceduralMeshComponent (118)
[2015.11.27-15.20.09:176][334]LogModuleManager: Shutting down and abandoning module OculusLibrary (117)
[2015.11.27-15.20.09:176][334]LogModuleManager: Shutting down and abandoning module OculusInput (116)
[2015.11.27-15.20.09:177][334]LogModuleManager: Shutting down and abandoning module LeapMotionController (115)
[2015.11.27-15.20.09:229][334]LogModuleManager: Shutting down and abandoning module CustomMeshComponent (114)
[2015.11.27-15.20.09:230][334]LogModuleManager: Shutting down and abandoning module CableComponent (113)
[2015.11.27-15.20.09:230][334]LogModuleManager: Shutting down and abandoning module ArchVisCharacter (112)
[2015.11.27-15.20.09:230][334]LogModuleManager: Shutting down and abandoning module MessagingDebugger (111)
[2015.11.27-15.20.09:232][334]LogModuleManager: Shutting down and abandoning module MediaPlayerEditor (110)
[2015.11.27-15.20.09:235][334]LogModuleManager: Shutting down and abandoning module HTML5Networking (109)
[2015.11.27-15.20.09:235][334]LogModuleManager: Shutting down and abandoning module SpeedTreeImporter (108)
[2015.11.27-15.20.09:235][334]LogModuleManager: Shutting down and abandoning module PluginBrowser (107)
[2015.11.27-15.20.09:237][334]LogModuleManager: Shutting down and abandoning module EpicSurvey (106)
[2015.11.27-15.20.09:241][334]LogModuleManager: Shutting down and abandoning module DesktopPlatform (105)
[2015.11.27-15.20.09:241][334]LogModuleManager: Shutting down and abandoning module VisualStudioSourceCodeAccess (104)
[2015.11.27-15.20.09:241][334]LogModuleManager: Shutting down and abandoning module UObjectPlugin (103)
[2015.11.27-15.20.09:241][334]LogModuleManager: Shutting down and abandoning module SubversionSourceControl (102)
[2015.11.27-15.20.09:243][334]LogModuleManager: Shutting down and abandoning module PerforceSourceControl (101)
[2015.11.27-15.20.09:247][334]LogModuleManager: Shutting down and abandoning module SourceControl (100)
[2015.11.27-15.20.09:253][334]LogModuleManager: Shutting down and abandoning module GitSourceControl (99)
[2015.11.27-15.20.09:255][334]LogModuleManager: Shutting down and abandoning module LightPropagationVolumeEditor (98)
[2015.11.27-15.20.09:256][334]LogModuleManager: Shutting down and abandoning module PaperTiledImporter (97)
[2015.11.27-15.20.09:256][334]LogModuleManager: Shutting down and abandoning module PaperSpriteSheetImporter (96)
[2015.11.27-15.20.09:257][334]LogModuleManager: Shutting down and abandoning module MeshPaint (95)
[2015.11.27-15.20.09:257][334]LogModuleManager: Shutting down and abandoning module SlateReflector (94)
[2015.11.27-15.20.09:258][334]LogModuleManager: Shutting down and abandoning module HotReload (93)
[2015.11.27-15.20.09:258][334]LogModuleManager: Shutting down and abandoning module MainFrame (92)
[2015.11.27-15.20.09:259][334]LogModuleManager: Shutting down and abandoning module LevelEditor (91)
[2015.11.27-15.20.09:265][334]LogModuleManager: Shutting down and abandoning module DirectoryWatcher (90)
[2015.11.27-15.20.09:275][334]LogModuleManager: Shutting down and abandoning module AssetRegistry (89)
[2015.11.27-15.20.09:499][334]LogModuleManager: Shutting down and abandoning module ContentBrowser (88)
[2015.11.27-15.20.09:503][334]LogModuleManager: Shutting down and abandoning module Paper2DEditor (87)
[2015.11.27-15.20.09:506][334]LogModuleManager: Shutting down and abandoning module UdpMessaging (86)
[2015.11.27-15.20.09:607][334]LogModuleManager: Shutting down and abandoning module LightPropagationVolumeRuntime (85)
[2015.11.27-15.20.09:607][334]LogModuleManager: Shutting down and abandoning module Paper2D (84)
[2015.11.27-15.20.09:612][334]LogModuleManager: Shutting down and abandoning module WindowsMoviePlayer (83)
[2015.11.27-15.20.09:619][334]LogModuleManager: Shutting down and abandoning module Media (82)
[2015.11.27-15.20.09:619][334]LogModuleManager: Shutting down and abandoning module WmfMedia (81)
[2015.11.27-15.20.09:620][334]LogModuleManager: Shutting down and abandoning module OnlineBlueprintSupport (80)
[2015.11.27-15.20.09:620][334]LogModuleManager: Shutting down and abandoning module GameplayTasksEditor (79)
[2015.11.27-15.20.09:620][334]LogModuleManager: Shutting down and abandoning module PropertyEditor (78)
[2015.11.27-15.20.09:622][334]LogModuleManager: Shutting down and abandoning module BehaviorTreeEditor (77)
[2015.11.27-15.20.09:625][334]LogModuleManager: Shutting down and abandoning module FunctionalTesting (76)
[2015.11.27-15.20.09:625][334]LogModuleManager: Shutting down and abandoning module CollisionAnalyzer (75)
[2015.11.27-15.20.09:625][334]LogModuleManager: Shutting down and abandoning module WorkspaceMenuStructure (74)
[2015.11.27-15.20.09:627][334]LogModuleManager: Shutting down and abandoning module MessageLog (73)
[2015.11.27-15.20.09:628][334]LogModuleManager: Shutting down and abandoning module Sequencer (72)
[2015.11.27-15.20.09:630][334]LogModuleManager: Shutting down and abandoning module AssetTools (71)
[2015.11.27-15.20.09:633][334]LogModuleManager: Shutting down and abandoning module UMGEditor (70)
[2015.11.27-15.20.09:634][334]LogModuleManager: Shutting down and abandoning module UMG (69)
[2015.11.27-15.20.09:636][334]LogModuleManager: Shutting down and abandoning module Slate (68)
[2015.11.27-15.20.09:636][334]LogModuleManager: Shutting down and abandoning module EditorStyle (67)
[2015.11.27-15.20.09:645][334]LogModuleManager: Shutting down and abandoning module SessionServices (66)
[2015.11.27-15.20.09:645][334]LogModuleManager: Shutting down and abandoning module SourceCodeAccess (65)
[2015.11.27-15.20.09:645][334]LogModuleManager: Shutting down and abandoning module HeadMountedDisplay (64)
[2015.11.27-15.20.09:645][334]LogModuleManager: Shutting down and abandoning module XAudio2 (63)
[2015.11.27-15.20.09:645][334]LogModuleManager: Shutting down and abandoning module Networking (61)
[2015.11.27-15.20.09:645][334]LogModuleManager: Shutting down and abandoning module Core (60)
[2015.11.27-15.20.09:645][334]LogModuleManager: Shutting down and abandoning module KismetCompiler (59)
[2015.11.27-15.20.09:645][334]LogModuleManager: Shutting down and abandoning module PhysXFormats (58)
[2015.11.27-15.20.09:646][334]LogModuleManager: Shutting down and abandoning module MeshUtilities (57)
[2015.11.27-15.20.09:647][334]LogModuleManager: Shutting down and abandoning module DerivedDataCache (56)
[2015.11.27-15.20.09:658][334]LogDerivedDataCache: Shutdown
[2015.11.27-15.20.09:658][334]LogModuleManager: Shutting down and abandoning module ShaderFormatOpenGL (55)
[2015.11.27-15.20.09:658][334]LogModuleManager: Shutting down and abandoning module ShaderFormatD3D (54)
[2015.11.27-15.20.09:659][334]LogModuleManager: Shutting down and abandoning module MetalShaderFormat (53)
[2015.11.27-15.20.09:660][334]LogModuleManager: Shutting down and abandoning module TextureFormatUncompressed (52)
[2015.11.27-15.20.09:660][334]LogModuleManager: Shutting down and abandoning module TextureFormatPVR (51)
[2015.11.27-15.20.09:660][334]LogModuleManager: Shutting down and abandoning module TextureFormatIntelISPCTexComp (50)
[2015.11.27-15.20.09:660][334]LogModuleManager: Shutting down and abandoning module TextureFormatDXT (49)
[2015.11.27-15.20.09:660][334]LogModuleManager: Shutting down and abandoning module ImageWrapper (48)
[2015.11.27-15.20.09:661][334]LogModuleManager: Shutting down and abandoning module TextureFormatASTC (47)
[2015.11.27-15.20.09:661][334]LogModuleManager: Shutting down and abandoning module TextureFormatAndroid (46)
[2015.11.27-15.20.09:661][334]LogModuleManager: Shutting down and abandoning module AudioFormatOpus (45)
[2015.11.27-15.20.09:661][334]LogModuleManager: Shutting down and abandoning module AudioFormatOgg (44)
[2015.11.27-15.20.09:661][334]LogModuleManager: Shutting down and abandoning module AudioFormatADPCM (43)
[2015.11.27-15.20.09:661][334]LogModuleManager: Shutting down and abandoning module LinuxTargetPlatform (42)
[2015.11.27-15.20.09:662][334]LogModuleManager: Shutting down and abandoning module LinuxServerTargetPlatform (41)
[2015.11.27-15.20.09:662][334]LogModuleManager: Shutting down and abandoning module LinuxNoEditorTargetPlatform (40)
[2015.11.27-15.20.09:662][334]LogModuleManager: Shutting down and abandoning module Messaging (39)
[2015.11.27-15.20.09:662][334]LogModuleManager: Shutting down and abandoning module IOSTargetPlatform (38)
[2015.11.27-15.20.09:662][334]LogModuleManager: Shutting down and abandoning module HTML5TargetPlatform (37)
[2015.11.27-15.20.09:662][334]LogModuleManager: Shutting down and abandoning module Android_PVRTCTargetPlatform (36)
[2015.11.27-15.20.09:662][334]LogModuleManager: Shutting down and abandoning module Android_MultiTargetPlatform (35)
[2015.11.27-15.20.09:662][334]LogModuleManager: Shutting down and abandoning module Android_ETC2TargetPlatform (34)
[2015.11.27-15.20.09:662][334]LogModuleManager: Shutting down and abandoning module Android_ETC1TargetPlatform (33)
[2015.11.27-15.20.09:662][334]LogModuleManager: Shutting down and abandoning module Android_DXTTargetPlatform (32)
[2015.11.27-15.20.09:662][334]LogModuleManager: Shutting down and abandoning module Android_ATCTargetPlatform (31)
[2015.11.27-15.20.09:662][334]LogModuleManager: Shutting down and abandoning module Android_ASTCTargetPlatform (30)
[2015.11.27-15.20.09:662][334]LogModuleManager: Shutting down and abandoning module AndroidTargetPlatform (29)
[2015.11.27-15.20.09:663][334]LogModuleManager: Shutting down and abandoning module WindowsTargetPlatform (28)
[2015.11.27-15.20.09:663][334]LogModuleManager: Shutting down and abandoning module WindowsServerTargetPlatform (27)
[2015.11.27-15.20.09:663][334]LogModuleManager: Shutting down and abandoning module WindowsNoEditorTargetPlatform (26)
[2015.11.27-15.20.09:663][334]LogModuleManager: Shutting down and abandoning module WindowsClientTargetPlatform (25)
[2015.11.27-15.20.09:664][334]LogModuleManager: Shutting down and abandoning module AllDesktopTargetPlatform (24)
[2015.11.27-15.20.09:664][334]LogModuleManager: Shutting down and abandoning module TargetPlatform (23)
[2015.11.27-15.20.09:664][334]LogModuleManager: Shutting down and abandoning module InputCore (22)
[2015.11.27-15.20.09:664][334]LogModuleManager: Shutting down and abandoning module Settings (21)
[2015.11.27-15.20.09:664][334]LogModuleManager: Shutting down and abandoning module OnlineSubsystem (19)
[2015.11.27-15.20.09:664][334]LogModuleManager: Shutting down and abandoning module HTTP (18)
[2015.11.27-15.20.11:667][334]LogModuleManager: Shutting down and abandoning module XMPP (17)
[2015.11.27-15.20.11:668][334]LogModuleManager: Shutting down and abandoning module OculusRift (16)
[2015.11.27-15.20.11:668][334]LogModuleManager: Shutting down and abandoning module ExampleDeviceProfileSelector (15)
[2015.11.27-15.20.11:668][334]LogModuleManager: Shutting down and abandoning module TextureCompressor (14)
[2015.11.27-15.20.11:669][334]LogModuleManager: Shutting down and abandoning module ShaderCore (13)
[2015.11.27-15.20.11:669][334]LogModuleManager: Shutting down and abandoning module Landscape (12)
[2015.11.27-15.20.11:669][334]LogModuleManager: Shutting down and abandoning module SlateRHIRenderer (11)
[2015.11.27-15.20.11:716][334]LogModuleManager: Shutting down and abandoning module OpenGLDrv (10)
[2015.11.27-15.20.11:717][334]LogModuleManager: Shutting down and abandoning module D3D11RHI (9)
[2015.11.27-15.20.11:717][334]LogModuleManager: Shutting down and abandoning module AnimGraphRuntime (8)
[2015.11.27-15.20.11:717][334]LogModuleManager: Shutting down and abandoning module Renderer (7)
[2015.11.27-15.20.11:717][334]LogModuleManager: Shutting down and abandoning module Engine (6)
[2015.11.27-15.20.11:717][334]LogModuleManager: Shutting down and abandoning module CoreUObject (5)
[2015.11.27-15.20.11:718][334]LogModuleManager: Shutting down and abandoning module NetworkFile (4)
[2015.11.27-15.20.11:718][334]LogModuleManager: Shutting down and abandoning module StreamingFile (3)
[2015.11.27-15.20.11:718][334]LogModuleManager: Shutting down and abandoning module SandboxFile (2)
[2015.11.27-15.20.11:718][334]LogModuleManager: Shutting down and abandoning module PakFile (1)
[2015.11.27-15.20.11:721][334]LogExit: Exiting.
[2015.11.27-15.20.11:751][334]Log file closed, 11/27/15 23:20:11
