[2015.12.03-12.45.21:353][  0]Log file open, 12/03/15 20:45:21
[2015.12.03-12.45.21:353][  0]LogInit:Display: Running engine for game: GravityBall
[2015.12.03-12.45.21:353][  0]LogPlatformFile: Not using cached read wrapper
[2015.12.03-12.45.21:353][  0]LogInit:Display: RandInit(-1217703635) SRandInit(-1217703634).
[2015.12.03-12.45.21:353][  0]LogTaskGraph: Started task graph with 4 named threads and 7 total threads.
[2015.12.03-12.45.21:353][  0]LogStats: Stats thread started at 0.074526
[2015.12.03-12.45.21:353][  0]LogInit: Version: 4.10.0-2758231+++depot+UE4-Releases+4.10
[2015.12.03-12.45.21:353][  0]LogInit: API Version: 2758231
[2015.12.03-12.45.21:353][  0]LogInit: Compiled (64-bit): Nov  7 2015 05:13:45
[2015.12.03-12.45.21:353][  0]LogInit: Compiled with Visual C++: 19.00.23026.00
[2015.12.03-12.45.21:353][  0]LogInit: Build Configuration: Development
[2015.12.03-12.45.21:353][  0]LogInit: Branch Name: ++depot+UE4-Releases+4.10
[2015.12.03-12.45.21:353][  0]LogInit: Command line:  
[2015.12.03-12.45.21:353][  0]LogInit: Base directory: I:/Program Files (x86)/Epic Games/4.10/Engine/Binaries/Win64/
[2015.12.03-12.45.21:353][  0]LogInit: Rocket: 1
[2015.12.03-12.45.21:384][  0]LogInit: Using libcurl 7.41.0
[2015.12.03-12.45.21:384][  0]LogInit:  - built for x86_64-pc-win32
[2015.12.03-12.45.21:384][  0]LogInit:  - supports SSL with WinSSL
[2015.12.03-12.45.21:384][  0]LogInit:  - other features:
[2015.12.03-12.45.21:384][  0]LogInit:      CURL_VERSION_SSL
[2015.12.03-12.45.21:384][  0]LogInit:      CURL_VERSION_IPV6
[2015.12.03-12.45.21:384][  0]LogInit:      CURL_VERSION_ASYNCHDNS
[2015.12.03-12.45.21:384][  0]LogInit:      CURL_VERSION_LARGEFILE
[2015.12.03-12.45.21:384][  0]LogInit:      CURL_VERSION_IDN
[2015.12.03-12.45.21:384][  0]LogInit:  CurlRequestOptions (configurable via config and command line):
[2015.12.03-12.45.21:384][  0]LogInit:  - bVerifyPeer = true  - Libcurl will verify peer certificate
[2015.12.03-12.45.21:384][  0]LogInit:  - bUseHttpProxy = false  - Libcurl will NOT use HTTP proxy
[2015.12.03-12.45.21:384][  0]LogInit:  - bDontReuseConnections = false  - Libcurl will reuse connections
[2015.12.03-12.45.21:384][  0]LogInit:  - CertBundlePath = nullptr  - Libcurl will use whatever was configured at build time.
[2015.12.03-12.45.21:400][  0]LogInit: Presizing for 0 objects not considered by GC, pre-allocating 0 bytes.
[2015.12.03-12.45.21:406][  0]LogInit: Object subsystem initialized
[2015.12.03-12.45.21:407][  0]LogInit: Selected Device Profile: [Windows]
[2015.12.03-12.45.21:407][  0]LogInit: Applying CVar settings loaded from the selected device profile: [Windows]
[2015.12.03-12.45.21:414][  0]LogInit: Computer: KOBE-PC
[2015.12.03-12.45.21:414][  0]LogInit: User: kobe
[2015.12.03-12.45.21:414][  0]LogInit: CPU Page size=4096, Cores=4
[2015.12.03-12.45.21:414][  0]LogInit: High frequency timer resolution =3.421338 MHz
[2015.12.03-12.45.21:414][  0]LogMemory: Memory total: Physical=8.0GB (8GB approx)
[2015.12.03-12.45.21:414][  0]LogMemory: Platform Memory Stats for Windows
[2015.12.03-12.45.21:414][  0]LogMemory: Process Physical Memory: 56.39 MB used, 56.39 MB peak
[2015.12.03-12.45.21:414][  0]LogMemory: Process Virtual Memory: 56.74 MB used, 56.74 MB peak
[2015.12.03-12.45.21:414][  0]LogMemory: Physical Memory: 3229.96 MB used, 8154.23 MB total
[2015.12.03-12.45.21:414][  0]LogMemory: Virtual Memory: 382.25 MB used, 134217728.00 MB total
[2015.12.03-12.45.21:466][  0]LogTextLocalizationManager: No translations for ('zh-TW') exist, falling back to 'en' for localization and internationalization data.
[2015.12.03-12.45.21:831][  0]LogD3D11RHI: Found D3D11 adapter 0: NVIDIA GeForce GTX 560 Ti   (Feature Level 11_0)
[2015.12.03-12.45.21:831][  0]LogD3D11RHI: Adapter has 973MB of dedicated video memory, 0MB of dedicated system memory, and 3071MB of shared system memory, 2 output[s]
[2015.12.03-12.45.21:833][  0]LogD3D11RHI: Found D3D11 adapter 1: Microsoft Basic Render Driver (Feature Level 11_0)
[2015.12.03-12.45.21:833][  0]LogD3D11RHI: Adapter has 0MB of dedicated video memory, 0MB of dedicated system memory, and 4077MB of shared system memory, 0 output[s]
[2015.12.03-12.45.21:833][  0]LogD3D11RHI: Chosen D3D11 Adapter Id = 0
[2015.12.03-12.45.21:836][  0]LogD3D11RHI: !Direct3DDevice
[2015.12.03-12.45.21:836][  0]LogRHI: Texture pool is 681 MB (70% of 973 MB)
[2015.12.03-12.45.21:844][  0]LogD3D11RHI: Async texture creation enabled
[2015.12.03-12.45.21:859][  0]LogShaderCompilers: Guid format shader working directory is 2 characters bigger than the processId version (../../../../../../Irene/GravityBall(Unreal)/Intermediate/Shaders/WorkingDirectory/6592/).
[2015.12.03-12.45.21:859][  0]LogShaderCompilers: Cleaned the shader compiler working directory 'C:/Users/kobe/AppData/Local/Temp/UnrealShaderWorkingDir/FBA6679D49BEC81C197223B8980C2274/'.
[2015.12.03-12.45.21:859][  0]LogShaderCompilers:Display: Using Local Shader Compiler.
[2015.12.03-12.45.22:847][  0]LogTemp:Display: Loaded TP AllDesktopTargetPlatform
[2015.12.03-12.45.22:851][  0]LogTemp:Display: Loaded TP WindowsClientTargetPlatform
[2015.12.03-12.45.22:855][  0]LogTemp:Display: Loaded TP WindowsNoEditorTargetPlatform
[2015.12.03-12.45.22:859][  0]LogTemp:Display: Loaded TP WindowsServerTargetPlatform
[2015.12.03-12.45.22:862][  0]LogTemp:Display: Loaded TP WindowsTargetPlatform
[2015.12.03-12.45.22:865][  0]LogTemp:Display: Loaded TP AndroidTargetPlatform
[2015.12.03-12.45.22:868][  0]LogTemp:Display: Loaded TP Android_ASTCTargetPlatform
[2015.12.03-12.45.22:871][  0]LogTemp:Display: Loaded TP Android_ATCTargetPlatform
[2015.12.03-12.45.22:873][  0]LogTemp:Display: Loaded TP Android_DXTTargetPlatform
[2015.12.03-12.45.22:876][  0]LogTemp:Display: Loaded TP Android_ETC1TargetPlatform
[2015.12.03-12.45.22:879][  0]LogTemp:Display: Loaded TP Android_ETC2TargetPlatform
[2015.12.03-12.45.22:885][  0]LogTemp:Display: Loaded TP Android_MultiTargetPlatform
[2015.12.03-12.45.22:885][  0]LogTemp:Display: Loaded TP Android_PVRTCTargetPlatform
[2015.12.03-12.45.22:886][  0]LogTemp:Display: Loaded TP HTML5TargetPlatform
[2015.12.03-12.45.22:903][  0]LogTemp:Display: Loaded TP IOSTargetPlatform
[2015.12.03-12.45.22:905][  0]LogTemp:Display: Loaded TP LinuxNoEditorTargetPlatform
[2015.12.03-12.45.22:908][  0]LogTemp:Display: Loaded TP LinuxServerTargetPlatform
[2015.12.03-12.45.22:911][  0]LogTemp:Display: Loaded TP LinuxTargetPlatform
[2015.12.03-12.45.22:911][  0]LogTargetPlatformManager:Display: Building Assets For Windows
[2015.12.03-12.45.23:626][  0]LogDerivedDataCache:Display: Max Cache Size: 512 MB
[2015.12.03-12.45.23:815][  0]LogDerivedDataCache: Loaded boot cache 0.19s 41MB C:/Users/kobe/AppData/Local/UnrealEngine/4.10/DerivedDataCache/Boot.ddc.
[2015.12.03-12.45.23:815][  0]LogDerivedDataCache:Display: Loaded Boot cache: C:/Users/kobe/AppData/Local/UnrealEngine/4.10/DerivedDataCache/Boot.ddc
[2015.12.03-12.45.23:815][  0]LogDerivedDataCache: FDerivedDataBackendGraph:  Pak pak cache file ../../../../../../Irene/GravityBall(Unreal)/DerivedDataCache/DDC.ddp not found, will not use a pak cache.
[2015.12.03-12.45.23:815][  0]LogDerivedDataCache: Unable to find inner node Pak for hierarchical cache Hierarchy.
[2015.12.03-12.45.23:815][  0]LogDerivedDataCache: FDerivedDataBackendGraph:  CompressedPak pak cache file ../../../../../../Irene/GravityBall(Unreal)/DerivedDataCache/Compressed.ddp not found, will not use a pak cache.
[2015.12.03-12.45.23:815][  0]LogDerivedDataCache: Unable to find inner node CompressedPak for hierarchical cache Hierarchy.
[2015.12.03-12.45.23:963][  0]LogDerivedDataCache:Display: Pak cache opened for reading ../../../Engine/DerivedDataCache/Compressed.ddp.
[2015.12.03-12.45.23:977][  0]LogDerivedDataCache: Using Local data cache path C:/Users/kobe/AppData/Local/UnrealEngine/Common/DerivedDataCache: Writable
[2015.12.03-12.45.32:990][  0]LogInit: Selected Device Profile: [Windows]
[2015.12.03-12.45.33:079][  0]LogContentStreaming: Texture pool size is 0.000000MB
[2015.12.03-12.45.35:080][  0]LogMeshUtilities: No automatic mesh reduction module available
[2015.12.03-12.45.35:080][  0]LogMeshUtilities: No automatic mesh merging module available
[2015.12.03-12.45.38:900][  0]LogInit: WinSock: version 1.1 (2.2), MaxSocks=32767, MaxUdp=65467
[2015.12.03-12.45.52:213][  0]UdpMessaging: Initializing bridge on interface 0.0.0.0:0 to multicast group 230.0.0.1:6666.
[2015.12.03-12.45.53:618][  0]LogAssetRegistry: FAssetRegistry took 0.0782 seconds to start up
[2015.12.03-12.45.57:829][  0]SourceControl: Info Source control is disabled
[2015.12.03-12.45.57:928][  0]SourceControl: Info Source control is disabled
[2015.12.03-12.45.58:113][  0]SourceControl: Info Source control is disabled
[2015.12.03-12.45.58:396][  0]SourceControl: Info Source control is disabled
[2015.12.03-12.46.01:446][  0]LogObj: 28633 objects as part of root set at end of initial load.
[2015.12.03-12.46.01:446][  0]LogUObjectAllocator: 6099744 out of 0 bytes used by permanent object pool.
[2015.12.03-12.46.02:684][  0]LogEngine: Initializing Engine...
[2015.12.03-12.46.02:726][  0]LogHMD: Can't find Oculus library dev build: is proper Runtime installed? Version: 0.8.0.0
[2015.12.03-12.46.02:747][  0]LogHMD: SteamVR failed to initialize.  Err: 110
[2015.12.03-12.46.03:860][  0]LogAIModule: Creating AISystem for world NewWorld
[2015.12.03-12.46.04:063][  0]LogInit: XAudio2 using '喇叭 (VIA HD Audio)' : 2 channels at 48 kHz using 32 bits per sample (channel mask 0x3)
[2015.12.03-12.46.04:137][  0]LogInit: FAudioDevice initialized.
[2015.12.03-12.46.04:154][  0]LogDerivedDataCache: Saved boot cache 0.02s 41MB C:/Users/kobe/AppData/Local/UnrealEngine/4.10/DerivedDataCache/Boot.ddc.
[2015.12.03-12.46.04:156][  0]LogInit: Texture streaming: Enabled
[2015.12.03-12.46.04:270][  0]LogAnalytics: Creating configured Analytics provider AnalyticsET
[2015.12.03-12.46.04:271][  0]LogAnalytics: [UEEditor.Rocket.Release] APIServer = http://et2.epicgames.com/ET2/. AppVersion = 4.10.0-2758231+++depot+UE4-Releases+4.10
[2015.12.03-12.46.04:271][  0]LogAnalytics: [UEEditor.Rocket.Release] SetUserId a7ad9f804d206c42366b9fbf7e3f6747|7ab9c2e1b7464127a7a1e84c1ac07d12|f09af62b-db99-4ac1-bb79-bfe136e8c522
[2015.12.03-12.46.04:297][  0]LogAnalytics: [UEEditor.Rocket.Release] AnalyticsET::StartSession
[2015.12.03-12.46.04:455][  0]LogWindowsTextInputMethodSystem:Display: IME system now activated using TSF (微軟注音).
[2015.12.03-12.46.04:607][  0]LogInit: Transaction tracking system initialized
[2015.12.03-12.46.05:749][  0]BlueprintLog: New page: Editor Load
[2015.12.03-12.46.09:848][  0]LocalizationService: Info Localization service is disabled
[2015.12.03-12.46.12:105][  0]LogConsoleResponse:Display: 
[2015.12.03-12.46.13:370][  0]LogFileCache: Scanning file cache for directory 'I:/Irene/GravityBall(Unreal)/Content/' took 0.01s
[2015.12.03-12.46.13:370][  0]LogCook:Display: Done creating registry. It took  0.00s.
[2015.12.03-12.46.15:000][  0]SourceControl: Info Source control is disabled
[2015.12.03-12.46.15:027][  0]Cmd: MAP LOAD FILE="../../../../../../Irene/GravityBall(Unreal)/Content/RollingMap.umap" TEMPLATE=0 SHOWPROGRESS=1 FEATURELEVEL=3
[2015.12.03-12.46.15:067][  0]LightingResults: New page: Lighting Build
[2015.12.03-12.46.15:303][  0]MapCheck: New page: Map Check
[2015.12.03-12.46.15:303][  0]LightingResults: New page: Lighting Build
[2015.12.03-12.46.15:533][  0]LogParticles: Destroying 0 GPU particle simulations for FXSystem 0x00000137FB3F7420
[2015.12.03-12.46.16:908][  0]LogAIModule: Creating AISystem for world RollingMap
[2015.12.03-12.46.17:349][  0]LogEditorServer: Finished looking for orphan Actors (0.000 secs)
[2015.12.03-12.46.17:396][  0]Cmd: MAP CHECKDEP NOCLEARLOG
[2015.12.03-12.46.17:493][  0]MapCheck: Info Map check complete: 0 Error(s), 0 Warning(s), took 96.859ms to complete.
[2015.12.03-12.46.17:493][  0]LogFileHelpers: Loading map 'RollingMap' took 2.466
[2015.12.03-12.46.19:228][  0]LogCollectionManager: Loaded 0 collections in 0.004597 seconds
[2015.12.03-12.46.19:553][  0]LogFileCache: Scanning file cache for directory 'I:/Irene/GravityBall(Unreal)/Saved/Collections/' took 0.01s
[2015.12.03-12.46.19:553][  0]LogFileCache: Scanning file cache for directory 'I:/Irene/GravityBall(Unreal)/Content/Developers/kobe/Collections/' took 0.01s
[2015.12.03-12.46.19:553][  0]LogFileCache: Scanning file cache for directory 'I:/Irene/GravityBall(Unreal)/Content/Collections/' took 0.01s
[2015.12.03-12.46.19:553][  0]LogCollectionManager: Rebuilt the GUID cache for 0 collections in 0.000003 seconds
[2015.12.03-12.46.19:586][  0]LogContentBrowser: Native class hierarchy populated in 0.0164 seconds. Added 1893 classes and 338 folders.
[2015.12.03-12.46.19:705][  0]LogContentBrowser: Native class hierarchy updated for 'WidgetCarousel' in 0.0010 seconds. Added 0 classes and 0 folders.
[2015.12.03-12.46.20:707][  0]LogContentBrowser: Native class hierarchy updated for 'AddContentDialog' in 0.0010 seconds. Added 0 classes and 0 folders.
[2015.12.03-12.46.20:960][  0]LogContentBrowser: Native class hierarchy updated for 'SceneOutliner' in 0.0011 seconds. Added 1 classes and 2 folders.
[2015.12.03-12.46.22:386][  0]LogCrashTracker: Crashtracker disabled due to settings.
[2015.12.03-12.46.22:643][  0]LogUObjectGlobals:Warning: Failed to find object 'Class None.'
[2015.12.03-12.46.22:773][  0]LogLoad: Full Startup: 61.93 seconds (BP compile: 0.85 seconds)
[2015.12.03-12.46.23:149][  0]LogOcInput: Can't find Oculus library dev build: is proper Runtime installed? Version: 0.8.0.0
[2015.12.03-12.46.23:464][  0]LogContentStreaming: Texture pool size now 1000 MB
[2015.12.03-12.46.23:913][  0]LogRenderer: Reallocating scene render targets to support 1208x572 (Frame:2).
[2015.12.03-12.46.26:534][  6]LogAssetRegistry: Asset discovery search completed in 32.9693 seconds
[2015.12.03-12.46.26:534][  6]LogCollectionManager: Rebuilt the object cache for 0 collections in 0.000001 seconds (found 0 objects)
[2015.12.03-12.46.26:534][  6]LogCollectionManager: Fixed up redirectors for 0 collections in 0.000060 seconds (updated 0 objects)
[2015.12.03-13.31.16:207][463]LogPlayLevel: PlayLevel: No blueprints needed recompiling
[2015.12.03-13.31.16:247][463]PIE: New page: PIE session: RollingMap (Dec 4, 2015, 5:31:16 AM)
[2015.12.03-13.31.16:265][463]LogPlayLevel: Creating play world package: /Game/UEDPIE_0_RollingMap
[2015.12.03-13.31.16:298][463]LogPlayLevel: PIE: StaticDuplicateObject took: (0.033273s)
[2015.12.03-13.31.16:299][463]LogAIModule: Creating AISystem for world RollingMap
[2015.12.03-13.31.16:299][463]LogPlayLevel: PIE: World Init took: (0.000970s)
[2015.12.03-13.31.16:312][463]LogPlayLevel: PIE: Created PIE world by copying editor world from /Game/RollingMap.RollingMap to /Game/UEDPIE_0_RollingMap.RollingMap (0.047210s)
[2015.12.03-13.31.16:460][463]LogInit: XAudio2 using '喇叭 (VIA HD Audio)' : 2 channels at 48 kHz using 32 bits per sample (channel mask 0x3)
[2015.12.03-13.31.16:469][463]LogInit: FAudioDevice initialized.
[2015.12.03-13.31.16:685][463]LogWorld: Game class is 'RollingGameMode_C'
[2015.12.03-13.31.16:882][463]LogWorld: Bringing World /Game/UEDPIE_0_RollingMap.RollingMap up for play (max tick rate 0) at 2015.12.03-21.31.16
[2015.12.03-13.31.16:882][463]LogActor:Warning: GameSession /Game/UEDPIE_0_RollingMap.RollingMap:PersistentLevel.GameSession_0 has natively added scene component(s), but none of them were set as the actor's RootComponent - picking one arbitrarily
[2015.12.03-13.31.16:886][463]LogActor:Warning: GameNetworkManager /Game/UEDPIE_0_RollingMap.RollingMap:PersistentLevel.GameNetworkManager_0 has natively added scene component(s), but none of them were set as the actor's RootComponent - picking one arbitrarily
[2015.12.03-13.31.17:078][463]LogWorld: Bringing up level for play took: 0.198241
[2015.12.03-13.31.17:512][463]PIE: Info Play in editor start time for /Game/UEDPIE_0_RollingMap 1.462
[2015.12.03-13.31.20:134][656]LogParticles: Destroying 0 GPU particle simulations for FXSystem 0x00000137E08302C0
[2015.12.03-13.31.21:649][818]LogPlayLevel: PlayLevel: No blueprints needed recompiling
[2015.12.03-13.31.21:649][818]PIE: New page: PIE session: RollingMap (Dec 4, 2015, 5:31:21 AM)
[2015.12.03-13.31.21:650][818]LogPlayLevel: Creating play world package: /Game/UEDPIE_0_RollingMap
[2015.12.03-13.31.21:651][818]LogPlayLevel: PIE: StaticDuplicateObject took: (0.001613s)
[2015.12.03-13.31.21:652][818]LogAIModule: Creating AISystem for world RollingMap
[2015.12.03-13.31.21:652][818]LogPlayLevel: PIE: World Init took: (0.000639s)
[2015.12.03-13.31.21:652][818]LogPlayLevel: PIE: Created PIE world by copying editor world from /Game/RollingMap.RollingMap to /Game/UEDPIE_0_RollingMap.RollingMap (0.002416s)
[2015.12.03-13.31.21:667][818]LogInit: XAudio2 using '喇叭 (VIA HD Audio)' : 2 channels at 48 kHz using 32 bits per sample (channel mask 0x3)
[2015.12.03-13.31.21:676][818]LogInit: FAudioDevice initialized.
[2015.12.03-13.31.21:710][818]LogWorld: Game class is 'RollingGameMode_C'
[2015.12.03-13.31.21:713][818]LogWorld: Bringing World /Game/UEDPIE_0_RollingMap.RollingMap up for play (max tick rate 0) at 2015.12.03-21.31.21
[2015.12.03-13.31.21:713][818]LogActor:Warning: GameSession /Game/UEDPIE_0_RollingMap.RollingMap:PersistentLevel.GameSession_1 has natively added scene component(s), but none of them were set as the actor's RootComponent - picking one arbitrarily
[2015.12.03-13.31.21:713][818]LogActor:Warning: GameNetworkManager /Game/UEDPIE_0_RollingMap.RollingMap:PersistentLevel.GameNetworkManager_1 has natively added scene component(s), but none of them were set as the actor's RootComponent - picking one arbitrarily
[2015.12.03-13.31.21:714][818]LogWorld: Bringing up level for play took: 0.002944
[2015.12.03-13.31.21:731][818]PIE: Info Play in editor start time for /Game/UEDPIE_0_RollingMap -0.319
[2015.12.03-13.31.23:210][989]LogParticles: Destroying 0 GPU particle simulations for FXSystem 0x00000137EEB98900
[2015.12.03-13.31.25:073][207]LogPlayLevel: PlayLevel: No blueprints needed recompiling
[2015.12.03-13.31.25:074][207]PIE: New page: PIE session: RollingMap (Dec 4, 2015, 5:31:25 AM)
[2015.12.03-13.31.25:074][207]LogPlayLevel: Creating play world package: /Game/UEDPIE_0_RollingMap
[2015.12.03-13.31.25:075][207]LogPlayLevel: PIE: StaticDuplicateObject took: (0.001727s)
[2015.12.03-13.31.25:076][207]LogAIModule: Creating AISystem for world RollingMap
[2015.12.03-13.31.25:076][207]LogPlayLevel: PIE: World Init took: (0.000720s)
[2015.12.03-13.31.25:076][207]LogPlayLevel: PIE: Created PIE world by copying editor world from /Game/RollingMap.RollingMap to /Game/UEDPIE_0_RollingMap.RollingMap (0.002631s)
[2015.12.03-13.31.25:092][207]LogInit: XAudio2 using '喇叭 (VIA HD Audio)' : 2 channels at 48 kHz using 32 bits per sample (channel mask 0x3)
[2015.12.03-13.31.25:101][207]LogInit: FAudioDevice initialized.
[2015.12.03-13.31.25:135][207]LogWorld: Game class is 'RollingGameMode_C'
[2015.12.03-13.31.25:138][207]LogWorld: Bringing World /Game/UEDPIE_0_RollingMap.RollingMap up for play (max tick rate 0) at 2015.12.03-21.31.25
[2015.12.03-13.31.25:138][207]LogActor:Warning: GameSession /Game/UEDPIE_0_RollingMap.RollingMap:PersistentLevel.GameSession_2 has natively added scene component(s), but none of them were set as the actor's RootComponent - picking one arbitrarily
[2015.12.03-13.31.25:138][207]LogActor:Warning: GameNetworkManager /Game/UEDPIE_0_RollingMap.RollingMap:PersistentLevel.GameNetworkManager_2 has natively added scene component(s), but none of them were set as the actor's RootComponent - picking one arbitrarily
[2015.12.03-13.31.25:139][207]LogWorld: Bringing up level for play took: 0.002932
[2015.12.03-13.31.25:140][207]PIE: Info Play in editor start time for /Game/UEDPIE_0_RollingMap -0.91
[2015.12.03-13.31.26:302][340]LogParticles: Destroying 0 GPU particle simulations for FXSystem 0x00000137EFC02DE0
[2015.12.03-13.31.27:271][455]LogPlayLevel: PlayLevel: No blueprints needed recompiling
[2015.12.03-13.31.27:271][455]PIE: New page: PIE session: RollingMap (Dec 4, 2015, 5:31:27 AM)
[2015.12.03-13.31.27:272][455]LogPlayLevel: Creating play world package: /Game/UEDPIE_0_RollingMap
[2015.12.03-13.31.27:273][455]LogPlayLevel: PIE: StaticDuplicateObject took: (0.001528s)
[2015.12.03-13.31.27:274][455]LogAIModule: Creating AISystem for world RollingMap
[2015.12.03-13.31.27:274][455]LogPlayLevel: PIE: World Init took: (0.000660s)
[2015.12.03-13.31.27:274][455]LogPlayLevel: PIE: Created PIE world by copying editor world from /Game/RollingMap.RollingMap to /Game/UEDPIE_0_RollingMap.RollingMap (0.002445s)
[2015.12.03-13.31.27:289][455]LogInit: XAudio2 using '喇叭 (VIA HD Audio)' : 2 channels at 48 kHz using 32 bits per sample (channel mask 0x3)
[2015.12.03-13.31.27:298][455]LogInit: FAudioDevice initialized.
[2015.12.03-13.31.27:332][455]LogWorld: Game class is 'RollingGameMode_C'
[2015.12.03-13.31.27:335][455]LogWorld: Bringing World /Game/UEDPIE_0_RollingMap.RollingMap up for play (max tick rate 0) at 2015.12.03-21.31.27
[2015.12.03-13.31.27:335][455]LogActor:Warning: GameSession /Game/UEDPIE_0_RollingMap.RollingMap:PersistentLevel.GameSession_3 has natively added scene component(s), but none of them were set as the actor's RootComponent - picking one arbitrarily
[2015.12.03-13.31.27:335][455]LogActor:Warning: GameNetworkManager /Game/UEDPIE_0_RollingMap.RollingMap:PersistentLevel.GameNetworkManager_3 has natively added scene component(s), but none of them were set as the actor's RootComponent - picking one arbitrarily
[2015.12.03-13.31.27:336][455]LogWorld: Bringing up level for play took: 0.002922
[2015.12.03-13.31.27:337][455]PIE: Info Play in editor start time for /Game/UEDPIE_0_RollingMap -0.713
[2015.12.03-13.31.28:611][601]LogParticles: Destroying 0 GPU particle simulations for FXSystem 0x00000137EC109800
[2015.12.03-13.31.29:648][724]LogPlayLevel: PlayLevel: No blueprints needed recompiling
[2015.12.03-13.31.29:648][724]PIE: New page: PIE session: RollingMap (Dec 4, 2015, 5:31:29 AM)
[2015.12.03-13.31.29:648][724]LogPlayLevel: Creating play world package: /Game/UEDPIE_0_RollingMap
[2015.12.03-13.31.29:650][724]LogPlayLevel: PIE: StaticDuplicateObject took: (0.001710s)
[2015.12.03-13.31.29:650][724]LogAIModule: Creating AISystem for world RollingMap
[2015.12.03-13.31.29:651][724]LogPlayLevel: PIE: World Init took: (0.000712s)
[2015.12.03-13.31.29:651][724]LogPlayLevel: PIE: Created PIE world by copying editor world from /Game/RollingMap.RollingMap to /Game/UEDPIE_0_RollingMap.RollingMap (0.002622s)
[2015.12.03-13.31.29:666][724]LogInit: XAudio2 using '喇叭 (VIA HD Audio)' : 2 channels at 48 kHz using 32 bits per sample (channel mask 0x3)
[2015.12.03-13.31.29:675][724]LogInit: FAudioDevice initialized.
[2015.12.03-13.31.29:708][724]LogWorld: Game class is 'RollingGameMode_C'
[2015.12.03-13.31.29:711][724]LogWorld: Bringing World /Game/UEDPIE_0_RollingMap.RollingMap up for play (max tick rate 0) at 2015.12.03-21.31.29
[2015.12.03-13.31.29:711][724]LogActor:Warning: GameSession /Game/UEDPIE_0_RollingMap.RollingMap:PersistentLevel.GameSession_4 has natively added scene component(s), but none of them were set as the actor's RootComponent - picking one arbitrarily
[2015.12.03-13.31.29:711][724]LogActor:Warning: GameNetworkManager /Game/UEDPIE_0_RollingMap.RollingMap:PersistentLevel.GameNetworkManager_4 has natively added scene component(s), but none of them were set as the actor's RootComponent - picking one arbitrarily
[2015.12.03-13.31.29:712][724]LogWorld: Bringing up level for play took: 0.003054
[2015.12.03-13.31.29:714][724]PIE: Info Play in editor start time for /Game/UEDPIE_0_RollingMap -0.337
[2015.12.03-13.31.31:340][910]LogParticles: Destroying 0 GPU particle simulations for FXSystem 0x00000137EEB9B1A0
[2015.12.03-13.31.51:838][278]LogLinker:Warning: Asset '../../../Engine/Content/ArtTools/RenderToTexture/Macros/RenderToTextureMacros.uasset' has been saved with empty engine version. The asset will be loaded but may be incompatible.
[2015.12.03-13.31.53:271][278]LogContentBrowser: Native class hierarchy updated for 'BlueprintGraph' in 0.0019 seconds. Added 107 classes and 0 folders.
[2015.12.03-13.31.54:190][278]LogActor:Warning: GameNetworkManager /Engine/Transient.World_3:PersistentLevel.GameNetworkManager_5 has natively added scene component(s), but none of them were set as the actor's RootComponent - picking one arbitrarily
[2015.12.03-13.32.14:219][502]BlueprintLog: New page: Compile RollingGameMode
[2015.12.03-13.32.14:731][502]BlueprintEditorCompileResults: Info [2813.87] Compile of RollingGameMode successful! [in 489 ms]
[2015.12.03-13.32.15:302][533]Cmd: OBJ SAVEPACKAGE PACKAGE="/Game/RollingGameMode" FILE="../../../../../../Irene/GravityBall(Unreal)/Content/RollingGameMode.uasset" SILENT=true
[2015.12.03-13.32.15:564][533]LogSavePackage: Save=130.553314ms
[2015.12.03-13.32.15:564][533]LogSavePackage: Moving '../../../../../../Irene/GravityBall(Unreal)/Saved/RollingGameModeC437E2084D254D24127D8D91E2610370.tmp' to '../../../../../../Irene/GravityBall(Unreal)/Content/RollingGameMode.uasset'
[2015.12.03-13.32.15:568][533]LogSavePackage: Total save time: 257.585190ms
[2015.12.03-13.32.15:568][533]LogSavePackage:Display: Finished SavePackage ../../../../../../Irene/GravityBall(Unreal)/Content/RollingGameMode.uasset
[2015.12.03-13.32.18:896][875]LogPlayLevel: PlayLevel: No blueprints needed recompiling
[2015.12.03-13.32.18:896][875]PIE: New page: PIE session: RollingMap (Dec 4, 2015, 5:32:18 AM)
[2015.12.03-13.32.18:896][875]LogPlayLevel: Creating play world package: /Game/UEDPIE_0_RollingMap
[2015.12.03-13.32.18:898][875]LogPlayLevel: PIE: StaticDuplicateObject took: (0.001798s)
[2015.12.03-13.32.18:898][875]LogAIModule: Creating AISystem for world RollingMap
[2015.12.03-13.32.18:899][875]LogPlayLevel: PIE: World Init took: (0.000731s)
[2015.12.03-13.32.18:899][875]LogPlayLevel: PIE: Created PIE world by copying editor world from /Game/RollingMap.RollingMap to /Game/UEDPIE_0_RollingMap.RollingMap (0.002702s)
[2015.12.03-13.32.18:951][875]LogInit: XAudio2 using '喇叭 (VIA HD Audio)' : 2 channels at 48 kHz using 32 bits per sample (channel mask 0x3)
[2015.12.03-13.32.18:961][875]LogInit: FAudioDevice initialized.
[2015.12.03-13.32.18:991][875]LogWorld: Game class is 'RollingGameMode_C'
[2015.12.03-13.32.18:994][875]LogWorld: Bringing World /Game/UEDPIE_0_RollingMap.RollingMap up for play (max tick rate 0) at 2015.12.03-21.32.18
[2015.12.03-13.32.18:994][875]LogActor:Warning: GameSession /Game/UEDPIE_0_RollingMap.RollingMap:PersistentLevel.GameSession_5 has natively added scene component(s), but none of them were set as the actor's RootComponent - picking one arbitrarily
[2015.12.03-13.32.18:995][875]LogActor:Warning: GameNetworkManager /Game/UEDPIE_0_RollingMap.RollingMap:PersistentLevel.GameNetworkManager_6 has natively added scene component(s), but none of them were set as the actor's RootComponent - picking one arbitrarily
[2015.12.03-13.32.18:995][875]LogWorld: Bringing up level for play took: 0.003032
[2015.12.03-13.32.18:997][875]PIE: Info Play in editor start time for /Game/UEDPIE_0_RollingMap 0.947
[2015.12.03-13.32.20:887][ 92]LogParticles: Destroying 0 GPU particle simulations for FXSystem 0x00000137ABE35B20
[2015.12.03-13.32.22:004][222]LogPlayLevel: PlayLevel: No blueprints needed recompiling
[2015.12.03-13.32.22:004][222]PIE: New page: PIE session: RollingMap (Dec 4, 2015, 5:32:22 AM)
[2015.12.03-13.32.22:004][222]LogPlayLevel: Creating play world package: /Game/UEDPIE_0_RollingMap
[2015.12.03-13.32.22:006][222]LogPlayLevel: PIE: StaticDuplicateObject took: (0.001527s)
[2015.12.03-13.32.22:006][222]LogAIModule: Creating AISystem for world RollingMap
[2015.12.03-13.32.22:006][222]LogPlayLevel: PIE: World Init took: (0.000672s)
[2015.12.03-13.32.22:006][222]LogPlayLevel: PIE: Created PIE world by copying editor world from /Game/RollingMap.RollingMap to /Game/UEDPIE_0_RollingMap.RollingMap (0.002372s)
[2015.12.03-13.32.22:031][222]LogInit: XAudio2 using '喇叭 (VIA HD Audio)' : 2 channels at 48 kHz using 32 bits per sample (channel mask 0x3)
[2015.12.03-13.32.22:040][222]LogInit: FAudioDevice initialized.
[2015.12.03-13.32.22:076][222]LogWorld: Game class is 'RollingGameMode_C'
[2015.12.03-13.32.22:079][222]LogWorld: Bringing World /Game/UEDPIE_0_RollingMap.RollingMap up for play (max tick rate 0) at 2015.12.03-21.32.22
[2015.12.03-13.32.22:079][222]LogActor:Warning: GameSession /Game/UEDPIE_0_RollingMap.RollingMap:PersistentLevel.GameSession_6 has natively added scene component(s), but none of them were set as the actor's RootComponent - picking one arbitrarily
[2015.12.03-13.32.22:080][222]LogActor:Warning: GameNetworkManager /Game/UEDPIE_0_RollingMap.RollingMap:PersistentLevel.GameNetworkManager_7 has natively added scene component(s), but none of them were set as the actor's RootComponent - picking one arbitrarily
[2015.12.03-13.32.22:080][222]LogWorld: Bringing up level for play took: 0.002995
[2015.12.03-13.32.22:082][222]PIE: Info Play in editor start time for /Game/UEDPIE_0_RollingMap 0.032
[2015.12.03-13.32.27:023][802]LogParticles: Destroying 0 GPU particle simulations for FXSystem 0x00000137EBE72700
[2015.12.03-13.32.29:581][106]LogEditorViewport: Clicking on Actor (LMB): Ball_C (Ball)
[2015.12.03-13.32.30:386][107]LogEditorViewport: Clicking on Actor (LMB): Ball_C (Ball)
[2015.12.03-13.32.30:648][135]LogEditorViewport: Clicking on Actor (LMB): Ball_C (Ball)
[2015.12.03-13.32.36:110][768]LogSlate:Warning: Prevented a slow task dialog from being summoned while a context menu was open
[2015.12.03-13.32.44:021][709]Cmd: UpdateLandscapeSetup
[2015.12.03-13.32.46:760][  8]LogPlayLevel: PlayLevel: No blueprints needed recompiling
[2015.12.03-13.32.46:760][  8]PIE: New page: PIE session: RollingMap (Dec 4, 2015, 5:32:46 AM)
[2015.12.03-13.32.46:760][  8]LogPlayLevel: Creating play world package: /Game/UEDPIE_0_RollingMap
[2015.12.03-13.32.46:762][  8]LogPlayLevel: PIE: StaticDuplicateObject took: (0.001647s)
[2015.12.03-13.32.46:763][  8]LogAIModule: Creating AISystem for world RollingMap
[2015.12.03-13.32.46:763][  8]LogPlayLevel: PIE: World Init took: (0.000719s)
[2015.12.03-13.32.46:763][  8]LogPlayLevel: PIE: Created PIE world by copying editor world from /Game/RollingMap.RollingMap to /Game/UEDPIE_0_RollingMap.RollingMap (0.002534s)
[2015.12.03-13.32.46:830][  8]LogInit: XAudio2 using '喇叭 (VIA HD Audio)' : 2 channels at 48 kHz using 32 bits per sample (channel mask 0x3)
[2015.12.03-13.32.46:840][  8]LogInit: FAudioDevice initialized.
[2015.12.03-13.32.46:875][  8]LogWorld: Game class is 'GameMode'
[2015.12.03-13.32.46:877][  8]LogWorld: Bringing World /Game/UEDPIE_0_RollingMap.RollingMap up for play (max tick rate 0) at 2015.12.03-21.32.46
[2015.12.03-13.32.46:878][  8]LogActor:Warning: GameSession /Game/UEDPIE_0_RollingMap.RollingMap:PersistentLevel.GameSession_7 has natively added scene component(s), but none of them were set as the actor's RootComponent - picking one arbitrarily
[2015.12.03-13.32.46:878][  8]LogActor:Warning: GameNetworkManager /Game/UEDPIE_0_RollingMap.RollingMap:PersistentLevel.GameNetworkManager_8 has natively added scene component(s), but none of them were set as the actor's RootComponent - picking one arbitrarily
[2015.12.03-13.32.46:878][  8]LogWorld: Bringing up level for play took: 0.002885
[2015.12.03-13.32.46:881][  8]PIE: Info Play in editor start time for /Game/UEDPIE_0_RollingMap 0.83
[2015.12.03-13.33.05:076][162]LogParticles: Destroying 0 GPU particle simulations for FXSystem 0x00000137AB4BE8E0
[2015.12.03-13.33.16:584][527]Cmd: UpdateLandscapeSetup
[2015.12.03-13.33.17:737][663]LogPlayLevel: PlayLevel: No blueprints needed recompiling
[2015.12.03-13.33.17:737][663]PIE: New page: PIE session: RollingMap (Dec 4, 2015, 5:33:17 AM)
[2015.12.03-13.33.17:737][663]LogPlayLevel: Creating play world package: /Game/UEDPIE_0_RollingMap
[2015.12.03-13.33.17:739][663]LogPlayLevel: PIE: StaticDuplicateObject took: (0.001708s)
[2015.12.03-13.33.17:739][663]LogAIModule: Creating AISystem for world RollingMap
[2015.12.03-13.33.17:739][663]LogPlayLevel: PIE: World Init took: (0.000830s)
[2015.12.03-13.33.17:740][663]LogPlayLevel: PIE: Created PIE world by copying editor world from /Game/RollingMap.RollingMap to /Game/UEDPIE_0_RollingMap.RollingMap (0.002709s)
[2015.12.03-13.33.17:786][663]LogInit: XAudio2 using '喇叭 (VIA HD Audio)' : 2 channels at 48 kHz using 32 bits per sample (channel mask 0x3)
[2015.12.03-13.33.17:795][663]LogInit: FAudioDevice initialized.
[2015.12.03-13.33.17:832][663]LogWorld: Game class is 'GameMode'
[2015.12.03-13.33.17:835][663]LogWorld: Bringing World /Game/UEDPIE_0_RollingMap.RollingMap up for play (max tick rate 0) at 2015.12.03-21.33.17
[2015.12.03-13.33.17:835][663]LogActor:Warning: GameSession /Game/UEDPIE_0_RollingMap.RollingMap:PersistentLevel.GameSession_8 has natively added scene component(s), but none of them were set as the actor's RootComponent - picking one arbitrarily
[2015.12.03-13.33.17:835][663]LogActor:Warning: GameNetworkManager /Game/UEDPIE_0_RollingMap.RollingMap:PersistentLevel.GameNetworkManager_9 has natively added scene component(s), but none of them were set as the actor's RootComponent - picking one arbitrarily
[2015.12.03-13.33.17:835][663]LogWorld: Bringing up level for play took: 0.002975
[2015.12.03-13.33.17:837][663]PIE: Info Play in editor start time for /Game/UEDPIE_0_RollingMap -0.213
[2015.12.03-13.33.20:192][933]LogParticles: Destroying 0 GPU particle simulations for FXSystem 0x00000137AB4ABA60
[2015.12.03-13.33.25:335][542]Cmd: UpdateLandscapeSetup
[2015.12.03-13.33.27:714][826]LogPlayLevel: PlayLevel: No blueprints needed recompiling
[2015.12.03-13.33.27:714][826]PIE: New page: PIE session: RollingMap (Dec 4, 2015, 5:33:27 AM)
[2015.12.03-13.33.27:714][826]LogPlayLevel: Creating play world package: /Game/UEDPIE_0_RollingMap
[2015.12.03-13.33.27:716][826]LogPlayLevel: PIE: StaticDuplicateObject took: (0.001845s)
[2015.12.03-13.33.27:717][826]LogAIModule: Creating AISystem for world RollingMap
[2015.12.03-13.33.27:717][826]LogPlayLevel: PIE: World Init took: (0.000701s)
[2015.12.03-13.33.27:717][826]LogPlayLevel: PIE: Created PIE world by copying editor world from /Game/RollingMap.RollingMap to /Game/UEDPIE_0_RollingMap.RollingMap (0.002723s)
[2015.12.03-13.33.27:766][826]LogInit: XAudio2 using '喇叭 (VIA HD Audio)' : 2 channels at 48 kHz using 32 bits per sample (channel mask 0x3)
[2015.12.03-13.33.27:775][826]LogInit: FAudioDevice initialized.
[2015.12.03-13.33.27:811][826]LogWorld: Game class is 'RollingGameMode_C'
[2015.12.03-13.33.27:814][826]LogWorld: Bringing World /Game/UEDPIE_0_RollingMap.RollingMap up for play (max tick rate 0) at 2015.12.03-21.33.27
[2015.12.03-13.33.27:814][826]LogActor:Warning: GameSession /Game/UEDPIE_0_RollingMap.RollingMap:PersistentLevel.GameSession_9 has natively added scene component(s), but none of them were set as the actor's RootComponent - picking one arbitrarily
[2015.12.03-13.33.27:814][826]LogActor:Warning: GameNetworkManager /Game/UEDPIE_0_RollingMap.RollingMap:PersistentLevel.GameNetworkManager_10 has natively added scene component(s), but none of them were set as the actor's RootComponent - picking one arbitrarily
[2015.12.03-13.33.27:815][826]LogWorld: Bringing up level for play took: 0.003057
[2015.12.03-13.33.27:817][826]PIE: Info Play in editor start time for /Game/UEDPIE_0_RollingMap -0.233
[2015.12.03-13.33.28:896][945]LogParticles: Destroying 0 GPU particle simulations for FXSystem 0x00000137AB513380
[2015.12.03-13.34.06:916][405]Cmd: OBJ SAVEPACKAGE PACKAGE="/Game/RollingMap" FILE="../../../../../../Irene/GravityBall(Unreal)/Saved/Autosaves/Game/RollingMap_Auto1.umap" SILENT=true AUTOSAVING=true KEEPDIRTY=false
[2015.12.03-13.34.07:030][405]LogSavePackage: Save=85.562431ms
[2015.12.03-13.34.07:030][405]LogSavePackage: Moving '../../../../../../Irene/GravityBall(Unreal)/Saved/RollingMap_Auto1D15C93FF4D9BADA46293C3B3BA32BB1F.tmp' to '../../../../../../Irene/GravityBall(Unreal)/Saved/Autosaves/Game/RollingMap_Auto1.umap'
[2015.12.03-13.34.07:032][405]LogSavePackage: Total save time: 97.380616ms
[2015.12.03-13.34.07:032][405]LogSavePackage:Display: Finished SavePackage ../../../../../../Irene/GravityBall(Unreal)/Saved/Autosaves/Game/RollingMap_Auto1.umap
[2015.12.03-13.34.07:068][405]LogFileHelpers: Editor autosave (incl. sublevels) for '/Game/RollingMap' took 0.206
[2015.12.03-13.34.07:068][405]LogFileHelpers: Editor autosave (incl. sublevels) for all levels took 0.206
[2015.12.03-13.36.16:357][884]Cmd: UpdateLandscapeSetup
[2015.12.03-13.36.18:562][147]LogPlayLevel: PlayLevel: No blueprints needed recompiling
[2015.12.03-13.36.18:563][147]PIE: New page: PIE session: RollingMap (Dec 4, 2015, 5:36:18 AM)
[2015.12.03-13.36.18:563][147]LogPlayLevel: Creating play world package: /Game/UEDPIE_0_RollingMap
[2015.12.03-13.36.18:565][147]LogPlayLevel: PIE: StaticDuplicateObject took: (0.001883s)
[2015.12.03-13.36.18:565][147]LogAIModule: Creating AISystem for world RollingMap
[2015.12.03-13.36.18:565][147]LogPlayLevel: PIE: World Init took: (0.000812s)
[2015.12.03-13.36.18:566][147]LogPlayLevel: PIE: Created PIE world by copying editor world from /Game/RollingMap.RollingMap to /Game/UEDPIE_0_RollingMap.RollingMap (0.002906s)
[2015.12.03-13.36.18:613][147]LogInit: XAudio2 using '喇叭 (VIA HD Audio)' : 2 channels at 48 kHz using 32 bits per sample (channel mask 0x3)
[2015.12.03-13.36.18:622][147]LogInit: FAudioDevice initialized.
[2015.12.03-13.36.18:657][147]LogWorld: Game class is 'GameMode'
[2015.12.03-13.36.18:660][147]LogWorld: Bringing World /Game/UEDPIE_0_RollingMap.RollingMap up for play (max tick rate 0) at 2015.12.03-21.36.18
[2015.12.03-13.36.18:660][147]LogActor:Warning: GameSession /Game/UEDPIE_0_RollingMap.RollingMap:PersistentLevel.GameSession_10 has natively added scene component(s), but none of them were set as the actor's RootComponent - picking one arbitrarily
[2015.12.03-13.36.18:660][147]LogActor:Warning: GameNetworkManager /Game/UEDPIE_0_RollingMap.RollingMap:PersistentLevel.GameNetworkManager_11 has natively added scene component(s), but none of them were set as the actor's RootComponent - picking one arbitrarily
[2015.12.03-13.36.18:661][147]LogWorld: Bringing up level for play took: 0.002826
[2015.12.03-13.36.18:663][147]PIE: Info Play in editor start time for /Game/UEDPIE_0_RollingMap 0.613
[2015.12.03-13.36.23:625][726]LogParticles: Destroying 0 GPU particle simulations for FXSystem 0x00000137AB511A80
[2015.12.03-13.36.33:965][899]LogActor:Warning: GameNetworkManager /Engine/Transient.World_4:PersistentLevel.GameNetworkManager_12 has natively added scene component(s), but none of them were set as the actor's RootComponent - picking one arbitrarily
[2015.12.03-13.37.05:028][577]BlueprintLog: New page: Compile RollingGameMode
[2015.12.03-13.37.05:085][577]BlueprintEditorCompileResults: Info [3104.24] Compile of RollingGameMode successful! [in 56 ms]
[2015.12.03-13.37.05:852][661]Cmd: OBJ SAVEPACKAGE PACKAGE="/Game/RollingGameMode" FILE="../../../../../../Irene/GravityBall(Unreal)/Content/RollingGameMode.uasset" SILENT=true
[2015.12.03-13.37.05:864][661]LogSavePackage: Save=8.432958ms
[2015.12.03-13.37.05:864][661]LogSavePackage: Moving '../../../../../../Irene/GravityBall(Unreal)/Saved/RollingGameMode69405EC746622C2FA697DB9E18D4DC3F.tmp' to '../../../../../../Irene/GravityBall(Unreal)/Content/RollingGameMode.uasset'
[2015.12.03-13.37.05:867][661]LogSavePackage: Total save time: 14.117870ms
[2015.12.03-13.37.05:867][661]LogSavePackage:Display: Finished SavePackage ../../../../../../Irene/GravityBall(Unreal)/Content/RollingGameMode.uasset
[2015.12.03-13.37.11:262][300]LogSlate:Warning: Prevented a slow task dialog from being summoned while a context menu was open
[2015.12.03-13.37.12:607][454]Cmd: UpdateLandscapeSetup
[2015.12.03-13.37.42:988][ 64]LogPlayLevel: PlayLevel: No blueprints needed recompiling
[2015.12.03-13.37.42:988][ 64]PIE: New page: PIE session: RollingMap (Dec 4, 2015, 5:37:42 AM)
[2015.12.03-13.37.42:988][ 64]LogPlayLevel: Creating play world package: /Game/UEDPIE_0_RollingMap
[2015.12.03-13.37.42:990][ 64]LogPlayLevel: PIE: StaticDuplicateObject took: (0.001700s)
[2015.12.03-13.37.42:991][ 64]LogAIModule: Creating AISystem for world RollingMap
[2015.12.03-13.37.42:991][ 64]LogPlayLevel: PIE: World Init took: (0.000703s)
[2015.12.03-13.37.42:991][ 64]LogPlayLevel: PIE: Created PIE world by copying editor world from /Game/RollingMap.RollingMap to /Game/UEDPIE_0_RollingMap.RollingMap (0.002604s)
[2015.12.03-13.37.43:043][ 64]LogInit: XAudio2 using '喇叭 (VIA HD Audio)' : 2 channels at 48 kHz using 32 bits per sample (channel mask 0x3)
[2015.12.03-13.37.43:052][ 64]LogInit: FAudioDevice initialized.
[2015.12.03-13.37.43:087][ 64]LogWorld: Game class is 'RollingGameMode_C'
[2015.12.03-13.37.43:090][ 64]LogWorld: Bringing World /Game/UEDPIE_0_RollingMap.RollingMap up for play (max tick rate 0) at 2015.12.03-21.37.43
[2015.12.03-13.37.43:090][ 64]LogActor:Warning: GameSession /Game/UEDPIE_0_RollingMap.RollingMap:PersistentLevel.GameSession_11 has natively added scene component(s), but none of them were set as the actor's RootComponent - picking one arbitrarily
[2015.12.03-13.37.43:091][ 64]LogActor:Warning: GameNetworkManager /Game/UEDPIE_0_RollingMap.RollingMap:PersistentLevel.GameNetworkManager_13 has natively added scene component(s), but none of them were set as the actor's RootComponent - picking one arbitrarily
[2015.12.03-13.37.43:091][ 64]LogWorld: Bringing up level for play took: 0.002457
[2015.12.03-13.37.43:092][ 64]PIE: Info Play in editor start time for /Game/UEDPIE_0_RollingMap 1.042
[2015.12.03-13.37.52:483][181]LogParticles: Destroying 0 GPU particle simulations for FXSystem 0x00000137AB6476A0
[2015.12.03-13.37.58:765][923]LogPlayLevel: PlayLevel: No blueprints needed recompiling
[2015.12.03-13.37.58:765][923]PIE: New page: PIE session: RollingMap (Dec 4, 2015, 5:37:58 AM)
[2015.12.03-13.37.58:765][923]LogPlayLevel: Creating play world package: /Game/UEDPIE_0_RollingMap
[2015.12.03-13.37.58:767][923]LogPlayLevel: PIE: StaticDuplicateObject took: (0.001712s)
[2015.12.03-13.37.58:768][923]LogAIModule: Creating AISystem for world RollingMap
[2015.12.03-13.37.58:768][923]LogPlayLevel: PIE: World Init took: (0.000749s)
[2015.12.03-13.37.58:768][923]LogPlayLevel: PIE: Created PIE world by copying editor world from /Game/RollingMap.RollingMap to /Game/UEDPIE_0_RollingMap.RollingMap (0.002651s)
[2015.12.03-13.37.58:817][923]LogInit: XAudio2 using '喇叭 (VIA HD Audio)' : 2 channels at 48 kHz using 32 bits per sample (channel mask 0x3)
[2015.12.03-13.37.58:826][923]LogInit: FAudioDevice initialized.
[2015.12.03-13.37.58:860][923]LogWorld: Game class is 'RollingGameMode_C'
[2015.12.03-13.37.58:863][923]LogWorld: Bringing World /Game/UEDPIE_0_RollingMap.RollingMap up for play (max tick rate 0) at 2015.12.03-21.37.58
[2015.12.03-13.37.58:863][923]LogActor:Warning: GameSession /Game/UEDPIE_0_RollingMap.RollingMap:PersistentLevel.GameSession_12 has natively added scene component(s), but none of them were set as the actor's RootComponent - picking one arbitrarily
[2015.12.03-13.37.58:864][923]LogActor:Warning: GameNetworkManager /Game/UEDPIE_0_RollingMap.RollingMap:PersistentLevel.GameNetworkManager_14 has natively added scene component(s), but none of them were set as the actor's RootComponent - picking one arbitrarily
[2015.12.03-13.37.58:864][923]LogWorld: Bringing up level for play took: 0.002624
[2015.12.03-13.37.58:865][923]PIE: Info Play in editor start time for /Game/UEDPIE_0_RollingMap 0.815
[2015.12.03-13.38.16:415][ 15]LogParticles: Destroying 0 GPU particle simulations for FXSystem 0x00000137ED93A340
[2015.12.03-13.38.22:570][722]Cmd: OBJ SAVEPACKAGE PACKAGE="/Game/RollingMap" FILE="../../../../../../Irene/GravityBall(Unreal)/Content/RollingMap.umap" SILENT=true AUTOSAVING=false KEEPDIRTY=false
[2015.12.03-13.38.22:608][722]LogSavePackage: Save=15.969775ms
[2015.12.03-13.38.22:608][722]LogSavePackage: Moving '../../../../../../Irene/GravityBall(Unreal)/Saved/RollingMap3DB3F2A749AA2E951F1E02ACECF00A0E.tmp' to '../../../../../../Irene/GravityBall(Unreal)/Content/RollingMap.umap'
[2015.12.03-13.38.22:611][722]LogSavePackage: Total save time: 22.176411ms
[2015.12.03-13.38.22:611][722]LogSavePackage:Display: Finished SavePackage ../../../../../../Irene/GravityBall(Unreal)/Content/RollingMap.umap
[2015.12.03-13.39.45:752][518]Cmd: OBJ SAVEPACKAGE PACKAGE="/Game/RollingMap" FILE="../../../../../../Irene/GravityBall(Unreal)/Content/RollingMap.umap" SILENT=true AUTOSAVING=false KEEPDIRTY=false
[2015.12.03-13.39.45:770][518]LogParticles: Destroying 0 GPU particle simulations for FXSystem 0x00000137EBE73380
[2015.12.03-13.39.45:771][518]LogParticles: Destroying 0 GPU particle simulations for FXSystem 0x00000137AAE2A200
[2015.12.03-13.39.45:793][518]LogSavePackage: Save=15.684215ms
[2015.12.03-13.39.45:793][518]LogSavePackage: Moving '../../../../../../Irene/GravityBall(Unreal)/Saved/RollingMap228AF88A42042708F450CCAE54B16DEE.tmp' to '../../../../../../Irene/GravityBall(Unreal)/Content/RollingMap.umap'
[2015.12.03-13.39.45:794][518]LogSavePackage: Total save time: 21.545958ms
[2015.12.03-13.39.45:794][518]LogSavePackage:Display: Finished SavePackage ../../../../../../Irene/GravityBall(Unreal)/Content/RollingMap.umap
[2015.12.03-13.39.48:849][875]LogPlayLevel: PlayLevel: No blueprints needed recompiling
[2015.12.03-13.39.48:850][875]PIE: New page: PIE session: RollingMap (Dec 4, 2015, 5:39:48 AM)
[2015.12.03-13.39.48:850][875]LogPlayLevel: Creating play world package: /Game/UEDPIE_0_RollingMap
[2015.12.03-13.39.48:851][875]LogPlayLevel: PIE: StaticDuplicateObject took: (0.001557s)
[2015.12.03-13.39.48:852][875]LogAIModule: Creating AISystem for world RollingMap
[2015.12.03-13.39.48:852][875]LogPlayLevel: PIE: World Init took: (0.000627s)
[2015.12.03-13.39.48:852][875]LogPlayLevel: PIE: Created PIE world by copying editor world from /Game/RollingMap.RollingMap to /Game/UEDPIE_0_RollingMap.RollingMap (0.002367s)
[2015.12.03-13.39.48:901][875]LogInit: XAudio2 using '喇叭 (VIA HD Audio)' : 2 channels at 48 kHz using 32 bits per sample (channel mask 0x3)
[2015.12.03-13.39.48:910][875]LogInit: FAudioDevice initialized.
[2015.12.03-13.39.48:945][875]LogWorld: Game class is 'RollingGameMode_C'
[2015.12.03-13.39.48:949][875]LogWorld: Bringing World /Game/UEDPIE_0_RollingMap.RollingMap up for play (max tick rate 0) at 2015.12.03-21.39.48
[2015.12.03-13.39.48:949][875]LogActor:Warning: GameSession /Game/UEDPIE_0_RollingMap.RollingMap:PersistentLevel.GameSession_13 has natively added scene component(s), but none of them were set as the actor's RootComponent - picking one arbitrarily
[2015.12.03-13.39.48:949][875]LogActor:Warning: GameNetworkManager /Game/UEDPIE_0_RollingMap.RollingMap:PersistentLevel.GameNetworkManager_15 has natively added scene component(s), but none of them were set as the actor's RootComponent - picking one arbitrarily
[2015.12.03-13.39.48:949][875]LogWorld: Bringing up level for play took: 0.002637
[2015.12.03-13.39.48:950][875]PIE: Info Play in editor start time for /Game/UEDPIE_0_RollingMap 0.9
[2015.12.03-13.39.59:781][143]LogParticles: Destroying 0 GPU particle simulations for FXSystem 0x00000137A8DCA0C0
[2015.12.03-13.40.22:751][857]Cmd: OBJ SAVEPACKAGE PACKAGE="/Game/RollingMap" FILE="../../../../../../Irene/GravityBall(Unreal)/Content/RollingMap.umap" SILENT=true AUTOSAVING=false KEEPDIRTY=false
[2015.12.03-13.40.22:789][857]LogSavePackage: Save=15.903720ms
[2015.12.03-13.40.22:789][857]LogSavePackage: Moving '../../../../../../Irene/GravityBall(Unreal)/Saved/RollingMap2E58AFCC4F80AFE0712BD2B9355D6E56.tmp' to '../../../../../../Irene/GravityBall(Unreal)/Content/RollingMap.umap'
[2015.12.03-13.40.22:791][857]LogSavePackage: Total save time: 20.591360ms
[2015.12.03-13.40.22:791][857]LogSavePackage:Display: Finished SavePackage ../../../../../../Irene/GravityBall(Unreal)/Content/RollingMap.umap
[2015.12.03-13.40.24:711][ 78]LogPlayLevel: PlayLevel: No blueprints needed recompiling
[2015.12.03-13.40.24:712][ 78]PIE: New page: PIE session: RollingMap (Dec 4, 2015, 5:40:24 AM)
[2015.12.03-13.40.24:712][ 78]LogPlayLevel: Creating play world package: /Game/UEDPIE_0_RollingMap
[2015.12.03-13.40.24:713][ 78]LogPlayLevel: PIE: StaticDuplicateObject took: (0.001759s)
[2015.12.03-13.40.24:714][ 78]LogAIModule: Creating AISystem for world RollingMap
[2015.12.03-13.40.24:714][ 78]LogPlayLevel: PIE: World Init took: (0.000670s)
[2015.12.03-13.40.24:714][ 78]LogPlayLevel: PIE: Created PIE world by copying editor world from /Game/RollingMap.RollingMap to /Game/UEDPIE_0_RollingMap.RollingMap (0.002610s)
[2015.12.03-13.40.24:766][ 78]LogInit: XAudio2 using '喇叭 (VIA HD Audio)' : 2 channels at 48 kHz using 32 bits per sample (channel mask 0x3)
[2015.12.03-13.40.24:776][ 78]LogInit: FAudioDevice initialized.
[2015.12.03-13.40.24:812][ 78]LogWorld: Game class is 'RollingGameMode_C'
[2015.12.03-13.40.24:815][ 78]LogWorld: Bringing World /Game/UEDPIE_0_RollingMap.RollingMap up for play (max tick rate 0) at 2015.12.03-21.40.24
[2015.12.03-13.40.24:815][ 78]LogActor:Warning: GameSession /Game/UEDPIE_0_RollingMap.RollingMap:PersistentLevel.GameSession_14 has natively added scene component(s), but none of them were set as the actor's RootComponent - picking one arbitrarily
[2015.12.03-13.40.24:815][ 78]LogActor:Warning: GameNetworkManager /Game/UEDPIE_0_RollingMap.RollingMap:PersistentLevel.GameNetworkManager_16 has natively added scene component(s), but none of them were set as the actor's RootComponent - picking one arbitrarily
[2015.12.03-13.40.24:815][ 78]LogWorld: Bringing up level for play took: 0.002702
[2015.12.03-13.40.24:816][ 78]PIE: Info Play in editor start time for /Game/UEDPIE_0_RollingMap 0.766
[2015.12.03-13.40.39:991][885]LogParticles: Destroying 0 GPU particle simulations for FXSystem 0x00000137AAE5F7E0
[2015.12.03-13.40.58:301][ 34]Cmd: OBJ SAVEPACKAGE PACKAGE="/Game/RollingMap" FILE="../../../../../../Irene/GravityBall(Unreal)/Content/RollingMap.umap" SILENT=true AUTOSAVING=false KEEPDIRTY=false
[2015.12.03-13.40.58:339][ 34]LogSavePackage: Save=15.779207ms
[2015.12.03-13.40.58:339][ 34]LogSavePackage: Moving '../../../../../../Irene/GravityBall(Unreal)/Saved/RollingMapF891A4EB4EF4F44091817992D6FF72AD.tmp' to '../../../../../../Irene/GravityBall(Unreal)/Content/RollingMap.umap'
[2015.12.03-13.40.58:340][ 34]LogSavePackage: Total save time: 20.527642ms
[2015.12.03-13.40.58:340][ 34]LogSavePackage:Display: Finished SavePackage ../../../../../../Irene/GravityBall(Unreal)/Content/RollingMap.umap
[2015.12.03-13.40.59:095][121]LogPlayLevel: PlayLevel: No blueprints needed recompiling
[2015.12.03-13.40.59:095][121]PIE: New page: PIE session: RollingMap (Dec 4, 2015, 5:40:59 AM)
[2015.12.03-13.40.59:095][121]LogPlayLevel: Creating play world package: /Game/UEDPIE_0_RollingMap
[2015.12.03-13.40.59:097][121]LogPlayLevel: PIE: StaticDuplicateObject took: (0.001733s)
[2015.12.03-13.40.59:097][121]LogAIModule: Creating AISystem for world RollingMap
[2015.12.03-13.40.59:097][121]LogPlayLevel: PIE: World Init took: (0.000673s)
[2015.12.03-13.40.59:097][121]LogPlayLevel: PIE: Created PIE world by copying editor world from /Game/RollingMap.RollingMap to /Game/UEDPIE_0_RollingMap.RollingMap (0.002573s)
[2015.12.03-13.40.59:150][121]LogInit: XAudio2 using '喇叭 (VIA HD Audio)' : 2 channels at 48 kHz using 32 bits per sample (channel mask 0x3)
[2015.12.03-13.40.59:159][121]LogInit: FAudioDevice initialized.
[2015.12.03-13.40.59:194][121]LogWorld: Game class is 'RollingGameMode_C'
[2015.12.03-13.40.59:196][121]LogWorld: Bringing World /Game/UEDPIE_0_RollingMap.RollingMap up for play (max tick rate 0) at 2015.12.03-21.40.59
[2015.12.03-13.40.59:198][121]LogActor:Warning: GameSession /Game/UEDPIE_0_RollingMap.RollingMap:PersistentLevel.GameSession_15 has natively added scene component(s), but none of them were set as the actor's RootComponent - picking one arbitrarily
[2015.12.03-13.40.59:198][121]LogActor:Warning: GameNetworkManager /Game/UEDPIE_0_RollingMap.RollingMap:PersistentLevel.GameNetworkManager_17 has natively added scene component(s), but none of them were set as the actor's RootComponent - picking one arbitrarily
[2015.12.03-13.40.59:198][121]LogWorld: Bringing up level for play took: 0.002517
[2015.12.03-13.40.59:199][121]PIE: Info Play in editor start time for /Game/UEDPIE_0_RollingMap -0.851
[2015.12.03-13.41.09:709][370]LogParticles: Destroying 0 GPU particle simulations for FXSystem 0x00000137A62BA980
[2015.12.03-13.41.10:891][501]LogPlayLevel: PlayLevel: No blueprints needed recompiling
[2015.12.03-13.41.10:891][501]PIE: New page: PIE session: RollingMap (Dec 4, 2015, 5:41:10 AM)
[2015.12.03-13.41.10:891][501]LogPlayLevel: Creating play world package: /Game/UEDPIE_0_RollingMap
[2015.12.03-13.41.10:892][501]LogPlayLevel: PIE: StaticDuplicateObject took: (0.001469s)
[2015.12.03-13.41.10:893][501]LogAIModule: Creating AISystem for world RollingMap
[2015.12.03-13.41.10:893][501]LogPlayLevel: PIE: World Init took: (0.000639s)
[2015.12.03-13.41.10:893][501]LogPlayLevel: PIE: Created PIE world by copying editor world from /Game/RollingMap.RollingMap to /Game/UEDPIE_0_RollingMap.RollingMap (0.002295s)
[2015.12.03-13.41.10:941][501]LogInit: XAudio2 using '喇叭 (VIA HD Audio)' : 2 channels at 48 kHz using 32 bits per sample (channel mask 0x3)
[2015.12.03-13.41.10:951][501]LogInit: FAudioDevice initialized.
[2015.12.03-13.41.10:986][501]LogWorld: Game class is 'RollingGameMode_C'
[2015.12.03-13.41.10:990][501]LogWorld: Bringing World /Game/UEDPIE_0_RollingMap.RollingMap up for play (max tick rate 0) at 2015.12.03-21.41.10
[2015.12.03-13.41.10:990][501]LogActor:Warning: GameSession /Game/UEDPIE_0_RollingMap.RollingMap:PersistentLevel.GameSession_16 has natively added scene component(s), but none of them were set as the actor's RootComponent - picking one arbitrarily
[2015.12.03-13.41.10:990][501]LogActor:Warning: GameNetworkManager /Game/UEDPIE_0_RollingMap.RollingMap:PersistentLevel.GameNetworkManager_18 has natively added scene component(s), but none of them were set as the actor's RootComponent - picking one arbitrarily
[2015.12.03-13.41.10:990][501]LogWorld: Bringing up level for play took: 0.002521
[2015.12.03-13.41.10:991][501]PIE: Info Play in editor start time for /Game/UEDPIE_0_RollingMap 0.941
[2015.12.03-13.41.33:538][193]LogParticles: Destroying 0 GPU particle simulations for FXSystem 0x00000137ACF5CF40
[2015.12.03-13.41.35:351][399]Cmd: OBJ SAVEPACKAGE PACKAGE="/Game/RollingMap" FILE="../../../../../../Irene/GravityBall(Unreal)/Content/RollingMap.umap" SILENT=true AUTOSAVING=false KEEPDIRTY=false
[2015.12.03-13.41.35:389][399]LogSavePackage: Save=16.054245ms
[2015.12.03-13.41.35:389][399]LogSavePackage: Moving '../../../../../../Irene/GravityBall(Unreal)/Saved/RollingMap54EB7F884F886AD125BAA0A4CF3077EB.tmp' to '../../../../../../Irene/GravityBall(Unreal)/Content/RollingMap.umap'
[2015.12.03-13.41.35:390][399]LogSavePackage: Total save time: 20.889197ms
[2015.12.03-13.41.35:390][399]LogSavePackage:Display: Finished SavePackage ../../../../../../Irene/GravityBall(Unreal)/Content/RollingMap.umap
[2015.12.03-13.41.39:133][775]Cmd: QUIT_EDITOR
[2015.12.03-13.41.40:486][775]LogWindowsTextInputMethodSystem:Display: IME system now activated using TSF (微軟注音).
[2015.12.03-13.41.40:559][775]LogExit: Preparing to exit.
[2015.12.03-13.41.41:513][775]LogExit: Editor shut down
[2015.12.03-13.41.41:513][775]LogExit: Transaction tracking system shut down
[2015.12.03-13.41.41:605][775]LogParticles: Destroying 0 GPU particle simulations for FXSystem 0x00000137EECAC680
[2015.12.03-13.41.41:605][775]LogParticles: Destroying 0 GPU particle simulations for FXSystem 0x0000013788D49580
[2015.12.03-13.41.41:606][775]LogParticles: Destroying 0 GPU particle simulations for FXSystem 0x0000013788C36160
[2015.12.03-13.41.41:606][775]LogParticles: Destroying 0 GPU particle simulations for FXSystem 0x00000137986DB4C0
[2015.12.03-13.41.43:180][775]LogExit: Object subsystem successfully closed.
[2015.12.03-13.41.43:471][775]LogD3D11RHI: Shutdown
[2015.12.03-13.41.43:471][775]LogD3D11RHI: CleanupD3DDevice
[2015.12.03-13.41.43:616][775]LogD3D11RHI: ~FD3D11DynamicRHI
[2015.12.03-13.41.44:313][775]LogModuleManager: Shutting down and abandoning module ExternalImagePicker (201)
[2015.12.03-13.41.44:313][775]LogModuleManager: Shutting down and abandoning module CookingStats (200)
[2015.12.03-13.41.44:313][775]LogModuleManager: Shutting down and abandoning module BlueprintGraph (199)
[2015.12.03-13.41.44:313][775]LogModuleManager: Shutting down and abandoning module CrashTracker (198)
[2015.12.03-13.41.44:313][775]LogModuleManager: Shutting down and abandoning module SceneOutliner (197)
[2015.12.03-13.41.44:313][775]LogModuleManager: Shutting down and abandoning module SuperSearch (196)
[2015.12.03-13.41.44:313][775]LogModuleManager: Shutting down and abandoning module WidgetCarousel (195)
[2015.12.03-13.41.44:321][775]LogModuleManager: Shutting down and abandoning module AddContentDialog (194)
[2015.12.03-13.41.44:343][775]LogModuleManager: Shutting down and abandoning module EditorWidgets (193)
[2015.12.03-13.41.44:343][775]LogModuleManager: Shutting down and abandoning module CollectionManager (192)
[2015.12.03-13.41.44:374][775]LogModuleManager: Shutting down and abandoning module StatsViewer (191)
[2015.12.03-13.41.44:391][775]LogModuleManager: Shutting down and abandoning module FoliageEdit (190)
[2015.12.03-13.41.44:392][775]LogModuleManager: Shutting down and abandoning module LandscapeEditor (189)
[2015.12.03-13.41.44:424][775]LogModuleManager: Shutting down and abandoning module ActorPickerMode (188)
[2015.12.03-13.41.44:424][775]LogModuleManager: Shutting down and abandoning module GeometryMode (187)
[2015.12.03-13.41.44:424][775]LogModuleManager: Shutting down and abandoning module TextureAlignMode (186)
[2015.12.03-13.41.44:424][775]LogModuleManager: Shutting down and abandoning module BspMode (185)
[2015.12.03-13.41.44:424][775]LogModuleManager: Shutting down and abandoning module PlacementMode (184)
[2015.12.03-13.41.44:424][775]LogModuleManager: Shutting down and abandoning module AutomationWorker (183)
[2015.12.03-13.41.44:424][775]LogModuleManager: Shutting down and abandoning module CharacterAI (182)
[2015.12.03-13.41.44:425][775]LogModuleManager: Shutting down and abandoning module SmartSnapping (181)
[2015.12.03-13.41.44:425][775]LogModuleManager: Shutting down and abandoning module ViewportSnapping (180)
[2015.12.03-13.41.44:425][775]LogModuleManager: Shutting down and abandoning module LogVisualizer (179)
[2015.12.03-13.41.44:425][775]LogModuleManager: Shutting down and abandoning module GameProjectGeneration (178)
[2015.12.03-13.41.44:451][775]LogModuleManager: Shutting down and abandoning module IntroTutorials (177)
[2015.12.03-13.41.44:478][775]LogModuleManager: Shutting down and abandoning module EditorLiveStreaming (176)
[2015.12.03-13.41.44:478][775]LogModuleManager: Shutting down and abandoning module IOSPlatformEditor (175)
[2015.12.03-13.41.44:488][775]LogModuleManager: Shutting down and abandoning module HTML5PlatformEditor (174)
[2015.12.03-13.41.44:488][775]LogModuleManager: Shutting down and abandoning module AndroidDeviceDetection (173)
[2015.12.03-13.41.45:116][775]LogModuleManager: Shutting down and abandoning module AndroidPlatformEditor (172)
[2015.12.03-13.41.45:116][775]LogModuleManager: Shutting down and abandoning module IOSRuntimeSettings (171)
[2015.12.03-13.41.45:116][775]LogModuleManager: Shutting down and abandoning module AndroidRuntimeSettings (170)
[2015.12.03-13.41.45:116][775]LogModuleManager: Shutting down and abandoning module MergeActors (169)
[2015.12.03-13.41.45:125][775]LogModuleManager: Shutting down and abandoning module SizeMap (168)
[2015.12.03-13.41.45:125][775]LogModuleManager: Shutting down and abandoning module TreeMap (167)
[2015.12.03-13.41.45:161][775]LogModuleManager: Shutting down and abandoning module ReferenceViewer (166)
[2015.12.03-13.41.45:161][775]LogModuleManager: Shutting down and abandoning module LocalizationService (165)
[2015.12.03-13.41.45:171][775]LogModuleManager: Shutting down and abandoning module LocalizationDashboard (164)
[2015.12.03-13.41.45:180][775]LogModuleManager: Shutting down and abandoning module HardwareTargeting (163)
[2015.12.03-13.41.45:191][775]LogModuleManager: Shutting down and abandoning module DeviceProfileEditor (162)
[2015.12.03-13.41.45:205][775]LogModuleManager: Shutting down and abandoning module UndoHistory (161)
[2015.12.03-13.41.45:214][775]LogModuleManager: Shutting down and abandoning module GameplayTagsEditor (160)
[2015.12.03-13.41.45:223][775]LogModuleManager: Shutting down and abandoning module UserFeedback (159)
[2015.12.03-13.41.45:223][775]LogModuleManager: Shutting down and abandoning module XmlParser (158)
[2015.12.03-13.41.45:233][775]LogModuleManager: Shutting down and abandoning module Blutility (157)
[2015.12.03-13.41.45:233][775]LogModuleManager: Shutting down and abandoning module ProjectTargetPlatformEditor (156)
[2015.12.03-13.41.45:249][775]LogModuleManager: Shutting down and abandoning module ProjectSettingsViewer (155)
[2015.12.03-13.41.45:249][775]LogModuleManager: Shutting down and abandoning module InputBindingEditor (154)
[2015.12.03-13.41.45:281][775]LogModuleManager: Shutting down and abandoning module EditorSettingsViewer (153)
[2015.12.03-13.41.45:281][775]LogModuleManager: Shutting down and abandoning module SettingsEditor (152)
[2015.12.03-13.41.45:285][775]LogModuleManager: Shutting down and abandoning module ProjectLauncher (151)
[2015.12.03-13.41.45:297][775]LogModuleManager: Shutting down and abandoning module SessionFrontend (150)
[2015.12.03-13.41.45:316][775]LogModuleManager: Shutting down and abandoning module ProfilerClient (149)
[2015.12.03-13.41.45:352][775]LogModuleManager: Shutting down and abandoning module TargetDeviceServices (148)
[2015.12.03-13.41.45:366][775]LogModuleManager: Shutting down and abandoning module DeviceManager (147)
[2015.12.03-13.41.45:373][775]LogModuleManager: Shutting down and abandoning module AutomationController (146)
[2015.12.03-13.41.45:384][775]LogModuleManager: Shutting down and abandoning module AutomationWindow (145)
[2015.12.03-13.41.45:418][775]LogModuleManager: Shutting down and abandoning module Layers (144)
[2015.12.03-13.41.45:502][775]LogModuleManager: Shutting down and abandoning module ComponentVisualizers (143)
[2015.12.03-13.41.45:502][775]LogModuleManager: Shutting down and abandoning module DetailCustomizations (142)
[2015.12.03-13.41.45:502][775]LogModuleManager: Shutting down and abandoning module PackagesDialog (141)
[2015.12.03-13.41.45:502][775]LogModuleManager: Shutting down and abandoning module Persona (140)
[2015.12.03-13.41.45:589][775]LogModuleManager: Shutting down and abandoning module Kismet (139)
[2015.12.03-13.41.45:598][775]LogModuleManager: Shutting down and abandoning module GraphEditor (138)
[2015.12.03-13.41.45:605][775]LogModuleManager: Shutting down and abandoning module ClassViewer (137)
[2015.12.03-13.41.45:606][775]LogModuleManager: Shutting down and abandoning module Toolbox (136)
[2015.12.03-13.41.45:607][775]LogModuleManager: Shutting down and abandoning module ModuleUI (135)
[2015.12.03-13.41.45:644][775]LogModuleManager: Shutting down and abandoning module MovieSceneTools (134)
[2015.12.03-13.41.45:657][775]LogModuleManager: Shutting down and abandoning module OutputLog (133)
[2015.12.03-13.41.45:657][775]LogModuleManager: Shutting down and abandoning module GammaUI (132)
[2015.12.03-13.41.45:670][775]LogModuleManager: Shutting down and abandoning module Documentation (131)
[2015.12.03-13.41.45:670][775]LogModuleManager: Shutting down and abandoning module GameLiveStreaming (130)
[2015.12.03-13.41.45:684][775]LogModuleManager: Shutting down and abandoning module StreamingPauseRendering (129)
[2015.12.03-13.41.45:684][775]LogModuleManager: Shutting down and abandoning module AnalyticsET (128)
[2015.12.03-13.41.45:684][775]LogModuleManager: Shutting down and abandoning module Analytics (127)
[2015.12.03-13.41.45:684][775]LogModuleManager: Shutting down and abandoning module AITestSuite (126)
[2015.12.03-13.41.45:696][775]LogModuleManager: Shutting down and abandoning module GameplayDebugger (125)
[2015.12.03-13.41.45:703][775]LogModuleManager: Shutting down and abandoning module AIModule (124)
[2015.12.03-13.41.45:703][775]LogModuleManager: Shutting down and abandoning module ProfilerService (123)
[2015.12.03-13.41.45:922][775]LogModuleManager: Shutting down and abandoning module TaskGraph (122)
[2015.12.03-13.41.46:016][775]LogModuleManager: Shutting down and abandoning module SlateRemote (121)
[2015.12.03-13.41.46:016][775]LogModuleManager: Shutting down and abandoning module SteamVRController (120)
[2015.12.03-13.41.46:016][775]LogModuleManager: Shutting down and abandoning module SteamVR (119)
[2015.12.03-13.41.46:016][775]LogModuleManager: Shutting down and abandoning module ProceduralMeshComponent (118)
[2015.12.03-13.41.46:016][775]LogModuleManager: Shutting down and abandoning module OculusLibrary (117)
[2015.12.03-13.41.46:016][775]LogModuleManager: Shutting down and abandoning module OculusInput (116)
[2015.12.03-13.41.46:016][775]LogModuleManager: Shutting down and abandoning module LeapMotionController (115)
[2015.12.03-13.41.46:068][775]LogModuleManager: Shutting down and abandoning module CustomMeshComponent (114)
[2015.12.03-13.41.46:068][775]LogModuleManager: Shutting down and abandoning module CableComponent (113)
[2015.12.03-13.41.46:079][775]LogModuleManager: Shutting down and abandoning module ArchVisCharacter (112)
[2015.12.03-13.41.46:079][775]LogModuleManager: Shutting down and abandoning module MessagingDebugger (111)
[2015.12.03-13.41.46:143][775]LogModuleManager: Shutting down and abandoning module MediaPlayerEditor (110)
[2015.12.03-13.41.46:199][775]LogModuleManager: Shutting down and abandoning module HTML5Networking (109)
[2015.12.03-13.41.46:199][775]LogModuleManager: Shutting down and abandoning module SpeedTreeImporter (108)
[2015.12.03-13.41.46:199][775]LogModuleManager: Shutting down and abandoning module PluginBrowser (107)
[2015.12.03-13.41.46:244][775]LogModuleManager: Shutting down and abandoning module EpicSurvey (106)
[2015.12.03-13.41.46:262][775]LogModuleManager: Shutting down and abandoning module DesktopPlatform (105)
[2015.12.03-13.41.46:292][775]LogModuleManager: Shutting down and abandoning module VisualStudioSourceCodeAccess (104)
[2015.12.03-13.41.46:292][775]LogModuleManager: Shutting down and abandoning module UObjectPlugin (103)
[2015.12.03-13.41.46:292][775]LogModuleManager: Shutting down and abandoning module SubversionSourceControl (102)
[2015.12.03-13.41.46:322][775]LogModuleManager: Shutting down and abandoning module PerforceSourceControl (101)
[2015.12.03-13.41.46:382][775]LogModuleManager: Shutting down and abandoning module SourceControl (100)
[2015.12.03-13.41.46:398][775]LogModuleManager: Shutting down and abandoning module GitSourceControl (99)
[2015.12.03-13.41.46:434][775]LogModuleManager: Shutting down and abandoning module LightPropagationVolumeEditor (98)
[2015.12.03-13.41.46:434][775]LogModuleManager: Shutting down and abandoning module PaperTiledImporter (97)
[2015.12.03-13.41.46:440][775]LogModuleManager: Shutting down and abandoning module PaperSpriteSheetImporter (96)
[2015.12.03-13.41.46:440][775]LogModuleManager: Shutting down and abandoning module MeshPaint (95)
[2015.12.03-13.41.46:440][775]LogModuleManager: Shutting down and abandoning module SlateReflector (94)
[2015.12.03-13.41.46:482][775]LogModuleManager: Shutting down and abandoning module HotReload (93)
[2015.12.03-13.41.46:494][775]LogModuleManager: Shutting down and abandoning module MainFrame (92)
[2015.12.03-13.41.46:494][775]LogModuleManager: Shutting down and abandoning module LevelEditor (91)
[2015.12.03-13.41.46:506][775]LogModuleManager: Shutting down and abandoning module DirectoryWatcher (90)
[2015.12.03-13.41.46:508][775]LogModuleManager: Shutting down and abandoning module AssetRegistry (89)
[2015.12.03-13.41.46:596][775]LogModuleManager: Shutting down and abandoning module ContentBrowser (88)
[2015.12.03-13.41.46:596][775]LogModuleManager: Shutting down and abandoning module Paper2DEditor (87)
[2015.12.03-13.41.46:613][775]LogModuleManager: Shutting down and abandoning module UdpMessaging (86)
[2015.12.03-13.41.46:714][775]LogModuleManager: Shutting down and abandoning module LightPropagationVolumeRuntime (85)
[2015.12.03-13.41.46:714][775]LogModuleManager: Shutting down and abandoning module Paper2D (84)
[2015.12.03-13.41.46:740][775]LogModuleManager: Shutting down and abandoning module WindowsMoviePlayer (83)
[2015.12.03-13.41.46:742][775]LogModuleManager: Shutting down and abandoning module Media (82)
[2015.12.03-13.41.46:765][775]LogModuleManager: Shutting down and abandoning module WmfMedia (81)
[2015.12.03-13.41.46:778][775]LogModuleManager: Shutting down and abandoning module OnlineBlueprintSupport (80)
[2015.12.03-13.41.46:778][775]LogModuleManager: Shutting down and abandoning module GameplayTasksEditor (79)
[2015.12.03-13.41.46:778][775]LogModuleManager: Shutting down and abandoning module PropertyEditor (78)
[2015.12.03-13.41.46:778][775]LogModuleManager: Shutting down and abandoning module BehaviorTreeEditor (77)
[2015.12.03-13.41.46:852][775]LogModuleManager: Shutting down and abandoning module FunctionalTesting (76)
[2015.12.03-13.41.46:852][775]LogModuleManager: Shutting down and abandoning module CollisionAnalyzer (75)
[2015.12.03-13.41.46:887][775]LogModuleManager: Shutting down and abandoning module WorkspaceMenuStructure (74)
[2015.12.03-13.41.46:887][775]LogModuleManager: Shutting down and abandoning module MessageLog (73)
[2015.12.03-13.41.46:887][775]LogModuleManager: Shutting down and abandoning module Sequencer (72)
[2015.12.03-13.41.46:922][775]LogModuleManager: Shutting down and abandoning module AssetTools (71)
[2015.12.03-13.41.46:990][775]LogModuleManager: Shutting down and abandoning module UMGEditor (70)
[2015.12.03-13.41.47:031][775]LogModuleManager: Shutting down and abandoning module UMG (69)
[2015.12.03-13.41.47:052][775]LogModuleManager: Shutting down and abandoning module Slate (68)
[2015.12.03-13.41.47:052][775]LogModuleManager: Shutting down and abandoning module EditorStyle (67)
[2015.12.03-13.41.47:053][775]LogModuleManager: Shutting down and abandoning module SessionServices (66)
[2015.12.03-13.41.47:053][775]LogModuleManager: Shutting down and abandoning module SourceCodeAccess (65)
[2015.12.03-13.41.47:053][775]LogModuleManager: Shutting down and abandoning module HeadMountedDisplay (64)
[2015.12.03-13.41.47:053][775]LogModuleManager: Shutting down and abandoning module XAudio2 (63)
[2015.12.03-13.41.47:053][775]LogModuleManager: Shutting down and abandoning module Networking (61)
[2015.12.03-13.41.47:053][775]LogModuleManager: Shutting down and abandoning module Core (60)
[2015.12.03-13.41.47:053][775]LogModuleManager: Shutting down and abandoning module KismetCompiler (59)
[2015.12.03-13.41.47:053][775]LogModuleManager: Shutting down and abandoning module PhysXFormats (58)
[2015.12.03-13.41.47:053][775]LogModuleManager: Shutting down and abandoning module MeshUtilities (57)
[2015.12.03-13.41.47:084][775]LogModuleManager: Shutting down and abandoning module DerivedDataCache (56)
[2015.12.03-13.41.47:133][775]LogDerivedDataCache: Shutdown
[2015.12.03-13.41.47:133][775]LogModuleManager: Shutting down and abandoning module ShaderFormatOpenGL (55)
[2015.12.03-13.41.47:133][775]LogModuleManager: Shutting down and abandoning module ShaderFormatD3D (54)
[2015.12.03-13.41.47:133][775]LogModuleManager: Shutting down and abandoning module MetalShaderFormat (53)
[2015.12.03-13.41.47:175][775]LogModuleManager: Shutting down and abandoning module TextureFormatUncompressed (52)
[2015.12.03-13.41.47:175][775]LogModuleManager: Shutting down and abandoning module TextureFormatPVR (51)
[2015.12.03-13.41.47:175][775]LogModuleManager: Shutting down and abandoning module TextureFormatIntelISPCTexComp (50)
[2015.12.03-13.41.47:175][775]LogModuleManager: Shutting down and abandoning module TextureFormatDXT (49)
[2015.12.03-13.41.47:175][775]LogModuleManager: Shutting down and abandoning module ImageWrapper (48)
[2015.12.03-13.41.47:175][775]LogModuleManager: Shutting down and abandoning module TextureFormatASTC (47)
[2015.12.03-13.41.47:175][775]LogModuleManager: Shutting down and abandoning module TextureFormatAndroid (46)
[2015.12.03-13.41.47:175][775]LogModuleManager: Shutting down and abandoning module AudioFormatOpus (45)
[2015.12.03-13.41.47:188][775]LogModuleManager: Shutting down and abandoning module AudioFormatOgg (44)
[2015.12.03-13.41.47:188][775]LogModuleManager: Shutting down and abandoning module AudioFormatADPCM (43)
[2015.12.03-13.41.47:188][775]LogModuleManager: Shutting down and abandoning module LinuxTargetPlatform (42)
[2015.12.03-13.41.47:188][775]LogModuleManager: Shutting down and abandoning module LinuxServerTargetPlatform (41)
[2015.12.03-13.41.47:188][775]LogModuleManager: Shutting down and abandoning module LinuxNoEditorTargetPlatform (40)
[2015.12.03-13.41.47:188][775]LogModuleManager: Shutting down and abandoning module Messaging (39)
[2015.12.03-13.41.47:188][775]LogModuleManager: Shutting down and abandoning module IOSTargetPlatform (38)
[2015.12.03-13.41.47:188][775]LogModuleManager: Shutting down and abandoning module HTML5TargetPlatform (37)
[2015.12.03-13.41.47:188][775]LogModuleManager: Shutting down and abandoning module Android_PVRTCTargetPlatform (36)
[2015.12.03-13.41.47:188][775]LogModuleManager: Shutting down and abandoning module Android_MultiTargetPlatform (35)
[2015.12.03-13.41.47:188][775]LogModuleManager: Shutting down and abandoning module Android_ETC2TargetPlatform (34)
[2015.12.03-13.41.47:188][775]LogModuleManager: Shutting down and abandoning module Android_ETC1TargetPlatform (33)
[2015.12.03-13.41.47:188][775]LogModuleManager: Shutting down and abandoning module Android_DXTTargetPlatform (32)
[2015.12.03-13.41.47:188][775]LogModuleManager: Shutting down and abandoning module Android_ATCTargetPlatform (31)
[2015.12.03-13.41.47:188][775]LogModuleManager: Shutting down and abandoning module Android_ASTCTargetPlatform (30)
[2015.12.03-13.41.47:188][775]LogModuleManager: Shutting down and abandoning module AndroidTargetPlatform (29)
[2015.12.03-13.41.47:188][775]LogModuleManager: Shutting down and abandoning module WindowsTargetPlatform (28)
[2015.12.03-13.41.47:188][775]LogModuleManager: Shutting down and abandoning module WindowsServerTargetPlatform (27)
[2015.12.03-13.41.47:188][775]LogModuleManager: Shutting down and abandoning module WindowsNoEditorTargetPlatform (26)
[2015.12.03-13.41.47:188][775]LogModuleManager: Shutting down and abandoning module WindowsClientTargetPlatform (25)
[2015.12.03-13.41.47:188][775]LogModuleManager: Shutting down and abandoning module AllDesktopTargetPlatform (24)
[2015.12.03-13.41.47:188][775]LogModuleManager: Shutting down and abandoning module TargetPlatform (23)
[2015.12.03-13.41.47:188][775]LogModuleManager: Shutting down and abandoning module InputCore (22)
[2015.12.03-13.41.47:188][775]LogModuleManager: Shutting down and abandoning module Settings (21)
[2015.12.03-13.41.47:189][775]LogModuleManager: Shutting down and abandoning module OnlineSubsystem (19)
[2015.12.03-13.41.47:189][775]LogModuleManager: Shutting down and abandoning module HTTP (18)
[2015.12.03-13.41.49:191][775]LogModuleManager: Shutting down and abandoning module XMPP (17)
[2015.12.03-13.41.49:281][775]LogModuleManager: Shutting down and abandoning module OculusRift (16)
[2015.12.03-13.41.49:315][775]LogModuleManager: Shutting down and abandoning module ExampleDeviceProfileSelector (15)
[2015.12.03-13.41.49:315][775]LogModuleManager: Shutting down and abandoning module TextureCompressor (14)
[2015.12.03-13.41.49:327][775]LogModuleManager: Shutting down and abandoning module ShaderCore (13)
[2015.12.03-13.41.49:327][775]LogModuleManager: Shutting down and abandoning module Landscape (12)
[2015.12.03-13.41.49:327][775]LogModuleManager: Shutting down and abandoning module SlateRHIRenderer (11)
[2015.12.03-13.41.49:345][775]LogModuleManager: Shutting down and abandoning module OpenGLDrv (10)
[2015.12.03-13.41.49:375][775]LogModuleManager: Shutting down and abandoning module D3D11RHI (9)
[2015.12.03-13.41.49:375][775]LogModuleManager: Shutting down and abandoning module AnimGraphRuntime (8)
[2015.12.03-13.41.49:375][775]LogModuleManager: Shutting down and abandoning module Renderer (7)
[2015.12.03-13.41.49:375][775]LogModuleManager: Shutting down and abandoning module Engine (6)
[2015.12.03-13.41.49:375][775]LogModuleManager: Shutting down and abandoning module CoreUObject (5)
[2015.12.03-13.41.49:375][775]LogModuleManager: Shutting down and abandoning module NetworkFile (4)
[2015.12.03-13.41.49:400][775]LogModuleManager: Shutting down and abandoning module StreamingFile (3)
[2015.12.03-13.41.49:400][775]LogModuleManager: Shutting down and abandoning module SandboxFile (2)
[2015.12.03-13.41.49:414][775]LogModuleManager: Shutting down and abandoning module PakFile (1)
[2015.12.03-13.41.49:425][775]LogExit: Exiting.
[2015.12.03-13.41.49:437][775]Log file closed, 12/03/15 21:41:49
