[2015.12.04-12.39.20:816][  0]Log file open, 12/04/15 20:39:20
[2015.12.04-12.39.20:816][  0]LogInit:Display: Running engine for game: GravityBall
[2015.12.04-12.39.20:816][  0]LogPlatformFile: Not using cached read wrapper
[2015.12.04-12.39.20:816][  0]LogInit:Display: RandInit(-126540674) SRandInit(-126540671).
[2015.12.04-12.39.20:816][  0]LogTaskGraph: Started task graph with 4 named threads and 7 total threads.
[2015.12.04-12.39.20:816][  0]LogStats: Stats thread started at 0.074715
[2015.12.04-12.39.20:816][  0]LogInit: Version: 4.10.0-2758231+++depot+UE4-Releases+4.10
[2015.12.04-12.39.20:816][  0]LogInit: API Version: 2758231
[2015.12.04-12.39.20:816][  0]LogInit: Compiled (64-bit): Nov  7 2015 05:13:45
[2015.12.04-12.39.20:816][  0]LogInit: Compiled with Visual C++: 19.00.23026.00
[2015.12.04-12.39.20:816][  0]LogInit: Build Configuration: Development
[2015.12.04-12.39.20:816][  0]LogInit: Branch Name: ++depot+UE4-Releases+4.10
[2015.12.04-12.39.20:816][  0]LogInit: Command line:  
[2015.12.04-12.39.20:816][  0]LogInit: Base directory: I:/Program Files (x86)/Epic Games/4.10/Engine/Binaries/Win64/
[2015.12.04-12.39.20:816][  0]LogInit: Rocket: 1
[2015.12.04-12.39.20:823][  0]LogInit: Using libcurl 7.41.0
[2015.12.04-12.39.20:823][  0]LogInit:  - built for x86_64-pc-win32
[2015.12.04-12.39.20:823][  0]LogInit:  - supports SSL with WinSSL
[2015.12.04-12.39.20:823][  0]LogInit:  - other features:
[2015.12.04-12.39.20:823][  0]LogInit:      CURL_VERSION_SSL
[2015.12.04-12.39.20:823][  0]LogInit:      CURL_VERSION_IPV6
[2015.12.04-12.39.20:823][  0]LogInit:      CURL_VERSION_ASYNCHDNS
[2015.12.04-12.39.20:823][  0]LogInit:      CURL_VERSION_LARGEFILE
[2015.12.04-12.39.20:823][  0]LogInit:      CURL_VERSION_IDN
[2015.12.04-12.39.20:823][  0]LogInit:  CurlRequestOptions (configurable via config and command line):
[2015.12.04-12.39.20:823][  0]LogInit:  - bVerifyPeer = true  - Libcurl will verify peer certificate
[2015.12.04-12.39.20:823][  0]LogInit:  - bUseHttpProxy = false  - Libcurl will NOT use HTTP proxy
[2015.12.04-12.39.20:823][  0]LogInit:  - bDontReuseConnections = false  - Libcurl will reuse connections
[2015.12.04-12.39.20:823][  0]LogInit:  - CertBundlePath = nullptr  - Libcurl will use whatever was configured at build time.
[2015.12.04-12.39.20:831][  0]LogInit: Presizing for 0 objects not considered by GC, pre-allocating 0 bytes.
[2015.12.04-12.39.20:838][  0]LogInit: Object subsystem initialized
[2015.12.04-12.39.20:839][  0]LogInit: Selected Device Profile: [Windows]
[2015.12.04-12.39.20:839][  0]LogInit: Applying CVar settings loaded from the selected device profile: [Windows]
[2015.12.04-12.39.20:847][  0]LogInit: Computer: KOBE-PC
[2015.12.04-12.39.20:847][  0]LogInit: User: kobe
[2015.12.04-12.39.20:847][  0]LogInit: CPU Page size=4096, Cores=4
[2015.12.04-12.39.20:847][  0]LogInit: High frequency timer resolution =3.421334 MHz
[2015.12.04-12.39.20:847][  0]LogMemory: Memory total: Physical=8.0GB (8GB approx)
[2015.12.04-12.39.20:847][  0]LogMemory: Platform Memory Stats for Windows
[2015.12.04-12.39.20:847][  0]LogMemory: Process Physical Memory: 56.37 MB used, 56.37 MB peak
[2015.12.04-12.39.20:847][  0]LogMemory: Process Virtual Memory: 56.73 MB used, 56.73 MB peak
[2015.12.04-12.39.20:847][  0]LogMemory: Physical Memory: 6211.62 MB used, 8154.23 MB total
[2015.12.04-12.39.20:847][  0]LogMemory: Virtual Memory: 382.25 MB used, 134217728.00 MB total
[2015.12.04-12.39.20:880][  0]LogTextLocalizationManager: No translations for ('zh-TW') exist, falling back to 'en' for localization and internationalization data.
[2015.12.04-12.39.21:306][  0]LogD3D11RHI: Found D3D11 adapter 0: NVIDIA GeForce GTX 560 Ti   (Feature Level 11_0)
[2015.12.04-12.39.21:306][  0]LogD3D11RHI: Adapter has 973MB of dedicated video memory, 0MB of dedicated system memory, and 3071MB of shared system memory, 2 output[s]
[2015.12.04-12.39.21:308][  0]LogD3D11RHI: Found D3D11 adapter 1: Microsoft Basic Render Driver (Feature Level 11_0)
[2015.12.04-12.39.21:308][  0]LogD3D11RHI: Adapter has 0MB of dedicated video memory, 0MB of dedicated system memory, and 4077MB of shared system memory, 0 output[s]
[2015.12.04-12.39.21:308][  0]LogD3D11RHI: Chosen D3D11 Adapter Id = 0
[2015.12.04-12.39.21:311][  0]LogD3D11RHI: !Direct3DDevice
[2015.12.04-12.39.21:311][  0]LogRHI: Texture pool is 681 MB (70% of 973 MB)
[2015.12.04-12.39.21:321][  0]LogD3D11RHI: Async texture creation enabled
[2015.12.04-12.39.21:336][  0]LogShaderCompilers: Guid format shader working directory is 2 characters bigger than the processId version (../../../../../../Irene/GravityBall(Unreal)/Intermediate/Shaders/WorkingDirectory/4060/).
[2015.12.04-12.39.21:336][  0]LogShaderCompilers: Cleaned the shader compiler working directory 'C:/Users/kobe/AppData/Local/Temp/UnrealShaderWorkingDir/9F7D8E124AC69C644F9343ACE33547D8/'.
[2015.12.04-12.39.21:336][  0]LogShaderCompilers:Display: Using Local Shader Compiler.
[2015.12.04-12.39.22:266][  0]LogTemp:Display: Loaded TP AllDesktopTargetPlatform
[2015.12.04-12.39.22:272][  0]LogTemp:Display: Loaded TP WindowsClientTargetPlatform
[2015.12.04-12.39.22:278][  0]LogTemp:Display: Loaded TP WindowsNoEditorTargetPlatform
[2015.12.04-12.39.22:283][  0]LogTemp:Display: Loaded TP WindowsServerTargetPlatform
[2015.12.04-12.39.22:289][  0]LogTemp:Display: Loaded TP WindowsTargetPlatform
[2015.12.04-12.39.22:293][  0]LogTemp:Display: Loaded TP AndroidTargetPlatform
[2015.12.04-12.39.22:297][  0]LogTemp:Display: Loaded TP Android_ASTCTargetPlatform
[2015.12.04-12.39.22:302][  0]LogTemp:Display: Loaded TP Android_ATCTargetPlatform
[2015.12.04-12.39.22:306][  0]LogTemp:Display: Loaded TP Android_DXTTargetPlatform
[2015.12.04-12.39.22:310][  0]LogTemp:Display: Loaded TP Android_ETC1TargetPlatform
[2015.12.04-12.39.22:315][  0]LogTemp:Display: Loaded TP Android_ETC2TargetPlatform
[2015.12.04-12.39.22:323][  0]LogTemp:Display: Loaded TP Android_MultiTargetPlatform
[2015.12.04-12.39.22:323][  0]LogTemp:Display: Loaded TP Android_PVRTCTargetPlatform
[2015.12.04-12.39.22:325][  0]LogTemp:Display: Loaded TP HTML5TargetPlatform
[2015.12.04-12.39.22:343][  0]LogTemp:Display: Loaded TP IOSTargetPlatform
[2015.12.04-12.39.22:347][  0]LogTemp:Display: Loaded TP LinuxNoEditorTargetPlatform
[2015.12.04-12.39.22:351][  0]LogTemp:Display: Loaded TP LinuxServerTargetPlatform
[2015.12.04-12.39.22:355][  0]LogTemp:Display: Loaded TP LinuxTargetPlatform
[2015.12.04-12.39.22:355][  0]LogTargetPlatformManager:Display: Building Assets For Windows
[2015.12.04-12.39.22:453][  0]LogDerivedDataCache:Display: Max Cache Size: 512 MB
[2015.12.04-12.39.22:492][  0]LogDerivedDataCache: Loaded boot cache 0.04s 41MB C:/Users/kobe/AppData/Local/UnrealEngine/4.10/DerivedDataCache/Boot.ddc.
[2015.12.04-12.39.22:492][  0]LogDerivedDataCache:Display: Loaded Boot cache: C:/Users/kobe/AppData/Local/UnrealEngine/4.10/DerivedDataCache/Boot.ddc
[2015.12.04-12.39.22:492][  0]LogDerivedDataCache: FDerivedDataBackendGraph:  Pak pak cache file ../../../../../../Irene/GravityBall(Unreal)/DerivedDataCache/DDC.ddp not found, will not use a pak cache.
[2015.12.04-12.39.22:492][  0]LogDerivedDataCache: Unable to find inner node Pak for hierarchical cache Hierarchy.
[2015.12.04-12.39.22:492][  0]LogDerivedDataCache: FDerivedDataBackendGraph:  CompressedPak pak cache file ../../../../../../Irene/GravityBall(Unreal)/DerivedDataCache/Compressed.ddp not found, will not use a pak cache.
[2015.12.04-12.39.22:492][  0]LogDerivedDataCache: Unable to find inner node CompressedPak for hierarchical cache Hierarchy.
[2015.12.04-12.39.22:548][  0]LogDerivedDataCache:Display: Pak cache opened for reading ../../../Engine/DerivedDataCache/Compressed.ddp.
[2015.12.04-12.39.22:560][  0]LogDerivedDataCache: Using Local data cache path C:/Users/kobe/AppData/Local/UnrealEngine/Common/DerivedDataCache: Writable
[2015.12.04-12.39.22:767][  0]LogInit: Selected Device Profile: [Windows]
[2015.12.04-12.39.22:770][  0]LogContentStreaming: Texture pool size is 0.000000MB
[2015.12.04-12.39.22:881][  0]LogMeshUtilities: No automatic mesh reduction module available
[2015.12.04-12.39.22:881][  0]LogMeshUtilities: No automatic mesh merging module available
[2015.12.04-12.39.23:095][  0]LogInit: WinSock: version 1.1 (2.2), MaxSocks=32767, MaxUdp=65467
[2015.12.04-12.39.23:966][  0]UdpMessaging: Initializing bridge on interface 0.0.0.0:0 to multicast group 230.0.0.1:6666.
[2015.12.04-12.39.24:067][  0]LogAssetRegistry: FAssetRegistry took 0.0108 seconds to start up
[2015.12.04-12.39.24:255][  0]SourceControl: Info Source control is disabled
[2015.12.04-12.39.24:273][  0]SourceControl: Info Source control is disabled
[2015.12.04-12.39.24:292][  0]SourceControl: Info Source control is disabled
[2015.12.04-12.39.24:310][  0]SourceControl: Info Source control is disabled
[2015.12.04-12.39.24:630][  0]LogObj: 28633 objects as part of root set at end of initial load.
[2015.12.04-12.39.24:630][  0]LogUObjectAllocator: 6099744 out of 0 bytes used by permanent object pool.
[2015.12.04-12.39.24:684][  0]LogEngine: Initializing Engine...
[2015.12.04-12.39.24:686][  0]LogHMD: Can't find Oculus library dev build: is proper Runtime installed? Version: 0.8.0.0
[2015.12.04-12.39.24:687][  0]LogHMD: SteamVR failed to initialize.  Err: 110
[2015.12.04-12.39.24:807][  0]LogAIModule: Creating AISystem for world NewWorld
[2015.12.04-12.39.24:815][  0]LogInit: XAudio2 using '喇叭 (VIA HD Audio)' : 2 channels at 48 kHz using 32 bits per sample (channel mask 0x3)
[2015.12.04-12.39.24:831][  0]LogInit: FAudioDevice initialized.
[2015.12.04-12.39.24:850][  0]LogDerivedDataCache: Saved boot cache 0.02s 41MB C:/Users/kobe/AppData/Local/UnrealEngine/4.10/DerivedDataCache/Boot.ddc.
[2015.12.04-12.39.24:852][  0]LogInit: Texture streaming: Enabled
[2015.12.04-12.39.24:859][  0]LogAnalytics: Creating configured Analytics provider AnalyticsET
[2015.12.04-12.39.24:859][  0]LogAnalytics: [UEEditor.Rocket.Release] APIServer = http://et2.epicgames.com/ET2/. AppVersion = 4.10.0-2758231+++depot+UE4-Releases+4.10
[2015.12.04-12.39.24:859][  0]LogAnalytics: [UEEditor.Rocket.Release] SetUserId a7ad9f804d206c42366b9fbf7e3f6747|7ab9c2e1b7464127a7a1e84c1ac07d12|f09af62b-db99-4ac1-bb79-bfe136e8c522
[2015.12.04-12.39.24:859][  0]LogAnalytics: [UEEditor.Rocket.Release] AnalyticsET::StartSession
[2015.12.04-12.39.24:876][  0]LogWindowsTextInputMethodSystem:Display: IME system now activated using TSF (微軟注音).
[2015.12.04-12.39.24:896][  0]LogInit: Transaction tracking system initialized
[2015.12.04-12.39.24:926][  0]BlueprintLog: New page: Editor Load
[2015.12.04-12.39.25:019][  0]LocalizationService: Info Localization service is disabled
[2015.12.04-12.39.25:119][  0]LogConsoleResponse:Display: 
[2015.12.04-12.39.25:248][  0]LogCook:Display: Done creating registry. It took  0.00s.
[2015.12.04-12.39.25:329][  0]LogFileCache: Scanning file cache for directory 'I:/Irene/GravityBall(Unreal)/Content/' took 0.01s
[2015.12.04-12.39.25:329][  0]SourceControl: Info Source control is disabled
[2015.12.04-12.39.25:329][  0]Cmd: MAP LOAD FILE="../../../../../../Irene/GravityBall(Unreal)/Content/RollingMap.umap" TEMPLATE=0 SHOWPROGRESS=1 FEATURELEVEL=3
[2015.12.04-12.39.25:329][  0]LightingResults: New page: Lighting Build
[2015.12.04-12.39.25:333][  0]MapCheck: New page: Map Check
[2015.12.04-12.39.25:333][  0]LightingResults: New page: Lighting Build
[2015.12.04-12.39.25:345][  0]LogParticles: Destroying 0 GPU particle simulations for FXSystem 0x00000254500E7420
[2015.12.04-12.39.25:598][  0]LogLinker:Warning: Can't find file '/Game/StarterContent/Textures/T_MacroVariation'
[2015.12.04-12.39.25:599][  0]LogLinker:Warning: Can't find file for asset '/Game/StarterContent/Textures/T_MacroVariation' while loading ../../../../../../Irene/GravityBall(Unreal)/Content/Material/M_Metal_Rust.uasset.
[2015.12.04-12.39.25:599][  0]LoadErrors:Error: Error /Game/Material/M_Metal_Rust : Can't find file for asset. /Game/StarterContent/Textures/T_MacroVariation
[2015.12.04-12.39.25:599][  0]LogLinker:Warning: Can't find file '/Game/StarterContent/Textures/T_Metal_Rust_D'
[2015.12.04-12.39.25:599][  0]LogLinker:Warning: Can't find file for asset '/Game/StarterContent/Textures/T_Metal_Rust_D' while loading ../../../../../../Irene/GravityBall(Unreal)/Content/Material/M_Metal_Rust.uasset.
[2015.12.04-12.39.25:599][  0]LoadErrors:Error: Error /Game/Material/M_Metal_Rust : Can't find file for asset. /Game/StarterContent/Textures/T_Metal_Rust_D
[2015.12.04-12.39.25:599][  0]LogLinker:Warning: Can't find file '/Game/StarterContent/Textures/T_Metal_Rust_N'
[2015.12.04-12.39.25:599][  0]LogLinker:Warning: Can't find file for asset '/Game/StarterContent/Textures/T_Metal_Rust_N' while loading ../../../../../../Irene/GravityBall(Unreal)/Content/Material/M_Metal_Rust.uasset.
[2015.12.04-12.39.25:599][  0]LoadErrors:Error: Error /Game/Material/M_Metal_Rust : Can't find file for asset. /Game/StarterContent/Textures/T_Metal_Rust_N
[2015.12.04-12.39.25:599][  0]LogLinker:Warning: Can't find file '/Game/StarterContent/Textures/T_MacroVariation'
[2015.12.04-12.39.25:599][  0]LogLinker:Warning: Can't find file for asset '/Game/StarterContent/Textures/T_MacroVariation' while loading ../../../../../../Irene/GravityBall(Unreal)/Content/Material/M_Metal_Rust.uasset.
[2015.12.04-12.39.25:599][  0]LoadErrors:Error: Error /Game/Material/M_Metal_Rust : Can't find file for asset. /Game/StarterContent/Textures/T_MacroVariation
[2015.12.04-12.39.25:599][  0]LogLinker:Warning: Can't find file '/Game/StarterContent/Textures/T_Metal_Rust_D'
[2015.12.04-12.39.25:600][  0]LogLinker:Warning: Can't find file for asset '/Game/StarterContent/Textures/T_Metal_Rust_D' while loading ../../../../../../Irene/GravityBall(Unreal)/Content/Material/M_Metal_Rust.uasset.
[2015.12.04-12.39.25:600][  0]LoadErrors:Error: Error /Game/Material/M_Metal_Rust : Can't find file for asset. /Game/StarterContent/Textures/T_Metal_Rust_D
[2015.12.04-12.39.25:600][  0]LogLinker:Warning: Can't find file '/Game/StarterContent/Textures/T_Metal_Rust_N'
[2015.12.04-12.39.25:600][  0]LogLinker:Warning: Can't find file for asset '/Game/StarterContent/Textures/T_Metal_Rust_N' while loading ../../../../../../Irene/GravityBall(Unreal)/Content/Material/M_Metal_Rust.uasset.
[2015.12.04-12.39.25:600][  0]LoadErrors:Error: Error /Game/Material/M_Metal_Rust : Can't find file for asset. /Game/StarterContent/Textures/T_Metal_Rust_N
[2015.12.04-12.39.25:610][  0]LogLinker:Warning: Can't find file '/Game/StarterContent/Textures/T_Metal_Rust_N'
[2015.12.04-12.39.25:610][  0]LoadErrors: Info Failed to load /Game/StarterContent/Textures/T_Metal_Rust_N.T_Metal_Rust_N Referenced by MaterialExpressionTextureSample_4
[2015.12.04-12.39.25:610][  0]LogLinker:Warning: Can't find file for asset '/Game/StarterContent/Textures/T_Metal_Rust_N' while loading NULL.
[2015.12.04-12.39.25:610][  0]LoadErrors: Info Failed to load /Game/StarterContent/Textures/T_Metal_Rust_N.T_Metal_Rust_N Referenced by MaterialExpressionTextureSample_4
[2015.12.04-12.39.25:610][  0]LogLinker:Warning: Can't find file '/Game/StarterContent/Textures/T_Metal_Rust_N'
[2015.12.04-12.39.25:610][  0]LoadErrors: Info Failed to load /Game/StarterContent/Textures/T_Metal_Rust_N.T_Metal_Rust_N Referenced by MaterialExpressionTextureSample_5
[2015.12.04-12.39.25:610][  0]LogLinker:Warning: Can't find file for asset '/Game/StarterContent/Textures/T_Metal_Rust_N' while loading NULL.
[2015.12.04-12.39.25:610][  0]LoadErrors: Info Failed to load /Game/StarterContent/Textures/T_Metal_Rust_N.T_Metal_Rust_N Referenced by MaterialExpressionTextureSample_5
[2015.12.04-12.39.25:610][  0]LogLinker:Warning: Can't find file '/Game/StarterContent/Textures/T_Metal_Rust_D'
[2015.12.04-12.39.25:610][  0]LoadErrors: Info Failed to load /Game/StarterContent/Textures/T_Metal_Rust_D.T_Metal_Rust_D Referenced by MaterialExpressionTextureSample_55
[2015.12.04-12.39.25:610][  0]LogLinker:Warning: Can't find file for asset '/Game/StarterContent/Textures/T_Metal_Rust_D' while loading NULL.
[2015.12.04-12.39.25:610][  0]LoadErrors: Info Failed to load /Game/StarterContent/Textures/T_Metal_Rust_D.T_Metal_Rust_D Referenced by MaterialExpressionTextureSample_55
[2015.12.04-12.39.25:611][  0]LogLinker:Warning: Can't find file '/Game/StarterContent/Textures/T_MacroVariation'
[2015.12.04-12.39.25:611][  0]LoadErrors: Info Failed to load /Game/StarterContent/Textures/T_MacroVariation.T_MacroVariation Referenced by MaterialExpressionTextureSample_58
[2015.12.04-12.39.25:611][  0]LogLinker:Warning: Can't find file for asset '/Game/StarterContent/Textures/T_MacroVariation' while loading NULL.
[2015.12.04-12.39.25:611][  0]LoadErrors: Info Failed to load /Game/StarterContent/Textures/T_MacroVariation.T_MacroVariation Referenced by MaterialExpressionTextureSample_58
[2015.12.04-12.39.25:611][  0]LogLinker:Warning: Can't find file '/Game/StarterContent/Textures/T_MacroVariation'
[2015.12.04-12.39.25:611][  0]LoadErrors: Info Failed to load /Game/StarterContent/Textures/T_MacroVariation.T_MacroVariation Referenced by MaterialExpressionTextureSample_59
[2015.12.04-12.39.25:611][  0]LogLinker:Warning: Can't find file for asset '/Game/StarterContent/Textures/T_MacroVariation' while loading NULL.
[2015.12.04-12.39.25:611][  0]LoadErrors: Info Failed to load /Game/StarterContent/Textures/T_MacroVariation.T_MacroVariation Referenced by MaterialExpressionTextureSample_59
[2015.12.04-12.39.25:631][  0]LogMaterial: Missing cached shader map for material M_Metal_Rust, compiling. 
[2015.12.04-12.39.25:632][  0]LogMaterial:Warning: Failed to compile Material /Game/Material/M_Metal_Rust.M_Metal_Rust for platform PCD3D_SM5, Default Material will be used in game.
[2015.12.04-12.39.25:632][  0]LogMaterial:Warning: 	(Node TextureSample) TextureSample> Missing input texture
[2015.12.04-12.39.25:699][  0]LogAIModule: Creating AISystem for world RollingMap
[2015.12.04-12.39.25:705][  0]LogEditorServer: Finished looking for orphan Actors (0.000 secs)
[2015.12.04-12.39.25:705][  0]Cmd: MAP CHECKDEP NOCLEARLOG
[2015.12.04-12.39.25:789][  0]MapCheck: Info Map check complete: 0 Error(s), 0 Warning(s), took 84.076ms to complete.
[2015.12.04-12.39.25:789][  0]LogFileHelpers: Loading map 'RollingMap' took 0.460
[2015.12.04-12.39.25:932][  0]LogCollectionManager: Loaded 0 collections in 0.002742 seconds
[2015.12.04-12.39.25:977][  0]LogFileCache: Scanning file cache for directory 'I:/Irene/GravityBall(Unreal)/Saved/Collections/' took 0.01s
[2015.12.04-12.39.25:977][  0]LogFileCache: Scanning file cache for directory 'I:/Irene/GravityBall(Unreal)/Content/Developers/kobe/Collections/' took 0.01s
[2015.12.04-12.39.25:977][  0]LogFileCache: Scanning file cache for directory 'I:/Irene/GravityBall(Unreal)/Content/Collections/' took 0.01s
[2015.12.04-12.39.25:977][  0]LogCollectionManager: Rebuilt the GUID cache for 0 collections in 0.000002 seconds
[2015.12.04-12.39.25:985][  0]LogContentBrowser: Native class hierarchy populated in 0.0082 seconds. Added 1893 classes and 338 folders.
[2015.12.04-12.39.25:993][  0]LogContentBrowser: Native class hierarchy updated for 'WidgetCarousel' in 0.0005 seconds. Added 0 classes and 0 folders.
[2015.12.04-12.39.26:064][  0]LogContentBrowser: Native class hierarchy updated for 'AddContentDialog' in 0.0005 seconds. Added 0 classes and 0 folders.
[2015.12.04-12.39.26:069][  0]LogContentBrowser: Native class hierarchy updated for 'SceneOutliner' in 0.0006 seconds. Added 1 classes and 2 folders.
[2015.12.04-12.39.26:163][  0]LogCrashTracker: Crashtracker disabled due to settings.
[2015.12.04-12.39.26:169][  0]LogUObjectGlobals:Warning: Failed to find object 'Class None.'
[2015.12.04-12.39.26:191][  0]LogLoad: Full Startup: 5.76 seconds (BP compile: 0.07 seconds)
[2015.12.04-12.39.26:206][  0]LogOcInput: Can't find Oculus library dev build: is proper Runtime installed? Version: 0.8.0.0
[2015.12.04-12.39.26:275][  0]LogContentStreaming: Texture pool size now 1000 MB
[2015.12.04-12.39.26:432][  0]LogRenderer: Reallocating scene render targets to support 1208x572 (Frame:2).
[2015.12.04-12.39.26:634][  3]LogAssetRegistry: Asset discovery search completed in 2.5778 seconds
[2015.12.04-12.39.26:634][  3]LogCollectionManager: Rebuilt the object cache for 0 collections in 0.000001 seconds (found 0 objects)
[2015.12.04-12.39.26:635][  3]LogCollectionManager: Fixed up redirectors for 0 collections in 0.000089 seconds (updated 0 objects)
[2015.12.04-12.39.58:636][161]Cmd: OBJ SAVEPACKAGE PACKAGE="/Game/RollingMap" FILE="../../../../../../Irene/GravityBall(Unreal)/Content/RollingMap.umap" SILENT=true AUTOSAVING=false KEEPDIRTY=false
[2015.12.04-12.39.58:681][161]LogSavePackage: Save=18.602686ms
[2015.12.04-12.39.58:681][161]LogSavePackage: Moving '../../../../../../Irene/GravityBall(Unreal)/Saved/RollingMap3959D8A04777118B1C5C4DBCED037490.tmp' to '../../../../../../Irene/GravityBall(Unreal)/Content/RollingMap.umap'
[2015.12.04-12.39.58:682][161]LogSavePackage: Total save time: 27.023084ms
[2015.12.04-12.39.58:682][161]LogSavePackage:Display: Finished SavePackage ../../../../../../Irene/GravityBall(Unreal)/Content/RollingMap.umap
[2015.12.04-13.04.47:210][448]LogPlayLevel: PlayLevel: No blueprints needed recompiling
[2015.12.04-13.04.47:213][448]PIE: New page: PIE session: RollingMap (Dec 5, 2015, 5:04:47 AM)
[2015.12.04-13.04.47:214][448]LogPlayLevel: Creating play world package: /Game/UEDPIE_0_RollingMap
[2015.12.04-13.04.47:230][448]LogPlayLevel: PIE: StaticDuplicateObject took: (0.015941s)
[2015.12.04-13.04.47:235][448]LogAIModule: Creating AISystem for world RollingMap
[2015.12.04-13.04.47:237][448]LogPlayLevel: PIE: World Init took: (0.006428s)
[2015.12.04-13.04.47:238][448]LogPlayLevel: PIE: Created PIE world by copying editor world from /Game/RollingMap.RollingMap to /Game/UEDPIE_0_RollingMap.RollingMap (0.024053s)
[2015.12.04-13.04.47:292][448]LogInit: XAudio2 using '喇叭 (VIA HD Audio)' : 2 channels at 48 kHz using 32 bits per sample (channel mask 0x3)
[2015.12.04-13.04.47:303][448]LogInit: FAudioDevice initialized.
[2015.12.04-13.04.47:359][448]LogWorld: Game class is 'RollingGameMode_C'
[2015.12.04-13.04.47:363][448]LogWorld: Bringing World /Game/UEDPIE_0_RollingMap.RollingMap up for play (max tick rate 0) at 2015.12.04-21.04.47
[2015.12.04-13.04.47:363][448]LogActor:Warning: GameSession /Game/UEDPIE_0_RollingMap.RollingMap:PersistentLevel.GameSession_0 has natively added scene component(s), but none of them were set as the actor's RootComponent - picking one arbitrarily
[2015.12.04-13.04.47:363][448]LogActor:Warning: GameNetworkManager /Game/UEDPIE_0_RollingMap.RollingMap:PersistentLevel.GameNetworkManager_0 has natively added scene component(s), but none of them were set as the actor's RootComponent - picking one arbitrarily
[2015.12.04-13.04.47:364][448]LogWorld: Bringing up level for play took: 0.003053
[2015.12.04-13.04.47:371][448]PIE: Info Play in editor start time for /Game/UEDPIE_0_RollingMap -0.678
[2015.12.04-13.04.52:167][  7]LogParticles: Destroying 0 GPU particle simulations for FXSystem 0x00000254358600E0
[2015.12.04-13.05.14:898][657]Cmd: OBJ SAVEPACKAGE PACKAGE="/Game/RollingMap" FILE="../../../../../../Irene/GravityBall(Unreal)/Content/RollingMap.umap" SILENT=true AUTOSAVING=false KEEPDIRTY=false
[2015.12.04-13.05.14:948][657]LogSavePackage: Save=19.724762ms
[2015.12.04-13.05.14:948][657]LogSavePackage: Moving '../../../../../../Irene/GravityBall(Unreal)/Saved/RollingMap1FA75E67462157FF22A9FAAF72F7C58A.tmp' to '../../../../../../Irene/GravityBall(Unreal)/Content/RollingMap.umap'
[2015.12.04-13.05.14:949][657]LogSavePackage: Total save time: 37.126746ms
[2015.12.04-13.05.14:949][657]LogSavePackage:Display: Finished SavePackage ../../../../../../Irene/GravityBall(Unreal)/Content/RollingMap.umap
[2015.12.04-13.05.19:336][173]LogPlayLevel: PlayLevel: No blueprints needed recompiling
[2015.12.04-13.05.19:336][173]PIE: New page: PIE session: RollingMap (Dec 5, 2015, 5:05:19 AM)
[2015.12.04-13.05.19:336][173]LogPlayLevel: Creating play world package: /Game/UEDPIE_0_RollingMap
[2015.12.04-13.05.19:338][173]LogPlayLevel: PIE: StaticDuplicateObject took: (0.001962s)
[2015.12.04-13.05.19:339][173]LogAIModule: Creating AISystem for world RollingMap
[2015.12.04-13.05.19:339][173]LogPlayLevel: PIE: World Init took: (0.000730s)
[2015.12.04-13.05.19:339][173]LogPlayLevel: PIE: Created PIE world by copying editor world from /Game/RollingMap.RollingMap to /Game/UEDPIE_0_RollingMap.RollingMap (0.002896s)
[2015.12.04-13.05.19:359][173]LogInit: XAudio2 using '喇叭 (VIA HD Audio)' : 2 channels at 48 kHz using 32 bits per sample (channel mask 0x3)
[2015.12.04-13.05.19:371][173]LogInit: FAudioDevice initialized.
[2015.12.04-13.05.19:403][173]LogWorld: Game class is 'RollingGameMode_C'
[2015.12.04-13.05.19:407][173]LogWorld: Bringing World /Game/UEDPIE_0_RollingMap.RollingMap up for play (max tick rate 0) at 2015.12.04-21.05.19
[2015.12.04-13.05.19:407][173]LogActor:Warning: GameSession /Game/UEDPIE_0_RollingMap.RollingMap:PersistentLevel.GameSession_1 has natively added scene component(s), but none of them were set as the actor's RootComponent - picking one arbitrarily
[2015.12.04-13.05.19:407][173]LogActor:Warning: GameNetworkManager /Game/UEDPIE_0_RollingMap.RollingMap:PersistentLevel.GameNetworkManager_1 has natively added scene component(s), but none of them were set as the actor's RootComponent - picking one arbitrarily
[2015.12.04-13.05.19:407][173]LogWorld: Bringing up level for play took: 0.002868
[2015.12.04-13.05.19:409][173]PIE: Info Play in editor start time for /Game/UEDPIE_0_RollingMap -0.641
[2015.12.04-13.05.28:914][302]LogParticles: Destroying 0 GPU particle simulations for FXSystem 0x000002544327ACA0
[2015.12.04-13.05.48:803][638]LogPlayLevel: PlayLevel: No blueprints needed recompiling
[2015.12.04-13.05.48:803][638]PIE: New page: PIE session: RollingMap (Dec 5, 2015, 5:05:48 AM)
[2015.12.04-13.05.48:803][638]LogPlayLevel: Creating play world package: /Game/UEDPIE_0_RollingMap
[2015.12.04-13.05.48:805][638]LogPlayLevel: PIE: StaticDuplicateObject took: (0.001895s)
[2015.12.04-13.05.48:806][638]LogAIModule: Creating AISystem for world RollingMap
[2015.12.04-13.05.48:806][638]LogPlayLevel: PIE: World Init took: (0.000966s)
[2015.12.04-13.05.48:806][638]LogPlayLevel: PIE: Created PIE world by copying editor world from /Game/RollingMap.RollingMap to /Game/UEDPIE_0_RollingMap.RollingMap (0.003046s)
[2015.12.04-13.05.48:824][638]LogInit: XAudio2 using '喇叭 (VIA HD Audio)' : 2 channels at 48 kHz using 32 bits per sample (channel mask 0x3)
[2015.12.04-13.05.48:837][638]LogInit: FAudioDevice initialized.
[2015.12.04-13.05.48:869][638]LogWorld: Game class is 'RollingGameMode_C'
[2015.12.04-13.05.48:872][638]LogWorld: Bringing World /Game/UEDPIE_0_RollingMap.RollingMap up for play (max tick rate 0) at 2015.12.04-21.05.48
[2015.12.04-13.05.48:872][638]LogActor:Warning: GameSession /Game/UEDPIE_0_RollingMap.RollingMap:PersistentLevel.GameSession_2 has natively added scene component(s), but none of them were set as the actor's RootComponent - picking one arbitrarily
[2015.12.04-13.05.48:872][638]LogActor:Warning: GameNetworkManager /Game/UEDPIE_0_RollingMap.RollingMap:PersistentLevel.GameNetworkManager_2 has natively added scene component(s), but none of them were set as the actor's RootComponent - picking one arbitrarily
[2015.12.04-13.05.48:873][638]LogWorld: Bringing up level for play took: 0.002843
[2015.12.04-13.05.48:874][638]PIE: Info Play in editor start time for /Game/UEDPIE_0_RollingMap 0.824
[2015.12.04-13.05.55:439][414]LogParticles: Destroying 0 GPU particle simulations for FXSystem 0x000002546D1B0400
[2015.12.04-13.05.56:130][496]LogEditorViewport: Clicking on Actor (LMB): BP_Sky_Sphere_C (Sky Sphere)
[2015.12.04-13.05.57:588][657]LogPlayLevel: PlayLevel: No blueprints needed recompiling
[2015.12.04-13.05.57:588][657]PIE: New page: PIE session: RollingMap (Dec 5, 2015, 5:05:57 AM)
[2015.12.04-13.05.57:588][657]LogPlayLevel: Creating play world package: /Game/UEDPIE_0_RollingMap
[2015.12.04-13.05.57:590][657]LogPlayLevel: PIE: StaticDuplicateObject took: (0.001605s)
[2015.12.04-13.05.57:591][657]LogAIModule: Creating AISystem for world RollingMap
[2015.12.04-13.05.57:591][657]LogPlayLevel: PIE: World Init took: (0.000704s)
[2015.12.04-13.05.57:591][657]LogPlayLevel: PIE: Created PIE world by copying editor world from /Game/RollingMap.RollingMap to /Game/UEDPIE_0_RollingMap.RollingMap (0.002492s)
[2015.12.04-13.05.57:610][657]LogInit: XAudio2 using '喇叭 (VIA HD Audio)' : 2 channels at 48 kHz using 32 bits per sample (channel mask 0x3)
[2015.12.04-13.05.57:621][657]LogInit: FAudioDevice initialized.
[2015.12.04-13.05.57:656][657]LogWorld: Game class is 'RollingGameMode_C'
[2015.12.04-13.05.57:660][657]LogWorld: Bringing World /Game/UEDPIE_0_RollingMap.RollingMap up for play (max tick rate 0) at 2015.12.04-21.05.57
[2015.12.04-13.05.57:660][657]LogActor:Warning: GameSession /Game/UEDPIE_0_RollingMap.RollingMap:PersistentLevel.GameSession_3 has natively added scene component(s), but none of them were set as the actor's RootComponent - picking one arbitrarily
[2015.12.04-13.05.57:660][657]LogActor:Warning: GameNetworkManager /Game/UEDPIE_0_RollingMap.RollingMap:PersistentLevel.GameNetworkManager_3 has natively added scene component(s), but none of them were set as the actor's RootComponent - picking one arbitrarily
[2015.12.04-13.05.57:660][657]LogWorld: Bringing up level for play took: 0.003315
[2015.12.04-13.05.57:661][657]PIE: Info Play in editor start time for /Game/UEDPIE_0_RollingMap -0.388
[2015.12.04-13.06.03:428][329]LogParticles: Destroying 0 GPU particle simulations for FXSystem 0x000002544327AAC0
[2015.12.04-13.06.04:966][506]LogPlayLevel: PlayLevel: No blueprints needed recompiling
[2015.12.04-13.06.04:966][506]PIE: New page: PIE session: RollingMap (Dec 5, 2015, 5:06:04 AM)
[2015.12.04-13.06.04:966][506]LogPlayLevel: Creating play world package: /Game/UEDPIE_0_RollingMap
[2015.12.04-13.06.04:968][506]LogPlayLevel: PIE: StaticDuplicateObject took: (0.002065s)
[2015.12.04-13.06.04:969][506]LogAIModule: Creating AISystem for world RollingMap
[2015.12.04-13.06.04:969][506]LogPlayLevel: PIE: World Init took: (0.000996s)
[2015.12.04-13.06.04:969][506]LogPlayLevel: PIE: Created PIE world by copying editor world from /Game/RollingMap.RollingMap to /Game/UEDPIE_0_RollingMap.RollingMap (0.003229s)
[2015.12.04-13.06.04:989][506]LogInit: XAudio2 using '喇叭 (VIA HD Audio)' : 2 channels at 48 kHz using 32 bits per sample (channel mask 0x3)
[2015.12.04-13.06.05:000][506]LogInit: FAudioDevice initialized.
[2015.12.04-13.06.05:037][506]LogWorld: Game class is 'RollingGameMode_C'
[2015.12.04-13.06.05:040][506]LogWorld: Bringing World /Game/UEDPIE_0_RollingMap.RollingMap up for play (max tick rate 0) at 2015.12.04-21.06.05
[2015.12.04-13.06.05:040][506]LogActor:Warning: GameSession /Game/UEDPIE_0_RollingMap.RollingMap:PersistentLevel.GameSession_4 has natively added scene component(s), but none of them were set as the actor's RootComponent - picking one arbitrarily
[2015.12.04-13.06.05:041][506]LogActor:Warning: GameNetworkManager /Game/UEDPIE_0_RollingMap.RollingMap:PersistentLevel.GameNetworkManager_4 has natively added scene component(s), but none of them were set as the actor's RootComponent - picking one arbitrarily
[2015.12.04-13.06.05:041][506]LogWorld: Bringing up level for play took: 0.002779
[2015.12.04-13.06.05:042][506]PIE: Info Play in editor start time for /Game/UEDPIE_0_RollingMap 0.993
[2015.12.04-13.06.17:083][935]LogParticles: Destroying 0 GPU particle simulations for FXSystem 0x0000025462315C60
[2015.12.04-13.06.19:057][136]Cmd: QUIT_EDITOR
[2015.12.04-13.06.19:875][136]LogWindowsTextInputMethodSystem:Display: IME system now activated using TSF (微軟注音).
[2015.12.04-13.06.19:943][136]LogExit: Preparing to exit.
[2015.12.04-13.06.20:540][136]LogExit: Editor shut down
[2015.12.04-13.06.20:541][136]LogExit: Transaction tracking system shut down
[2015.12.04-13.06.20:545][136]LogParticles: Destroying 0 GPU particle simulations for FXSystem 0x0000025443686480
[2015.12.04-13.06.20:545][136]LogParticles: Destroying 0 GPU particle simulations for FXSystem 0x000002545D4CB880
[2015.12.04-13.06.20:698][136]LogParticles: Destroying 0 GPU particle simulations for FXSystem 0x000002545D6B62A0
[2015.12.04-13.06.20:698][136]LogParticles: Destroying 0 GPU particle simulations for FXSystem 0x0000025461FF4400
[2015.12.04-13.06.20:698][136]LogParticles: Destroying 0 GPU particle simulations for FXSystem 0x0000025461FF4220
[2015.12.04-13.06.20:698][136]LogExit: Object subsystem successfully closed.
[2015.12.04-13.06.20:717][136]LogD3D11RHI: Shutdown
[2015.12.04-13.06.20:717][136]LogD3D11RHI: CleanupD3DDevice
[2015.12.04-13.06.20:774][136]LogD3D11RHI: ~FD3D11DynamicRHI
[2015.12.04-13.06.20:800][136]LogModuleManager: Shutting down and abandoning module ExternalImagePicker (200)
[2015.12.04-13.06.20:800][136]LogModuleManager: Shutting down and abandoning module CookingStats (199)
[2015.12.04-13.06.20:800][136]LogModuleManager: Shutting down and abandoning module CrashTracker (198)
[2015.12.04-13.06.20:800][136]LogModuleManager: Shutting down and abandoning module SceneOutliner (197)
[2015.12.04-13.06.20:801][136]LogModuleManager: Shutting down and abandoning module SuperSearch (196)
[2015.12.04-13.06.20:801][136]LogModuleManager: Shutting down and abandoning module WidgetCarousel (195)
[2015.12.04-13.06.20:801][136]LogModuleManager: Shutting down and abandoning module AddContentDialog (194)
[2015.12.04-13.06.20:807][136]LogModuleManager: Shutting down and abandoning module EditorWidgets (193)
[2015.12.04-13.06.20:807][136]LogModuleManager: Shutting down and abandoning module CollectionManager (192)
[2015.12.04-13.06.20:807][136]LogModuleManager: Shutting down and abandoning module StatsViewer (191)
[2015.12.04-13.06.20:807][136]LogModuleManager: Shutting down and abandoning module FoliageEdit (190)
[2015.12.04-13.06.20:807][136]LogModuleManager: Shutting down and abandoning module LandscapeEditor (189)
[2015.12.04-13.06.20:807][136]LogModuleManager: Shutting down and abandoning module ActorPickerMode (188)
[2015.12.04-13.06.20:807][136]LogModuleManager: Shutting down and abandoning module GeometryMode (187)
[2015.12.04-13.06.20:807][136]LogModuleManager: Shutting down and abandoning module TextureAlignMode (186)
[2015.12.04-13.06.20:807][136]LogModuleManager: Shutting down and abandoning module BspMode (185)
[2015.12.04-13.06.20:807][136]LogModuleManager: Shutting down and abandoning module PlacementMode (184)
[2015.12.04-13.06.20:807][136]LogModuleManager: Shutting down and abandoning module AutomationWorker (183)
[2015.12.04-13.06.20:807][136]LogModuleManager: Shutting down and abandoning module CharacterAI (182)
[2015.12.04-13.06.20:807][136]LogModuleManager: Shutting down and abandoning module SmartSnapping (181)
[2015.12.04-13.06.20:808][136]LogModuleManager: Shutting down and abandoning module ViewportSnapping (180)
[2015.12.04-13.06.20:808][136]LogModuleManager: Shutting down and abandoning module LogVisualizer (179)
[2015.12.04-13.06.20:808][136]LogModuleManager: Shutting down and abandoning module GameProjectGeneration (178)
[2015.12.04-13.06.20:808][136]LogModuleManager: Shutting down and abandoning module IntroTutorials (177)
[2015.12.04-13.06.20:808][136]LogModuleManager: Shutting down and abandoning module EditorLiveStreaming (176)
[2015.12.04-13.06.20:808][136]LogModuleManager: Shutting down and abandoning module IOSPlatformEditor (175)
[2015.12.04-13.06.20:808][136]LogModuleManager: Shutting down and abandoning module HTML5PlatformEditor (174)
[2015.12.04-13.06.20:808][136]LogModuleManager: Shutting down and abandoning module AndroidDeviceDetection (173)
[2015.12.04-13.06.21:194][136]LogModuleManager: Shutting down and abandoning module AndroidPlatformEditor (172)
[2015.12.04-13.06.21:194][136]LogModuleManager: Shutting down and abandoning module IOSRuntimeSettings (171)
[2015.12.04-13.06.21:194][136]LogModuleManager: Shutting down and abandoning module AndroidRuntimeSettings (170)
[2015.12.04-13.06.21:194][136]LogModuleManager: Shutting down and abandoning module MergeActors (169)
[2015.12.04-13.06.21:194][136]LogModuleManager: Shutting down and abandoning module SizeMap (168)
[2015.12.04-13.06.21:194][136]LogModuleManager: Shutting down and abandoning module TreeMap (167)
[2015.12.04-13.06.21:194][136]LogModuleManager: Shutting down and abandoning module ReferenceViewer (166)
[2015.12.04-13.06.21:194][136]LogModuleManager: Shutting down and abandoning module LocalizationService (165)
[2015.12.04-13.06.21:194][136]LogModuleManager: Shutting down and abandoning module LocalizationDashboard (164)
[2015.12.04-13.06.21:194][136]LogModuleManager: Shutting down and abandoning module HardwareTargeting (163)
[2015.12.04-13.06.21:194][136]LogModuleManager: Shutting down and abandoning module DeviceProfileEditor (162)
[2015.12.04-13.06.21:194][136]LogModuleManager: Shutting down and abandoning module UndoHistory (161)
[2015.12.04-13.06.21:195][136]LogModuleManager: Shutting down and abandoning module GameplayTagsEditor (160)
[2015.12.04-13.06.21:195][136]LogModuleManager: Shutting down and abandoning module UserFeedback (159)
[2015.12.04-13.06.21:195][136]LogModuleManager: Shutting down and abandoning module XmlParser (158)
[2015.12.04-13.06.21:195][136]LogModuleManager: Shutting down and abandoning module Blutility (157)
[2015.12.04-13.06.21:195][136]LogModuleManager: Shutting down and abandoning module ProjectTargetPlatformEditor (156)
[2015.12.04-13.06.21:195][136]LogModuleManager: Shutting down and abandoning module ProjectSettingsViewer (155)
[2015.12.04-13.06.21:195][136]LogModuleManager: Shutting down and abandoning module InputBindingEditor (154)
[2015.12.04-13.06.21:195][136]LogModuleManager: Shutting down and abandoning module EditorSettingsViewer (153)
[2015.12.04-13.06.21:195][136]LogModuleManager: Shutting down and abandoning module SettingsEditor (152)
[2015.12.04-13.06.21:195][136]LogModuleManager: Shutting down and abandoning module ProjectLauncher (151)
[2015.12.04-13.06.21:195][136]LogModuleManager: Shutting down and abandoning module SessionFrontend (150)
[2015.12.04-13.06.21:195][136]LogModuleManager: Shutting down and abandoning module ProfilerClient (149)
[2015.12.04-13.06.21:195][136]LogModuleManager: Shutting down and abandoning module TargetDeviceServices (148)
[2015.12.04-13.06.21:195][136]LogModuleManager: Shutting down and abandoning module DeviceManager (147)
[2015.12.04-13.06.21:195][136]LogModuleManager: Shutting down and abandoning module AutomationController (146)
[2015.12.04-13.06.21:195][136]LogModuleManager: Shutting down and abandoning module AutomationWindow (145)
[2015.12.04-13.06.21:195][136]LogModuleManager: Shutting down and abandoning module Layers (144)
[2015.12.04-13.06.21:196][136]LogModuleManager: Shutting down and abandoning module ComponentVisualizers (143)
[2015.12.04-13.06.21:196][136]LogModuleManager: Shutting down and abandoning module DetailCustomizations (142)
[2015.12.04-13.06.21:196][136]LogModuleManager: Shutting down and abandoning module PackagesDialog (141)
[2015.12.04-13.06.21:196][136]LogModuleManager: Shutting down and abandoning module Persona (140)
[2015.12.04-13.06.21:196][136]LogModuleManager: Shutting down and abandoning module Kismet (139)
[2015.12.04-13.06.21:196][136]LogModuleManager: Shutting down and abandoning module GraphEditor (138)
[2015.12.04-13.06.21:196][136]LogModuleManager: Shutting down and abandoning module ClassViewer (137)
[2015.12.04-13.06.21:196][136]LogModuleManager: Shutting down and abandoning module Toolbox (136)
[2015.12.04-13.06.21:196][136]LogModuleManager: Shutting down and abandoning module ModuleUI (135)
[2015.12.04-13.06.21:196][136]LogModuleManager: Shutting down and abandoning module MovieSceneTools (134)
[2015.12.04-13.06.21:196][136]LogModuleManager: Shutting down and abandoning module OutputLog (133)
[2015.12.04-13.06.21:196][136]LogModuleManager: Shutting down and abandoning module GammaUI (132)
[2015.12.04-13.06.21:196][136]LogModuleManager: Shutting down and abandoning module Documentation (131)
[2015.12.04-13.06.21:196][136]LogModuleManager: Shutting down and abandoning module GameLiveStreaming (130)
[2015.12.04-13.06.21:196][136]LogModuleManager: Shutting down and abandoning module StreamingPauseRendering (129)
[2015.12.04-13.06.21:196][136]LogModuleManager: Shutting down and abandoning module AnalyticsET (128)
[2015.12.04-13.06.21:196][136]LogModuleManager: Shutting down and abandoning module Analytics (127)
[2015.12.04-13.06.21:196][136]LogModuleManager: Shutting down and abandoning module AITestSuite (126)
[2015.12.04-13.06.21:196][136]LogModuleManager: Shutting down and abandoning module GameplayDebugger (125)
[2015.12.04-13.06.21:196][136]LogModuleManager: Shutting down and abandoning module AIModule (124)
[2015.12.04-13.06.21:196][136]LogModuleManager: Shutting down and abandoning module ProfilerService (123)
[2015.12.04-13.06.21:326][136]LogModuleManager: Shutting down and abandoning module TaskGraph (122)
[2015.12.04-13.06.21:326][136]LogModuleManager: Shutting down and abandoning module SlateRemote (121)
[2015.12.04-13.06.21:326][136]LogModuleManager: Shutting down and abandoning module SteamVRController (120)
[2015.12.04-13.06.21:326][136]LogModuleManager: Shutting down and abandoning module SteamVR (119)
[2015.12.04-13.06.21:326][136]LogModuleManager: Shutting down and abandoning module ProceduralMeshComponent (118)
[2015.12.04-13.06.21:326][136]LogModuleManager: Shutting down and abandoning module OculusLibrary (117)
[2015.12.04-13.06.21:326][136]LogModuleManager: Shutting down and abandoning module OculusInput (116)
[2015.12.04-13.06.21:326][136]LogModuleManager: Shutting down and abandoning module LeapMotionController (115)
[2015.12.04-13.06.21:343][136]LogModuleManager: Shutting down and abandoning module CustomMeshComponent (114)
[2015.12.04-13.06.21:343][136]LogModuleManager: Shutting down and abandoning module CableComponent (113)
[2015.12.04-13.06.21:343][136]LogModuleManager: Shutting down and abandoning module ArchVisCharacter (112)
[2015.12.04-13.06.21:343][136]LogModuleManager: Shutting down and abandoning module MessagingDebugger (111)
[2015.12.04-13.06.21:343][136]LogModuleManager: Shutting down and abandoning module MediaPlayerEditor (110)
[2015.12.04-13.06.21:343][136]LogModuleManager: Shutting down and abandoning module HTML5Networking (109)
[2015.12.04-13.06.21:343][136]LogModuleManager: Shutting down and abandoning module SpeedTreeImporter (108)
[2015.12.04-13.06.21:343][136]LogModuleManager: Shutting down and abandoning module PluginBrowser (107)
[2015.12.04-13.06.21:343][136]LogModuleManager: Shutting down and abandoning module EpicSurvey (106)
[2015.12.04-13.06.21:343][136]LogModuleManager: Shutting down and abandoning module DesktopPlatform (105)
[2015.12.04-13.06.21:343][136]LogModuleManager: Shutting down and abandoning module VisualStudioSourceCodeAccess (104)
[2015.12.04-13.06.21:343][136]LogModuleManager: Shutting down and abandoning module UObjectPlugin (103)
[2015.12.04-13.06.21:343][136]LogModuleManager: Shutting down and abandoning module SubversionSourceControl (102)
[2015.12.04-13.06.21:343][136]LogModuleManager: Shutting down and abandoning module PerforceSourceControl (101)
[2015.12.04-13.06.21:343][136]LogModuleManager: Shutting down and abandoning module SourceControl (100)
[2015.12.04-13.06.21:343][136]LogModuleManager: Shutting down and abandoning module GitSourceControl (99)
[2015.12.04-13.06.21:343][136]LogModuleManager: Shutting down and abandoning module LightPropagationVolumeEditor (98)
[2015.12.04-13.06.21:343][136]LogModuleManager: Shutting down and abandoning module PaperTiledImporter (97)
[2015.12.04-13.06.21:343][136]LogModuleManager: Shutting down and abandoning module PaperSpriteSheetImporter (96)
[2015.12.04-13.06.21:343][136]LogModuleManager: Shutting down and abandoning module MeshPaint (95)
[2015.12.04-13.06.21:343][136]LogModuleManager: Shutting down and abandoning module SlateReflector (94)
[2015.12.04-13.06.21:343][136]LogModuleManager: Shutting down and abandoning module HotReload (93)
[2015.12.04-13.06.21:344][136]LogModuleManager: Shutting down and abandoning module MainFrame (92)
[2015.12.04-13.06.21:344][136]LogModuleManager: Shutting down and abandoning module LevelEditor (91)
[2015.12.04-13.06.21:344][136]LogModuleManager: Shutting down and abandoning module DirectoryWatcher (90)
[2015.12.04-13.06.21:350][136]LogModuleManager: Shutting down and abandoning module AssetRegistry (89)
[2015.12.04-13.06.21:422][136]LogModuleManager: Shutting down and abandoning module ContentBrowser (88)
[2015.12.04-13.06.21:423][136]LogModuleManager: Shutting down and abandoning module Paper2DEditor (87)
[2015.12.04-13.06.21:423][136]LogModuleManager: Shutting down and abandoning module UdpMessaging (86)
[2015.12.04-13.06.21:524][136]LogModuleManager: Shutting down and abandoning module LightPropagationVolumeRuntime (85)
[2015.12.04-13.06.21:524][136]LogModuleManager: Shutting down and abandoning module Paper2D (84)
[2015.12.04-13.06.21:524][136]LogModuleManager: Shutting down and abandoning module WindowsMoviePlayer (83)
[2015.12.04-13.06.21:526][136]LogModuleManager: Shutting down and abandoning module Media (82)
[2015.12.04-13.06.21:526][136]LogModuleManager: Shutting down and abandoning module WmfMedia (81)
[2015.12.04-13.06.21:527][136]LogModuleManager: Shutting down and abandoning module OnlineBlueprintSupport (80)
[2015.12.04-13.06.21:527][136]LogModuleManager: Shutting down and abandoning module GameplayTasksEditor (79)
[2015.12.04-13.06.21:527][136]LogModuleManager: Shutting down and abandoning module PropertyEditor (78)
[2015.12.04-13.06.21:527][136]LogModuleManager: Shutting down and abandoning module BehaviorTreeEditor (77)
[2015.12.04-13.06.21:527][136]LogModuleManager: Shutting down and abandoning module FunctionalTesting (76)
[2015.12.04-13.06.21:527][136]LogModuleManager: Shutting down and abandoning module CollisionAnalyzer (75)
[2015.12.04-13.06.21:527][136]LogModuleManager: Shutting down and abandoning module WorkspaceMenuStructure (74)
[2015.12.04-13.06.21:527][136]LogModuleManager: Shutting down and abandoning module MessageLog (73)
[2015.12.04-13.06.21:527][136]LogModuleManager: Shutting down and abandoning module Sequencer (72)
[2015.12.04-13.06.21:527][136]LogModuleManager: Shutting down and abandoning module AssetTools (71)
[2015.12.04-13.06.21:527][136]LogModuleManager: Shutting down and abandoning module UMGEditor (70)
[2015.12.04-13.06.21:527][136]LogModuleManager: Shutting down and abandoning module UMG (69)
[2015.12.04-13.06.21:527][136]LogModuleManager: Shutting down and abandoning module Slate (68)
[2015.12.04-13.06.21:527][136]LogModuleManager: Shutting down and abandoning module EditorStyle (67)
[2015.12.04-13.06.21:529][136]LogModuleManager: Shutting down and abandoning module SessionServices (66)
[2015.12.04-13.06.21:529][136]LogModuleManager: Shutting down and abandoning module SourceCodeAccess (65)
[2015.12.04-13.06.21:529][136]LogModuleManager: Shutting down and abandoning module HeadMountedDisplay (64)
[2015.12.04-13.06.21:529][136]LogModuleManager: Shutting down and abandoning module XAudio2 (63)
[2015.12.04-13.06.21:529][136]LogModuleManager: Shutting down and abandoning module Networking (61)
[2015.12.04-13.06.21:529][136]LogModuleManager: Shutting down and abandoning module Core (60)
[2015.12.04-13.06.21:529][136]LogModuleManager: Shutting down and abandoning module KismetCompiler (59)
[2015.12.04-13.06.21:529][136]LogModuleManager: Shutting down and abandoning module PhysXFormats (58)
[2015.12.04-13.06.21:529][136]LogModuleManager: Shutting down and abandoning module MeshUtilities (57)
[2015.12.04-13.06.21:529][136]LogModuleManager: Shutting down and abandoning module DerivedDataCache (56)
[2015.12.04-13.06.21:585][136]LogDerivedDataCache: Shutdown
[2015.12.04-13.06.21:585][136]LogModuleManager: Shutting down and abandoning module ShaderFormatOpenGL (55)
[2015.12.04-13.06.21:585][136]LogModuleManager: Shutting down and abandoning module ShaderFormatD3D (54)
[2015.12.04-13.06.21:585][136]LogModuleManager: Shutting down and abandoning module MetalShaderFormat (53)
[2015.12.04-13.06.21:585][136]LogModuleManager: Shutting down and abandoning module TextureFormatUncompressed (52)
[2015.12.04-13.06.21:585][136]LogModuleManager: Shutting down and abandoning module TextureFormatPVR (51)
[2015.12.04-13.06.21:585][136]LogModuleManager: Shutting down and abandoning module TextureFormatIntelISPCTexComp (50)
[2015.12.04-13.06.21:585][136]LogModuleManager: Shutting down and abandoning module TextureFormatDXT (49)
[2015.12.04-13.06.21:585][136]LogModuleManager: Shutting down and abandoning module ImageWrapper (48)
[2015.12.04-13.06.21:585][136]LogModuleManager: Shutting down and abandoning module TextureFormatASTC (47)
[2015.12.04-13.06.21:585][136]LogModuleManager: Shutting down and abandoning module TextureFormatAndroid (46)
[2015.12.04-13.06.21:585][136]LogModuleManager: Shutting down and abandoning module AudioFormatOpus (45)
[2015.12.04-13.06.21:585][136]LogModuleManager: Shutting down and abandoning module AudioFormatOgg (44)
[2015.12.04-13.06.21:585][136]LogModuleManager: Shutting down and abandoning module AudioFormatADPCM (43)
[2015.12.04-13.06.21:585][136]LogModuleManager: Shutting down and abandoning module LinuxTargetPlatform (42)
[2015.12.04-13.06.21:585][136]LogModuleManager: Shutting down and abandoning module LinuxServerTargetPlatform (41)
[2015.12.04-13.06.21:585][136]LogModuleManager: Shutting down and abandoning module LinuxNoEditorTargetPlatform (40)
[2015.12.04-13.06.21:585][136]LogModuleManager: Shutting down and abandoning module Messaging (39)
[2015.12.04-13.06.21:585][136]LogModuleManager: Shutting down and abandoning module IOSTargetPlatform (38)
[2015.12.04-13.06.21:585][136]LogModuleManager: Shutting down and abandoning module HTML5TargetPlatform (37)
[2015.12.04-13.06.21:585][136]LogModuleManager: Shutting down and abandoning module Android_PVRTCTargetPlatform (36)
[2015.12.04-13.06.21:585][136]LogModuleManager: Shutting down and abandoning module Android_MultiTargetPlatform (35)
[2015.12.04-13.06.21:585][136]LogModuleManager: Shutting down and abandoning module Android_ETC2TargetPlatform (34)
[2015.12.04-13.06.21:585][136]LogModuleManager: Shutting down and abandoning module Android_ETC1TargetPlatform (33)
[2015.12.04-13.06.21:585][136]LogModuleManager: Shutting down and abandoning module Android_DXTTargetPlatform (32)
[2015.12.04-13.06.21:585][136]LogModuleManager: Shutting down and abandoning module Android_ATCTargetPlatform (31)
[2015.12.04-13.06.21:585][136]LogModuleManager: Shutting down and abandoning module Android_ASTCTargetPlatform (30)
[2015.12.04-13.06.21:585][136]LogModuleManager: Shutting down and abandoning module AndroidTargetPlatform (29)
[2015.12.04-13.06.21:585][136]LogModuleManager: Shutting down and abandoning module WindowsTargetPlatform (28)
[2015.12.04-13.06.21:585][136]LogModuleManager: Shutting down and abandoning module WindowsServerTargetPlatform (27)
[2015.12.04-13.06.21:585][136]LogModuleManager: Shutting down and abandoning module WindowsNoEditorTargetPlatform (26)
[2015.12.04-13.06.21:585][136]LogModuleManager: Shutting down and abandoning module WindowsClientTargetPlatform (25)
[2015.12.04-13.06.21:585][136]LogModuleManager: Shutting down and abandoning module AllDesktopTargetPlatform (24)
[2015.12.04-13.06.21:585][136]LogModuleManager: Shutting down and abandoning module TargetPlatform (23)
[2015.12.04-13.06.21:585][136]LogModuleManager: Shutting down and abandoning module InputCore (22)
[2015.12.04-13.06.21:585][136]LogModuleManager: Shutting down and abandoning module Settings (21)
[2015.12.04-13.06.21:586][136]LogModuleManager: Shutting down and abandoning module OnlineSubsystem (19)
[2015.12.04-13.06.21:586][136]LogModuleManager: Shutting down and abandoning module HTTP (18)
[2015.12.04-13.06.23:588][136]LogModuleManager: Shutting down and abandoning module XMPP (17)
[2015.12.04-13.06.23:588][136]LogModuleManager: Shutting down and abandoning module OculusRift (16)
[2015.12.04-13.06.23:588][136]LogModuleManager: Shutting down and abandoning module ExampleDeviceProfileSelector (15)
[2015.12.04-13.06.23:588][136]LogModuleManager: Shutting down and abandoning module TextureCompressor (14)
[2015.12.04-13.06.23:588][136]LogModuleManager: Shutting down and abandoning module ShaderCore (13)
[2015.12.04-13.06.23:588][136]LogModuleManager: Shutting down and abandoning module Landscape (12)
[2015.12.04-13.06.23:588][136]LogModuleManager: Shutting down and abandoning module SlateRHIRenderer (11)
[2015.12.04-13.06.23:590][136]LogModuleManager: Shutting down and abandoning module OpenGLDrv (10)
[2015.12.04-13.06.23:590][136]LogModuleManager: Shutting down and abandoning module D3D11RHI (9)
[2015.12.04-13.06.23:590][136]LogModuleManager: Shutting down and abandoning module AnimGraphRuntime (8)
[2015.12.04-13.06.23:590][136]LogModuleManager: Shutting down and abandoning module Renderer (7)
[2015.12.04-13.06.23:590][136]LogModuleManager: Shutting down and abandoning module Engine (6)
[2015.12.04-13.06.23:590][136]LogModuleManager: Shutting down and abandoning module CoreUObject (5)
[2015.12.04-13.06.23:590][136]LogModuleManager: Shutting down and abandoning module NetworkFile (4)
[2015.12.04-13.06.23:590][136]LogModuleManager: Shutting down and abandoning module StreamingFile (3)
[2015.12.04-13.06.23:590][136]LogModuleManager: Shutting down and abandoning module SandboxFile (2)
[2015.12.04-13.06.23:590][136]LogModuleManager: Shutting down and abandoning module PakFile (1)
[2015.12.04-13.06.23:591][136]LogExit: Exiting.
[2015.12.04-13.06.23:595][136]Log file closed, 12/04/15 21:06:23
