[2015.11.27-15.20.08:700][  0]Log file open, 11/27/15 23:20:08
[2015.11.27-15.20.08:700][  0]LogInit:Display: Running engine for game: GravityBall
[2015.11.27-15.20.08:700][  0]LogPlatformFile: Not using cached read wrapper
[2015.11.27-15.20.08:700][  0]LogInit:Display: RandInit(1227220037) SRandInit(1227220040).
[2015.11.27-15.20.08:700][  0]LogTaskGraph: Started task graph with 4 named threads and 5 total threads.
[2015.11.27-15.20.08:700][  0]LogStats: Stats thread started at 0.415043
[2015.11.27-15.20.08:700][  0]LogInit: Version: 4.10.0-2758231+++depot+UE4-Releases+4.10
[2015.11.27-15.20.08:700][  0]LogInit: API Version: 2758231
[2015.11.27-15.20.08:700][  0]LogInit: Compiled (64-bit): Nov  7 2015 05:13:45
[2015.11.27-15.20.08:700][  0]LogInit: Compiled with Visual C++: 19.00.23026.00
[2015.11.27-15.20.08:700][  0]LogInit: Build Configuration: Development
[2015.11.27-15.20.08:700][  0]LogInit: Branch Name: ++depot+UE4-Releases+4.10
[2015.11.27-15.20.08:700][  0]LogInit: Command line: 
[2015.11.27-15.20.08:700][  0]LogInit: Base directory: C:/Program Files (x86)/Epic Games/4.10/Engine/Binaries/Win64/
[2015.11.27-15.20.08:700][  0]LogInit: Rocket: 1
[2015.11.27-15.20.08:738][  0]LogInit: Using libcurl 7.41.0
[2015.11.27-15.20.08:738][  0]LogInit:  - built for x86_64-pc-win32
[2015.11.27-15.20.08:738][  0]LogInit:  - supports SSL with WinSSL
[2015.11.27-15.20.08:738][  0]LogInit:  - other features:
[2015.11.27-15.20.08:738][  0]LogInit:      CURL_VERSION_SSL
[2015.11.27-15.20.08:738][  0]LogInit:      CURL_VERSION_IPV6
[2015.11.27-15.20.08:738][  0]LogInit:      CURL_VERSION_ASYNCHDNS
[2015.11.27-15.20.08:738][  0]LogInit:      CURL_VERSION_LARGEFILE
[2015.11.27-15.20.08:738][  0]LogInit:      CURL_VERSION_IDN
[2015.11.27-15.20.08:738][  0]LogInit:  CurlRequestOptions (configurable via config and command line):
[2015.11.27-15.20.08:738][  0]LogInit:  - bVerifyPeer = true  - Libcurl will verify peer certificate
[2015.11.27-15.20.08:738][  0]LogInit:  - bUseHttpProxy = false  - Libcurl will NOT use HTTP proxy
[2015.11.27-15.20.08:738][  0]LogInit:  - bDontReuseConnections = false  - Libcurl will reuse connections
[2015.11.27-15.20.08:738][  0]LogInit:  - CertBundlePath = nullptr  - Libcurl will use whatever was configured at build time.
[2015.11.27-15.20.08:810][  0]LogInit: Presizing for 0 objects not considered by GC, pre-allocating 0 bytes.
[2015.11.27-15.20.08:825][  0]LogInit: Object subsystem initialized
[2015.11.27-15.20.08:834][  0]LogInit: Selected Device Profile: [Windows]
[2015.11.27-15.20.08:834][  0]LogInit: Applying CVar settings loaded from the selected device profile: [Windows]
[2015.11.27-15.20.08:877][  0]LogInit: Computer: USER
[2015.11.27-15.20.08:877][  0]LogInit: User: acer
[2015.11.27-15.20.08:877][  0]LogInit: CPU Page size=4096, Cores=2
[2015.11.27-15.20.08:877][  0]LogInit: High frequency timer resolution =2.435881 MHz
[2015.11.27-15.20.08:877][  0]LogMemory: Memory total: Physical=3.8GB (4GB approx)
[2015.11.27-15.20.08:877][  0]LogMemory: Platform Memory Stats for Windows
[2015.11.27-15.20.08:878][  0]LogMemory: Process Physical Memory: 55.86 MB used, 55.86 MB peak
[2015.11.27-15.20.08:878][  0]LogMemory: Process Virtual Memory: 57.47 MB used, 57.47 MB peak
[2015.11.27-15.20.08:878][  0]LogMemory: Physical Memory: 3435.66 MB used, 3914.31 MB total
[2015.11.27-15.20.08:878][  0]LogMemory: Virtual Memory: 377.94 MB used, 134217728.00 MB total
[2015.11.27-15.20.09:128][  0]LogTextLocalizationManager: No translations for ('zh-TW') exist, falling back to 'en' for localization and internationalization data.
[2015.11.27-15.20.10:047][  0]LogD3D11RHI: Found D3D11 adapter 0: Intel(R) HD Graphics 4000 (Feature Level 11_0)
[2015.11.27-15.20.10:047][  0]LogD3D11RHI: Adapter has 96MB of dedicated video memory, 0MB of dedicated system memory, and 1696MB of shared system memory, 1 output[s]
[2015.11.27-15.20.10:050][  0]LogD3D11RHI: Found D3D11 adapter 1: Microsoft Basic Render Driver (Feature Level 11_0)
[2015.11.27-15.20.10:050][  0]LogD3D11RHI: Adapter has 0MB of dedicated video memory, 0MB of dedicated system memory, and 1957MB of shared system memory, 0 output[s]
[2015.11.27-15.20.10:050][  0]LogD3D11RHI: Chosen D3D11 Adapter Id = 0
[2015.11.27-15.20.10:057][  0]LogD3D11RHI: !Direct3DDevice
[2015.11.27-15.20.10:057][  0]LogRHI: Texture pool is 660 MB (70% of 944 MB)
[2015.11.27-15.20.10:061][  0]LogD3D11RHI: Async texture creation enabled
[2015.11.27-15.20.10:083][  0]LogShaderCompilers: Guid format shader working directory is -21 characters bigger than the processId version (../../../../../../Users/acer/Documents/Unreal Projects/GravityBall/Intermediate/Shaders/WorkingDirectory/7676/).
[2015.11.27-15.20.10:084][  0]LogShaderCompilers: Cleaned the shader compiler working directory 'C:/Users/acer/AppData/Local/Temp/UnrealShaderWorkingDir/C2C2DAC34849CB5E52378183294898E3/'.
[2015.11.27-15.20.10:084][  0]LogShaderCompilers:Display: Using Local Shader Compiler.
[2015.11.27-15.20.13:842][  0]LogTemp:Display: Loaded TP AllDesktopTargetPlatform
[2015.11.27-15.20.13:851][  0]LogTemp:Display: Loaded TP WindowsClientTargetPlatform
[2015.11.27-15.20.13:861][  0]LogTemp:Display: Loaded TP WindowsNoEditorTargetPlatform
[2015.11.27-15.20.13:870][  0]LogTemp:Display: Loaded TP WindowsServerTargetPlatform
[2015.11.27-15.20.13:878][  0]LogTemp:Display: Loaded TP WindowsTargetPlatform
[2015.11.27-15.20.13:886][  0]LogTemp:Display: Loaded TP AndroidTargetPlatform
[2015.11.27-15.20.13:892][  0]LogTemp:Display: Loaded TP Android_ASTCTargetPlatform
[2015.11.27-15.20.13:898][  0]LogTemp:Display: Loaded TP Android_ATCTargetPlatform
[2015.11.27-15.20.13:903][  0]LogTemp:Display: Loaded TP Android_DXTTargetPlatform
[2015.11.27-15.20.13:909][  0]LogTemp:Display: Loaded TP Android_ETC1TargetPlatform
[2015.11.27-15.20.13:914][  0]LogTemp:Display: Loaded TP Android_ETC2TargetPlatform
[2015.11.27-15.20.13:924][  0]LogTemp:Display: Loaded TP Android_MultiTargetPlatform
[2015.11.27-15.20.13:924][  0]LogTemp:Display: Loaded TP Android_PVRTCTargetPlatform
[2015.11.27-15.20.13:928][  0]LogTemp:Display: Loaded TP HTML5TargetPlatform
[2015.11.27-15.20.13:992][  0]LogTemp:Display: Loaded TP IOSTargetPlatform
[2015.11.27-15.20.13:998][  0]LogTemp:Display: Loaded TP LinuxNoEditorTargetPlatform
[2015.11.27-15.20.14:003][  0]LogTemp:Display: Loaded TP LinuxServerTargetPlatform
[2015.11.27-15.20.14:022][  0]LogTemp:Display: Loaded TP LinuxTargetPlatform
[2015.11.27-15.20.14:022][  0]LogTargetPlatformManager:Display: Building Assets For Windows
[2015.11.27-15.20.14:666][  0]LogDerivedDataCache:Display: Max Cache Size: 512 MB
[2015.11.27-15.20.14:844][  0]LogDerivedDataCache: Loaded boot cache 0.18s 41MB C:/Users/acer/AppData/Local/UnrealEngine/4.10/DerivedDataCache/Boot.ddc.
[2015.11.27-15.20.14:844][  0]LogDerivedDataCache:Display: Loaded Boot cache: C:/Users/acer/AppData/Local/UnrealEngine/4.10/DerivedDataCache/Boot.ddc
[2015.11.27-15.20.14:844][  0]LogDerivedDataCache: FDerivedDataBackendGraph:  Pak pak cache file ../../../../../../Users/acer/Documents/Unreal Projects/GravityBall/DerivedDataCache/DDC.ddp not found, will not use a pak cache.
[2015.11.27-15.20.14:844][  0]LogDerivedDataCache: Unable to find inner node Pak for hierarchical cache Hierarchy.
[2015.11.27-15.20.14:844][  0]LogDerivedDataCache: FDerivedDataBackendGraph:  CompressedPak pak cache file ../../../../../../Users/acer/Documents/Unreal Projects/GravityBall/DerivedDataCache/Compressed.ddp not found, will not use a pak cache.
[2015.11.27-15.20.14:844][  0]LogDerivedDataCache: Unable to find inner node CompressedPak for hierarchical cache Hierarchy.
[2015.11.27-15.20.14:936][  0]LogDerivedDataCache:Display: Pak cache opened for reading ../../../Engine/DerivedDataCache/Compressed.ddp.
[2015.11.27-15.20.14:948][  0]LogDerivedDataCache: Using Local data cache path C:/Users/acer/AppData/Local/UnrealEngine/Common/DerivedDataCache: Writable
[2015.11.27-15.20.20:351][  0]LogInit: Selected Device Profile: [Windows]
[2015.11.27-15.20.20:359][  0]LogContentStreaming: Texture pool size is 0.000000MB
[2015.11.27-15.20.20:602][  0]LogMeshUtilities: No automatic mesh reduction module available
[2015.11.27-15.20.20:602][  0]LogMeshUtilities: No automatic mesh merging module available
[2015.11.27-15.20.21:433][  0]LogInit: WinSock: version 1.1 (2.2), MaxSocks=32767, MaxUdp=65467
[2015.11.27-15.20.28:097][  0]UdpMessaging: Initializing bridge on interface 0.0.0.0:0 to multicast group 230.0.0.1:6666.
[2015.11.27-15.20.28:098][  0]FUdpSocketBuilder: Failed to create the socket UdpMessageMulticastSocket as configured
[2015.11.27-15.20.28:098][  0]UdpMessageTransport.StartTransport: Failed to create multicast socket on 0.0.0.0:0, joined to 230.0.0.1:6666 with TTL 1
[2015.11.27-15.20.28:377][  0]LogAssetRegistry: FAssetRegistry took 0.0115 seconds to start up
[2015.11.27-15.20.28:854][  0]SourceControl: Info Source control is disabled
[2015.11.27-15.20.29:052][  0]SourceControl: Info Source control is disabled
[2015.11.27-15.20.29:069][  0]SourceControl: Info Source control is disabled
[2015.11.27-15.20.29:090][  0]SourceControl: Info Source control is disabled
[2015.11.27-15.20.29:735][  0]LogObj: 28633 objects as part of root set at end of initial load.
[2015.11.27-15.20.29:735][  0]LogUObjectAllocator: 6099752 out of 0 bytes used by permanent object pool.
[2015.11.27-15.20.29:909][  0]LogEngine: Initializing Engine...
[2015.11.27-15.20.29:914][  0]LogHMD: Can't find Oculus library dev build: is proper Runtime installed? Version: 0.8.0.0
[2015.11.27-15.20.29:947][  0]LogHMD: SteamVR failed to initialize.  Err: 110
[2015.11.27-15.20.30:319][  0]LogAIModule: Creating AISystem for world NewWorld
[2015.11.27-15.20.30:335][  0]LogInit: XAudio2 using '喇叭 (Realtek High Definition Audio)' : 2 channels at 48 kHz using 32 bits per sample (channel mask 0x3)
[2015.11.27-15.20.30:361][  0]LogInit: FAudioDevice initialized.
[2015.11.27-15.20.30:408][  0]LogDerivedDataCache: Saved boot cache 0.05s 41MB C:/Users/acer/AppData/Local/UnrealEngine/4.10/DerivedDataCache/Boot.ddc.
[2015.11.27-15.20.30:417][  0]LogInit: Texture streaming: Enabled
[2015.11.27-15.20.30:428][  0]LogAnalytics: Creating configured Analytics provider AnalyticsET
[2015.11.27-15.20.30:428][  0]LogAnalytics: [UEEditor.Rocket.Release] APIServer = http://et2.epicgames.com/ET2/. AppVersion = 4.10.0-2758231+++depot+UE4-Releases+4.10
[2015.11.27-15.20.30:428][  0]LogAnalytics: [UEEditor.Rocket.Release] SetUserId b28a54dd4c274698e8fd378172540302|7ab9c2e1b7464127a7a1e84c1ac07d12|20189905-d510-4860-8e10-ed7b2f66fadd
[2015.11.27-15.20.30:429][  0]LogAnalytics: [UEEditor.Rocket.Release] AnalyticsET::StartSession
[2015.11.27-15.20.30:620][  0]LogInit: Transaction tracking system initialized
[2015.11.27-15.20.30:681][  0]BlueprintLog: New page: Editor Load
[2015.11.27-15.20.31:221][  0]LocalizationService: Info Localization service is disabled
[2015.11.27-15.20.31:392][  0]LogConsoleResponse:Display: 
[2015.11.27-15.20.31:887][  0]LogFileCache: Scanning file cache for directory 'C:/Users/acer/Documents/Unreal Projects/GravityBall/Content/' took 0.02s
[2015.11.27-15.20.31:887][  0]LogCook:Display: Done creating registry. It took  0.00s.
[2015.11.27-15.20.32:079][  0]SourceControl: Info Source control is disabled
[2015.11.27-15.20.32:080][  0]Cmd: MAP LOAD FILE="../../../Engine/Content/Maps/Templates/Template_Default.umap" TEMPLATE=1 SHOWPROGRESS=1 FEATURELEVEL=3
[2015.11.27-15.20.32:100][  0]LightingResults: New page: Lighting Build
[2015.11.27-15.20.32:108][  0]MapCheck: New page: Map Check
[2015.11.27-15.20.32:108][  0]LightingResults: New page: Lighting Build
[2015.11.27-15.20.32:147][  0]LogParticles: Destroying 0 GPU particle simulations for FXSystem 0x00000044AC56F420
[2015.11.27-15.20.32:832][  0]LogAIModule: Creating AISystem for world Untitled_1
[2015.11.27-15.20.32:868][  0]LogEditorServer: Finished looking for orphan Actors (0.000 secs)
[2015.11.27-15.20.32:879][  0]Cmd: MAP CHECKDEP NOCLEARLOG
[2015.11.27-15.20.32:951][  0]MapCheck: Info Map check complete: 0 Error(s), 0 Warning(s), took 71.795ms to complete.
[2015.11.27-15.20.32:952][  0]LogFileHelpers: Loading map 'Template_Default' took 0.871
[2015.11.27-15.20.33:292][  0]LogCollectionManager: Loaded 0 collections in 0.004031 seconds
[2015.11.27-15.20.33:364][  0]LogFileCache: Scanning file cache for directory 'C:/Users/acer/Documents/Unreal Projects/GravityBall/Saved/Collections/' took 0.01s
[2015.11.27-15.20.33:364][  0]LogFileCache: Scanning file cache for directory 'C:/Users/acer/Documents/Unreal Projects/GravityBall/Content/Developers/acer/Collections/' took 0.01s
[2015.11.27-15.20.33:364][  0]LogFileCache: Scanning file cache for directory 'C:/Users/acer/Documents/Unreal Projects/GravityBall/Content/Collections/' took 0.01s
[2015.11.27-15.20.33:364][  0]LogCollectionManager: Rebuilt the GUID cache for 0 collections in 0.000009 seconds
[2015.11.27-15.20.33:381][  0]LogContentBrowser: Native class hierarchy populated in 0.0160 seconds. Added 1893 classes and 338 folders.
[2015.11.27-15.20.33:404][  0]LogContentBrowser: Native class hierarchy updated for 'WidgetCarousel' in 0.0008 seconds. Added 0 classes and 0 folders.
[2015.11.27-15.20.34:274][  0]LogContentBrowser: Native class hierarchy updated for 'AddContentDialog' in 0.0007 seconds. Added 0 classes and 0 folders.
[2015.11.27-15.20.34:289][  0]LogContentBrowser: Native class hierarchy updated for 'SceneOutliner' in 0.0006 seconds. Added 1 classes and 2 folders.
[2015.11.27-15.20.34:488][  0]LogCrashTracker: Crashtracker disabled due to settings.
[2015.11.27-15.20.34:659][  0]LogLoad: Full Startup: 28.44 seconds (BP compile: 0.16 seconds)
[2015.11.27-15.20.34:690][  0]LogOcInput: Can't find Oculus library dev build: is proper Runtime installed? Version: 0.8.0.0
[2015.11.27-15.20.34:920][  0]LogContentStreaming: Texture pool size now 1000 MB
[2015.11.27-15.20.35:229][  0]LogRenderer: Reallocating scene render targets to support 608x340 (Frame:2).
[2015.11.27-15.20.36:267][  4]LogAssetRegistry: Asset discovery search completed in 7.9014 seconds
[2015.11.27-15.20.36:269][  4]LogCollectionManager: Rebuilt the object cache for 0 collections in 0.000005 seconds (found 0 objects)
[2015.11.27-15.20.36:270][  4]LogCollectionManager: Fixed up redirectors for 0 collections in 0.001397 seconds (updated 0 objects)
[2015.11.27-15.21.37:133][477]LogEditorViewport: Clicking on Actor (LMB): StaticMeshActor (Floor)
[2015.11.27-15.21.37:427][477]LogEditorViewport: Clicking on Component (LMB): StaticMeshComponent (StaticMeshComponent0)
[2015.11.27-15.22.02:207][225]LogActorFactory: Actor Factory created Sphere
[2015.11.27-15.22.04:539][294]LogActorFactory: Actor Factory created Sphere
[2015.11.27-15.22.31:058][702]Cmd: OBJ SAVEPACKAGE PACKAGE="/Game/NewMap" FILE="../../../../../../Users/acer/Documents/Unreal Projects/GravityBall/Content/NewMap.umap" SILENT=true AUTOSAVING=false KEEPDIRTY=false
[2015.11.27-15.22.31:313][702]LogSavePackage: Save=72.236694ms
[2015.11.27-15.22.31:313][702]LogSavePackage: Moving '../../../../../../Users/acer/Documents/Unreal Projects/GravityBall/Saved/NewMap5F69822A4372FF83AFC1A4B51EDAA506.tmp' to '../../../../../../Users/acer/Documents/Unreal Projects/GravityBall/Content/NewMap.umap'
[2015.11.27-15.22.31:325][702]LogSavePackage: Total save time: 155.705884ms
[2015.11.27-15.22.31:325][702]LogSavePackage:Display: Finished SavePackage ../../../../../../Users/acer/Documents/Unreal Projects/GravityBall/Content/NewMap.umap
[2015.11.27-15.22.31:377][702]LogFileHelpers: Saving map 'NewMap' took 0.888
[2015.11.27-15.22.33:210][750]Cmd: MAP LOAD FILE="../../../../../../Users/acer/Documents/Unreal Projects/GravityBall/Content/NewMap.umap" TEMPLATE=0 SHOWPROGRESS=1 FEATURELEVEL=3
[2015.11.27-15.22.33:210][750]LightingResults: New page: Lighting Build
[2015.11.27-15.22.33:269][750]LoadErrors: New page: Loading map: NewMap.umap
[2015.11.27-15.22.33:274][750]MapCheck: New page: Map Check
[2015.11.27-15.22.33:274][750]LightingResults: New page: Lighting Build
[2015.11.27-15.22.33:317][750]LogParticles: Destroying 0 GPU particle simulations for FXSystem 0x000000449BCB3B00
[2015.11.27-15.22.33:391][750]LogAIModule: Creating AISystem for world NewMap
[2015.11.27-15.22.33:396][750]LogEditorServer: Finished looking for orphan Actors (0.000 secs)
[2015.11.27-15.22.33:448][750]Cmd: MAP CHECKDEP NOCLEARLOG
[2015.11.27-15.22.33:544][750]MapCheck: Info Map check complete: 0 Error(s), 0 Warning(s), took 95.55ms to complete.
[2015.11.27-15.22.33:545][750]LogFileHelpers: Loading map 'NewMap' took 0.341
[2015.11.27-15.22.37:902][871]LogEditorViewport: Clicking on Actor (LMB): StaticMeshActor (Floor)
[2015.11.27-15.22.39:309][902]LogEditorViewport: Clicking on Actor (LMB): StaticMeshActor (Sphere)
[2015.11.27-15.22.40:553][929]LogEditorViewport: Clicking on Actor (LMB): StaticMeshActor (Floor)
[2015.11.27-15.23.10:922][410]LogAssetTools:Warning: Failed to import 'C:\Users\acer\Downloads\Materials/M_AssetPlatform.uasset'. Unknown extension 'uasset'.
[2015.11.27-15.23.10:932][410]LogAssetTools:Warning: Failed to import 'C:\Users\acer\Downloads\Materials/M_Basic_Floor.uasset'. Unknown extension 'uasset'.
[2015.11.27-15.23.10:942][410]LogAssetTools:Warning: Failed to import 'C:\Users\acer\Downloads\Materials/M_Basic_Wall.uasset'. Unknown extension 'uasset'.
[2015.11.27-15.23.10:951][410]LogAssetTools:Warning: Failed to import 'C:\Users\acer\Downloads\Materials/M_Brick_Clay_Beveled.uasset'. Unknown extension 'uasset'.
[2015.11.27-15.23.10:965][410]LogAssetTools:Warning: Failed to import 'C:\Users\acer\Downloads\Materials/M_Brick_Clay_New.uasset'. Unknown extension 'uasset'.
[2015.11.27-15.23.10:975][410]LogAssetTools:Warning: Failed to import 'C:\Users\acer\Downloads\Materials/M_Brick_Clay_Old.uasset'. Unknown extension 'uasset'.
[2015.11.27-15.23.10:984][410]LogAssetTools:Warning: Failed to import 'C:\Users\acer\Downloads\Materials/M_Brick_Cut_Stone.uasset'. Unknown extension 'uasset'.
[2015.11.27-15.23.10:998][410]LogAssetTools:Warning: Failed to import 'C:\Users\acer\Downloads\Materials/M_Brick_Hewn_Stone.uasset'. Unknown extension 'uasset'.
[2015.11.27-15.23.11:009][410]LogAssetTools:Warning: Failed to import 'C:\Users\acer\Downloads\Materials/M_Ceramic_Tile_Checker.uasset'. Unknown extension 'uasset'.
[2015.11.27-15.23.11:018][410]LogAssetTools:Warning: Failed to import 'C:\Users\acer\Downloads\Materials/M_CobbleStone_Pebble.uasset'. Unknown extension 'uasset'.
[2015.11.27-15.23.11:035][410]LogAssetTools:Warning: Failed to import 'C:\Users\acer\Downloads\Materials/M_CobbleStone_Rough.uasset'. Unknown extension 'uasset'.
[2015.11.27-15.23.11:046][410]LogAssetTools:Warning: Failed to import 'C:\Users\acer\Downloads\Materials/M_CobbleStone_Smooth.uasset'. Unknown extension 'uasset'.
[2015.11.27-15.23.11:066][410]LogAssetTools:Warning: Failed to import 'C:\Users\acer\Downloads\Materials/M_ColorGrid_LowSpec.uasset'. Unknown extension 'uasset'.
[2015.11.27-15.23.11:078][410]LogAssetTools:Warning: Failed to import 'C:\Users\acer\Downloads\Materials/M_Concrete_Grime.uasset'. Unknown extension 'uasset'.
[2015.11.27-15.23.11:101][410]LogAssetTools:Warning: Failed to import 'C:\Users\acer\Downloads\Materials/M_Concrete_Panels.uasset'. Unknown extension 'uasset'.
[2015.11.27-15.23.11:116][410]LogAssetTools:Warning: Failed to import 'C:\Users\acer\Downloads\Materials/M_Concrete_Poured.uasset'. Unknown extension 'uasset'.
[2015.11.27-15.23.11:139][410]LogAssetTools:Warning: Failed to import 'C:\Users\acer\Downloads\Materials/M_Concrete_Tiles.uasset'. Unknown extension 'uasset'.
[2015.11.27-15.23.11:187][410]LogAssetTools:Warning: Failed to import 'C:\Users\acer\Downloads\Materials/M_Glass.uasset'. Unknown extension 'uasset'.
[2015.11.27-15.23.11:321][410]LogAssetTools:Warning: Failed to import 'C:\Users\acer\Downloads\Materials/M_Ground_Grass.uasset'. Unknown extension 'uasset'.
[2015.11.27-15.23.11:637][410]LogAssetTools:Warning: Failed to import 'C:\Users\acer\Downloads\Materials/M_Ground_Gravel.uasset'. Unknown extension 'uasset'.
[2015.11.27-15.23.12:087][410]LogAssetTools:Warning: Failed to import 'C:\Users\acer\Downloads\Materials/M_Ground_Moss.uasset'. Unknown extension 'uasset'.
[2015.11.27-15.23.12:171][410]LogAssetTools:Warning: Failed to import 'C:\Users\acer\Downloads\Materials/M_Metal_Brushed_Nickel.uasset'. Unknown extension 'uasset'.
[2015.11.27-15.23.12:205][410]LogAssetTools:Warning: Failed to import 'C:\Users\acer\Downloads\Materials/M_Metal_Burnished_Steel.uasset'. Unknown extension 'uasset'.
[2015.11.27-15.23.12:229][410]LogAssetTools:Warning: Failed to import 'C:\Users\acer\Downloads\Materials/M_Metal_Chrome.uasset'. Unknown extension 'uasset'.
[2015.11.27-15.23.12:254][410]LogAssetTools:Warning: Failed to import 'C:\Users\acer\Downloads\Materials/M_Metal_Copper.uasset'. Unknown extension 'uasset'.
[2015.11.27-15.23.12:279][410]LogAssetTools:Warning: Failed to import 'C:\Users\acer\Downloads\Materials/M_Metal_Gold.uasset'. Unknown extension 'uasset'.
[2015.11.27-15.23.12:304][410]LogAssetTools:Warning: Failed to import 'C:\Users\acer\Downloads\Materials/M_Metal_Rust.uasset'. Unknown extension 'uasset'.
[2015.11.27-15.23.12:338][410]LogAssetTools:Warning: Failed to import 'C:\Users\acer\Downloads\Materials/M_Metal_Steel.uasset'. Unknown extension 'uasset'.
[2015.11.27-15.23.12:372][410]LogAssetTools:Warning: Failed to import 'C:\Users\acer\Downloads\Materials/M_Rock_Basalt.uasset'. Unknown extension 'uasset'.
[2015.11.27-15.23.12:438][410]LogAssetTools:Warning: Failed to import 'C:\Users\acer\Downloads\Materials/M_Rock_Marble_Polished.uasset'. Unknown extension 'uasset'.
[2015.11.27-15.23.12:537][410]LogAssetTools:Warning: Failed to import 'C:\Users\acer\Downloads\Materials/M_Rock_Sandstone.uasset'. Unknown extension 'uasset'.
[2015.11.27-15.23.12:687][410]LogAssetTools:Warning: Failed to import 'C:\Users\acer\Downloads\Materials/M_Rock_Slate.uasset'. Unknown extension 'uasset'.
[2015.11.27-15.23.12:886][410]LogAssetTools:Warning: Failed to import 'C:\Users\acer\Downloads\Materials/M_Tech_Checker_Dot.uasset'. Unknown extension 'uasset'.
[2015.11.27-15.23.13:070][410]LogAssetTools:Warning: Failed to import 'C:\Users\acer\Downloads\Materials/M_Tech_Hex_Tile.uasset'. Unknown extension 'uasset'.
[2015.11.27-15.23.13:153][410]LogAssetTools:Warning: Failed to import 'C:\Users\acer\Downloads\Materials/M_Tech_Hex_Tile_Pulse.uasset'. Unknown extension 'uasset'.
[2015.11.27-15.23.13:219][410]LogAssetTools:Warning: Failed to import 'C:\Users\acer\Downloads\Materials/M_Tech_Panel.uasset'. Unknown extension 'uasset'.
[2015.11.27-15.23.13:286][410]LogAssetTools:Warning: Failed to import 'C:\Users\acer\Downloads\Materials/M_Water_Lake.uasset'. Unknown extension 'uasset'.
[2015.11.27-15.23.13:353][410]LogAssetTools:Warning: Failed to import 'C:\Users\acer\Downloads\Materials/M_Water_Ocean.uasset'. Unknown extension 'uasset'.
[2015.11.27-15.23.13:420][410]LogAssetTools:Warning: Failed to import 'C:\Users\acer\Downloads\Materials/M_Wood_Floor_Walnut_Polished.uasset'. Unknown extension 'uasset'.
[2015.11.27-15.23.13:520][410]LogAssetTools:Warning: Failed to import 'C:\Users\acer\Downloads\Materials/M_Wood_Floor_Walnut_Worn.uasset'. Unknown extension 'uasset'.
[2015.11.27-15.23.13:620][410]LogAssetTools:Warning: Failed to import 'C:\Users\acer\Downloads\Materials/M_Wood_Oak.uasset'. Unknown extension 'uasset'.
[2015.11.27-15.23.13:736][410]LogAssetTools:Warning: Failed to import 'C:\Users\acer\Downloads\Materials/M_Wood_Pine.uasset'. Unknown extension 'uasset'.
[2015.11.27-15.23.13:870][410]LogAssetTools:Warning: Failed to import 'C:\Users\acer\Downloads\Materials/M_Wood_Walnut.uasset'. Unknown extension 'uasset'.
[2015.11.27-15.23.38:324][803]LogAssetTools:Warning: Failed to import 'C:\Users\acer\Downloads\Materials\M_Basic_Wall.uasset'. Unknown extension 'uasset'.
[2015.11.27-15.25.50:115][387]LogEditorViewport: Clicking on Actor (LMB): StaticMeshActor (Sphere)
[2015.11.27-15.31.25:496][815]LogAssetTools:Warning: Failed to import 'C:\Users\acer\Downloads\Materials\M_Metal_Brushed_Nickel.uasset'. Unknown extension 'uasset'.
[2015.11.27-15.33.44:782][179]LogGameProjectGeneration:Verbose: 'C:/Program Files (x86)/Epic Games/4.10/Templates/TP_RollingBP/Media/TP_RollingBP.png': Skipping as it is in an ignored folder 'Media'
[2015.11.27-15.33.44:782][179]LogGameProjectGeneration:Verbose: 'C:/Program Files (x86)/Epic Games/4.10/Templates/TP_RollingBP/Media/TP_RollingBP_Preview.png': Skipping as it is in an ignored folder 'Media'
[2015.11.27-15.33.45:224][180]Cmd: CLOSE_SLATE_MAINFRAME
[2015.11.27-15.33.48:145][180]LogWindowsTextInputMethodSystem:Display: IME system now activated using TSF (微軟注音).
[2015.11.27-15.33.48:146][180]LogWindowsTextInputMethodSystem:Display: IME system now activated using TSF (微軟注音).
[2015.11.27-15.33.48:350][180]LogWindowsTextInputMethodSystem:Display: IME system now activated using TSF (微軟注音).
[2015.11.27-15.33.48:351][180]LogWindowsTextInputMethodSystem:Display: IME system now activated using TSF (微軟注音).
[2015.11.27-15.33.49:061][181]Cmd: QUIT_EDITOR
[2015.11.27-15.33.49:329][181]LogWindowsTextInputMethodSystem:Display: IME system now activated using TSF (微軟注音).
[2015.11.27-15.33.49:329][181]LogWindowsTextInputMethodSystem:Display: IME system now activated using TSF (微軟注音).
[2015.11.27-15.33.49:744][181]LogExit: Preparing to exit.
[2015.11.27-15.33.51:342][181]LogExit: Editor shut down
[2015.11.27-15.33.51:355][181]LogExit: Transaction tracking system shut down
[2015.11.27-15.33.51:390][181]LogParticles: Destroying 0 GPU particle simulations for FXSystem 0x000000449B26F7E0
[2015.11.27-15.33.51:390][181]LogParticles: Destroying 0 GPU particle simulations for FXSystem 0x00000044BA1A82C0
[2015.11.27-15.33.52:214][181]LogParticles: Destroying 0 GPU particle simulations for FXSystem 0x0000004488AE5800
[2015.11.27-15.33.52:214][181]LogParticles: Destroying 0 GPU particle simulations for FXSystem 0x00000044D2FCB7E0
[2015.11.27-15.33.52:214][181]LogExit: Object subsystem successfully closed.
[2015.11.27-15.33.52:285][181]LogD3D11RHI: Shutdown
[2015.11.27-15.33.52:286][181]LogD3D11RHI: CleanupD3DDevice
[2015.11.27-15.33.52:411][181]LogD3D11RHI: ~FD3D11DynamicRHI
[2015.11.27-15.33.52:602][181]LogModuleManager: Shutting down and abandoning module ExternalImagePicker (200)
[2015.11.27-15.33.52:602][181]LogModuleManager: Shutting down and abandoning module CookingStats (199)
[2015.11.27-15.33.52:602][181]LogModuleManager: Shutting down and abandoning module CrashTracker (198)
[2015.11.27-15.33.52:602][181]LogModuleManager: Shutting down and abandoning module SceneOutliner (197)
[2015.11.27-15.33.52:602][181]LogModuleManager: Shutting down and abandoning module SuperSearch (196)
[2015.11.27-15.33.52:602][181]LogModuleManager: Shutting down and abandoning module WidgetCarousel (195)
[2015.11.27-15.33.52:603][181]LogModuleManager: Shutting down and abandoning module AddContentDialog (194)
[2015.11.27-15.33.52:619][181]LogModuleManager: Shutting down and abandoning module EditorWidgets (193)
[2015.11.27-15.33.52:619][181]LogModuleManager: Shutting down and abandoning module CollectionManager (192)
[2015.11.27-15.33.52:620][181]LogModuleManager: Shutting down and abandoning module StatsViewer (191)
[2015.11.27-15.33.52:621][181]LogModuleManager: Shutting down and abandoning module FoliageEdit (190)
[2015.11.27-15.33.52:622][181]LogModuleManager: Shutting down and abandoning module LandscapeEditor (189)
[2015.11.27-15.33.52:629][181]LogModuleManager: Shutting down and abandoning module ActorPickerMode (188)
[2015.11.27-15.33.52:629][181]LogModuleManager: Shutting down and abandoning module GeometryMode (187)
[2015.11.27-15.33.52:629][181]LogModuleManager: Shutting down and abandoning module TextureAlignMode (186)
[2015.11.27-15.33.52:629][181]LogModuleManager: Shutting down and abandoning module BspMode (185)
[2015.11.27-15.33.52:629][181]LogModuleManager: Shutting down and abandoning module PlacementMode (184)
[2015.11.27-15.33.52:629][181]LogModuleManager: Shutting down and abandoning module AutomationWorker (183)
[2015.11.27-15.33.52:629][181]LogModuleManager: Shutting down and abandoning module CharacterAI (182)
[2015.11.27-15.33.52:629][181]LogModuleManager: Shutting down and abandoning module SmartSnapping (181)
[2015.11.27-15.33.52:629][181]LogModuleManager: Shutting down and abandoning module ViewportSnapping (180)
[2015.11.27-15.33.52:630][181]LogModuleManager: Shutting down and abandoning module LogVisualizer (179)
[2015.11.27-15.33.52:678][181]LogModuleManager: Shutting down and abandoning module GameProjectGeneration (178)
[2015.11.27-15.33.52:678][181]LogModuleManager: Shutting down and abandoning module IntroTutorials (177)
[2015.11.27-15.33.52:681][181]LogModuleManager: Shutting down and abandoning module EditorLiveStreaming (176)
[2015.11.27-15.33.52:681][181]LogModuleManager: Shutting down and abandoning module IOSPlatformEditor (175)
[2015.11.27-15.33.52:687][181]LogModuleManager: Shutting down and abandoning module HTML5PlatformEditor (174)
[2015.11.27-15.33.52:687][181]LogModuleManager: Shutting down and abandoning module AndroidDeviceDetection (173)
[2015.11.27-15.33.52:958][181]LogModuleManager: Shutting down and abandoning module AndroidPlatformEditor (172)
[2015.11.27-15.33.52:958][181]LogModuleManager: Shutting down and abandoning module IOSRuntimeSettings (171)
[2015.11.27-15.33.52:958][181]LogModuleManager: Shutting down and abandoning module AndroidRuntimeSettings (170)
[2015.11.27-15.33.52:958][181]LogModuleManager: Shutting down and abandoning module MergeActors (169)
[2015.11.27-15.33.52:967][181]LogModuleManager: Shutting down and abandoning module SizeMap (168)
[2015.11.27-15.33.52:967][181]LogModuleManager: Shutting down and abandoning module TreeMap (167)
[2015.11.27-15.33.52:969][181]LogModuleManager: Shutting down and abandoning module ReferenceViewer (166)
[2015.11.27-15.33.52:975][181]LogModuleManager: Shutting down and abandoning module LocalizationService (165)
[2015.11.27-15.33.52:977][181]LogModuleManager: Shutting down and abandoning module LocalizationDashboard (164)
[2015.11.27-15.33.53:019][181]LogModuleManager: Shutting down and abandoning module HardwareTargeting (163)
[2015.11.27-15.33.53:019][181]LogModuleManager: Shutting down and abandoning module DeviceProfileEditor (162)
[2015.11.27-15.33.53:021][181]LogModuleManager: Shutting down and abandoning module UndoHistory (161)
[2015.11.27-15.33.53:024][181]LogModuleManager: Shutting down and abandoning module GameplayTagsEditor (160)
[2015.11.27-15.33.53:025][181]LogModuleManager: Shutting down and abandoning module UserFeedback (159)
[2015.11.27-15.33.53:025][181]LogModuleManager: Shutting down and abandoning module XmlParser (158)
[2015.11.27-15.33.53:026][181]LogModuleManager: Shutting down and abandoning module Blutility (157)
[2015.11.27-15.33.53:026][181]LogModuleManager: Shutting down and abandoning module ProjectTargetPlatformEditor (156)
[2015.11.27-15.33.53:028][181]LogModuleManager: Shutting down and abandoning module ProjectSettingsViewer (155)
[2015.11.27-15.33.53:029][181]LogModuleManager: Shutting down and abandoning module InputBindingEditor (154)
[2015.11.27-15.33.53:031][181]LogModuleManager: Shutting down and abandoning module EditorSettingsViewer (153)
[2015.11.27-15.33.53:032][181]LogModuleManager: Shutting down and abandoning module SettingsEditor (152)
[2015.11.27-15.33.53:032][181]LogModuleManager: Shutting down and abandoning module ProjectLauncher (151)
[2015.11.27-15.33.53:035][181]LogModuleManager: Shutting down and abandoning module SessionFrontend (150)
[2015.11.27-15.33.53:037][181]LogModuleManager: Shutting down and abandoning module ProfilerClient (149)
[2015.11.27-15.33.53:038][181]LogModuleManager: Shutting down and abandoning module TargetDeviceServices (148)
[2015.11.27-15.33.53:038][181]LogModuleManager: Shutting down and abandoning module DeviceManager (147)
[2015.11.27-15.33.53:042][181]LogModuleManager: Shutting down and abandoning module AutomationController (146)
[2015.11.27-15.33.53:049][181]LogModuleManager: Shutting down and abandoning module AutomationWindow (145)
[2015.11.27-15.33.53:050][181]LogModuleManager: Shutting down and abandoning module Layers (144)
[2015.11.27-15.33.53:054][181]LogModuleManager: Shutting down and abandoning module ComponentVisualizers (143)
[2015.11.27-15.33.53:054][181]LogModuleManager: Shutting down and abandoning module DetailCustomizations (142)
[2015.11.27-15.33.53:055][181]LogModuleManager: Shutting down and abandoning module PackagesDialog (141)
[2015.11.27-15.33.53:058][181]LogModuleManager: Shutting down and abandoning module Persona (140)
[2015.11.27-15.33.53:062][181]LogModuleManager: Shutting down and abandoning module Kismet (139)
[2015.11.27-15.33.53:070][181]LogModuleManager: Shutting down and abandoning module GraphEditor (138)
[2015.11.27-15.33.53:075][181]LogModuleManager: Shutting down and abandoning module ClassViewer (137)
[2015.11.27-15.33.53:076][181]LogModuleManager: Shutting down and abandoning module Toolbox (136)
[2015.11.27-15.33.53:076][181]LogModuleManager: Shutting down and abandoning module ModuleUI (135)
[2015.11.27-15.33.53:077][181]LogModuleManager: Shutting down and abandoning module MovieSceneTools (134)
[2015.11.27-15.33.53:079][181]LogModuleManager: Shutting down and abandoning module OutputLog (133)
[2015.11.27-15.33.53:080][181]LogModuleManager: Shutting down and abandoning module GammaUI (132)
[2015.11.27-15.33.53:080][181]LogModuleManager: Shutting down and abandoning module Documentation (131)
[2015.11.27-15.33.53:080][181]LogModuleManager: Shutting down and abandoning module GameLiveStreaming (130)
[2015.11.27-15.33.53:081][181]LogModuleManager: Shutting down and abandoning module StreamingPauseRendering (129)
[2015.11.27-15.33.53:081][181]LogModuleManager: Shutting down and abandoning module AnalyticsET (128)
[2015.11.27-15.33.53:081][181]LogModuleManager: Shutting down and abandoning module Analytics (127)
[2015.11.27-15.33.53:081][181]LogModuleManager: Shutting down and abandoning module AITestSuite (126)
[2015.11.27-15.33.53:082][181]LogModuleManager: Shutting down and abandoning module GameplayDebugger (125)
[2015.11.27-15.33.53:083][181]LogModuleManager: Shutting down and abandoning module AIModule (124)
[2015.11.27-15.33.53:084][181]LogModuleManager: Shutting down and abandoning module ProfilerService (123)
[2015.11.27-15.33.53:103][181]LogModuleManager: Shutting down and abandoning module TaskGraph (122)
[2015.11.27-15.33.53:104][181]LogModuleManager: Shutting down and abandoning module SlateRemote (121)
[2015.11.27-15.33.53:104][181]LogModuleManager: Shutting down and abandoning module SteamVRController (120)
[2015.11.27-15.33.53:105][181]LogModuleManager: Shutting down and abandoning module SteamVR (119)
[2015.11.27-15.33.53:105][181]LogModuleManager: Shutting down and abandoning module ProceduralMeshComponent (118)
[2015.11.27-15.33.53:105][181]LogModuleManager: Shutting down and abandoning module OculusLibrary (117)
[2015.11.27-15.33.53:105][181]LogModuleManager: Shutting down and abandoning module OculusInput (116)
[2015.11.27-15.33.53:105][181]LogModuleManager: Shutting down and abandoning module LeapMotionController (115)
[2015.11.27-15.33.53:210][181]LogModuleManager: Shutting down and abandoning module CustomMeshComponent (114)
[2015.11.27-15.33.53:210][181]LogModuleManager: Shutting down and abandoning module CableComponent (113)
[2015.11.27-15.33.53:211][181]LogModuleManager: Shutting down and abandoning module ArchVisCharacter (112)
[2015.11.27-15.33.53:211][181]LogModuleManager: Shutting down and abandoning module MessagingDebugger (111)
[2015.11.27-15.33.53:213][181]LogModuleManager: Shutting down and abandoning module MediaPlayerEditor (110)
[2015.11.27-15.33.53:215][181]LogModuleManager: Shutting down and abandoning module HTML5Networking (109)
[2015.11.27-15.33.53:215][181]LogModuleManager: Shutting down and abandoning module SpeedTreeImporter (108)
[2015.11.27-15.33.53:215][181]LogModuleManager: Shutting down and abandoning module PluginBrowser (107)
[2015.11.27-15.33.53:218][181]LogModuleManager: Shutting down and abandoning module EpicSurvey (106)
[2015.11.27-15.33.53:218][181]LogModuleManager: Shutting down and abandoning module DesktopPlatform (105)
[2015.11.27-15.33.53:218][181]LogModuleManager: Shutting down and abandoning module VisualStudioSourceCodeAccess (104)
[2015.11.27-15.33.53:218][181]LogModuleManager: Shutting down and abandoning module UObjectPlugin (103)
[2015.11.27-15.33.53:218][181]LogModuleManager: Shutting down and abandoning module SubversionSourceControl (102)
[2015.11.27-15.33.53:220][181]LogModuleManager: Shutting down and abandoning module PerforceSourceControl (101)
[2015.11.27-15.33.53:223][181]LogModuleManager: Shutting down and abandoning module SourceControl (100)
[2015.11.27-15.33.53:224][181]LogModuleManager: Shutting down and abandoning module GitSourceControl (99)
[2015.11.27-15.33.53:224][181]LogModuleManager: Shutting down and abandoning module LightPropagationVolumeEditor (98)
[2015.11.27-15.33.53:224][181]LogModuleManager: Shutting down and abandoning module PaperTiledImporter (97)
[2015.11.27-15.33.53:225][181]LogModuleManager: Shutting down and abandoning module PaperSpriteSheetImporter (96)
[2015.11.27-15.33.53:225][181]LogModuleManager: Shutting down and abandoning module MeshPaint (95)
[2015.11.27-15.33.53:225][181]LogModuleManager: Shutting down and abandoning module SlateReflector (94)
[2015.11.27-15.33.53:226][181]LogModuleManager: Shutting down and abandoning module HotReload (93)
[2015.11.27-15.33.53:227][181]LogModuleManager: Shutting down and abandoning module MainFrame (92)
[2015.11.27-15.33.53:227][181]LogModuleManager: Shutting down and abandoning module LevelEditor (91)
[2015.11.27-15.33.53:231][181]LogModuleManager: Shutting down and abandoning module DirectoryWatcher (90)
[2015.11.27-15.33.53:239][181]LogModuleManager: Shutting down and abandoning module AssetRegistry (89)
[2015.11.27-15.33.53:439][181]LogModuleManager: Shutting down and abandoning module ContentBrowser (88)
[2015.11.27-15.33.53:443][181]LogModuleManager: Shutting down and abandoning module Paper2DEditor (87)
[2015.11.27-15.33.53:445][181]LogModuleManager: Shutting down and abandoning module UdpMessaging (86)
[2015.11.27-15.33.53:547][181]LogModuleManager: Shutting down and abandoning module LightPropagationVolumeRuntime (85)
[2015.11.27-15.33.53:547][181]LogModuleManager: Shutting down and abandoning module Paper2D (84)
[2015.11.27-15.33.53:552][181]LogModuleManager: Shutting down and abandoning module WindowsMoviePlayer (83)
[2015.11.27-15.33.53:605][181]LogModuleManager: Shutting down and abandoning module Media (82)
[2015.11.27-15.33.53:605][181]LogModuleManager: Shutting down and abandoning module WmfMedia (81)
[2015.11.27-15.33.53:606][181]LogModuleManager: Shutting down and abandoning module OnlineBlueprintSupport (80)
[2015.11.27-15.33.53:606][181]LogModuleManager: Shutting down and abandoning module GameplayTasksEditor (79)
[2015.11.27-15.33.53:606][181]LogModuleManager: Shutting down and abandoning module PropertyEditor (78)
[2015.11.27-15.33.53:607][181]LogModuleManager: Shutting down and abandoning module BehaviorTreeEditor (77)
[2015.11.27-15.33.53:609][181]LogModuleManager: Shutting down and abandoning module FunctionalTesting (76)
[2015.11.27-15.33.53:609][181]LogModuleManager: Shutting down and abandoning module CollisionAnalyzer (75)
[2015.11.27-15.33.53:610][181]LogModuleManager: Shutting down and abandoning module WorkspaceMenuStructure (74)
[2015.11.27-15.33.53:611][181]LogModuleManager: Shutting down and abandoning module MessageLog (73)
[2015.11.27-15.33.53:611][181]LogModuleManager: Shutting down and abandoning module Sequencer (72)
[2015.11.27-15.33.53:614][181]LogModuleManager: Shutting down and abandoning module AssetTools (71)
[2015.11.27-15.33.53:616][181]LogModuleManager: Shutting down and abandoning module UMGEditor (70)
[2015.11.27-15.33.53:618][181]LogModuleManager: Shutting down and abandoning module UMG (69)
[2015.11.27-15.33.53:620][181]LogModuleManager: Shutting down and abandoning module Slate (68)
[2015.11.27-15.33.53:620][181]LogModuleManager: Shutting down and abandoning module EditorStyle (67)
[2015.11.27-15.33.53:629][181]LogModuleManager: Shutting down and abandoning module SessionServices (66)
[2015.11.27-15.33.53:630][181]LogModuleManager: Shutting down and abandoning module SourceCodeAccess (65)
[2015.11.27-15.33.53:630][181]LogModuleManager: Shutting down and abandoning module HeadMountedDisplay (64)
[2015.11.27-15.33.53:630][181]LogModuleManager: Shutting down and abandoning module XAudio2 (63)
[2015.11.27-15.33.53:630][181]LogModuleManager: Shutting down and abandoning module Networking (61)
[2015.11.27-15.33.53:630][181]LogModuleManager: Shutting down and abandoning module Core (60)
[2015.11.27-15.33.53:630][181]LogModuleManager: Shutting down and abandoning module KismetCompiler (59)
[2015.11.27-15.33.53:630][181]LogModuleManager: Shutting down and abandoning module PhysXFormats (58)
[2015.11.27-15.33.53:631][181]LogModuleManager: Shutting down and abandoning module MeshUtilities (57)
[2015.11.27-15.33.53:632][181]LogModuleManager: Shutting down and abandoning module DerivedDataCache (56)
[2015.11.27-15.33.53:668][181]LogDerivedDataCache: Shutdown
[2015.11.27-15.33.53:668][181]LogModuleManager: Shutting down and abandoning module ShaderFormatOpenGL (55)
[2015.11.27-15.33.53:690][181]LogModuleManager: Shutting down and abandoning module ShaderFormatD3D (54)
[2015.11.27-15.33.53:690][181]LogModuleManager: Shutting down and abandoning module MetalShaderFormat (53)
[2015.11.27-15.33.53:691][181]LogModuleManager: Shutting down and abandoning module TextureFormatUncompressed (52)
[2015.11.27-15.33.53:691][181]LogModuleManager: Shutting down and abandoning module TextureFormatPVR (51)
[2015.11.27-15.33.53:691][181]LogModuleManager: Shutting down and abandoning module TextureFormatIntelISPCTexComp (50)
[2015.11.27-15.33.53:692][181]LogModuleManager: Shutting down and abandoning module TextureFormatDXT (49)
[2015.11.27-15.33.53:692][181]LogModuleManager: Shutting down and abandoning module ImageWrapper (48)
[2015.11.27-15.33.53:692][181]LogModuleManager: Shutting down and abandoning module TextureFormatASTC (47)
[2015.11.27-15.33.53:692][181]LogModuleManager: Shutting down and abandoning module TextureFormatAndroid (46)
[2015.11.27-15.33.53:692][181]LogModuleManager: Shutting down and abandoning module AudioFormatOpus (45)
[2015.11.27-15.33.53:692][181]LogModuleManager: Shutting down and abandoning module AudioFormatOgg (44)
[2015.11.27-15.33.53:692][181]LogModuleManager: Shutting down and abandoning module AudioFormatADPCM (43)
[2015.11.27-15.33.53:692][181]LogModuleManager: Shutting down and abandoning module LinuxTargetPlatform (42)
[2015.11.27-15.33.53:693][181]LogModuleManager: Shutting down and abandoning module LinuxServerTargetPlatform (41)
[2015.11.27-15.33.53:693][181]LogModuleManager: Shutting down and abandoning module LinuxNoEditorTargetPlatform (40)
[2015.11.27-15.33.53:693][181]LogModuleManager: Shutting down and abandoning module Messaging (39)
[2015.11.27-15.33.53:693][181]LogModuleManager: Shutting down and abandoning module IOSTargetPlatform (38)
[2015.11.27-15.33.53:693][181]LogModuleManager: Shutting down and abandoning module HTML5TargetPlatform (37)
[2015.11.27-15.33.53:693][181]LogModuleManager: Shutting down and abandoning module Android_PVRTCTargetPlatform (36)
[2015.11.27-15.33.53:693][181]LogModuleManager: Shutting down and abandoning module Android_MultiTargetPlatform (35)
[2015.11.27-15.33.53:693][181]LogModuleManager: Shutting down and abandoning module Android_ETC2TargetPlatform (34)
[2015.11.27-15.33.53:694][181]LogModuleManager: Shutting down and abandoning module Android_ETC1TargetPlatform (33)
[2015.11.27-15.33.53:694][181]LogModuleManager: Shutting down and abandoning module Android_DXTTargetPlatform (32)
[2015.11.27-15.33.53:694][181]LogModuleManager: Shutting down and abandoning module Android_ATCTargetPlatform (31)
[2015.11.27-15.33.53:694][181]LogModuleManager: Shutting down and abandoning module Android_ASTCTargetPlatform (30)
[2015.11.27-15.33.53:694][181]LogModuleManager: Shutting down and abandoning module AndroidTargetPlatform (29)
[2015.11.27-15.33.53:694][181]LogModuleManager: Shutting down and abandoning module WindowsTargetPlatform (28)
[2015.11.27-15.33.53:694][181]LogModuleManager: Shutting down and abandoning module WindowsServerTargetPlatform (27)
[2015.11.27-15.33.53:694][181]LogModuleManager: Shutting down and abandoning module WindowsNoEditorTargetPlatform (26)
[2015.11.27-15.33.53:694][181]LogModuleManager: Shutting down and abandoning module WindowsClientTargetPlatform (25)
[2015.11.27-15.33.53:695][181]LogModuleManager: Shutting down and abandoning module AllDesktopTargetPlatform (24)
[2015.11.27-15.33.53:695][181]LogModuleManager: Shutting down and abandoning module TargetPlatform (23)
[2015.11.27-15.33.53:695][181]LogModuleManager: Shutting down and abandoning module InputCore (22)
[2015.11.27-15.33.53:696][181]LogModuleManager: Shutting down and abandoning module Settings (21)
[2015.11.27-15.33.53:696][181]LogModuleManager: Shutting down and abandoning module OnlineSubsystem (19)
[2015.11.27-15.33.53:696][181]LogModuleManager: Shutting down and abandoning module HTTP (18)
[2015.11.27-15.33.55:711][181]LogModuleManager: Shutting down and abandoning module XMPP (17)
[2015.11.27-15.33.55:711][181]LogModuleManager: Shutting down and abandoning module OculusRift (16)
[2015.11.27-15.33.55:712][181]LogModuleManager: Shutting down and abandoning module ExampleDeviceProfileSelector (15)
[2015.11.27-15.33.55:712][181]LogModuleManager: Shutting down and abandoning module TextureCompressor (14)
[2015.11.27-15.33.55:713][181]LogModuleManager: Shutting down and abandoning module ShaderCore (13)
[2015.11.27-15.33.55:713][181]LogModuleManager: Shutting down and abandoning module Landscape (12)
[2015.11.27-15.33.55:713][181]LogModuleManager: Shutting down and abandoning module SlateRHIRenderer (11)
[2015.11.27-15.33.55:737][181]LogModuleManager: Shutting down and abandoning module OpenGLDrv (10)
[2015.11.27-15.33.55:738][181]LogModuleManager: Shutting down and abandoning module D3D11RHI (9)
[2015.11.27-15.33.55:738][181]LogModuleManager: Shutting down and abandoning module AnimGraphRuntime (8)
[2015.11.27-15.33.55:738][181]LogModuleManager: Shutting down and abandoning module Renderer (7)
[2015.11.27-15.33.55:738][181]LogModuleManager: Shutting down and abandoning module Engine (6)
[2015.11.27-15.33.55:738][181]LogModuleManager: Shutting down and abandoning module CoreUObject (5)
[2015.11.27-15.33.55:738][181]LogModuleManager: Shutting down and abandoning module NetworkFile (4)
[2015.11.27-15.33.55:739][181]LogModuleManager: Shutting down and abandoning module StreamingFile (3)
[2015.11.27-15.33.55:739][181]LogModuleManager: Shutting down and abandoning module SandboxFile (2)
[2015.11.27-15.33.55:740][181]LogModuleManager: Shutting down and abandoning module PakFile (1)
[2015.11.27-15.33.55:832][181]LogExit: Exiting.
[2015.11.27-15.33.56:014][181]Log file closed, 11/27/15 23:33:56
