[2015.12.04-12.35.56:083][  0]Log file open, 12/04/15 20:35:56
[2015.12.04-12.35.56:083][  0]LogInit:Display: Running engine for game: GravityBall
[2015.12.04-12.35.56:083][  0]LogPlatformFile: Not using cached read wrapper
[2015.12.04-12.35.56:083][  0]LogInit:Display: RandInit(-829419350) SRandInit(-829419349).
[2015.12.04-12.35.56:083][  0]LogTaskGraph: Started task graph with 4 named threads and 7 total threads.
[2015.12.04-12.35.56:083][  0]LogStats: Stats thread started at 0.123365
[2015.12.04-12.35.56:083][  0]LogInit: Version: 4.10.0-2758231+++depot+UE4-Releases+4.10
[2015.12.04-12.35.56:083][  0]LogInit: API Version: 2758231
[2015.12.04-12.35.56:083][  0]LogInit: Compiled (64-bit): Nov  7 2015 05:13:45
[2015.12.04-12.35.56:083][  0]LogInit: Compiled with Visual C++: 19.00.23026.00
[2015.12.04-12.35.56:083][  0]LogInit: Build Configuration: Development
[2015.12.04-12.35.56:083][  0]LogInit: Branch Name: ++depot+UE4-Releases+4.10
[2015.12.04-12.35.56:083][  0]LogInit: Command line:  
[2015.12.04-12.35.56:083][  0]LogInit: Base directory: I:/Program Files (x86)/Epic Games/4.10/Engine/Binaries/Win64/
[2015.12.04-12.35.56:083][  0]LogInit: Rocket: 1
[2015.12.04-12.35.56:244][  0]LogInit: Using libcurl 7.41.0
[2015.12.04-12.35.56:244][  0]LogInit:  - built for x86_64-pc-win32
[2015.12.04-12.35.56:244][  0]LogInit:  - supports SSL with WinSSL
[2015.12.04-12.35.56:244][  0]LogInit:  - other features:
[2015.12.04-12.35.56:244][  0]LogInit:      CURL_VERSION_SSL
[2015.12.04-12.35.56:244][  0]LogInit:      CURL_VERSION_IPV6
[2015.12.04-12.35.56:244][  0]LogInit:      CURL_VERSION_ASYNCHDNS
[2015.12.04-12.35.56:244][  0]LogInit:      CURL_VERSION_LARGEFILE
[2015.12.04-12.35.56:244][  0]LogInit:      CURL_VERSION_IDN
[2015.12.04-12.35.56:244][  0]LogInit:  CurlRequestOptions (configurable via config and command line):
[2015.12.04-12.35.56:244][  0]LogInit:  - bVerifyPeer = true  - Libcurl will verify peer certificate
[2015.12.04-12.35.56:244][  0]LogInit:  - bUseHttpProxy = false  - Libcurl will NOT use HTTP proxy
[2015.12.04-12.35.56:244][  0]LogInit:  - bDontReuseConnections = false  - Libcurl will reuse connections
[2015.12.04-12.35.56:244][  0]LogInit:  - CertBundlePath = nullptr  - Libcurl will use whatever was configured at build time.
[2015.12.04-12.35.56:324][  0]LogInit: Presizing for 0 objects not considered by GC, pre-allocating 0 bytes.
[2015.12.04-12.35.56:331][  0]LogInit: Object subsystem initialized
[2015.12.04-12.35.56:332][  0]LogInit: Selected Device Profile: [Windows]
[2015.12.04-12.35.56:332][  0]LogInit: Applying CVar settings loaded from the selected device profile: [Windows]
[2015.12.04-12.35.56:349][  0]LogInit: Computer: KOBE-PC
[2015.12.04-12.35.56:349][  0]LogInit: User: kobe
[2015.12.04-12.35.56:349][  0]LogInit: CPU Page size=4096, Cores=4
[2015.12.04-12.35.56:349][  0]LogInit: High frequency timer resolution =3.421334 MHz
[2015.12.04-12.35.56:349][  0]LogMemory: Memory total: Physical=8.0GB (8GB approx)
[2015.12.04-12.35.56:349][  0]LogMemory: Platform Memory Stats for Windows
[2015.12.04-12.35.56:349][  0]LogMemory: Process Physical Memory: 56.30 MB used, 56.30 MB peak
[2015.12.04-12.35.56:349][  0]LogMemory: Process Virtual Memory: 58.63 MB used, 58.63 MB peak
[2015.12.04-12.35.56:349][  0]LogMemory: Physical Memory: 4976.91 MB used, 8154.23 MB total
[2015.12.04-12.35.56:349][  0]LogMemory: Virtual Memory: 384.18 MB used, 134217728.00 MB total
[2015.12.04-12.35.56:689][  0]LogTextLocalizationManager: No translations for ('zh-TW') exist, falling back to 'en' for localization and internationalization data.
[2015.12.04-12.35.57:567][  0]LogD3D11RHI: Found D3D11 adapter 0: NVIDIA GeForce GTX 560 Ti   (Feature Level 11_0)
[2015.12.04-12.35.57:567][  0]LogD3D11RHI: Adapter has 973MB of dedicated video memory, 0MB of dedicated system memory, and 3071MB of shared system memory, 2 output[s]
[2015.12.04-12.35.57:568][  0]LogD3D11RHI: Found D3D11 adapter 1: Microsoft Basic Render Driver (Feature Level 11_0)
[2015.12.04-12.35.57:568][  0]LogD3D11RHI: Adapter has 0MB of dedicated video memory, 0MB of dedicated system memory, and 4077MB of shared system memory, 0 output[s]
[2015.12.04-12.35.57:569][  0]LogD3D11RHI: Chosen D3D11 Adapter Id = 0
[2015.12.04-12.35.57:572][  0]LogD3D11RHI: !Direct3DDevice
[2015.12.04-12.35.57:572][  0]LogRHI: Texture pool is 681 MB (70% of 973 MB)
[2015.12.04-12.35.57:582][  0]LogD3D11RHI: Async texture creation enabled
[2015.12.04-12.35.57:915][  0]LogShaderCompilers: Guid format shader working directory is 2 characters bigger than the processId version (../../../../../../Irene/GravityBall(Unreal)/Intermediate/Shaders/WorkingDirectory/5276/).
[2015.12.04-12.35.57:916][  0]LogShaderCompilers: Cleaned the shader compiler working directory 'C:/Users/kobe/AppData/Local/Temp/UnrealShaderWorkingDir/7161D9E74CA3E3AC854A1197B8D00E47/'.
[2015.12.04-12.35.57:916][  0]LogShaderCompilers:Display: Using Local Shader Compiler.
[2015.12.04-12.36.01:244][  0]LogTemp:Display: Loaded TP AllDesktopTargetPlatform
[2015.12.04-12.36.01:249][  0]LogTemp:Display: Loaded TP WindowsClientTargetPlatform
[2015.12.04-12.36.01:253][  0]LogTemp:Display: Loaded TP WindowsNoEditorTargetPlatform
[2015.12.04-12.36.01:259][  0]LogTemp:Display: Loaded TP WindowsServerTargetPlatform
[2015.12.04-12.36.01:263][  0]LogTemp:Display: Loaded TP WindowsTargetPlatform
[2015.12.04-12.36.01:266][  0]LogTemp:Display: Loaded TP AndroidTargetPlatform
[2015.12.04-12.36.01:270][  0]LogTemp:Display: Loaded TP Android_ASTCTargetPlatform
[2015.12.04-12.36.01:272][  0]LogTemp:Display: Loaded TP Android_ATCTargetPlatform
[2015.12.04-12.36.01:276][  0]LogTemp:Display: Loaded TP Android_DXTTargetPlatform
[2015.12.04-12.36.01:279][  0]LogTemp:Display: Loaded TP Android_ETC1TargetPlatform
[2015.12.04-12.36.01:282][  0]LogTemp:Display: Loaded TP Android_ETC2TargetPlatform
[2015.12.04-12.36.01:288][  0]LogTemp:Display: Loaded TP Android_MultiTargetPlatform
[2015.12.04-12.36.01:288][  0]LogTemp:Display: Loaded TP Android_PVRTCTargetPlatform
[2015.12.04-12.36.01:290][  0]LogTemp:Display: Loaded TP HTML5TargetPlatform
[2015.12.04-12.36.01:372][  0]LogTemp:Display: Loaded TP IOSTargetPlatform
[2015.12.04-12.36.01:375][  0]LogTemp:Display: Loaded TP LinuxNoEditorTargetPlatform
[2015.12.04-12.36.01:378][  0]LogTemp:Display: Loaded TP LinuxServerTargetPlatform
[2015.12.04-12.36.01:389][  0]LogTemp:Display: Loaded TP LinuxTargetPlatform
[2015.12.04-12.36.01:389][  0]LogTargetPlatformManager:Display: Building Assets For Windows
[2015.12.04-12.36.01:998][  0]LogDerivedDataCache:Display: Max Cache Size: 512 MB
[2015.12.04-12.36.02:163][  0]LogDerivedDataCache: Loaded boot cache 0.16s 41MB C:/Users/kobe/AppData/Local/UnrealEngine/4.10/DerivedDataCache/Boot.ddc.
[2015.12.04-12.36.02:163][  0]LogDerivedDataCache:Display: Loaded Boot cache: C:/Users/kobe/AppData/Local/UnrealEngine/4.10/DerivedDataCache/Boot.ddc
[2015.12.04-12.36.02:163][  0]LogDerivedDataCache: FDerivedDataBackendGraph:  Pak pak cache file ../../../../../../Irene/GravityBall(Unreal)/DerivedDataCache/DDC.ddp not found, will not use a pak cache.
[2015.12.04-12.36.02:163][  0]LogDerivedDataCache: Unable to find inner node Pak for hierarchical cache Hierarchy.
[2015.12.04-12.36.02:163][  0]LogDerivedDataCache: FDerivedDataBackendGraph:  CompressedPak pak cache file ../../../../../../Irene/GravityBall(Unreal)/DerivedDataCache/Compressed.ddp not found, will not use a pak cache.
[2015.12.04-12.36.02:163][  0]LogDerivedDataCache: Unable to find inner node CompressedPak for hierarchical cache Hierarchy.
[2015.12.04-12.36.02:309][  0]LogDerivedDataCache:Display: Pak cache opened for reading ../../../Engine/DerivedDataCache/Compressed.ddp.
[2015.12.04-12.36.02:321][  0]LogDerivedDataCache: Using Local data cache path C:/Users/kobe/AppData/Local/UnrealEngine/Common/DerivedDataCache: Writable
[2015.12.04-12.36.11:279][  0]LogInit: Selected Device Profile: [Windows]
[2015.12.04-12.36.11:358][  0]LogContentStreaming: Texture pool size is 0.000000MB
[2015.12.04-12.36.12:408][  0]LogMeshUtilities: No automatic mesh reduction module available
[2015.12.04-12.36.12:408][  0]LogMeshUtilities: No automatic mesh merging module available
[2015.12.04-12.36.15:462][  0]LogInit: WinSock: version 1.1 (2.2), MaxSocks=32767, MaxUdp=65467
[2015.12.04-12.36.25:929][  0]UdpMessaging: Initializing bridge on interface 0.0.0.0:0 to multicast group 230.0.0.1:6666.
[2015.12.04-12.36.26:752][  0]LogAssetRegistry: FAssetRegistry took 0.0327 seconds to start up
[2015.12.04-12.36.29:254][  0]SourceControl: Info Source control is disabled
[2015.12.04-12.36.29:279][  0]SourceControl: Info Source control is disabled
[2015.12.04-12.36.29:390][  0]SourceControl: Info Source control is disabled
[2015.12.04-12.36.29:405][  0]SourceControl: Info Source control is disabled
[2015.12.04-12.36.30:553][  0]LogObj: 28633 objects as part of root set at end of initial load.
[2015.12.04-12.36.30:553][  0]LogUObjectAllocator: 6099744 out of 0 bytes used by permanent object pool.
[2015.12.04-12.36.31:383][  0]LogEngine: Initializing Engine...
[2015.12.04-12.36.31:416][  0]LogHMD: Can't find Oculus library dev build: is proper Runtime installed? Version: 0.8.0.0
[2015.12.04-12.36.31:432][  0]LogHMD: SteamVR failed to initialize.  Err: 110
[2015.12.04-12.36.32:310][  0]LogAIModule: Creating AISystem for world NewWorld
[2015.12.04-12.36.32:518][  0]LogInit: XAudio2 using '喇叭 (VIA HD Audio)' : 2 channels at 48 kHz using 32 bits per sample (channel mask 0x3)
[2015.12.04-12.36.32:533][  0]LogInit: FAudioDevice initialized.
[2015.12.04-12.36.32:551][  0]LogDerivedDataCache: Saved boot cache 0.02s 41MB C:/Users/kobe/AppData/Local/UnrealEngine/4.10/DerivedDataCache/Boot.ddc.
[2015.12.04-12.36.32:553][  0]LogInit: Texture streaming: Enabled
[2015.12.04-12.36.32:587][  0]LogAnalytics: Creating configured Analytics provider AnalyticsET
[2015.12.04-12.36.32:587][  0]LogAnalytics: [UEEditor.Rocket.Release] APIServer = http://et2.epicgames.com/ET2/. AppVersion = 4.10.0-2758231+++depot+UE4-Releases+4.10
[2015.12.04-12.36.32:587][  0]LogAnalytics: [UEEditor.Rocket.Release] SetUserId a7ad9f804d206c42366b9fbf7e3f6747|7ab9c2e1b7464127a7a1e84c1ac07d12|f09af62b-db99-4ac1-bb79-bfe136e8c522
[2015.12.04-12.36.32:602][  0]LogAnalytics: [UEEditor.Rocket.Release] AnalyticsET::StartSession
[2015.12.04-12.36.32:643][  0]LogWindowsTextInputMethodSystem:Display: IME system now activated using TSF (微軟注音).
[2015.12.04-12.36.33:432][  0]LogInit: Transaction tracking system initialized
[2015.12.04-12.36.36:070][  0]BlueprintLog: New page: Editor Load
[2015.12.04-12.36.37:853][  0]LocalizationService: Info Localization service is disabled
[2015.12.04-12.36.39:151][  0]LogConsoleResponse:Display: 
[2015.12.04-12.36.46:994][  0]LogFileCache: Scanning file cache for directory 'I:/Irene/GravityBall(Unreal)/Content/' took 0.01s
[2015.12.04-12.36.46:994][  0]LogCook:Display: Done creating registry. It took  0.00s.
[2015.12.04-12.36.49:057][  0]SourceControl: Info Source control is disabled
[2015.12.04-12.36.49:224][  0]Cmd: MAP LOAD FILE="../../../../../../Irene/GravityBall(Unreal)/Content/RollingMap.umap" TEMPLATE=0 SHOWPROGRESS=1 FEATURELEVEL=3
[2015.12.04-12.36.49:365][  0]LightingResults: New page: Lighting Build
[2015.12.04-12.36.49:831][  0]MapCheck: New page: Map Check
[2015.12.04-12.36.49:831][  0]LightingResults: New page: Lighting Build
[2015.12.04-12.36.50:641][  0]LogParticles: Destroying 0 GPU particle simulations for FXSystem 0x0000014D10237420
[2015.12.04-12.36.52:883][  0]LogAIModule: Creating AISystem for world RollingMap
[2015.12.04-12.36.53:400][  0]LogEditorServer: Finished looking for orphan Actors (0.007 secs)
[2015.12.04-12.36.53:425][  0]Cmd: MAP CHECKDEP NOCLEARLOG
[2015.12.04-12.36.53:544][  0]MapCheck: Info Map check complete: 0 Error(s), 0 Warning(s), took 118.315ms to complete.
[2015.12.04-12.36.53:550][  0]LogFileHelpers: Loading map 'RollingMap' took 4.405
[2015.12.04-12.36.54:964][  0]LogCollectionManager: Loaded 0 collections in 0.002419 seconds
[2015.12.04-12.36.55:093][  0]LogFileCache: Scanning file cache for directory 'I:/Irene/GravityBall(Unreal)/Saved/Collections/' took 0.01s
[2015.12.04-12.36.55:094][  0]LogFileCache: Scanning file cache for directory 'I:/Irene/GravityBall(Unreal)/Content/Developers/kobe/Collections/' took 0.01s
[2015.12.04-12.36.55:094][  0]LogFileCache: Scanning file cache for directory 'I:/Irene/GravityBall(Unreal)/Content/Collections/' took 0.01s
[2015.12.04-12.36.55:094][  0]LogCollectionManager: Rebuilt the GUID cache for 0 collections in 0.000004 seconds
[2015.12.04-12.36.55:109][  0]LogContentBrowser: Native class hierarchy populated in 0.0152 seconds. Added 1893 classes and 338 folders.
[2015.12.04-12.36.55:204][  0]LogContentBrowser: Native class hierarchy updated for 'WidgetCarousel' in 0.0005 seconds. Added 0 classes and 0 folders.
[2015.12.04-12.36.56:217][  0]LogContentBrowser: Native class hierarchy updated for 'AddContentDialog' in 0.0005 seconds. Added 0 classes and 0 folders.
[2015.12.04-12.36.56:335][  0]LogContentBrowser: Native class hierarchy updated for 'SceneOutliner' in 0.0006 seconds. Added 1 classes and 2 folders.
[2015.12.04-12.36.57:320][  0]LogCrashTracker: Crashtracker disabled due to settings.
[2015.12.04-12.36.57:666][  0]LogUObjectGlobals:Warning: Failed to find object 'Class None.'
[2015.12.04-12.36.57:749][  0]LogLoad: Full Startup: 62.81 seconds (BP compile: 0.86 seconds)
[2015.12.04-12.36.57:788][  0]LogOcInput: Can't find Oculus library dev build: is proper Runtime installed? Version: 0.8.0.0
[2015.12.04-12.36.58:185][  0]LogContentStreaming: Texture pool size now 1000 MB
[2015.12.04-12.36.58:701][  0]LogRenderer: Reallocating scene render targets to support 1208x572 (Frame:2).
[2015.12.04-12.36.59:654][  5]LogAssetRegistry: Asset discovery search completed in 32.9130 seconds
[2015.12.04-12.36.59:685][  5]LogCollectionManager: Rebuilt the object cache for 0 collections in 0.000001 seconds (found 0 objects)
[2015.12.04-12.36.59:685][  5]LogCollectionManager: Fixed up redirectors for 0 collections in 0.000062 seconds (updated 0 objects)
[2015.12.04-12.37.04:890][580]LogLinker:Warning: Asset '../../../Engine/Content/ArtTools/RenderToTexture/Macros/RenderToTextureMacros.uasset' has been saved with empty engine version. The asset will be loaded but may be incompatible.
[2015.12.04-12.37.06:034][580]LogContentBrowser: Native class hierarchy updated for 'BlueprintGraph' in 0.0010 seconds. Added 107 classes and 0 folders.
[2015.12.04-12.37.17:991][778]LogRenderer: Reallocating scene render targets to support 1208x900 (Frame:66).
[2015.12.04-12.37.52:509][367]Cmd: OBJ SAVEPACKAGE PACKAGE="/Game/RollingMap" FILE="../../../../../../Irene/GravityBall(Unreal)/Content/RollingMap.umap" SILENT=true AUTOSAVING=false KEEPDIRTY=false
[2015.12.04-12.37.53:073][367]LogSavePackage: Save=184.950378ms
[2015.12.04-12.37.53:074][367]LogSavePackage: Moving '../../../../../../Irene/GravityBall(Unreal)/Saved/RollingMap93B30A124043D814696155BF5927A257.tmp' to '../../../../../../Irene/GravityBall(Unreal)/Content/RollingMap.umap'
[2015.12.04-12.37.53:075][367]LogSavePackage: Total save time: 283.205613ms
[2015.12.04-12.37.53:075][367]LogSavePackage:Display: Finished SavePackage ../../../../../../Irene/GravityBall(Unreal)/Content/RollingMap.umap
[2015.12.04-12.37.59:408][112]LogEditorViewport: Clicking on Actor (LMB): StaticMeshActor (Floor)
[2015.12.04-12.38.02:484][458]LogEditorViewport: Clicking on Actor (LMB): StaticMeshActor (Floor)
[2015.12.04-12.38.04:998][755]LogEditorViewport: Clicking on Actor (LMB): StaticMeshActor (Floor)
[2015.12.04-12.38.09:953][331]LogLinker:Warning: Can't find file '/Game/StarterContent/Textures/T_MacroVariation'
[2015.12.04-12.38.09:953][331]LogLinker:Warning: Can't find file for asset '/Game/StarterContent/Textures/T_MacroVariation' while loading ../../../../../../Irene/GravityBall(Unreal)/Content/Material/M_Metal_Gold.uasset.
[2015.12.04-12.38.09:956][331]LoadErrors:Error: Error /Game/Material/M_Metal_Gold : Can't find file for asset. /Game/StarterContent/Textures/T_MacroVariation
[2015.12.04-12.38.09:956][331]LogLinker:Warning: Can't find file '/Game/StarterContent/Textures/T_Metal_Gold_D'
[2015.12.04-12.38.09:956][331]LogLinker:Warning: Can't find file for asset '/Game/StarterContent/Textures/T_Metal_Gold_D' while loading ../../../../../../Irene/GravityBall(Unreal)/Content/Material/M_Metal_Gold.uasset.
[2015.12.04-12.38.09:956][331]LoadErrors:Error: Error /Game/Material/M_Metal_Gold : Can't find file for asset. /Game/StarterContent/Textures/T_Metal_Gold_D
[2015.12.04-12.38.09:956][331]LogLinker:Warning: Can't find file '/Game/StarterContent/Textures/T_Metal_Gold_N'
[2015.12.04-12.38.09:956][331]LogLinker:Warning: Can't find file for asset '/Game/StarterContent/Textures/T_Metal_Gold_N' while loading ../../../../../../Irene/GravityBall(Unreal)/Content/Material/M_Metal_Gold.uasset.
[2015.12.04-12.38.09:956][331]LoadErrors:Error: Error /Game/Material/M_Metal_Gold : Can't find file for asset. /Game/StarterContent/Textures/T_Metal_Gold_N
[2015.12.04-12.38.09:957][331]LogLinker:Warning: Can't find file '/Game/StarterContent/Textures/T_MacroVariation'
[2015.12.04-12.38.09:957][331]LogLinker:Warning: Can't find file for asset '/Game/StarterContent/Textures/T_MacroVariation' while loading ../../../../../../Irene/GravityBall(Unreal)/Content/Material/M_Metal_Gold.uasset.
[2015.12.04-12.38.09:957][331]LogLinker:Warning: Can't find file '/Game/StarterContent/Textures/T_Metal_Gold_D'
[2015.12.04-12.38.09:957][331]LogLinker:Warning: Can't find file for asset '/Game/StarterContent/Textures/T_Metal_Gold_D' while loading ../../../../../../Irene/GravityBall(Unreal)/Content/Material/M_Metal_Gold.uasset.
[2015.12.04-12.38.09:957][331]LogLinker:Warning: Can't find file '/Game/StarterContent/Textures/T_Metal_Gold_N'
[2015.12.04-12.38.09:957][331]LogLinker:Warning: Can't find file for asset '/Game/StarterContent/Textures/T_Metal_Gold_N' while loading ../../../../../../Irene/GravityBall(Unreal)/Content/Material/M_Metal_Gold.uasset.
[2015.12.04-12.38.09:959][331]LogLinker:Warning: Can't find file '/Game/StarterContent/Textures/T_Metal_Gold_D'
[2015.12.04-12.38.09:959][331]LoadErrors: Info Failed to load /Game/StarterContent/Textures/T_Metal_Gold_D.T_Metal_Gold_D Referenced by MaterialExpressionTextureSample_46
[2015.12.04-12.38.09:959][331]LogLinker:Warning: Can't find file for asset '/Game/StarterContent/Textures/T_Metal_Gold_D' while loading NULL.
[2015.12.04-12.38.09:959][331]LogLinker:Warning: Can't find file '/Game/StarterContent/Textures/T_Metal_Gold_N'
[2015.12.04-12.38.09:959][331]LoadErrors: Info Failed to load /Game/StarterContent/Textures/T_Metal_Gold_N.T_Metal_Gold_N Referenced by MaterialExpressionTextureSample_47
[2015.12.04-12.38.09:959][331]LogLinker:Warning: Can't find file for asset '/Game/StarterContent/Textures/T_Metal_Gold_N' while loading NULL.
[2015.12.04-12.38.09:960][331]LogLinker:Warning: Can't find file '/Game/StarterContent/Textures/T_MacroVariation'
[2015.12.04-12.38.09:960][331]LoadErrors: Info Failed to load /Game/StarterContent/Textures/T_MacroVariation.T_MacroVariation Referenced by MaterialExpressionTextureSample_49
[2015.12.04-12.38.09:960][331]LogLinker:Warning: Can't find file for asset '/Game/StarterContent/Textures/T_MacroVariation' while loading NULL.
[2015.12.04-12.38.09:960][331]LogLinker:Warning: Can't find file '/Game/StarterContent/Textures/T_MacroVariation'
[2015.12.04-12.38.09:960][331]LoadErrors: Info Failed to load /Game/StarterContent/Textures/T_MacroVariation.T_MacroVariation Referenced by MaterialExpressionTextureSample_50
[2015.12.04-12.38.09:960][331]LogLinker:Warning: Can't find file for asset '/Game/StarterContent/Textures/T_MacroVariation' while loading NULL.
[2015.12.04-12.38.09:960][331]LogLinker:Warning: Can't find file '/Game/StarterContent/Textures/T_MacroVariation'
[2015.12.04-12.38.09:960][331]LoadErrors: Info Failed to load /Game/StarterContent/Textures/T_MacroVariation.T_MacroVariation Referenced by MaterialExpressionTextureSample_51
[2015.12.04-12.38.09:960][331]LogLinker:Warning: Can't find file for asset '/Game/StarterContent/Textures/T_MacroVariation' while loading NULL.
[2015.12.04-12.38.09:963][331]LogMaterial: Missing cached shader map for material M_Metal_Gold, compiling. 
[2015.12.04-12.38.10:057][331]LogMaterial:Warning: Failed to compile Material /Game/Material/M_Metal_Gold.M_Metal_Gold for platform PCD3D_SM5, Default Material will be used in game.
[2015.12.04-12.38.10:057][331]LogMaterial:Warning: 	(Node TextureSample) TextureSample> Missing input texture
[2015.12.04-12.38.19:352][419]Cmd: OBJ SAVEPACKAGE PACKAGE="/Game/RollingMap" FILE="../../../../../../Irene/GravityBall(Unreal)/Content/RollingMap.umap" SILENT=true AUTOSAVING=false KEEPDIRTY=false
[2015.12.04-12.38.19:374][419]LogParticles: Destroying 0 GPU particle simulations for FXSystem 0x0000014D1C796700
[2015.12.04-12.38.19:409][419]LogSavePackage: Save=28.878502ms
[2015.12.04-12.38.19:409][419]LogSavePackage: Moving '../../../../../../Irene/GravityBall(Unreal)/Saved/RollingMap9D5E4AEA49CF9E43AE3405BD1C1115D5.tmp' to '../../../../../../Irene/GravityBall(Unreal)/Content/RollingMap.umap'
[2015.12.04-12.38.19:431][419]LogSavePackage: Total save time: 53.795684ms
[2015.12.04-12.38.19:431][419]LogSavePackage:Display: Finished SavePackage ../../../../../../Irene/GravityBall(Unreal)/Content/RollingMap.umap
[2015.12.04-12.38.24:684][698]Cmd: OBJ SAVEPACKAGE PACKAGE="/Game/Ball" FILE="../../../../../../Irene/GravityBall(Unreal)/Content/Ball.uasset" SILENT=true
[2015.12.04-12.38.24:746][698]LogSavePackage: Save=55.768890ms
[2015.12.04-12.38.24:746][698]LogSavePackage: Moving '../../../../../../Irene/GravityBall(Unreal)/Saved/Ball2D019142422CFAE4E2BC5FA5FAE64B36.tmp' to '../../../../../../Irene/GravityBall(Unreal)/Content/Ball.uasset'
[2015.12.04-12.38.24:749][698]LogSavePackage: Total save time: 63.380834ms
[2015.12.04-12.38.24:749][698]LogSavePackage:Display: Finished SavePackage ../../../../../../Irene/GravityBall(Unreal)/Content/Ball.uasset
[2015.12.04-12.38.24:899][698]LogWindowsTextInputMethodSystem:Display: IME system now activated using TSF (微軟注音).
[2015.12.04-12.38.25:247][699]Cmd: QUIT_EDITOR
[2015.12.04-12.38.25:612][699]LogExit: Preparing to exit.
[2015.12.04-12.38.26:196][699]LogExit: Editor shut down
[2015.12.04-12.38.26:196][699]LogExit: Transaction tracking system shut down
[2015.12.04-12.38.26:216][699]LogParticles: Destroying 0 GPU particle simulations for FXSystem 0x0000014D03A782C0
[2015.12.04-12.38.26:216][699]LogParticles: Destroying 0 GPU particle simulations for FXSystem 0x0000014D1C795440
[2015.12.04-12.38.26:216][699]LogParticles: Destroying 0 GPU particle simulations for FXSystem 0x0000014D1C8CE160
[2015.12.04-12.38.26:218][699]LogParticles: Destroying 0 GPU particle simulations for FXSystem 0x0000014D2C7BB420
[2015.12.04-12.38.26:220][699]LogParticles: Destroying 0 GPU particle simulations for FXSystem 0x0000014D21FB0720
[2015.12.04-12.38.26:928][699]LogExit: Object subsystem successfully closed.
[2015.12.04-12.38.27:100][699]LogD3D11RHI: Shutdown
[2015.12.04-12.38.27:100][699]LogD3D11RHI: CleanupD3DDevice
[2015.12.04-12.38.27:160][699]LogD3D11RHI: ~FD3D11DynamicRHI
[2015.12.04-12.38.27:442][699]LogModuleManager: Shutting down and abandoning module CookingStats (200)
[2015.12.04-12.38.27:442][699]LogModuleManager: Shutting down and abandoning module BlueprintGraph (199)
[2015.12.04-12.38.27:442][699]LogModuleManager: Shutting down and abandoning module CrashTracker (198)
[2015.12.04-12.38.27:442][699]LogModuleManager: Shutting down and abandoning module SceneOutliner (197)
[2015.12.04-12.38.27:456][699]LogModuleManager: Shutting down and abandoning module SuperSearch (196)
[2015.12.04-12.38.27:456][699]LogModuleManager: Shutting down and abandoning module WidgetCarousel (195)
[2015.12.04-12.38.27:456][699]LogModuleManager: Shutting down and abandoning module AddContentDialog (194)
[2015.12.04-12.38.27:458][699]LogModuleManager: Shutting down and abandoning module EditorWidgets (193)
[2015.12.04-12.38.27:458][699]LogModuleManager: Shutting down and abandoning module CollectionManager (192)
[2015.12.04-12.38.27:458][699]LogModuleManager: Shutting down and abandoning module StatsViewer (191)
[2015.12.04-12.38.27:458][699]LogModuleManager: Shutting down and abandoning module FoliageEdit (190)
[2015.12.04-12.38.27:458][699]LogModuleManager: Shutting down and abandoning module LandscapeEditor (189)
[2015.12.04-12.38.27:489][699]LogModuleManager: Shutting down and abandoning module ActorPickerMode (188)
[2015.12.04-12.38.27:489][699]LogModuleManager: Shutting down and abandoning module GeometryMode (187)
[2015.12.04-12.38.27:489][699]LogModuleManager: Shutting down and abandoning module TextureAlignMode (186)
[2015.12.04-12.38.27:489][699]LogModuleManager: Shutting down and abandoning module BspMode (185)
[2015.12.04-12.38.27:489][699]LogModuleManager: Shutting down and abandoning module PlacementMode (184)
[2015.12.04-12.38.27:489][699]LogModuleManager: Shutting down and abandoning module AutomationWorker (183)
[2015.12.04-12.38.27:489][699]LogModuleManager: Shutting down and abandoning module CharacterAI (182)
[2015.12.04-12.38.27:489][699]LogModuleManager: Shutting down and abandoning module SmartSnapping (181)
[2015.12.04-12.38.27:489][699]LogModuleManager: Shutting down and abandoning module ViewportSnapping (180)
[2015.12.04-12.38.27:489][699]LogModuleManager: Shutting down and abandoning module LogVisualizer (179)
[2015.12.04-12.38.27:498][699]LogModuleManager: Shutting down and abandoning module GameProjectGeneration (178)
[2015.12.04-12.38.27:526][699]LogModuleManager: Shutting down and abandoning module IntroTutorials (177)
[2015.12.04-12.38.27:550][699]LogModuleManager: Shutting down and abandoning module EditorLiveStreaming (176)
[2015.12.04-12.38.27:550][699]LogModuleManager: Shutting down and abandoning module IOSPlatformEditor (175)
[2015.12.04-12.38.27:550][699]LogModuleManager: Shutting down and abandoning module HTML5PlatformEditor (174)
[2015.12.04-12.38.27:550][699]LogModuleManager: Shutting down and abandoning module AndroidDeviceDetection (173)
[2015.12.04-12.38.28:242][699]LogModuleManager: Shutting down and abandoning module AndroidPlatformEditor (172)
[2015.12.04-12.38.28:242][699]LogModuleManager: Shutting down and abandoning module IOSRuntimeSettings (171)
[2015.12.04-12.38.28:242][699]LogModuleManager: Shutting down and abandoning module AndroidRuntimeSettings (170)
[2015.12.04-12.38.28:242][699]LogModuleManager: Shutting down and abandoning module MergeActors (169)
[2015.12.04-12.38.28:242][699]LogModuleManager: Shutting down and abandoning module SizeMap (168)
[2015.12.04-12.38.28:242][699]LogModuleManager: Shutting down and abandoning module TreeMap (167)
[2015.12.04-12.38.28:242][699]LogModuleManager: Shutting down and abandoning module ReferenceViewer (166)
[2015.12.04-12.38.28:242][699]LogModuleManager: Shutting down and abandoning module LocalizationService (165)
[2015.12.04-12.38.28:242][699]LogModuleManager: Shutting down and abandoning module LocalizationDashboard (164)
[2015.12.04-12.38.28:255][699]LogModuleManager: Shutting down and abandoning module HardwareTargeting (163)
[2015.12.04-12.38.28:255][699]LogModuleManager: Shutting down and abandoning module DeviceProfileEditor (162)
[2015.12.04-12.38.28:255][699]LogModuleManager: Shutting down and abandoning module UndoHistory (161)
[2015.12.04-12.38.28:255][699]LogModuleManager: Shutting down and abandoning module GameplayTagsEditor (160)
[2015.12.04-12.38.28:255][699]LogModuleManager: Shutting down and abandoning module UserFeedback (159)
[2015.12.04-12.38.28:255][699]LogModuleManager: Shutting down and abandoning module XmlParser (158)
[2015.12.04-12.38.28:255][699]LogModuleManager: Shutting down and abandoning module Blutility (157)
[2015.12.04-12.38.28:255][699]LogModuleManager: Shutting down and abandoning module ProjectTargetPlatformEditor (156)
[2015.12.04-12.38.28:255][699]LogModuleManager: Shutting down and abandoning module ProjectSettingsViewer (155)
[2015.12.04-12.38.28:255][699]LogModuleManager: Shutting down and abandoning module InputBindingEditor (154)
[2015.12.04-12.38.28:255][699]LogModuleManager: Shutting down and abandoning module EditorSettingsViewer (153)
[2015.12.04-12.38.28:255][699]LogModuleManager: Shutting down and abandoning module SettingsEditor (152)
[2015.12.04-12.38.28:255][699]LogModuleManager: Shutting down and abandoning module ProjectLauncher (151)
[2015.12.04-12.38.28:262][699]LogModuleManager: Shutting down and abandoning module SessionFrontend (150)
[2015.12.04-12.38.28:280][699]LogModuleManager: Shutting down and abandoning module ProfilerClient (149)
[2015.12.04-12.38.28:280][699]LogModuleManager: Shutting down and abandoning module TargetDeviceServices (148)
[2015.12.04-12.38.28:280][699]LogModuleManager: Shutting down and abandoning module DeviceManager (147)
[2015.12.04-12.38.28:293][699]LogModuleManager: Shutting down and abandoning module AutomationController (146)
[2015.12.04-12.38.28:293][699]LogModuleManager: Shutting down and abandoning module AutomationWindow (145)
[2015.12.04-12.38.28:305][699]LogModuleManager: Shutting down and abandoning module Layers (144)
[2015.12.04-12.38.28:312][699]LogModuleManager: Shutting down and abandoning module ComponentVisualizers (143)
[2015.12.04-12.38.28:312][699]LogModuleManager: Shutting down and abandoning module DetailCustomizations (142)
[2015.12.04-12.38.28:312][699]LogModuleManager: Shutting down and abandoning module PackagesDialog (141)
[2015.12.04-12.38.28:312][699]LogModuleManager: Shutting down and abandoning module Persona (140)
[2015.12.04-12.38.28:376][699]LogModuleManager: Shutting down and abandoning module Kismet (139)
[2015.12.04-12.38.28:376][699]LogModuleManager: Shutting down and abandoning module GraphEditor (138)
[2015.12.04-12.38.28:376][699]LogModuleManager: Shutting down and abandoning module ClassViewer (137)
[2015.12.04-12.38.28:376][699]LogModuleManager: Shutting down and abandoning module Toolbox (136)
[2015.12.04-12.38.28:376][699]LogModuleManager: Shutting down and abandoning module ModuleUI (135)
[2015.12.04-12.38.28:376][699]LogModuleManager: Shutting down and abandoning module MovieSceneTools (134)
[2015.12.04-12.38.28:388][699]LogModuleManager: Shutting down and abandoning module OutputLog (133)
[2015.12.04-12.38.28:388][699]LogModuleManager: Shutting down and abandoning module GammaUI (132)
[2015.12.04-12.38.28:388][699]LogModuleManager: Shutting down and abandoning module Documentation (131)
[2015.12.04-12.38.28:388][699]LogModuleManager: Shutting down and abandoning module GameLiveStreaming (130)
[2015.12.04-12.38.28:388][699]LogModuleManager: Shutting down and abandoning module StreamingPauseRendering (129)
[2015.12.04-12.38.28:388][699]LogModuleManager: Shutting down and abandoning module AnalyticsET (128)
[2015.12.04-12.38.28:388][699]LogModuleManager: Shutting down and abandoning module Analytics (127)
[2015.12.04-12.38.28:388][699]LogModuleManager: Shutting down and abandoning module AITestSuite (126)
[2015.12.04-12.38.28:388][699]LogModuleManager: Shutting down and abandoning module GameplayDebugger (125)
[2015.12.04-12.38.28:388][699]LogModuleManager: Shutting down and abandoning module AIModule (124)
[2015.12.04-12.38.28:388][699]LogModuleManager: Shutting down and abandoning module ProfilerService (123)
[2015.12.04-12.38.28:536][699]LogModuleManager: Shutting down and abandoning module TaskGraph (122)
[2015.12.04-12.38.28:536][699]LogModuleManager: Shutting down and abandoning module SlateRemote (121)
[2015.12.04-12.38.28:537][699]LogModuleManager: Shutting down and abandoning module SteamVRController (120)
[2015.12.04-12.38.28:537][699]LogModuleManager: Shutting down and abandoning module SteamVR (119)
[2015.12.04-12.38.28:537][699]LogModuleManager: Shutting down and abandoning module ProceduralMeshComponent (118)
[2015.12.04-12.38.28:537][699]LogModuleManager: Shutting down and abandoning module OculusLibrary (117)
[2015.12.04-12.38.28:537][699]LogModuleManager: Shutting down and abandoning module OculusInput (116)
[2015.12.04-12.38.28:537][699]LogModuleManager: Shutting down and abandoning module LeapMotionController (115)
[2015.12.04-12.38.28:553][699]LogModuleManager: Shutting down and abandoning module CustomMeshComponent (114)
[2015.12.04-12.38.28:553][699]LogModuleManager: Shutting down and abandoning module CableComponent (113)
[2015.12.04-12.38.28:553][699]LogModuleManager: Shutting down and abandoning module ArchVisCharacter (112)
[2015.12.04-12.38.28:553][699]LogModuleManager: Shutting down and abandoning module MessagingDebugger (111)
[2015.12.04-12.38.28:606][699]LogModuleManager: Shutting down and abandoning module MediaPlayerEditor (110)
[2015.12.04-12.38.28:609][699]LogModuleManager: Shutting down and abandoning module HTML5Networking (109)
[2015.12.04-12.38.28:609][699]LogModuleManager: Shutting down and abandoning module SpeedTreeImporter (108)
[2015.12.04-12.38.28:610][699]LogModuleManager: Shutting down and abandoning module PluginBrowser (107)
[2015.12.04-12.38.28:620][699]LogModuleManager: Shutting down and abandoning module EpicSurvey (106)
[2015.12.04-12.38.28:620][699]LogModuleManager: Shutting down and abandoning module DesktopPlatform (105)
[2015.12.04-12.38.28:620][699]LogModuleManager: Shutting down and abandoning module VisualStudioSourceCodeAccess (104)
[2015.12.04-12.38.28:620][699]LogModuleManager: Shutting down and abandoning module UObjectPlugin (103)
[2015.12.04-12.38.28:620][699]LogModuleManager: Shutting down and abandoning module SubversionSourceControl (102)
[2015.12.04-12.38.28:620][699]LogModuleManager: Shutting down and abandoning module PerforceSourceControl (101)
[2015.12.04-12.38.28:620][699]LogModuleManager: Shutting down and abandoning module SourceControl (100)
[2015.12.04-12.38.28:620][699]LogModuleManager: Shutting down and abandoning module GitSourceControl (99)
[2015.12.04-12.38.28:620][699]LogModuleManager: Shutting down and abandoning module LightPropagationVolumeEditor (98)
[2015.12.04-12.38.28:620][699]LogModuleManager: Shutting down and abandoning module PaperTiledImporter (97)
[2015.12.04-12.38.28:620][699]LogModuleManager: Shutting down and abandoning module PaperSpriteSheetImporter (96)
[2015.12.04-12.38.28:620][699]LogModuleManager: Shutting down and abandoning module MeshPaint (95)
[2015.12.04-12.38.28:621][699]LogModuleManager: Shutting down and abandoning module SlateReflector (94)
[2015.12.04-12.38.28:624][699]LogModuleManager: Shutting down and abandoning module HotReload (93)
[2015.12.04-12.38.28:625][699]LogModuleManager: Shutting down and abandoning module MainFrame (92)
[2015.12.04-12.38.28:625][699]LogModuleManager: Shutting down and abandoning module LevelEditor (91)
[2015.12.04-12.38.28:630][699]LogModuleManager: Shutting down and abandoning module DirectoryWatcher (90)
[2015.12.04-12.38.28:631][699]LogModuleManager: Shutting down and abandoning module AssetRegistry (89)
[2015.12.04-12.38.28:709][699]LogModuleManager: Shutting down and abandoning module ContentBrowser (88)
[2015.12.04-12.38.28:710][699]LogModuleManager: Shutting down and abandoning module Paper2DEditor (87)
[2015.12.04-12.38.28:739][699]LogModuleManager: Shutting down and abandoning module UdpMessaging (86)
[2015.12.04-12.38.28:840][699]LogModuleManager: Shutting down and abandoning module LightPropagationVolumeRuntime (85)
[2015.12.04-12.38.28:840][699]LogModuleManager: Shutting down and abandoning module Paper2D (84)
[2015.12.04-12.38.28:840][699]LogModuleManager: Shutting down and abandoning module WindowsMoviePlayer (83)
[2015.12.04-12.38.28:842][699]LogModuleManager: Shutting down and abandoning module Media (82)
[2015.12.04-12.38.28:842][699]LogModuleManager: Shutting down and abandoning module WmfMedia (81)
[2015.12.04-12.38.28:842][699]LogModuleManager: Shutting down and abandoning module OnlineBlueprintSupport (80)
[2015.12.04-12.38.28:842][699]LogModuleManager: Shutting down and abandoning module GameplayTasksEditor (79)
[2015.12.04-12.38.28:842][699]LogModuleManager: Shutting down and abandoning module PropertyEditor (78)
[2015.12.04-12.38.28:842][699]LogModuleManager: Shutting down and abandoning module BehaviorTreeEditor (77)
[2015.12.04-12.38.28:901][699]LogModuleManager: Shutting down and abandoning module FunctionalTesting (76)
[2015.12.04-12.38.28:901][699]LogModuleManager: Shutting down and abandoning module CollisionAnalyzer (75)
[2015.12.04-12.38.28:901][699]LogModuleManager: Shutting down and abandoning module WorkspaceMenuStructure (74)
[2015.12.04-12.38.28:901][699]LogModuleManager: Shutting down and abandoning module MessageLog (73)
[2015.12.04-12.38.28:901][699]LogModuleManager: Shutting down and abandoning module Sequencer (72)
[2015.12.04-12.38.28:941][699]LogModuleManager: Shutting down and abandoning module AssetTools (71)
[2015.12.04-12.38.28:989][699]LogModuleManager: Shutting down and abandoning module UMGEditor (70)
[2015.12.04-12.38.29:000][699]LogModuleManager: Shutting down and abandoning module UMG (69)
[2015.12.04-12.38.29:000][699]LogModuleManager: Shutting down and abandoning module Slate (68)
[2015.12.04-12.38.29:000][699]LogModuleManager: Shutting down and abandoning module EditorStyle (67)
[2015.12.04-12.38.29:002][699]LogModuleManager: Shutting down and abandoning module SessionServices (66)
[2015.12.04-12.38.29:002][699]LogModuleManager: Shutting down and abandoning module SourceCodeAccess (65)
[2015.12.04-12.38.29:002][699]LogModuleManager: Shutting down and abandoning module HeadMountedDisplay (64)
[2015.12.04-12.38.29:003][699]LogModuleManager: Shutting down and abandoning module XAudio2 (63)
[2015.12.04-12.38.29:003][699]LogModuleManager: Shutting down and abandoning module Networking (61)
[2015.12.04-12.38.29:003][699]LogModuleManager: Shutting down and abandoning module Core (60)
[2015.12.04-12.38.29:003][699]LogModuleManager: Shutting down and abandoning module KismetCompiler (59)
[2015.12.04-12.38.29:003][699]LogModuleManager: Shutting down and abandoning module PhysXFormats (58)
[2015.12.04-12.38.29:003][699]LogModuleManager: Shutting down and abandoning module MeshUtilities (57)
[2015.12.04-12.38.29:007][699]LogModuleManager: Shutting down and abandoning module DerivedDataCache (56)
[2015.12.04-12.38.29:012][699]LogDerivedDataCache: Shutdown
[2015.12.04-12.38.29:012][699]LogModuleManager: Shutting down and abandoning module ShaderFormatOpenGL (55)
[2015.12.04-12.38.29:012][699]LogModuleManager: Shutting down and abandoning module ShaderFormatD3D (54)
[2015.12.04-12.38.29:012][699]LogModuleManager: Shutting down and abandoning module MetalShaderFormat (53)
[2015.12.04-12.38.29:012][699]LogModuleManager: Shutting down and abandoning module TextureFormatUncompressed (52)
[2015.12.04-12.38.29:012][699]LogModuleManager: Shutting down and abandoning module TextureFormatPVR (51)
[2015.12.04-12.38.29:012][699]LogModuleManager: Shutting down and abandoning module TextureFormatIntelISPCTexComp (50)
[2015.12.04-12.38.29:012][699]LogModuleManager: Shutting down and abandoning module TextureFormatDXT (49)
[2015.12.04-12.38.29:012][699]LogModuleManager: Shutting down and abandoning module ImageWrapper (48)
[2015.12.04-12.38.29:012][699]LogModuleManager: Shutting down and abandoning module TextureFormatASTC (47)
[2015.12.04-12.38.29:012][699]LogModuleManager: Shutting down and abandoning module TextureFormatAndroid (46)
[2015.12.04-12.38.29:012][699]LogModuleManager: Shutting down and abandoning module AudioFormatOpus (45)
[2015.12.04-12.38.29:012][699]LogModuleManager: Shutting down and abandoning module AudioFormatOgg (44)
[2015.12.04-12.38.29:012][699]LogModuleManager: Shutting down and abandoning module AudioFormatADPCM (43)
[2015.12.04-12.38.29:012][699]LogModuleManager: Shutting down and abandoning module LinuxTargetPlatform (42)
[2015.12.04-12.38.29:012][699]LogModuleManager: Shutting down and abandoning module LinuxServerTargetPlatform (41)
[2015.12.04-12.38.29:012][699]LogModuleManager: Shutting down and abandoning module LinuxNoEditorTargetPlatform (40)
[2015.12.04-12.38.29:012][699]LogModuleManager: Shutting down and abandoning module Messaging (39)
[2015.12.04-12.38.29:012][699]LogModuleManager: Shutting down and abandoning module IOSTargetPlatform (38)
[2015.12.04-12.38.29:012][699]LogModuleManager: Shutting down and abandoning module HTML5TargetPlatform (37)
[2015.12.04-12.38.29:012][699]LogModuleManager: Shutting down and abandoning module Android_PVRTCTargetPlatform (36)
[2015.12.04-12.38.29:012][699]LogModuleManager: Shutting down and abandoning module Android_MultiTargetPlatform (35)
[2015.12.04-12.38.29:012][699]LogModuleManager: Shutting down and abandoning module Android_ETC2TargetPlatform (34)
[2015.12.04-12.38.29:012][699]LogModuleManager: Shutting down and abandoning module Android_ETC1TargetPlatform (33)
[2015.12.04-12.38.29:012][699]LogModuleManager: Shutting down and abandoning module Android_DXTTargetPlatform (32)
[2015.12.04-12.38.29:012][699]LogModuleManager: Shutting down and abandoning module Android_ATCTargetPlatform (31)
[2015.12.04-12.38.29:012][699]LogModuleManager: Shutting down and abandoning module Android_ASTCTargetPlatform (30)
[2015.12.04-12.38.29:012][699]LogModuleManager: Shutting down and abandoning module AndroidTargetPlatform (29)
[2015.12.04-12.38.29:012][699]LogModuleManager: Shutting down and abandoning module WindowsTargetPlatform (28)
[2015.12.04-12.38.29:012][699]LogModuleManager: Shutting down and abandoning module WindowsServerTargetPlatform (27)
[2015.12.04-12.38.29:012][699]LogModuleManager: Shutting down and abandoning module WindowsNoEditorTargetPlatform (26)
[2015.12.04-12.38.29:012][699]LogModuleManager: Shutting down and abandoning module WindowsClientTargetPlatform (25)
[2015.12.04-12.38.29:012][699]LogModuleManager: Shutting down and abandoning module AllDesktopTargetPlatform (24)
[2015.12.04-12.38.29:012][699]LogModuleManager: Shutting down and abandoning module TargetPlatform (23)
[2015.12.04-12.38.29:013][699]LogModuleManager: Shutting down and abandoning module InputCore (22)
[2015.12.04-12.38.29:013][699]LogModuleManager: Shutting down and abandoning module Settings (21)
[2015.12.04-12.38.29:013][699]LogModuleManager: Shutting down and abandoning module OnlineSubsystem (19)
[2015.12.04-12.38.29:013][699]LogModuleManager: Shutting down and abandoning module HTTP (18)
[2015.12.04-12.38.34:516][699]LogModuleManager: Shutting down and abandoning module XMPP (17)
[2015.12.04-12.38.34:702][699]LogModuleManager: Shutting down and abandoning module OculusRift (16)
[2015.12.04-12.38.34:702][699]LogModuleManager: Shutting down and abandoning module ExampleDeviceProfileSelector (15)
[2015.12.04-12.38.34:702][699]LogModuleManager: Shutting down and abandoning module TextureCompressor (14)
[2015.12.04-12.38.34:702][699]LogModuleManager: Shutting down and abandoning module ShaderCore (13)
[2015.12.04-12.38.34:702][699]LogModuleManager: Shutting down and abandoning module Landscape (12)
[2015.12.04-12.38.34:702][699]LogModuleManager: Shutting down and abandoning module SlateRHIRenderer (11)
[2015.12.04-12.38.34:704][699]LogModuleManager: Shutting down and abandoning module OpenGLDrv (10)
[2015.12.04-12.38.34:704][699]LogModuleManager: Shutting down and abandoning module D3D11RHI (9)
[2015.12.04-12.38.34:704][699]LogModuleManager: Shutting down and abandoning module AnimGraphRuntime (8)
[2015.12.04-12.38.34:704][699]LogModuleManager: Shutting down and abandoning module Renderer (7)
[2015.12.04-12.38.34:704][699]LogModuleManager: Shutting down and abandoning module Engine (6)
[2015.12.04-12.38.34:704][699]LogModuleManager: Shutting down and abandoning module CoreUObject (5)
[2015.12.04-12.38.34:704][699]LogModuleManager: Shutting down and abandoning module NetworkFile (4)
[2015.12.04-12.38.34:704][699]LogModuleManager: Shutting down and abandoning module StreamingFile (3)
[2015.12.04-12.38.34:704][699]LogModuleManager: Shutting down and abandoning module SandboxFile (2)
[2015.12.04-12.38.34:704][699]LogModuleManager: Shutting down and abandoning module PakFile (1)
[2015.12.04-12.38.34:723][699]LogExit: Exiting.
[2015.12.04-12.38.34:725][699]Log file closed, 12/04/15 20:38:34
