[2015.11.29-13.36.14:386][  0]Log file open, 11/29/15 21:36:14
[2015.11.29-13.36.14:386][  0]LogInit:Display: Running engine for game: GravityBall
[2015.11.29-13.36.14:386][  0]LogPlatformFile: Not using cached read wrapper
[2015.11.29-13.36.14:386][  0]LogInit:Display: RandInit(-1030710015) SRandInit(-1030710014).
[2015.11.29-13.36.14:386][  0]LogTaskGraph: Started task graph with 4 named threads and 5 total threads.
[2015.11.29-13.36.14:386][  0]LogStats: Stats thread started at 0.070201
[2015.11.29-13.36.14:386][  0]LogInit: Version: 4.10.0-2758231+++depot+UE4-Releases+4.10
[2015.11.29-13.36.14:386][  0]LogInit: API Version: 2758231
[2015.11.29-13.36.14:386][  0]LogInit: Compiled (64-bit): Nov  7 2015 05:13:45
[2015.11.29-13.36.14:386][  0]LogInit: Compiled with Visual C++: 19.00.23026.00
[2015.11.29-13.36.14:386][  0]LogInit: Build Configuration: Development
[2015.11.29-13.36.14:386][  0]LogInit: Branch Name: ++depot+UE4-Releases+4.10
[2015.11.29-13.36.14:386][  0]LogInit: Command line:  
[2015.11.29-13.36.14:386][  0]LogInit: Base directory: C:/Program Files (x86)/Epic Games/4.10/Engine/Binaries/Win64/
[2015.11.29-13.36.14:386][  0]LogInit: Rocket: 1
[2015.11.29-13.36.14:396][  0]LogInit: Using libcurl 7.41.0
[2015.11.29-13.36.14:396][  0]LogInit:  - built for x86_64-pc-win32
[2015.11.29-13.36.14:396][  0]LogInit:  - supports SSL with WinSSL
[2015.11.29-13.36.14:396][  0]LogInit:  - other features:
[2015.11.29-13.36.14:396][  0]LogInit:      CURL_VERSION_SSL
[2015.11.29-13.36.14:396][  0]LogInit:      CURL_VERSION_IPV6
[2015.11.29-13.36.14:396][  0]LogInit:      CURL_VERSION_ASYNCHDNS
[2015.11.29-13.36.14:396][  0]LogInit:      CURL_VERSION_LARGEFILE
[2015.11.29-13.36.14:396][  0]LogInit:      CURL_VERSION_IDN
[2015.11.29-13.36.14:396][  0]LogInit:  CurlRequestOptions (configurable via config and command line):
[2015.11.29-13.36.14:396][  0]LogInit:  - bVerifyPeer = true  - Libcurl will verify peer certificate
[2015.11.29-13.36.14:396][  0]LogInit:  - bUseHttpProxy = false  - Libcurl will NOT use HTTP proxy
[2015.11.29-13.36.14:396][  0]LogInit:  - bDontReuseConnections = false  - Libcurl will reuse connections
[2015.11.29-13.36.14:396][  0]LogInit:  - CertBundlePath = nullptr  - Libcurl will use whatever was configured at build time.
[2015.11.29-13.36.14:408][  0]LogInit: Presizing for 0 objects not considered by GC, pre-allocating 0 bytes.
[2015.11.29-13.36.14:416][  0]LogInit: Object subsystem initialized
[2015.11.29-13.36.14:417][  0]LogInit: Selected Device Profile: [Windows]
[2015.11.29-13.36.14:417][  0]LogInit: Applying CVar settings loaded from the selected device profile: [Windows]
[2015.11.29-13.36.14:438][  0]LogInit: Computer: USER
[2015.11.29-13.36.14:438][  0]LogInit: User: acer
[2015.11.29-13.36.14:438][  0]LogInit: CPU Page size=4096, Cores=2
[2015.11.29-13.36.14:438][  0]LogInit: High frequency timer resolution =2.435881 MHz
[2015.11.29-13.36.14:438][  0]LogMemory: Memory total: Physical=3.8GB (4GB approx)
[2015.11.29-13.36.14:438][  0]LogMemory: Platform Memory Stats for Windows
[2015.11.29-13.36.14:438][  0]LogMemory: Process Physical Memory: 56.37 MB used, 56.37 MB peak
[2015.11.29-13.36.14:438][  0]LogMemory: Process Virtual Memory: 57.43 MB used, 57.43 MB peak
[2015.11.29-13.36.14:438][  0]LogMemory: Physical Memory: 2529.29 MB used, 3914.31 MB total
[2015.11.29-13.36.14:438][  0]LogMemory: Virtual Memory: 378.21 MB used, 134217728.00 MB total
[2015.11.29-13.36.14:488][  0]LogTextLocalizationManager: No translations for ('zh-TW') exist, falling back to 'en' for localization and internationalization data.
[2015.11.29-13.36.15:049][  0]LogD3D11RHI: Found D3D11 adapter 0: Intel(R) HD Graphics 4000 (Feature Level 11_0)
[2015.11.29-13.36.15:049][  0]LogD3D11RHI: Adapter has 96MB of dedicated video memory, 0MB of dedicated system memory, and 1696MB of shared system memory, 1 output[s]
[2015.11.29-13.36.15:059][  0]LogD3D11RHI: Found D3D11 adapter 1: Microsoft Basic Render Driver (Feature Level 11_0)
[2015.11.29-13.36.15:059][  0]LogD3D11RHI: Adapter has 0MB of dedicated video memory, 0MB of dedicated system memory, and 1957MB of shared system memory, 0 output[s]
[2015.11.29-13.36.15:060][  0]LogD3D11RHI: Chosen D3D11 Adapter Id = 0
[2015.11.29-13.36.15:065][  0]LogD3D11RHI: !Direct3DDevice
[2015.11.29-13.36.15:065][  0]LogRHI: Texture pool is 660 MB (70% of 944 MB)
[2015.11.29-13.36.15:068][  0]LogD3D11RHI: Async texture creation enabled
[2015.11.29-13.36.15:073][  0]LogShaderCompilers: Guid format shader working directory is -21 characters bigger than the processId version (../../../../../../Users/acer/Documents/Unreal Projects/GravityBall/Intermediate/Shaders/WorkingDirectory/9028/).
[2015.11.29-13.36.15:073][  0]LogShaderCompilers: Cleaned the shader compiler working directory 'C:/Users/acer/AppData/Local/Temp/UnrealShaderWorkingDir/8B21A90E4A8324E52E17A29452AAD8FE/'.
[2015.11.29-13.36.15:073][  0]LogShaderCompilers:Display: Using Local Shader Compiler.
[2015.11.29-13.36.16:599][  0]LogTemp:Display: Loaded TP AllDesktopTargetPlatform
[2015.11.29-13.36.16:605][  0]LogTemp:Display: Loaded TP WindowsClientTargetPlatform
[2015.11.29-13.36.16:612][  0]LogTemp:Display: Loaded TP WindowsNoEditorTargetPlatform
[2015.11.29-13.36.16:618][  0]LogTemp:Display: Loaded TP WindowsServerTargetPlatform
[2015.11.29-13.36.16:623][  0]LogTemp:Display: Loaded TP WindowsTargetPlatform
[2015.11.29-13.36.16:627][  0]LogTemp:Display: Loaded TP AndroidTargetPlatform
[2015.11.29-13.36.16:631][  0]LogTemp:Display: Loaded TP Android_ASTCTargetPlatform
[2015.11.29-13.36.16:635][  0]LogTemp:Display: Loaded TP Android_ATCTargetPlatform
[2015.11.29-13.36.16:640][  0]LogTemp:Display: Loaded TP Android_DXTTargetPlatform
[2015.11.29-13.36.16:645][  0]LogTemp:Display: Loaded TP Android_ETC1TargetPlatform
[2015.11.29-13.36.16:650][  0]LogTemp:Display: Loaded TP Android_ETC2TargetPlatform
[2015.11.29-13.36.16:657][  0]LogTemp:Display: Loaded TP Android_MultiTargetPlatform
[2015.11.29-13.36.16:657][  0]LogTemp:Display: Loaded TP Android_PVRTCTargetPlatform
[2015.11.29-13.36.16:659][  0]LogTemp:Display: Loaded TP HTML5TargetPlatform
[2015.11.29-13.36.16:677][  0]LogTemp:Display: Loaded TP IOSTargetPlatform
[2015.11.29-13.36.16:680][  0]LogTemp:Display: Loaded TP LinuxNoEditorTargetPlatform
[2015.11.29-13.36.16:683][  0]LogTemp:Display: Loaded TP LinuxServerTargetPlatform
[2015.11.29-13.36.16:688][  0]LogTemp:Display: Loaded TP LinuxTargetPlatform
[2015.11.29-13.36.16:688][  0]LogTargetPlatformManager:Display: Building Assets For Windows
[2015.11.29-13.36.16:786][  0]LogDerivedDataCache:Display: Max Cache Size: 512 MB
[2015.11.29-13.36.16:835][  0]LogDerivedDataCache: Loaded boot cache 0.05s 41MB C:/Users/acer/AppData/Local/UnrealEngine/4.10/DerivedDataCache/Boot.ddc.
[2015.11.29-13.36.16:835][  0]LogDerivedDataCache:Display: Loaded Boot cache: C:/Users/acer/AppData/Local/UnrealEngine/4.10/DerivedDataCache/Boot.ddc
[2015.11.29-13.36.16:835][  0]LogDerivedDataCache: FDerivedDataBackendGraph:  Pak pak cache file ../../../../../../Users/acer/Documents/Unreal Projects/GravityBall/DerivedDataCache/DDC.ddp not found, will not use a pak cache.
[2015.11.29-13.36.16:835][  0]LogDerivedDataCache: Unable to find inner node Pak for hierarchical cache Hierarchy.
[2015.11.29-13.36.16:835][  0]LogDerivedDataCache: FDerivedDataBackendGraph:  CompressedPak pak cache file ../../../../../../Users/acer/Documents/Unreal Projects/GravityBall/DerivedDataCache/Compressed.ddp not found, will not use a pak cache.
[2015.11.29-13.36.16:835][  0]LogDerivedDataCache: Unable to find inner node CompressedPak for hierarchical cache Hierarchy.
[2015.11.29-13.36.16:901][  0]LogDerivedDataCache:Display: Pak cache opened for reading ../../../Engine/DerivedDataCache/Compressed.ddp.
[2015.11.29-13.36.16:914][  0]LogDerivedDataCache: Using Local data cache path C:/Users/acer/AppData/Local/UnrealEngine/Common/DerivedDataCache: Writable
[2015.11.29-13.36.17:143][  0]LogInit: Selected Device Profile: [Windows]
[2015.11.29-13.36.17:147][  0]LogContentStreaming: Texture pool size is 0.000000MB
[2015.11.29-13.36.17:281][  0]LogMeshUtilities: No automatic mesh reduction module available
[2015.11.29-13.36.17:281][  0]LogMeshUtilities: No automatic mesh merging module available
[2015.11.29-13.36.17:549][  0]LogInit: WinSock: version 1.1 (2.2), MaxSocks=32767, MaxUdp=65467
[2015.11.29-13.36.20:081][  0]UdpMessaging: Initializing bridge on interface 0.0.0.0:0 to multicast group 230.0.0.1:6666.
[2015.11.29-13.36.20:082][  0]FUdpSocketBuilder: Failed to create the socket UdpMessageMulticastSocket as configured
[2015.11.29-13.36.20:082][  0]UdpMessageTransport.StartTransport: Failed to create multicast socket on 0.0.0.0:0, joined to 230.0.0.1:6666 with TTL 1
[2015.11.29-13.36.20:210][  0]LogAssetRegistry: FAssetRegistry took 0.0111 seconds to start up
[2015.11.29-13.36.20:418][  0]SourceControl: Info Source control is disabled
[2015.11.29-13.36.20:453][  0]SourceControl: Info Source control is disabled
[2015.11.29-13.36.20:468][  0]SourceControl: Info Source control is disabled
[2015.11.29-13.36.20:485][  0]SourceControl: Info Source control is disabled
[2015.11.29-13.36.20:824][  0]LogObj: 28633 objects as part of root set at end of initial load.
[2015.11.29-13.36.20:824][  0]LogUObjectAllocator: 6099744 out of 0 bytes used by permanent object pool.
[2015.11.29-13.36.20:897][  0]LogEngine: Initializing Engine...
[2015.11.29-13.36.20:900][  0]LogHMD: Can't find Oculus library dev build: is proper Runtime installed? Version: 0.8.0.0
[2015.11.29-13.36.20:902][  0]LogHMD: SteamVR failed to initialize.  Err: 110
[2015.11.29-13.36.21:035][  0]LogAIModule: Creating AISystem for world NewWorld
[2015.11.29-13.36.21:040][  0]LogInit: XAudio2 using '喇叭 (Realtek High Definition Audio)' : 2 channels at 48 kHz using 32 bits per sample (channel mask 0x3)
[2015.11.29-13.36.21:065][  0]LogInit: FAudioDevice initialized.
[2015.11.29-13.36.21:087][  0]LogDerivedDataCache: Saved boot cache 0.02s 41MB C:/Users/acer/AppData/Local/UnrealEngine/4.10/DerivedDataCache/Boot.ddc.
[2015.11.29-13.36.21:092][  0]LogInit: Texture streaming: Enabled
[2015.11.29-13.36.21:099][  0]LogAnalytics: Creating configured Analytics provider AnalyticsET
[2015.11.29-13.36.21:099][  0]LogAnalytics: [UEEditor.Rocket.Release] APIServer = http://et2.epicgames.com/ET2/. AppVersion = 4.10.0-2758231+++depot+UE4-Releases+4.10
[2015.11.29-13.36.21:099][  0]LogAnalytics: [UEEditor.Rocket.Release] SetUserId b28a54dd4c274698e8fd378172540302|7ab9c2e1b7464127a7a1e84c1ac07d12|20189905-d510-4860-8e10-ed7b2f66fadd
[2015.11.29-13.36.21:099][  0]LogAnalytics: [UEEditor.Rocket.Release] AnalyticsET::StartSession
[2015.11.29-13.36.21:157][  0]LogInit: Transaction tracking system initialized
[2015.11.29-13.36.21:210][  0]BlueprintLog: New page: Editor Load
[2015.11.29-13.36.21:330][  0]LocalizationService: Info Localization service is disabled
[2015.11.29-13.36.21:618][  0]LogConsoleResponse:Display: 
[2015.11.29-13.36.21:777][  0]LogCook:Display: Done creating registry. It took  0.00s.
[2015.11.29-13.36.21:887][  0]LogFileCache: Scanning file cache for directory 'C:/Users/acer/Documents/Unreal Projects/GravityBall/Content/' took 0.02s
[2015.11.29-13.36.21:887][  0]SourceControl: Info Source control is disabled
[2015.11.29-13.36.21:887][  0]Cmd: MAP LOAD FILE="../../../../../../Users/acer/Documents/Unreal Projects/GravityBall/Content/RollingMap.umap" TEMPLATE=0 SHOWPROGRESS=1 FEATURELEVEL=3
[2015.11.29-13.36.21:887][  0]LightingResults: New page: Lighting Build
[2015.11.29-13.36.21:891][  0]MapCheck: New page: Map Check
[2015.11.29-13.36.21:891][  0]LightingResults: New page: Lighting Build
[2015.11.29-13.36.21:912][  0]LogParticles: Destroying 0 GPU particle simulations for FXSystem 0x000000B888E7B420
[2015.11.29-13.36.22:378][  0]LogAIModule: Creating AISystem for world RollingMap
[2015.11.29-13.36.22:385][  0]LogEditorServer: Finished looking for orphan Actors (0.000 secs)
[2015.11.29-13.36.22:386][  0]Cmd: MAP CHECKDEP NOCLEARLOG
[2015.11.29-13.36.22:470][  0]MapCheck: Info Map check complete: 0 Error(s), 0 Warning(s), took 84.134ms to complete.
[2015.11.29-13.36.22:470][  0]LogFileHelpers: Loading map 'RollingMap' took 0.584
[2015.11.29-13.36.22:630][  0]LogCollectionManager: Loaded 0 collections in 0.004212 seconds
[2015.11.29-13.36.22:675][  0]LogFileCache: Scanning file cache for directory 'C:/Users/acer/Documents/Unreal Projects/GravityBall/Saved/Collections/' took 0.01s
[2015.11.29-13.36.22:675][  0]LogFileCache: Scanning file cache for directory 'C:/Users/acer/Documents/Unreal Projects/GravityBall/Content/Developers/acer/Collections/' took 0.01s
[2015.11.29-13.36.22:675][  0]LogFileCache: Scanning file cache for directory 'C:/Users/acer/Documents/Unreal Projects/GravityBall/Content/Collections/' took 0.01s
[2015.11.29-13.36.22:675][  0]LogCollectionManager: Rebuilt the GUID cache for 0 collections in 0.000002 seconds
[2015.11.29-13.36.22:685][  0]LogContentBrowser: Native class hierarchy populated in 0.0103 seconds. Added 1893 classes and 338 folders.
[2015.11.29-13.36.22:695][  0]LogContentBrowser: Native class hierarchy updated for 'WidgetCarousel' in 0.0004 seconds. Added 0 classes and 0 folders.
[2015.11.29-13.36.22:832][  0]LogContentBrowser: Native class hierarchy updated for 'AddContentDialog' in 0.0006 seconds. Added 0 classes and 0 folders.
[2015.11.29-13.36.22:838][  0]LogContentBrowser: Native class hierarchy updated for 'SceneOutliner' in 0.0005 seconds. Added 1 classes and 2 folders.
[2015.11.29-13.36.22:951][  0]LogCrashTracker: Crashtracker disabled due to settings.
[2015.11.29-13.36.22:959][  0]LogUObjectGlobals:Warning: Failed to find object 'Class None.'
[2015.11.29-13.36.22:982][  0]LogLoad: Full Startup: 9.24 seconds (BP compile: 0.08 seconds)
[2015.11.29-13.36.23:012][  0]LogOcInput: Can't find Oculus library dev build: is proper Runtime installed? Version: 0.8.0.0
[2015.11.29-13.36.23:131][  0]LogContentStreaming: Texture pool size now 400 MB
[2015.11.29-13.36.23:355][  0]LogRenderer: Reallocating scene render targets to support 716x348 (Frame:2).
[2015.11.29-13.36.23:950][  3]LogAssetRegistry: Asset discovery search completed in 3.7520 seconds
[2015.11.29-13.36.23:950][  3]LogCollectionManager: Rebuilt the object cache for 0 collections in 0.000002 seconds (found 0 objects)
[2015.11.29-13.36.23:950][  3]LogCollectionManager: Fixed up redirectors for 0 collections in 0.000046 seconds (updated 0 objects)
[2015.11.29-13.36.44:553][252]LogWindowsTextInputMethodSystem:Display: IME system now activated using TSF (微軟注音).
[2015.11.29-13.36.44:822][253]Cmd: QUIT_EDITOR
[2015.11.29-13.36.45:014][253]LogExit: Preparing to exit.
[2015.11.29-13.36.45:261][253]LogExit: Editor shut down
[2015.11.29-13.36.45:262][253]LogExit: Transaction tracking system shut down
[2015.11.29-13.36.45:269][253]LogParticles: Destroying 0 GPU particle simulations for FXSystem 0x000000B8F53DB060
[2015.11.29-13.36.45:269][253]LogParticles: Destroying 0 GPU particle simulations for FXSystem 0x000000B897DBB880
[2015.11.29-13.36.45:470][253]LogParticles: Destroying 0 GPU particle simulations for FXSystem 0x000000B8F68127A0
[2015.11.29-13.36.45:470][253]LogParticles: Destroying 0 GPU particle simulations for FXSystem 0x000000B8A1062A20
[2015.11.29-13.36.45:470][253]LogExit: Object subsystem successfully closed.
[2015.11.29-13.36.45:491][253]LogD3D11RHI: Shutdown
[2015.11.29-13.36.45:491][253]LogD3D11RHI: CleanupD3DDevice
[2015.11.29-13.36.45:543][253]LogD3D11RHI: ~FD3D11DynamicRHI
[2015.11.29-13.36.45:568][253]LogModuleManager: Shutting down and abandoning module CrashTracker (198)
[2015.11.29-13.36.45:568][253]LogModuleManager: Shutting down and abandoning module SceneOutliner (197)
[2015.11.29-13.36.45:568][253]LogModuleManager: Shutting down and abandoning module SuperSearch (196)
[2015.11.29-13.36.45:568][253]LogModuleManager: Shutting down and abandoning module WidgetCarousel (195)
[2015.11.29-13.36.45:568][253]LogModuleManager: Shutting down and abandoning module AddContentDialog (194)
[2015.11.29-13.36.45:575][253]LogModuleManager: Shutting down and abandoning module EditorWidgets (193)
[2015.11.29-13.36.45:575][253]LogModuleManager: Shutting down and abandoning module CollectionManager (192)
[2015.11.29-13.36.45:576][253]LogModuleManager: Shutting down and abandoning module StatsViewer (191)
[2015.11.29-13.36.45:576][253]LogModuleManager: Shutting down and abandoning module FoliageEdit (190)
[2015.11.29-13.36.45:576][253]LogModuleManager: Shutting down and abandoning module LandscapeEditor (189)
[2015.11.29-13.36.45:576][253]LogModuleManager: Shutting down and abandoning module ActorPickerMode (188)
[2015.11.29-13.36.45:576][253]LogModuleManager: Shutting down and abandoning module GeometryMode (187)
[2015.11.29-13.36.45:576][253]LogModuleManager: Shutting down and abandoning module TextureAlignMode (186)
[2015.11.29-13.36.45:576][253]LogModuleManager: Shutting down and abandoning module BspMode (185)
[2015.11.29-13.36.45:576][253]LogModuleManager: Shutting down and abandoning module PlacementMode (184)
[2015.11.29-13.36.45:576][253]LogModuleManager: Shutting down and abandoning module AutomationWorker (183)
[2015.11.29-13.36.45:576][253]LogModuleManager: Shutting down and abandoning module CharacterAI (182)
[2015.11.29-13.36.45:576][253]LogModuleManager: Shutting down and abandoning module SmartSnapping (181)
[2015.11.29-13.36.45:576][253]LogModuleManager: Shutting down and abandoning module ViewportSnapping (180)
[2015.11.29-13.36.45:576][253]LogModuleManager: Shutting down and abandoning module LogVisualizer (179)
[2015.11.29-13.36.45:576][253]LogModuleManager: Shutting down and abandoning module GameProjectGeneration (178)
[2015.11.29-13.36.45:576][253]LogModuleManager: Shutting down and abandoning module IntroTutorials (177)
[2015.11.29-13.36.45:576][253]LogModuleManager: Shutting down and abandoning module EditorLiveStreaming (176)
[2015.11.29-13.36.45:576][253]LogModuleManager: Shutting down and abandoning module IOSPlatformEditor (175)
[2015.11.29-13.36.45:577][253]LogModuleManager: Shutting down and abandoning module HTML5PlatformEditor (174)
[2015.11.29-13.36.45:577][253]LogModuleManager: Shutting down and abandoning module AndroidDeviceDetection (173)
[2015.11.29-13.36.46:543][253]LogModuleManager: Shutting down and abandoning module AndroidPlatformEditor (172)
[2015.11.29-13.36.46:543][253]LogModuleManager: Shutting down and abandoning module IOSRuntimeSettings (171)
[2015.11.29-13.36.46:543][253]LogModuleManager: Shutting down and abandoning module AndroidRuntimeSettings (170)
[2015.11.29-13.36.46:543][253]LogModuleManager: Shutting down and abandoning module MergeActors (169)
[2015.11.29-13.36.46:543][253]LogModuleManager: Shutting down and abandoning module SizeMap (168)
[2015.11.29-13.36.46:543][253]LogModuleManager: Shutting down and abandoning module TreeMap (167)
[2015.11.29-13.36.46:543][253]LogModuleManager: Shutting down and abandoning module ReferenceViewer (166)
[2015.11.29-13.36.46:543][253]LogModuleManager: Shutting down and abandoning module LocalizationService (165)
[2015.11.29-13.36.46:543][253]LogModuleManager: Shutting down and abandoning module LocalizationDashboard (164)
[2015.11.29-13.36.46:543][253]LogModuleManager: Shutting down and abandoning module HardwareTargeting (163)
[2015.11.29-13.36.46:543][253]LogModuleManager: Shutting down and abandoning module DeviceProfileEditor (162)
[2015.11.29-13.36.46:544][253]LogModuleManager: Shutting down and abandoning module UndoHistory (161)
[2015.11.29-13.36.46:544][253]LogModuleManager: Shutting down and abandoning module GameplayTagsEditor (160)
[2015.11.29-13.36.46:544][253]LogModuleManager: Shutting down and abandoning module UserFeedback (159)
[2015.11.29-13.36.46:544][253]LogModuleManager: Shutting down and abandoning module XmlParser (158)
[2015.11.29-13.36.46:544][253]LogModuleManager: Shutting down and abandoning module Blutility (157)
[2015.11.29-13.36.46:544][253]LogModuleManager: Shutting down and abandoning module ProjectTargetPlatformEditor (156)
[2015.11.29-13.36.46:544][253]LogModuleManager: Shutting down and abandoning module ProjectSettingsViewer (155)
[2015.11.29-13.36.46:544][253]LogModuleManager: Shutting down and abandoning module InputBindingEditor (154)
[2015.11.29-13.36.46:544][253]LogModuleManager: Shutting down and abandoning module EditorSettingsViewer (153)
[2015.11.29-13.36.46:544][253]LogModuleManager: Shutting down and abandoning module SettingsEditor (152)
[2015.11.29-13.36.46:544][253]LogModuleManager: Shutting down and abandoning module ProjectLauncher (151)
[2015.11.29-13.36.46:544][253]LogModuleManager: Shutting down and abandoning module SessionFrontend (150)
[2015.11.29-13.36.46:544][253]LogModuleManager: Shutting down and abandoning module ProfilerClient (149)
[2015.11.29-13.36.46:544][253]LogModuleManager: Shutting down and abandoning module TargetDeviceServices (148)
[2015.11.29-13.36.46:544][253]LogModuleManager: Shutting down and abandoning module DeviceManager (147)
[2015.11.29-13.36.46:545][253]LogModuleManager: Shutting down and abandoning module AutomationController (146)
[2015.11.29-13.36.46:545][253]LogModuleManager: Shutting down and abandoning module AutomationWindow (145)
[2015.11.29-13.36.46:545][253]LogModuleManager: Shutting down and abandoning module Layers (144)
[2015.11.29-13.36.46:545][253]LogModuleManager: Shutting down and abandoning module ComponentVisualizers (143)
[2015.11.29-13.36.46:545][253]LogModuleManager: Shutting down and abandoning module DetailCustomizations (142)
[2015.11.29-13.36.46:545][253]LogModuleManager: Shutting down and abandoning module PackagesDialog (141)
[2015.11.29-13.36.46:545][253]LogModuleManager: Shutting down and abandoning module Persona (140)
[2015.11.29-13.36.46:546][253]LogModuleManager: Shutting down and abandoning module Kismet (139)
[2015.11.29-13.36.46:546][253]LogModuleManager: Shutting down and abandoning module GraphEditor (138)
[2015.11.29-13.36.46:546][253]LogModuleManager: Shutting down and abandoning module ClassViewer (137)
[2015.11.29-13.36.46:546][253]LogModuleManager: Shutting down and abandoning module Toolbox (136)
[2015.11.29-13.36.46:546][253]LogModuleManager: Shutting down and abandoning module ModuleUI (135)
[2015.11.29-13.36.46:546][253]LogModuleManager: Shutting down and abandoning module MovieSceneTools (134)
[2015.11.29-13.36.46:546][253]LogModuleManager: Shutting down and abandoning module OutputLog (133)
[2015.11.29-13.36.46:546][253]LogModuleManager: Shutting down and abandoning module GammaUI (132)
[2015.11.29-13.36.46:546][253]LogModuleManager: Shutting down and abandoning module Documentation (131)
[2015.11.29-13.36.46:546][253]LogModuleManager: Shutting down and abandoning module GameLiveStreaming (130)
[2015.11.29-13.36.46:546][253]LogModuleManager: Shutting down and abandoning module StreamingPauseRendering (129)
[2015.11.29-13.36.46:546][253]LogModuleManager: Shutting down and abandoning module AnalyticsET (128)
[2015.11.29-13.36.46:546][253]LogModuleManager: Shutting down and abandoning module Analytics (127)
[2015.11.29-13.36.46:546][253]LogModuleManager: Shutting down and abandoning module AITestSuite (126)
[2015.11.29-13.36.46:546][253]LogModuleManager: Shutting down and abandoning module GameplayDebugger (125)
[2015.11.29-13.36.46:546][253]LogModuleManager: Shutting down and abandoning module AIModule (124)
[2015.11.29-13.36.46:546][253]LogModuleManager: Shutting down and abandoning module ProfilerService (123)
[2015.11.29-13.36.46:630][253]LogModuleManager: Shutting down and abandoning module TaskGraph (122)
[2015.11.29-13.36.46:630][253]LogModuleManager: Shutting down and abandoning module SlateRemote (121)
[2015.11.29-13.36.46:630][253]LogModuleManager: Shutting down and abandoning module SteamVRController (120)
[2015.11.29-13.36.46:630][253]LogModuleManager: Shutting down and abandoning module SteamVR (119)
[2015.11.29-13.36.46:630][253]LogModuleManager: Shutting down and abandoning module ProceduralMeshComponent (118)
[2015.11.29-13.36.46:630][253]LogModuleManager: Shutting down and abandoning module OculusLibrary (117)
[2015.11.29-13.36.46:630][253]LogModuleManager: Shutting down and abandoning module OculusInput (116)
[2015.11.29-13.36.46:630][253]LogModuleManager: Shutting down and abandoning module LeapMotionController (115)
[2015.11.29-13.36.46:666][253]LogModuleManager: Shutting down and abandoning module CustomMeshComponent (114)
[2015.11.29-13.36.46:666][253]LogModuleManager: Shutting down and abandoning module CableComponent (113)
[2015.11.29-13.36.46:666][253]LogModuleManager: Shutting down and abandoning module ArchVisCharacter (112)
[2015.11.29-13.36.46:666][253]LogModuleManager: Shutting down and abandoning module MessagingDebugger (111)
[2015.11.29-13.36.46:667][253]LogModuleManager: Shutting down and abandoning module MediaPlayerEditor (110)
[2015.11.29-13.36.46:667][253]LogModuleManager: Shutting down and abandoning module HTML5Networking (109)
[2015.11.29-13.36.46:667][253]LogModuleManager: Shutting down and abandoning module SpeedTreeImporter (108)
[2015.11.29-13.36.46:667][253]LogModuleManager: Shutting down and abandoning module PluginBrowser (107)
[2015.11.29-13.36.46:667][253]LogModuleManager: Shutting down and abandoning module EpicSurvey (106)
[2015.11.29-13.36.46:667][253]LogModuleManager: Shutting down and abandoning module DesktopPlatform (105)
[2015.11.29-13.36.46:667][253]LogModuleManager: Shutting down and abandoning module VisualStudioSourceCodeAccess (104)
[2015.11.29-13.36.46:667][253]LogModuleManager: Shutting down and abandoning module UObjectPlugin (103)
[2015.11.29-13.36.46:667][253]LogModuleManager: Shutting down and abandoning module SubversionSourceControl (102)
[2015.11.29-13.36.46:667][253]LogModuleManager: Shutting down and abandoning module PerforceSourceControl (101)
[2015.11.29-13.36.46:667][253]LogModuleManager: Shutting down and abandoning module SourceControl (100)
[2015.11.29-13.36.46:667][253]LogModuleManager: Shutting down and abandoning module GitSourceControl (99)
[2015.11.29-13.36.46:667][253]LogModuleManager: Shutting down and abandoning module LightPropagationVolumeEditor (98)
[2015.11.29-13.36.46:667][253]LogModuleManager: Shutting down and abandoning module PaperTiledImporter (97)
[2015.11.29-13.36.46:667][253]LogModuleManager: Shutting down and abandoning module PaperSpriteSheetImporter (96)
[2015.11.29-13.36.46:667][253]LogModuleManager: Shutting down and abandoning module MeshPaint (95)
[2015.11.29-13.36.46:667][253]LogModuleManager: Shutting down and abandoning module SlateReflector (94)
[2015.11.29-13.36.46:667][253]LogModuleManager: Shutting down and abandoning module HotReload (93)
[2015.11.29-13.36.46:667][253]LogModuleManager: Shutting down and abandoning module MainFrame (92)
[2015.11.29-13.36.46:667][253]LogModuleManager: Shutting down and abandoning module LevelEditor (91)
[2015.11.29-13.36.46:669][253]LogModuleManager: Shutting down and abandoning module DirectoryWatcher (90)
[2015.11.29-13.36.46:675][253]LogModuleManager: Shutting down and abandoning module AssetRegistry (89)
[2015.11.29-13.36.46:824][253]LogModuleManager: Shutting down and abandoning module ContentBrowser (88)
[2015.11.29-13.36.46:825][253]LogModuleManager: Shutting down and abandoning module Paper2DEditor (87)
[2015.11.29-13.36.46:825][253]LogModuleManager: Shutting down and abandoning module UdpMessaging (86)
[2015.11.29-13.36.46:927][253]LogModuleManager: Shutting down and abandoning module LightPropagationVolumeRuntime (85)
[2015.11.29-13.36.46:927][253]LogModuleManager: Shutting down and abandoning module Paper2D (84)
[2015.11.29-13.36.46:927][253]LogModuleManager: Shutting down and abandoning module WindowsMoviePlayer (83)
[2015.11.29-13.36.46:930][253]LogModuleManager: Shutting down and abandoning module Media (82)
[2015.11.29-13.36.46:930][253]LogModuleManager: Shutting down and abandoning module WmfMedia (81)
[2015.11.29-13.36.46:930][253]LogModuleManager: Shutting down and abandoning module OnlineBlueprintSupport (80)
[2015.11.29-13.36.46:930][253]LogModuleManager: Shutting down and abandoning module GameplayTasksEditor (79)
[2015.11.29-13.36.46:930][253]LogModuleManager: Shutting down and abandoning module PropertyEditor (78)
[2015.11.29-13.36.46:930][253]LogModuleManager: Shutting down and abandoning module BehaviorTreeEditor (77)
[2015.11.29-13.36.46:930][253]LogModuleManager: Shutting down and abandoning module FunctionalTesting (76)
[2015.11.29-13.36.46:930][253]LogModuleManager: Shutting down and abandoning module CollisionAnalyzer (75)
[2015.11.29-13.36.46:930][253]LogModuleManager: Shutting down and abandoning module WorkspaceMenuStructure (74)
[2015.11.29-13.36.46:930][253]LogModuleManager: Shutting down and abandoning module MessageLog (73)
[2015.11.29-13.36.46:930][253]LogModuleManager: Shutting down and abandoning module Sequencer (72)
[2015.11.29-13.36.46:930][253]LogModuleManager: Shutting down and abandoning module AssetTools (71)
[2015.11.29-13.36.46:930][253]LogModuleManager: Shutting down and abandoning module UMGEditor (70)
[2015.11.29-13.36.46:930][253]LogModuleManager: Shutting down and abandoning module UMG (69)
[2015.11.29-13.36.46:930][253]LogModuleManager: Shutting down and abandoning module Slate (68)
[2015.11.29-13.36.46:930][253]LogModuleManager: Shutting down and abandoning module EditorStyle (67)
[2015.11.29-13.36.46:934][253]LogModuleManager: Shutting down and abandoning module SessionServices (66)
[2015.11.29-13.36.46:934][253]LogModuleManager: Shutting down and abandoning module SourceCodeAccess (65)
[2015.11.29-13.36.46:934][253]LogModuleManager: Shutting down and abandoning module HeadMountedDisplay (64)
[2015.11.29-13.36.46:934][253]LogModuleManager: Shutting down and abandoning module XAudio2 (63)
[2015.11.29-13.36.46:934][253]LogModuleManager: Shutting down and abandoning module Networking (61)
[2015.11.29-13.36.46:934][253]LogModuleManager: Shutting down and abandoning module Core (60)
[2015.11.29-13.36.46:934][253]LogModuleManager: Shutting down and abandoning module KismetCompiler (59)
[2015.11.29-13.36.46:934][253]LogModuleManager: Shutting down and abandoning module PhysXFormats (58)
[2015.11.29-13.36.46:934][253]LogModuleManager: Shutting down and abandoning module MeshUtilities (57)
[2015.11.29-13.36.46:934][253]LogModuleManager: Shutting down and abandoning module DerivedDataCache (56)
[2015.11.29-13.36.47:433][253]LogDerivedDataCache: Shutdown
[2015.11.29-13.36.47:433][253]LogModuleManager: Shutting down and abandoning module ShaderFormatOpenGL (55)
[2015.11.29-13.36.47:433][253]LogModuleManager: Shutting down and abandoning module ShaderFormatD3D (54)
[2015.11.29-13.36.47:433][253]LogModuleManager: Shutting down and abandoning module MetalShaderFormat (53)
[2015.11.29-13.36.47:434][253]LogModuleManager: Shutting down and abandoning module TextureFormatUncompressed (52)
[2015.11.29-13.36.47:434][253]LogModuleManager: Shutting down and abandoning module TextureFormatPVR (51)
[2015.11.29-13.36.47:434][253]LogModuleManager: Shutting down and abandoning module TextureFormatIntelISPCTexComp (50)
[2015.11.29-13.36.47:434][253]LogModuleManager: Shutting down and abandoning module TextureFormatDXT (49)
[2015.11.29-13.36.47:434][253]LogModuleManager: Shutting down and abandoning module ImageWrapper (48)
[2015.11.29-13.36.47:434][253]LogModuleManager: Shutting down and abandoning module TextureFormatASTC (47)
[2015.11.29-13.36.47:434][253]LogModuleManager: Shutting down and abandoning module TextureFormatAndroid (46)
[2015.11.29-13.36.47:434][253]LogModuleManager: Shutting down and abandoning module AudioFormatOpus (45)
[2015.11.29-13.36.47:434][253]LogModuleManager: Shutting down and abandoning module AudioFormatOgg (44)
[2015.11.29-13.36.47:434][253]LogModuleManager: Shutting down and abandoning module AudioFormatADPCM (43)
[2015.11.29-13.36.47:434][253]LogModuleManager: Shutting down and abandoning module LinuxTargetPlatform (42)
[2015.11.29-13.36.47:434][253]LogModuleManager: Shutting down and abandoning module LinuxServerTargetPlatform (41)
[2015.11.29-13.36.47:434][253]LogModuleManager: Shutting down and abandoning module LinuxNoEditorTargetPlatform (40)
[2015.11.29-13.36.47:434][253]LogModuleManager: Shutting down and abandoning module Messaging (39)
[2015.11.29-13.36.47:434][253]LogModuleManager: Shutting down and abandoning module IOSTargetPlatform (38)
[2015.11.29-13.36.47:434][253]LogModuleManager: Shutting down and abandoning module HTML5TargetPlatform (37)
[2015.11.29-13.36.47:434][253]LogModuleManager: Shutting down and abandoning module Android_PVRTCTargetPlatform (36)
[2015.11.29-13.36.47:434][253]LogModuleManager: Shutting down and abandoning module Android_MultiTargetPlatform (35)
[2015.11.29-13.36.47:434][253]LogModuleManager: Shutting down and abandoning module Android_ETC2TargetPlatform (34)
[2015.11.29-13.36.47:434][253]LogModuleManager: Shutting down and abandoning module Android_ETC1TargetPlatform (33)
[2015.11.29-13.36.47:434][253]LogModuleManager: Shutting down and abandoning module Android_DXTTargetPlatform (32)
[2015.11.29-13.36.47:434][253]LogModuleManager: Shutting down and abandoning module Android_ATCTargetPlatform (31)
[2015.11.29-13.36.47:434][253]LogModuleManager: Shutting down and abandoning module Android_ASTCTargetPlatform (30)
[2015.11.29-13.36.47:434][253]LogModuleManager: Shutting down and abandoning module AndroidTargetPlatform (29)
[2015.11.29-13.36.47:434][253]LogModuleManager: Shutting down and abandoning module WindowsTargetPlatform (28)
[2015.11.29-13.36.47:434][253]LogModuleManager: Shutting down and abandoning module WindowsServerTargetPlatform (27)
[2015.11.29-13.36.47:434][253]LogModuleManager: Shutting down and abandoning module WindowsNoEditorTargetPlatform (26)
[2015.11.29-13.36.47:434][253]LogModuleManager: Shutting down and abandoning module WindowsClientTargetPlatform (25)
[2015.11.29-13.36.47:434][253]LogModuleManager: Shutting down and abandoning module AllDesktopTargetPlatform (24)
[2015.11.29-13.36.47:434][253]LogModuleManager: Shutting down and abandoning module TargetPlatform (23)
[2015.11.29-13.36.47:435][253]LogModuleManager: Shutting down and abandoning module InputCore (22)
[2015.11.29-13.36.47:435][253]LogModuleManager: Shutting down and abandoning module Settings (21)
[2015.11.29-13.36.47:435][253]LogModuleManager: Shutting down and abandoning module OnlineSubsystem (19)
[2015.11.29-13.36.47:435][253]LogModuleManager: Shutting down and abandoning module HTTP (18)
[2015.11.29-13.36.49:438][253]LogModuleManager: Shutting down and abandoning module XMPP (17)
[2015.11.29-13.36.49:438][253]LogModuleManager: Shutting down and abandoning module OculusRift (16)
[2015.11.29-13.36.49:438][253]LogModuleManager: Shutting down and abandoning module ExampleDeviceProfileSelector (15)
[2015.11.29-13.36.49:438][253]LogModuleManager: Shutting down and abandoning module TextureCompressor (14)
[2015.11.29-13.36.49:438][253]LogModuleManager: Shutting down and abandoning module ShaderCore (13)
[2015.11.29-13.36.49:438][253]LogModuleManager: Shutting down and abandoning module Landscape (12)
[2015.11.29-13.36.49:438][253]LogModuleManager: Shutting down and abandoning module SlateRHIRenderer (11)
[2015.11.29-13.36.49:441][253]LogModuleManager: Shutting down and abandoning module OpenGLDrv (10)
[2015.11.29-13.36.49:441][253]LogModuleManager: Shutting down and abandoning module D3D11RHI (9)
[2015.11.29-13.36.49:441][253]LogModuleManager: Shutting down and abandoning module AnimGraphRuntime (8)
[2015.11.29-13.36.49:441][253]LogModuleManager: Shutting down and abandoning module Renderer (7)
[2015.11.29-13.36.49:441][253]LogModuleManager: Shutting down and abandoning module Engine (6)
[2015.11.29-13.36.49:441][253]LogModuleManager: Shutting down and abandoning module CoreUObject (5)
[2015.11.29-13.36.49:441][253]LogModuleManager: Shutting down and abandoning module NetworkFile (4)
[2015.11.29-13.36.49:441][253]LogModuleManager: Shutting down and abandoning module StreamingFile (3)
[2015.11.29-13.36.49:441][253]LogModuleManager: Shutting down and abandoning module SandboxFile (2)
[2015.11.29-13.36.49:441][253]LogModuleManager: Shutting down and abandoning module PakFile (1)
[2015.11.29-13.36.49:442][253]LogExit: Exiting.
[2015.11.29-13.36.49:446][253]Log file closed, 11/29/15 21:36:49
