[2015.12.04-12.38.29:955][  0]Log file open, 12/04/15 20:38:29
[2015.12.04-12.38.29:955][  0]LogInit:Display: Running engine for game: GravityBall
[2015.12.04-12.38.29:955][  0]LogPlatformFile: Not using cached read wrapper
[2015.12.04-12.38.29:955][  0]LogInit:Display: RandInit(-300667802) SRandInit(-300667800).
[2015.12.04-12.38.29:955][  0]LogTaskGraph: Started task graph with 4 named threads and 7 total threads.
[2015.12.04-12.38.29:955][  0]LogStats: Stats thread started at 0.075843
[2015.12.04-12.38.29:955][  0]LogInit: Version: 4.10.0-2758231+++depot+UE4-Releases+4.10
[2015.12.04-12.38.29:955][  0]LogInit: API Version: 2758231
[2015.12.04-12.38.29:955][  0]LogInit: Compiled (64-bit): Nov  7 2015 05:13:45
[2015.12.04-12.38.29:955][  0]LogInit: Compiled with Visual C++: 19.00.23026.00
[2015.12.04-12.38.29:955][  0]LogInit: Build Configuration: Development
[2015.12.04-12.38.29:955][  0]LogInit: Branch Name: ++depot+UE4-Releases+4.10
[2015.12.04-12.38.29:955][  0]LogInit: Command line:  
[2015.12.04-12.38.29:955][  0]LogInit: Base directory: I:/Program Files (x86)/Epic Games/4.10/Engine/Binaries/Win64/
[2015.12.04-12.38.29:955][  0]LogInit: Rocket: 1
[2015.12.04-12.38.29:963][  0]LogInit: Using libcurl 7.41.0
[2015.12.04-12.38.29:963][  0]LogInit:  - built for x86_64-pc-win32
[2015.12.04-12.38.29:963][  0]LogInit:  - supports SSL with WinSSL
[2015.12.04-12.38.29:963][  0]LogInit:  - other features:
[2015.12.04-12.38.29:963][  0]LogInit:      CURL_VERSION_SSL
[2015.12.04-12.38.29:963][  0]LogInit:      CURL_VERSION_IPV6
[2015.12.04-12.38.29:963][  0]LogInit:      CURL_VERSION_ASYNCHDNS
[2015.12.04-12.38.29:963][  0]LogInit:      CURL_VERSION_LARGEFILE
[2015.12.04-12.38.29:963][  0]LogInit:      CURL_VERSION_IDN
[2015.12.04-12.38.29:963][  0]LogInit:  CurlRequestOptions (configurable via config and command line):
[2015.12.04-12.38.29:963][  0]LogInit:  - bVerifyPeer = true  - Libcurl will verify peer certificate
[2015.12.04-12.38.29:963][  0]LogInit:  - bUseHttpProxy = false  - Libcurl will NOT use HTTP proxy
[2015.12.04-12.38.29:963][  0]LogInit:  - bDontReuseConnections = false  - Libcurl will reuse connections
[2015.12.04-12.38.29:963][  0]LogInit:  - CertBundlePath = nullptr  - Libcurl will use whatever was configured at build time.
[2015.12.04-12.38.29:971][  0]LogInit: Presizing for 0 objects not considered by GC, pre-allocating 0 bytes.
[2015.12.04-12.38.29:977][  0]LogInit: Object subsystem initialized
[2015.12.04-12.38.29:978][  0]LogInit: Selected Device Profile: [Windows]
[2015.12.04-12.38.29:978][  0]LogInit: Applying CVar settings loaded from the selected device profile: [Windows]
[2015.12.04-12.38.29:986][  0]LogInit: Computer: KOBE-PC
[2015.12.04-12.38.29:986][  0]LogInit: User: kobe
[2015.12.04-12.38.29:986][  0]LogInit: CPU Page size=4096, Cores=4
[2015.12.04-12.38.29:986][  0]LogInit: High frequency timer resolution =3.421334 MHz
[2015.12.04-12.38.29:986][  0]LogMemory: Memory total: Physical=8.0GB (8GB approx)
[2015.12.04-12.38.29:986][  0]LogMemory: Platform Memory Stats for Windows
[2015.12.04-12.38.29:986][  0]LogMemory: Process Physical Memory: 56.39 MB used, 56.39 MB peak
[2015.12.04-12.38.29:986][  0]LogMemory: Process Virtual Memory: 58.70 MB used, 58.70 MB peak
[2015.12.04-12.38.29:986][  0]LogMemory: Physical Memory: 5714.56 MB used, 8154.23 MB total
[2015.12.04-12.38.29:986][  0]LogMemory: Virtual Memory: 384.18 MB used, 134217728.00 MB total
[2015.12.04-12.38.30:020][  0]LogTextLocalizationManager: No translations for ('zh-TW') exist, falling back to 'en' for localization and internationalization data.
[2015.12.04-12.38.30:450][  0]LogD3D11RHI: Found D3D11 adapter 0: NVIDIA GeForce GTX 560 Ti   (Feature Level 11_0)
[2015.12.04-12.38.30:450][  0]LogD3D11RHI: Adapter has 973MB of dedicated video memory, 0MB of dedicated system memory, and 3071MB of shared system memory, 2 output[s]
[2015.12.04-12.38.30:452][  0]LogD3D11RHI: Found D3D11 adapter 1: Microsoft Basic Render Driver (Feature Level 11_0)
[2015.12.04-12.38.30:452][  0]LogD3D11RHI: Adapter has 0MB of dedicated video memory, 0MB of dedicated system memory, and 4077MB of shared system memory, 0 output[s]
[2015.12.04-12.38.30:452][  0]LogD3D11RHI: Chosen D3D11 Adapter Id = 0
[2015.12.04-12.38.30:455][  0]LogD3D11RHI: !Direct3DDevice
[2015.12.04-12.38.30:455][  0]LogRHI: Texture pool is 681 MB (70% of 973 MB)
[2015.12.04-12.38.30:466][  0]LogD3D11RHI: Async texture creation enabled
[2015.12.04-12.38.30:483][  0]LogShaderCompilers: Guid format shader working directory is 2 characters bigger than the processId version (../../../../../../Irene/GravityBall(Unreal)/Intermediate/Shaders/WorkingDirectory/8076/).
[2015.12.04-12.38.30:483][  0]LogShaderCompilers: Cleaned the shader compiler working directory 'C:/Users/kobe/AppData/Local/Temp/UnrealShaderWorkingDir/D5E0EBFE4E9E6D30A88219A4186AAF0B/'.
[2015.12.04-12.38.30:483][  0]LogShaderCompilers:Display: Using Local Shader Compiler.
[2015.12.04-12.38.31:399][  0]LogTemp:Display: Loaded TP AllDesktopTargetPlatform
[2015.12.04-12.38.31:404][  0]LogTemp:Display: Loaded TP WindowsClientTargetPlatform
[2015.12.04-12.38.31:409][  0]LogTemp:Display: Loaded TP WindowsNoEditorTargetPlatform
[2015.12.04-12.38.31:415][  0]LogTemp:Display: Loaded TP WindowsServerTargetPlatform
[2015.12.04-12.38.31:420][  0]LogTemp:Display: Loaded TP WindowsTargetPlatform
[2015.12.04-12.38.31:424][  0]LogTemp:Display: Loaded TP AndroidTargetPlatform
[2015.12.04-12.38.31:427][  0]LogTemp:Display: Loaded TP Android_ASTCTargetPlatform
[2015.12.04-12.38.31:431][  0]LogTemp:Display: Loaded TP Android_ATCTargetPlatform
[2015.12.04-12.38.31:435][  0]LogTemp:Display: Loaded TP Android_DXTTargetPlatform
[2015.12.04-12.38.31:439][  0]LogTemp:Display: Loaded TP Android_ETC1TargetPlatform
[2015.12.04-12.38.31:443][  0]LogTemp:Display: Loaded TP Android_ETC2TargetPlatform
[2015.12.04-12.38.31:451][  0]LogTemp:Display: Loaded TP Android_MultiTargetPlatform
[2015.12.04-12.38.31:451][  0]LogTemp:Display: Loaded TP Android_PVRTCTargetPlatform
[2015.12.04-12.38.31:452][  0]LogTemp:Display: Loaded TP HTML5TargetPlatform
[2015.12.04-12.38.31:470][  0]LogTemp:Display: Loaded TP IOSTargetPlatform
[2015.12.04-12.38.31:472][  0]LogTemp:Display: Loaded TP LinuxNoEditorTargetPlatform
[2015.12.04-12.38.31:475][  0]LogTemp:Display: Loaded TP LinuxServerTargetPlatform
[2015.12.04-12.38.31:479][  0]LogTemp:Display: Loaded TP LinuxTargetPlatform
[2015.12.04-12.38.31:479][  0]LogTargetPlatformManager:Display: Building Assets For Windows
[2015.12.04-12.38.31:585][  0]LogDerivedDataCache:Display: Max Cache Size: 512 MB
[2015.12.04-12.38.31:626][  0]LogDerivedDataCache: Loaded boot cache 0.04s 41MB C:/Users/kobe/AppData/Local/UnrealEngine/4.10/DerivedDataCache/Boot.ddc.
[2015.12.04-12.38.31:626][  0]LogDerivedDataCache:Display: Loaded Boot cache: C:/Users/kobe/AppData/Local/UnrealEngine/4.10/DerivedDataCache/Boot.ddc
[2015.12.04-12.38.31:626][  0]LogDerivedDataCache: FDerivedDataBackendGraph:  Pak pak cache file ../../../../../../Irene/GravityBall(Unreal)/DerivedDataCache/DDC.ddp not found, will not use a pak cache.
[2015.12.04-12.38.31:627][  0]LogDerivedDataCache: Unable to find inner node Pak for hierarchical cache Hierarchy.
[2015.12.04-12.38.31:627][  0]LogDerivedDataCache: FDerivedDataBackendGraph:  CompressedPak pak cache file ../../../../../../Irene/GravityBall(Unreal)/DerivedDataCache/Compressed.ddp not found, will not use a pak cache.
[2015.12.04-12.38.31:627][  0]LogDerivedDataCache: Unable to find inner node CompressedPak for hierarchical cache Hierarchy.
[2015.12.04-12.38.31:693][  0]LogDerivedDataCache:Display: Pak cache opened for reading ../../../Engine/DerivedDataCache/Compressed.ddp.
[2015.12.04-12.38.31:704][  0]LogDerivedDataCache: Using Local data cache path C:/Users/kobe/AppData/Local/UnrealEngine/Common/DerivedDataCache: Writable
[2015.12.04-12.38.31:946][  0]LogInit: Selected Device Profile: [Windows]
[2015.12.04-12.38.31:949][  0]LogContentStreaming: Texture pool size is 0.000000MB
[2015.12.04-12.38.32:081][  0]LogMeshUtilities: No automatic mesh reduction module available
[2015.12.04-12.38.32:081][  0]LogMeshUtilities: No automatic mesh merging module available
[2015.12.04-12.38.32:313][  0]LogInit: WinSock: version 1.1 (2.2), MaxSocks=32767, MaxUdp=65467
[2015.12.04-12.38.33:231][  0]UdpMessaging: Initializing bridge on interface 0.0.0.0:0 to multicast group 230.0.0.1:6666.
[2015.12.04-12.38.33:335][  0]LogAssetRegistry: FAssetRegistry took 0.0111 seconds to start up
[2015.12.04-12.38.33:538][  0]SourceControl: Info Source control is disabled
[2015.12.04-12.38.33:581][  0]SourceControl: Info Source control is disabled
[2015.12.04-12.38.33:601][  0]SourceControl: Info Source control is disabled
[2015.12.04-12.38.33:619][  0]SourceControl: Info Source control is disabled
[2015.12.04-12.38.34:004][  0]LogObj: 28633 objects as part of root set at end of initial load.
[2015.12.04-12.38.34:004][  0]LogUObjectAllocator: 6099744 out of 0 bytes used by permanent object pool.
[2015.12.04-12.38.34:063][  0]LogEngine: Initializing Engine...
[2015.12.04-12.38.34:066][  0]LogHMD: Can't find Oculus library dev build: is proper Runtime installed? Version: 0.8.0.0
[2015.12.04-12.38.34:067][  0]LogHMD: SteamVR failed to initialize.  Err: 110
[2015.12.04-12.38.34:204][  0]LogAIModule: Creating AISystem for world NewWorld
[2015.12.04-12.38.34:215][  0]LogInit: XAudio2 using '喇叭 (VIA HD Audio)' : 2 channels at 48 kHz using 32 bits per sample (channel mask 0x3)
[2015.12.04-12.38.34:229][  0]LogInit: FAudioDevice initialized.
[2015.12.04-12.38.34:250][  0]LogDerivedDataCache: Saved boot cache 0.02s 41MB C:/Users/kobe/AppData/Local/UnrealEngine/4.10/DerivedDataCache/Boot.ddc.
[2015.12.04-12.38.34:253][  0]LogInit: Texture streaming: Enabled
[2015.12.04-12.38.34:259][  0]LogAnalytics: Creating configured Analytics provider AnalyticsET
[2015.12.04-12.38.34:259][  0]LogAnalytics: [UEEditor.Rocket.Release] APIServer = http://et2.epicgames.com/ET2/. AppVersion = 4.10.0-2758231+++depot+UE4-Releases+4.10
[2015.12.04-12.38.34:259][  0]LogAnalytics: [UEEditor.Rocket.Release] SetUserId a7ad9f804d206c42366b9fbf7e3f6747|7ab9c2e1b7464127a7a1e84c1ac07d12|f09af62b-db99-4ac1-bb79-bfe136e8c522
[2015.12.04-12.38.34:259][  0]LogAnalytics: [UEEditor.Rocket.Release] AnalyticsET::StartSession
[2015.12.04-12.38.34:280][  0]LogWindowsTextInputMethodSystem:Display: IME system now activated using TSF (微軟注音).
[2015.12.04-12.38.34:299][  0]LogInit: Transaction tracking system initialized
[2015.12.04-12.38.34:332][  0]BlueprintLog: New page: Editor Load
[2015.12.04-12.38.34:440][  0]LocalizationService: Info Localization service is disabled
[2015.12.04-12.38.34:540][  0]LogConsoleResponse:Display: 
[2015.12.04-12.38.34:682][  0]LogCook:Display: Done creating registry. It took  0.00s.
[2015.12.04-12.38.34:769][  0]LogFileCache: Scanning file cache for directory 'I:/Irene/GravityBall(Unreal)/Content/' took 0.01s
[2015.12.04-12.38.34:769][  0]SourceControl: Info Source control is disabled
[2015.12.04-12.38.34:769][  0]Cmd: MAP LOAD FILE="../../../../../../Irene/GravityBall(Unreal)/Content/RollingMap.umap" TEMPLATE=0 SHOWPROGRESS=1 FEATURELEVEL=3
[2015.12.04-12.38.34:772][  0]LightingResults: New page: Lighting Build
[2015.12.04-12.38.34:775][  0]MapCheck: New page: Map Check
[2015.12.04-12.38.34:775][  0]LightingResults: New page: Lighting Build
[2015.12.04-12.38.34:791][  0]LogParticles: Destroying 0 GPU particle simulations for FXSystem 0x000001D87370F420
[2015.12.04-12.38.35:085][  0]LogLinker:Warning: Can't find file '/Game/StarterContent/Textures/T_MacroVariation'
[2015.12.04-12.38.35:085][  0]LogLinker:Warning: Can't find file for asset '/Game/StarterContent/Textures/T_MacroVariation' while loading ../../../../../../Irene/GravityBall(Unreal)/Content/Material/M_Metal_Gold.uasset.
[2015.12.04-12.38.35:085][  0]LoadErrors:Error: Error /Game/Material/M_Metal_Gold : Can't find file for asset. /Game/StarterContent/Textures/T_MacroVariation
[2015.12.04-12.38.35:085][  0]LogLinker:Warning: Can't find file '/Game/StarterContent/Textures/T_Metal_Gold_D'
[2015.12.04-12.38.35:085][  0]LogLinker:Warning: Can't find file for asset '/Game/StarterContent/Textures/T_Metal_Gold_D' while loading ../../../../../../Irene/GravityBall(Unreal)/Content/Material/M_Metal_Gold.uasset.
[2015.12.04-12.38.35:085][  0]LoadErrors:Error: Error /Game/Material/M_Metal_Gold : Can't find file for asset. /Game/StarterContent/Textures/T_Metal_Gold_D
[2015.12.04-12.38.35:085][  0]LogLinker:Warning: Can't find file '/Game/StarterContent/Textures/T_Metal_Gold_N'
[2015.12.04-12.38.35:085][  0]LogLinker:Warning: Can't find file for asset '/Game/StarterContent/Textures/T_Metal_Gold_N' while loading ../../../../../../Irene/GravityBall(Unreal)/Content/Material/M_Metal_Gold.uasset.
[2015.12.04-12.38.35:085][  0]LoadErrors:Error: Error /Game/Material/M_Metal_Gold : Can't find file for asset. /Game/StarterContent/Textures/T_Metal_Gold_N
[2015.12.04-12.38.35:085][  0]LogLinker:Warning: Can't find file '/Game/StarterContent/Textures/T_MacroVariation'
[2015.12.04-12.38.35:086][  0]LogLinker:Warning: Can't find file for asset '/Game/StarterContent/Textures/T_MacroVariation' while loading ../../../../../../Irene/GravityBall(Unreal)/Content/Material/M_Metal_Gold.uasset.
[2015.12.04-12.38.35:086][  0]LoadErrors:Error: Error /Game/Material/M_Metal_Gold : Can't find file for asset. /Game/StarterContent/Textures/T_MacroVariation
[2015.12.04-12.38.35:086][  0]LogLinker:Warning: Can't find file '/Game/StarterContent/Textures/T_Metal_Gold_D'
[2015.12.04-12.38.35:086][  0]LogLinker:Warning: Can't find file for asset '/Game/StarterContent/Textures/T_Metal_Gold_D' while loading ../../../../../../Irene/GravityBall(Unreal)/Content/Material/M_Metal_Gold.uasset.
[2015.12.04-12.38.35:086][  0]LoadErrors:Error: Error /Game/Material/M_Metal_Gold : Can't find file for asset. /Game/StarterContent/Textures/T_Metal_Gold_D
[2015.12.04-12.38.35:086][  0]LogLinker:Warning: Can't find file '/Game/StarterContent/Textures/T_Metal_Gold_N'
[2015.12.04-12.38.35:086][  0]LogLinker:Warning: Can't find file for asset '/Game/StarterContent/Textures/T_Metal_Gold_N' while loading ../../../../../../Irene/GravityBall(Unreal)/Content/Material/M_Metal_Gold.uasset.
[2015.12.04-12.38.35:086][  0]LoadErrors:Error: Error /Game/Material/M_Metal_Gold : Can't find file for asset. /Game/StarterContent/Textures/T_Metal_Gold_N
[2015.12.04-12.38.35:096][  0]LogLinker:Warning: Can't find file '/Game/StarterContent/Textures/T_Metal_Gold_D'
[2015.12.04-12.38.35:096][  0]LoadErrors: Info Failed to load /Game/StarterContent/Textures/T_Metal_Gold_D.T_Metal_Gold_D Referenced by MaterialExpressionTextureSample_46
[2015.12.04-12.38.35:096][  0]LogLinker:Warning: Can't find file for asset '/Game/StarterContent/Textures/T_Metal_Gold_D' while loading NULL.
[2015.12.04-12.38.35:096][  0]LoadErrors: Info Failed to load /Game/StarterContent/Textures/T_Metal_Gold_D.T_Metal_Gold_D Referenced by MaterialExpressionTextureSample_46
[2015.12.04-12.38.35:096][  0]LogLinker:Warning: Can't find file '/Game/StarterContent/Textures/T_Metal_Gold_N'
[2015.12.04-12.38.35:096][  0]LoadErrors: Info Failed to load /Game/StarterContent/Textures/T_Metal_Gold_N.T_Metal_Gold_N Referenced by MaterialExpressionTextureSample_47
[2015.12.04-12.38.35:096][  0]LogLinker:Warning: Can't find file for asset '/Game/StarterContent/Textures/T_Metal_Gold_N' while loading NULL.
[2015.12.04-12.38.35:096][  0]LoadErrors: Info Failed to load /Game/StarterContent/Textures/T_Metal_Gold_N.T_Metal_Gold_N Referenced by MaterialExpressionTextureSample_47
[2015.12.04-12.38.35:097][  0]LogLinker:Warning: Can't find file '/Game/StarterContent/Textures/T_MacroVariation'
[2015.12.04-12.38.35:097][  0]LoadErrors: Info Failed to load /Game/StarterContent/Textures/T_MacroVariation.T_MacroVariation Referenced by MaterialExpressionTextureSample_49
[2015.12.04-12.38.35:097][  0]LogLinker:Warning: Can't find file for asset '/Game/StarterContent/Textures/T_MacroVariation' while loading NULL.
[2015.12.04-12.38.35:097][  0]LoadErrors: Info Failed to load /Game/StarterContent/Textures/T_MacroVariation.T_MacroVariation Referenced by MaterialExpressionTextureSample_49
[2015.12.04-12.38.35:097][  0]LogLinker:Warning: Can't find file '/Game/StarterContent/Textures/T_MacroVariation'
[2015.12.04-12.38.35:097][  0]LoadErrors: Info Failed to load /Game/StarterContent/Textures/T_MacroVariation.T_MacroVariation Referenced by MaterialExpressionTextureSample_50
[2015.12.04-12.38.35:097][  0]LogLinker:Warning: Can't find file for asset '/Game/StarterContent/Textures/T_MacroVariation' while loading NULL.
[2015.12.04-12.38.35:097][  0]LoadErrors: Info Failed to load /Game/StarterContent/Textures/T_MacroVariation.T_MacroVariation Referenced by MaterialExpressionTextureSample_50
[2015.12.04-12.38.35:097][  0]LogLinker:Warning: Can't find file '/Game/StarterContent/Textures/T_MacroVariation'
[2015.12.04-12.38.35:097][  0]LoadErrors: Info Failed to load /Game/StarterContent/Textures/T_MacroVariation.T_MacroVariation Referenced by MaterialExpressionTextureSample_51
[2015.12.04-12.38.35:097][  0]LogLinker:Warning: Can't find file for asset '/Game/StarterContent/Textures/T_MacroVariation' while loading NULL.
[2015.12.04-12.38.35:097][  0]LoadErrors: Info Failed to load /Game/StarterContent/Textures/T_MacroVariation.T_MacroVariation Referenced by MaterialExpressionTextureSample_51
[2015.12.04-12.38.35:119][  0]LogMaterial: Missing cached shader map for material M_Metal_Gold, compiling. 
[2015.12.04-12.38.35:120][  0]LogMaterial:Warning: Failed to compile Material /Game/Material/M_Metal_Gold.M_Metal_Gold for platform PCD3D_SM5, Default Material will be used in game.
[2015.12.04-12.38.35:120][  0]LogMaterial:Warning: 	(Node TextureSample) TextureSample> Missing input texture
[2015.12.04-12.38.35:201][  0]LogAIModule: Creating AISystem for world RollingMap
[2015.12.04-12.38.35:206][  0]LogEditorServer: Finished looking for orphan Actors (0.000 secs)
[2015.12.04-12.38.35:208][  0]Cmd: MAP CHECKDEP NOCLEARLOG
[2015.12.04-12.38.35:307][  0]MapCheck: Info Map check complete: 0 Error(s), 0 Warning(s), took 99.421ms to complete.
[2015.12.04-12.38.35:307][  0]LogFileHelpers: Loading map 'RollingMap' took 0.538
[2015.12.04-12.38.35:458][  0]LogCollectionManager: Loaded 0 collections in 0.002692 seconds
[2015.12.04-12.38.35:504][  0]LogFileCache: Scanning file cache for directory 'I:/Irene/GravityBall(Unreal)/Saved/Collections/' took 0.01s
[2015.12.04-12.38.35:504][  0]LogFileCache: Scanning file cache for directory 'I:/Irene/GravityBall(Unreal)/Content/Developers/kobe/Collections/' took 0.01s
[2015.12.04-12.38.35:504][  0]LogFileCache: Scanning file cache for directory 'I:/Irene/GravityBall(Unreal)/Content/Collections/' took 0.01s
[2015.12.04-12.38.35:504][  0]LogCollectionManager: Rebuilt the GUID cache for 0 collections in 0.000002 seconds
[2015.12.04-12.38.35:517][  0]LogContentBrowser: Native class hierarchy populated in 0.0123 seconds. Added 1893 classes and 338 folders.
[2015.12.04-12.38.35:528][  0]LogContentBrowser: Native class hierarchy updated for 'WidgetCarousel' in 0.0007 seconds. Added 0 classes and 0 folders.
[2015.12.04-12.38.35:611][  0]LogContentBrowser: Native class hierarchy updated for 'AddContentDialog' in 0.0006 seconds. Added 0 classes and 0 folders.
[2015.12.04-12.38.35:616][  0]LogContentBrowser: Native class hierarchy updated for 'SceneOutliner' in 0.0006 seconds. Added 1 classes and 2 folders.
[2015.12.04-12.38.35:710][  0]LogCrashTracker: Crashtracker disabled due to settings.
[2015.12.04-12.38.35:716][  0]LogUObjectGlobals:Warning: Failed to find object 'Class None.'
[2015.12.04-12.38.35:739][  0]LogLoad: Full Startup: 6.21 seconds (BP compile: 0.09 seconds)
[2015.12.04-12.38.35:754][  0]LogOcInput: Can't find Oculus library dev build: is proper Runtime installed? Version: 0.8.0.0
[2015.12.04-12.38.35:835][  0]LogContentStreaming: Texture pool size now 1000 MB
[2015.12.04-12.38.36:120][  0]LogRenderer: Reallocating scene render targets to support 1208x572 (Frame:2).
[2015.12.04-12.38.36:303][  2]LogAssetRegistry: Asset discovery search completed in 2.9788 seconds
[2015.12.04-12.38.36:303][  2]LogCollectionManager: Rebuilt the object cache for 0 collections in 0.000001 seconds (found 0 objects)
[2015.12.04-12.38.36:303][  2]LogCollectionManager: Fixed up redirectors for 0 collections in 0.000100 seconds (updated 0 objects)
[2015.12.04-12.38.57:514][123]LogEditorViewport: Clicking on Actor (LMB): StaticMeshActor (Floor)
[2015.12.04-12.39.05:752][ 44]LogLinker:Warning: Can't find file '/Game/StarterContent/Textures/T_MacroVariation'
[2015.12.04-12.39.05:753][ 44]LogLinker:Warning: Can't find file for asset '/Game/StarterContent/Textures/T_MacroVariation' while loading ../../../../../../Irene/GravityBall(Unreal)/Content/Material/M_Metal_Rust.uasset.
[2015.12.04-12.39.05:753][ 44]LoadErrors:Error: Error /Game/Material/M_Metal_Rust : Can't find file for asset. /Game/StarterContent/Textures/T_MacroVariation
[2015.12.04-12.39.05:753][ 44]LogLinker:Warning: Can't find file '/Game/StarterContent/Textures/T_Metal_Rust_D'
[2015.12.04-12.39.05:753][ 44]LogLinker:Warning: Can't find file for asset '/Game/StarterContent/Textures/T_Metal_Rust_D' while loading ../../../../../../Irene/GravityBall(Unreal)/Content/Material/M_Metal_Rust.uasset.
[2015.12.04-12.39.05:753][ 44]LoadErrors:Error: Error /Game/Material/M_Metal_Rust : Can't find file for asset. /Game/StarterContent/Textures/T_Metal_Rust_D
[2015.12.04-12.39.05:753][ 44]LogLinker:Warning: Can't find file '/Game/StarterContent/Textures/T_Metal_Rust_N'
[2015.12.04-12.39.05:753][ 44]LogLinker:Warning: Can't find file for asset '/Game/StarterContent/Textures/T_Metal_Rust_N' while loading ../../../../../../Irene/GravityBall(Unreal)/Content/Material/M_Metal_Rust.uasset.
[2015.12.04-12.39.05:753][ 44]LoadErrors:Error: Error /Game/Material/M_Metal_Rust : Can't find file for asset. /Game/StarterContent/Textures/T_Metal_Rust_N
[2015.12.04-12.39.05:753][ 44]LogLinker:Warning: Can't find file '/Game/StarterContent/Textures/T_MacroVariation'
[2015.12.04-12.39.05:753][ 44]LogLinker:Warning: Can't find file for asset '/Game/StarterContent/Textures/T_MacroVariation' while loading ../../../../../../Irene/GravityBall(Unreal)/Content/Material/M_Metal_Rust.uasset.
[2015.12.04-12.39.05:753][ 44]LogLinker:Warning: Can't find file '/Game/StarterContent/Textures/T_Metal_Rust_D'
[2015.12.04-12.39.05:754][ 44]LogLinker:Warning: Can't find file for asset '/Game/StarterContent/Textures/T_Metal_Rust_D' while loading ../../../../../../Irene/GravityBall(Unreal)/Content/Material/M_Metal_Rust.uasset.
[2015.12.04-12.39.05:754][ 44]LogLinker:Warning: Can't find file '/Game/StarterContent/Textures/T_Metal_Rust_N'
[2015.12.04-12.39.05:754][ 44]LogLinker:Warning: Can't find file for asset '/Game/StarterContent/Textures/T_Metal_Rust_N' while loading ../../../../../../Irene/GravityBall(Unreal)/Content/Material/M_Metal_Rust.uasset.
[2015.12.04-12.39.05:756][ 44]LogLinker:Warning: Can't find file '/Game/StarterContent/Textures/T_Metal_Rust_N'
[2015.12.04-12.39.05:756][ 44]LoadErrors: Info Failed to load /Game/StarterContent/Textures/T_Metal_Rust_N.T_Metal_Rust_N Referenced by MaterialExpressionTextureSample_4
[2015.12.04-12.39.05:756][ 44]LogLinker:Warning: Can't find file for asset '/Game/StarterContent/Textures/T_Metal_Rust_N' while loading NULL.
[2015.12.04-12.39.05:756][ 44]LogLinker:Warning: Can't find file '/Game/StarterContent/Textures/T_Metal_Rust_N'
[2015.12.04-12.39.05:756][ 44]LoadErrors: Info Failed to load /Game/StarterContent/Textures/T_Metal_Rust_N.T_Metal_Rust_N Referenced by MaterialExpressionTextureSample_5
[2015.12.04-12.39.05:756][ 44]LogLinker:Warning: Can't find file for asset '/Game/StarterContent/Textures/T_Metal_Rust_N' while loading NULL.
[2015.12.04-12.39.05:756][ 44]LogLinker:Warning: Can't find file '/Game/StarterContent/Textures/T_Metal_Rust_D'
[2015.12.04-12.39.05:756][ 44]LoadErrors: Info Failed to load /Game/StarterContent/Textures/T_Metal_Rust_D.T_Metal_Rust_D Referenced by MaterialExpressionTextureSample_55
[2015.12.04-12.39.05:756][ 44]LogLinker:Warning: Can't find file for asset '/Game/StarterContent/Textures/T_Metal_Rust_D' while loading NULL.
[2015.12.04-12.39.05:757][ 44]LogLinker:Warning: Can't find file '/Game/StarterContent/Textures/T_MacroVariation'
[2015.12.04-12.39.05:757][ 44]LoadErrors: Info Failed to load /Game/StarterContent/Textures/T_MacroVariation.T_MacroVariation Referenced by MaterialExpressionTextureSample_58
[2015.12.04-12.39.05:757][ 44]LogLinker:Warning: Can't find file for asset '/Game/StarterContent/Textures/T_MacroVariation' while loading NULL.
[2015.12.04-12.39.05:757][ 44]LogLinker:Warning: Can't find file '/Game/StarterContent/Textures/T_MacroVariation'
[2015.12.04-12.39.05:757][ 44]LoadErrors: Info Failed to load /Game/StarterContent/Textures/T_MacroVariation.T_MacroVariation Referenced by MaterialExpressionTextureSample_59
[2015.12.04-12.39.05:757][ 44]LogLinker:Warning: Can't find file for asset '/Game/StarterContent/Textures/T_MacroVariation' while loading NULL.
[2015.12.04-12.39.05:760][ 44]LogMaterial: Missing cached shader map for material M_Metal_Rust, compiling. 
[2015.12.04-12.39.05:783][ 44]LogMaterial:Warning: Failed to compile Material /Game/Material/M_Metal_Rust.M_Metal_Rust for platform PCD3D_SM5, Default Material will be used in game.
[2015.12.04-12.39.05:783][ 44]LogMaterial:Warning: 	(Node TextureSample) TextureSample> Missing input texture
[2015.12.04-12.39.12:436][761]Cmd: OBJ SAVEPACKAGE PACKAGE="/Game/RollingMap" FILE="../../../../../../Irene/GravityBall(Unreal)/Content/RollingMap.umap" SILENT=true AUTOSAVING=false KEEPDIRTY=false
[2015.12.04-12.39.12:498][761]LogSavePackage: Save=34.452351ms
[2015.12.04-12.39.12:498][761]LogSavePackage: Moving '../../../../../../Irene/GravityBall(Unreal)/Saved/RollingMap036930A5449E773403ADFC90944B8D50.tmp' to '../../../../../../Irene/GravityBall(Unreal)/Content/RollingMap.umap'
[2015.12.04-12.39.12:501][761]LogSavePackage: Total save time: 44.845667ms
[2015.12.04-12.39.12:501][761]LogSavePackage:Display: Finished SavePackage ../../../../../../Irene/GravityBall(Unreal)/Content/RollingMap.umap
[2015.12.04-12.39.14:709][ 10]LogWindowsTextInputMethodSystem:Display: IME system now activated using TSF (微軟注音).
[2015.12.04-12.39.14:904][ 11]Cmd: QUIT_EDITOR
[2015.12.04-12.39.15:028][ 11]LogExit: Preparing to exit.
[2015.12.04-12.39.15:288][ 11]LogExit: Editor shut down
[2015.12.04-12.39.15:288][ 11]LogExit: Transaction tracking system shut down
[2015.12.04-12.39.15:289][ 11]LogParticles: Destroying 0 GPU particle simulations for FXSystem 0x000001D86679B240
[2015.12.04-12.39.15:289][ 11]LogParticles: Destroying 0 GPU particle simulations for FXSystem 0x000001D87FFA3880
[2015.12.04-12.39.15:289][ 11]LogParticles: Destroying 0 GPU particle simulations for FXSystem 0x000001D86524A8E0
[2015.12.04-12.39.15:289][ 11]LogParticles: Destroying 0 GPU particle simulations for FXSystem 0x000001D8110AC400
[2015.12.04-12.39.15:289][ 11]LogParticles: Destroying 0 GPU particle simulations for FXSystem 0x000001D812E58A40
[2015.12.04-12.39.15:417][ 11]LogExit: Object subsystem successfully closed.
[2015.12.04-12.39.15:426][ 11]LogD3D11RHI: Shutdown
[2015.12.04-12.39.15:426][ 11]LogD3D11RHI: CleanupD3DDevice
[2015.12.04-12.39.15:472][ 11]LogD3D11RHI: ~FD3D11DynamicRHI
[2015.12.04-12.39.15:495][ 11]LogModuleManager: Shutting down and abandoning module CookingStats (199)
[2015.12.04-12.39.15:495][ 11]LogModuleManager: Shutting down and abandoning module CrashTracker (198)
[2015.12.04-12.39.15:495][ 11]LogModuleManager: Shutting down and abandoning module SceneOutliner (197)
[2015.12.04-12.39.15:495][ 11]LogModuleManager: Shutting down and abandoning module SuperSearch (196)
[2015.12.04-12.39.15:495][ 11]LogModuleManager: Shutting down and abandoning module WidgetCarousel (195)
[2015.12.04-12.39.15:495][ 11]LogModuleManager: Shutting down and abandoning module AddContentDialog (194)
[2015.12.04-12.39.15:495][ 11]LogModuleManager: Shutting down and abandoning module EditorWidgets (193)
[2015.12.04-12.39.15:495][ 11]LogModuleManager: Shutting down and abandoning module CollectionManager (192)
[2015.12.04-12.39.15:495][ 11]LogModuleManager: Shutting down and abandoning module StatsViewer (191)
[2015.12.04-12.39.15:495][ 11]LogModuleManager: Shutting down and abandoning module FoliageEdit (190)
[2015.12.04-12.39.15:495][ 11]LogModuleManager: Shutting down and abandoning module LandscapeEditor (189)
[2015.12.04-12.39.15:495][ 11]LogModuleManager: Shutting down and abandoning module ActorPickerMode (188)
[2015.12.04-12.39.15:495][ 11]LogModuleManager: Shutting down and abandoning module GeometryMode (187)
[2015.12.04-12.39.15:495][ 11]LogModuleManager: Shutting down and abandoning module TextureAlignMode (186)
[2015.12.04-12.39.15:495][ 11]LogModuleManager: Shutting down and abandoning module BspMode (185)
[2015.12.04-12.39.15:495][ 11]LogModuleManager: Shutting down and abandoning module PlacementMode (184)
[2015.12.04-12.39.15:495][ 11]LogModuleManager: Shutting down and abandoning module AutomationWorker (183)
[2015.12.04-12.39.15:496][ 11]LogModuleManager: Shutting down and abandoning module CharacterAI (182)
[2015.12.04-12.39.15:496][ 11]LogModuleManager: Shutting down and abandoning module SmartSnapping (181)
[2015.12.04-12.39.15:496][ 11]LogModuleManager: Shutting down and abandoning module ViewportSnapping (180)
[2015.12.04-12.39.15:496][ 11]LogModuleManager: Shutting down and abandoning module LogVisualizer (179)
[2015.12.04-12.39.15:496][ 11]LogModuleManager: Shutting down and abandoning module GameProjectGeneration (178)
[2015.12.04-12.39.15:496][ 11]LogModuleManager: Shutting down and abandoning module IntroTutorials (177)
[2015.12.04-12.39.15:496][ 11]LogModuleManager: Shutting down and abandoning module EditorLiveStreaming (176)
[2015.12.04-12.39.15:496][ 11]LogModuleManager: Shutting down and abandoning module IOSPlatformEditor (175)
[2015.12.04-12.39.15:496][ 11]LogModuleManager: Shutting down and abandoning module HTML5PlatformEditor (174)
[2015.12.04-12.39.15:496][ 11]LogModuleManager: Shutting down and abandoning module AndroidDeviceDetection (173)
[2015.12.04-12.39.16:018][ 11]LogModuleManager: Shutting down and abandoning module AndroidPlatformEditor (172)
[2015.12.04-12.39.16:018][ 11]LogModuleManager: Shutting down and abandoning module IOSRuntimeSettings (171)
[2015.12.04-12.39.16:018][ 11]LogModuleManager: Shutting down and abandoning module AndroidRuntimeSettings (170)
[2015.12.04-12.39.16:018][ 11]LogModuleManager: Shutting down and abandoning module MergeActors (169)
[2015.12.04-12.39.16:018][ 11]LogModuleManager: Shutting down and abandoning module SizeMap (168)
[2015.12.04-12.39.16:018][ 11]LogModuleManager: Shutting down and abandoning module TreeMap (167)
[2015.12.04-12.39.16:018][ 11]LogModuleManager: Shutting down and abandoning module ReferenceViewer (166)
[2015.12.04-12.39.16:018][ 11]LogModuleManager: Shutting down and abandoning module LocalizationService (165)
[2015.12.04-12.39.16:018][ 11]LogModuleManager: Shutting down and abandoning module LocalizationDashboard (164)
[2015.12.04-12.39.16:018][ 11]LogModuleManager: Shutting down and abandoning module HardwareTargeting (163)
[2015.12.04-12.39.16:018][ 11]LogModuleManager: Shutting down and abandoning module DeviceProfileEditor (162)
[2015.12.04-12.39.16:018][ 11]LogModuleManager: Shutting down and abandoning module UndoHistory (161)
[2015.12.04-12.39.16:018][ 11]LogModuleManager: Shutting down and abandoning module GameplayTagsEditor (160)
[2015.12.04-12.39.16:018][ 11]LogModuleManager: Shutting down and abandoning module UserFeedback (159)
[2015.12.04-12.39.16:018][ 11]LogModuleManager: Shutting down and abandoning module XmlParser (158)
[2015.12.04-12.39.16:018][ 11]LogModuleManager: Shutting down and abandoning module Blutility (157)
[2015.12.04-12.39.16:018][ 11]LogModuleManager: Shutting down and abandoning module ProjectTargetPlatformEditor (156)
[2015.12.04-12.39.16:018][ 11]LogModuleManager: Shutting down and abandoning module ProjectSettingsViewer (155)
[2015.12.04-12.39.16:018][ 11]LogModuleManager: Shutting down and abandoning module InputBindingEditor (154)
[2015.12.04-12.39.16:019][ 11]LogModuleManager: Shutting down and abandoning module EditorSettingsViewer (153)
[2015.12.04-12.39.16:019][ 11]LogModuleManager: Shutting down and abandoning module SettingsEditor (152)
[2015.12.04-12.39.16:019][ 11]LogModuleManager: Shutting down and abandoning module ProjectLauncher (151)
[2015.12.04-12.39.16:019][ 11]LogModuleManager: Shutting down and abandoning module SessionFrontend (150)
[2015.12.04-12.39.16:019][ 11]LogModuleManager: Shutting down and abandoning module ProfilerClient (149)
[2015.12.04-12.39.16:019][ 11]LogModuleManager: Shutting down and abandoning module TargetDeviceServices (148)
[2015.12.04-12.39.16:019][ 11]LogModuleManager: Shutting down and abandoning module DeviceManager (147)
[2015.12.04-12.39.16:019][ 11]LogModuleManager: Shutting down and abandoning module AutomationController (146)
[2015.12.04-12.39.16:019][ 11]LogModuleManager: Shutting down and abandoning module AutomationWindow (145)
[2015.12.04-12.39.16:019][ 11]LogModuleManager: Shutting down and abandoning module Layers (144)
[2015.12.04-12.39.16:019][ 11]LogModuleManager: Shutting down and abandoning module ComponentVisualizers (143)
[2015.12.04-12.39.16:019][ 11]LogModuleManager: Shutting down and abandoning module DetailCustomizations (142)
[2015.12.04-12.39.16:019][ 11]LogModuleManager: Shutting down and abandoning module PackagesDialog (141)
[2015.12.04-12.39.16:019][ 11]LogModuleManager: Shutting down and abandoning module Persona (140)
[2015.12.04-12.39.16:019][ 11]LogModuleManager: Shutting down and abandoning module Kismet (139)
[2015.12.04-12.39.16:019][ 11]LogModuleManager: Shutting down and abandoning module GraphEditor (138)
[2015.12.04-12.39.16:019][ 11]LogModuleManager: Shutting down and abandoning module ClassViewer (137)
[2015.12.04-12.39.16:019][ 11]LogModuleManager: Shutting down and abandoning module Toolbox (136)
[2015.12.04-12.39.16:019][ 11]LogModuleManager: Shutting down and abandoning module ModuleUI (135)
[2015.12.04-12.39.16:019][ 11]LogModuleManager: Shutting down and abandoning module MovieSceneTools (134)
[2015.12.04-12.39.16:019][ 11]LogModuleManager: Shutting down and abandoning module OutputLog (133)
[2015.12.04-12.39.16:019][ 11]LogModuleManager: Shutting down and abandoning module GammaUI (132)
[2015.12.04-12.39.16:019][ 11]LogModuleManager: Shutting down and abandoning module Documentation (131)
[2015.12.04-12.39.16:019][ 11]LogModuleManager: Shutting down and abandoning module GameLiveStreaming (130)
[2015.12.04-12.39.16:019][ 11]LogModuleManager: Shutting down and abandoning module StreamingPauseRendering (129)
[2015.12.04-12.39.16:019][ 11]LogModuleManager: Shutting down and abandoning module AnalyticsET (128)
[2015.12.04-12.39.16:019][ 11]LogModuleManager: Shutting down and abandoning module Analytics (127)
[2015.12.04-12.39.16:019][ 11]LogModuleManager: Shutting down and abandoning module AITestSuite (126)
[2015.12.04-12.39.16:019][ 11]LogModuleManager: Shutting down and abandoning module GameplayDebugger (125)
[2015.12.04-12.39.16:019][ 11]LogModuleManager: Shutting down and abandoning module AIModule (124)
[2015.12.04-12.39.16:019][ 11]LogModuleManager: Shutting down and abandoning module ProfilerService (123)
[2015.12.04-12.39.16:054][ 11]LogModuleManager: Shutting down and abandoning module TaskGraph (122)
[2015.12.04-12.39.16:054][ 11]LogModuleManager: Shutting down and abandoning module SlateRemote (121)
[2015.12.04-12.39.16:055][ 11]LogModuleManager: Shutting down and abandoning module SteamVRController (120)
[2015.12.04-12.39.16:055][ 11]LogModuleManager: Shutting down and abandoning module SteamVR (119)
[2015.12.04-12.39.16:055][ 11]LogModuleManager: Shutting down and abandoning module ProceduralMeshComponent (118)
[2015.12.04-12.39.16:055][ 11]LogModuleManager: Shutting down and abandoning module OculusLibrary (117)
[2015.12.04-12.39.16:055][ 11]LogModuleManager: Shutting down and abandoning module OculusInput (116)
[2015.12.04-12.39.16:055][ 11]LogModuleManager: Shutting down and abandoning module LeapMotionController (115)
[2015.12.04-12.39.16:071][ 11]LogModuleManager: Shutting down and abandoning module CustomMeshComponent (114)
[2015.12.04-12.39.16:071][ 11]LogModuleManager: Shutting down and abandoning module CableComponent (113)
[2015.12.04-12.39.16:072][ 11]LogModuleManager: Shutting down and abandoning module ArchVisCharacter (112)
[2015.12.04-12.39.16:072][ 11]LogModuleManager: Shutting down and abandoning module MessagingDebugger (111)
[2015.12.04-12.39.16:072][ 11]LogModuleManager: Shutting down and abandoning module MediaPlayerEditor (110)
[2015.12.04-12.39.16:072][ 11]LogModuleManager: Shutting down and abandoning module HTML5Networking (109)
[2015.12.04-12.39.16:072][ 11]LogModuleManager: Shutting down and abandoning module SpeedTreeImporter (108)
[2015.12.04-12.39.16:072][ 11]LogModuleManager: Shutting down and abandoning module PluginBrowser (107)
[2015.12.04-12.39.16:072][ 11]LogModuleManager: Shutting down and abandoning module EpicSurvey (106)
[2015.12.04-12.39.16:072][ 11]LogModuleManager: Shutting down and abandoning module DesktopPlatform (105)
[2015.12.04-12.39.16:072][ 11]LogModuleManager: Shutting down and abandoning module VisualStudioSourceCodeAccess (104)
[2015.12.04-12.39.16:072][ 11]LogModuleManager: Shutting down and abandoning module UObjectPlugin (103)
[2015.12.04-12.39.16:072][ 11]LogModuleManager: Shutting down and abandoning module SubversionSourceControl (102)
[2015.12.04-12.39.16:072][ 11]LogModuleManager: Shutting down and abandoning module PerforceSourceControl (101)
[2015.12.04-12.39.16:072][ 11]LogModuleManager: Shutting down and abandoning module SourceControl (100)
[2015.12.04-12.39.16:072][ 11]LogModuleManager: Shutting down and abandoning module GitSourceControl (99)
[2015.12.04-12.39.16:072][ 11]LogModuleManager: Shutting down and abandoning module LightPropagationVolumeEditor (98)
[2015.12.04-12.39.16:072][ 11]LogModuleManager: Shutting down and abandoning module PaperTiledImporter (97)
[2015.12.04-12.39.16:072][ 11]LogModuleManager: Shutting down and abandoning module PaperSpriteSheetImporter (96)
[2015.12.04-12.39.16:072][ 11]LogModuleManager: Shutting down and abandoning module MeshPaint (95)
[2015.12.04-12.39.16:072][ 11]LogModuleManager: Shutting down and abandoning module SlateReflector (94)
[2015.12.04-12.39.16:072][ 11]LogModuleManager: Shutting down and abandoning module HotReload (93)
[2015.12.04-12.39.16:072][ 11]LogModuleManager: Shutting down and abandoning module MainFrame (92)
[2015.12.04-12.39.16:072][ 11]LogModuleManager: Shutting down and abandoning module LevelEditor (91)
[2015.12.04-12.39.16:073][ 11]LogModuleManager: Shutting down and abandoning module DirectoryWatcher (90)
[2015.12.04-12.39.16:073][ 11]LogModuleManager: Shutting down and abandoning module AssetRegistry (89)
[2015.12.04-12.39.16:107][ 11]LogModuleManager: Shutting down and abandoning module ContentBrowser (88)
[2015.12.04-12.39.16:108][ 11]LogModuleManager: Shutting down and abandoning module Paper2DEditor (87)
[2015.12.04-12.39.16:108][ 11]LogModuleManager: Shutting down and abandoning module UdpMessaging (86)
[2015.12.04-12.39.16:209][ 11]LogModuleManager: Shutting down and abandoning module LightPropagationVolumeRuntime (85)
[2015.12.04-12.39.16:209][ 11]LogModuleManager: Shutting down and abandoning module Paper2D (84)
[2015.12.04-12.39.16:209][ 11]LogModuleManager: Shutting down and abandoning module WindowsMoviePlayer (83)
[2015.12.04-12.39.16:210][ 11]LogModuleManager: Shutting down and abandoning module Media (82)
[2015.12.04-12.39.16:210][ 11]LogModuleManager: Shutting down and abandoning module WmfMedia (81)
[2015.12.04-12.39.16:211][ 11]LogModuleManager: Shutting down and abandoning module OnlineBlueprintSupport (80)
[2015.12.04-12.39.16:211][ 11]LogModuleManager: Shutting down and abandoning module GameplayTasksEditor (79)
[2015.12.04-12.39.16:211][ 11]LogModuleManager: Shutting down and abandoning module PropertyEditor (78)
[2015.12.04-12.39.16:211][ 11]LogModuleManager: Shutting down and abandoning module BehaviorTreeEditor (77)
[2015.12.04-12.39.16:211][ 11]LogModuleManager: Shutting down and abandoning module FunctionalTesting (76)
[2015.12.04-12.39.16:211][ 11]LogModuleManager: Shutting down and abandoning module CollisionAnalyzer (75)
[2015.12.04-12.39.16:211][ 11]LogModuleManager: Shutting down and abandoning module WorkspaceMenuStructure (74)
[2015.12.04-12.39.16:211][ 11]LogModuleManager: Shutting down and abandoning module MessageLog (73)
[2015.12.04-12.39.16:211][ 11]LogModuleManager: Shutting down and abandoning module Sequencer (72)
[2015.12.04-12.39.16:211][ 11]LogModuleManager: Shutting down and abandoning module AssetTools (71)
[2015.12.04-12.39.16:211][ 11]LogModuleManager: Shutting down and abandoning module UMGEditor (70)
[2015.12.04-12.39.16:211][ 11]LogModuleManager: Shutting down and abandoning module UMG (69)
[2015.12.04-12.39.16:211][ 11]LogModuleManager: Shutting down and abandoning module Slate (68)
[2015.12.04-12.39.16:211][ 11]LogModuleManager: Shutting down and abandoning module EditorStyle (67)
[2015.12.04-12.39.16:213][ 11]LogModuleManager: Shutting down and abandoning module SessionServices (66)
[2015.12.04-12.39.16:213][ 11]LogModuleManager: Shutting down and abandoning module SourceCodeAccess (65)
[2015.12.04-12.39.16:213][ 11]LogModuleManager: Shutting down and abandoning module HeadMountedDisplay (64)
[2015.12.04-12.39.16:213][ 11]LogModuleManager: Shutting down and abandoning module XAudio2 (63)
[2015.12.04-12.39.16:213][ 11]LogModuleManager: Shutting down and abandoning module Networking (61)
[2015.12.04-12.39.16:213][ 11]LogModuleManager: Shutting down and abandoning module Core (60)
[2015.12.04-12.39.16:213][ 11]LogModuleManager: Shutting down and abandoning module KismetCompiler (59)
[2015.12.04-12.39.16:213][ 11]LogModuleManager: Shutting down and abandoning module PhysXFormats (58)
[2015.12.04-12.39.16:213][ 11]LogModuleManager: Shutting down and abandoning module MeshUtilities (57)
[2015.12.04-12.39.16:213][ 11]LogModuleManager: Shutting down and abandoning module DerivedDataCache (56)
[2015.12.04-12.39.16:219][ 11]LogDerivedDataCache: Shutdown
[2015.12.04-12.39.16:219][ 11]LogModuleManager: Shutting down and abandoning module ShaderFormatOpenGL (55)
[2015.12.04-12.39.16:219][ 11]LogModuleManager: Shutting down and abandoning module ShaderFormatD3D (54)
[2015.12.04-12.39.16:219][ 11]LogModuleManager: Shutting down and abandoning module MetalShaderFormat (53)
[2015.12.04-12.39.16:219][ 11]LogModuleManager: Shutting down and abandoning module TextureFormatUncompressed (52)
[2015.12.04-12.39.16:219][ 11]LogModuleManager: Shutting down and abandoning module TextureFormatPVR (51)
[2015.12.04-12.39.16:219][ 11]LogModuleManager: Shutting down and abandoning module TextureFormatIntelISPCTexComp (50)
[2015.12.04-12.39.16:219][ 11]LogModuleManager: Shutting down and abandoning module TextureFormatDXT (49)
[2015.12.04-12.39.16:219][ 11]LogModuleManager: Shutting down and abandoning module ImageWrapper (48)
[2015.12.04-12.39.16:219][ 11]LogModuleManager: Shutting down and abandoning module TextureFormatASTC (47)
[2015.12.04-12.39.16:219][ 11]LogModuleManager: Shutting down and abandoning module TextureFormatAndroid (46)
[2015.12.04-12.39.16:219][ 11]LogModuleManager: Shutting down and abandoning module AudioFormatOpus (45)
[2015.12.04-12.39.16:219][ 11]LogModuleManager: Shutting down and abandoning module AudioFormatOgg (44)
[2015.12.04-12.39.16:219][ 11]LogModuleManager: Shutting down and abandoning module AudioFormatADPCM (43)
[2015.12.04-12.39.16:219][ 11]LogModuleManager: Shutting down and abandoning module LinuxTargetPlatform (42)
[2015.12.04-12.39.16:219][ 11]LogModuleManager: Shutting down and abandoning module LinuxServerTargetPlatform (41)
[2015.12.04-12.39.16:219][ 11]LogModuleManager: Shutting down and abandoning module LinuxNoEditorTargetPlatform (40)
[2015.12.04-12.39.16:219][ 11]LogModuleManager: Shutting down and abandoning module Messaging (39)
[2015.12.04-12.39.16:219][ 11]LogModuleManager: Shutting down and abandoning module IOSTargetPlatform (38)
[2015.12.04-12.39.16:219][ 11]LogModuleManager: Shutting down and abandoning module HTML5TargetPlatform (37)
[2015.12.04-12.39.16:219][ 11]LogModuleManager: Shutting down and abandoning module Android_PVRTCTargetPlatform (36)
[2015.12.04-12.39.16:219][ 11]LogModuleManager: Shutting down and abandoning module Android_MultiTargetPlatform (35)
[2015.12.04-12.39.16:219][ 11]LogModuleManager: Shutting down and abandoning module Android_ETC2TargetPlatform (34)
[2015.12.04-12.39.16:219][ 11]LogModuleManager: Shutting down and abandoning module Android_ETC1TargetPlatform (33)
[2015.12.04-12.39.16:219][ 11]LogModuleManager: Shutting down and abandoning module Android_DXTTargetPlatform (32)
[2015.12.04-12.39.16:219][ 11]LogModuleManager: Shutting down and abandoning module Android_ATCTargetPlatform (31)
[2015.12.04-12.39.16:219][ 11]LogModuleManager: Shutting down and abandoning module Android_ASTCTargetPlatform (30)
[2015.12.04-12.39.16:219][ 11]LogModuleManager: Shutting down and abandoning module AndroidTargetPlatform (29)
[2015.12.04-12.39.16:219][ 11]LogModuleManager: Shutting down and abandoning module WindowsTargetPlatform (28)
[2015.12.04-12.39.16:219][ 11]LogModuleManager: Shutting down and abandoning module WindowsServerTargetPlatform (27)
[2015.12.04-12.39.16:219][ 11]LogModuleManager: Shutting down and abandoning module WindowsNoEditorTargetPlatform (26)
[2015.12.04-12.39.16:219][ 11]LogModuleManager: Shutting down and abandoning module WindowsClientTargetPlatform (25)
[2015.12.04-12.39.16:219][ 11]LogModuleManager: Shutting down and abandoning module AllDesktopTargetPlatform (24)
[2015.12.04-12.39.16:219][ 11]LogModuleManager: Shutting down and abandoning module TargetPlatform (23)
[2015.12.04-12.39.16:219][ 11]LogModuleManager: Shutting down and abandoning module InputCore (22)
[2015.12.04-12.39.16:219][ 11]LogModuleManager: Shutting down and abandoning module Settings (21)
[2015.12.04-12.39.16:219][ 11]LogModuleManager: Shutting down and abandoning module OnlineSubsystem (19)
[2015.12.04-12.39.16:219][ 11]LogModuleManager: Shutting down and abandoning module HTTP (18)
[2015.12.04-12.39.22:223][ 11]LogModuleManager: Shutting down and abandoning module XMPP (17)
[2015.12.04-12.39.22:223][ 11]LogModuleManager: Shutting down and abandoning module OculusRift (16)
[2015.12.04-12.39.22:223][ 11]LogModuleManager: Shutting down and abandoning module ExampleDeviceProfileSelector (15)
[2015.12.04-12.39.22:223][ 11]LogModuleManager: Shutting down and abandoning module TextureCompressor (14)
[2015.12.04-12.39.22:223][ 11]LogModuleManager: Shutting down and abandoning module ShaderCore (13)
[2015.12.04-12.39.22:223][ 11]LogModuleManager: Shutting down and abandoning module Landscape (12)
[2015.12.04-12.39.22:223][ 11]LogModuleManager: Shutting down and abandoning module SlateRHIRenderer (11)
[2015.12.04-12.39.22:224][ 11]LogModuleManager: Shutting down and abandoning module OpenGLDrv (10)
[2015.12.04-12.39.22:224][ 11]LogModuleManager: Shutting down and abandoning module D3D11RHI (9)
[2015.12.04-12.39.22:224][ 11]LogModuleManager: Shutting down and abandoning module AnimGraphRuntime (8)
[2015.12.04-12.39.22:224][ 11]LogModuleManager: Shutting down and abandoning module Renderer (7)
[2015.12.04-12.39.22:224][ 11]LogModuleManager: Shutting down and abandoning module Engine (6)
[2015.12.04-12.39.22:224][ 11]LogModuleManager: Shutting down and abandoning module CoreUObject (5)
[2015.12.04-12.39.22:224][ 11]LogModuleManager: Shutting down and abandoning module NetworkFile (4)
[2015.12.04-12.39.22:224][ 11]LogModuleManager: Shutting down and abandoning module StreamingFile (3)
[2015.12.04-12.39.22:224][ 11]LogModuleManager: Shutting down and abandoning module SandboxFile (2)
[2015.12.04-12.39.22:224][ 11]LogModuleManager: Shutting down and abandoning module PakFile (1)
[2015.12.04-12.39.22:225][ 11]LogExit: Exiting.
[2015.12.04-12.39.22:226][ 11]Log file closed, 12/04/15 20:39:22
