[2015.12.04-12.55.10:853][  0]Log file open, 12/04/15 20:55:10
[2015.12.04-12.55.10:853][  0]LogInit:Display: Running engine for game: GravityBall
[2015.12.04-12.55.10:853][  0]LogPlatformFile: Not using cached read wrapper
[2015.12.04-12.55.10:853][  0]LogInit:Display: RandInit(-1171203116) SRandInit(-1171203113).
[2015.12.04-12.55.10:853][  0]LogTaskGraph: Started task graph with 4 named threads and 7 total threads.
[2015.12.04-12.55.10:853][  0]LogStats: Stats thread started at 0.080152
[2015.12.04-12.55.10:853][  0]LogInit: Version: 4.10.0-2758231+++depot+UE4-Releases+4.10
[2015.12.04-12.55.10:853][  0]LogInit: API Version: 2758231
[2015.12.04-12.55.10:853][  0]LogInit: Compiled (64-bit): Nov  7 2015 05:13:45
[2015.12.04-12.55.10:853][  0]LogInit: Compiled with Visual C++: 19.00.23026.00
[2015.12.04-12.55.10:853][  0]LogInit: Build Configuration: Development
[2015.12.04-12.55.10:853][  0]LogInit: Branch Name: ++depot+UE4-Releases+4.10
[2015.12.04-12.55.10:853][  0]LogInit: Command line:  
[2015.12.04-12.55.10:853][  0]LogInit: Base directory: I:/Program Files (x86)/Epic Games/4.10/Engine/Binaries/Win64/
[2015.12.04-12.55.10:853][  0]LogInit: Rocket: 1
[2015.12.04-12.55.10:861][  0]LogInit: Using libcurl 7.41.0
[2015.12.04-12.55.10:861][  0]LogInit:  - built for x86_64-pc-win32
[2015.12.04-12.55.10:861][  0]LogInit:  - supports SSL with WinSSL
[2015.12.04-12.55.10:861][  0]LogInit:  - other features:
[2015.12.04-12.55.10:862][  0]LogInit:      CURL_VERSION_SSL
[2015.12.04-12.55.10:862][  0]LogInit:      CURL_VERSION_IPV6
[2015.12.04-12.55.10:862][  0]LogInit:      CURL_VERSION_ASYNCHDNS
[2015.12.04-12.55.10:862][  0]LogInit:      CURL_VERSION_LARGEFILE
[2015.12.04-12.55.10:862][  0]LogInit:      CURL_VERSION_IDN
[2015.12.04-12.55.10:862][  0]LogInit:  CurlRequestOptions (configurable via config and command line):
[2015.12.04-12.55.10:862][  0]LogInit:  - bVerifyPeer = true  - Libcurl will verify peer certificate
[2015.12.04-12.55.10:862][  0]LogInit:  - bUseHttpProxy = false  - Libcurl will NOT use HTTP proxy
[2015.12.04-12.55.10:862][  0]LogInit:  - bDontReuseConnections = false  - Libcurl will reuse connections
[2015.12.04-12.55.10:862][  0]LogInit:  - CertBundlePath = nullptr  - Libcurl will use whatever was configured at build time.
[2015.12.04-12.55.10:869][  0]LogInit: Presizing for 0 objects not considered by GC, pre-allocating 0 bytes.
[2015.12.04-12.55.10:877][  0]LogInit: Object subsystem initialized
[2015.12.04-12.55.10:878][  0]LogInit: Selected Device Profile: [Windows]
[2015.12.04-12.55.10:878][  0]LogInit: Applying CVar settings loaded from the selected device profile: [Windows]
[2015.12.04-12.55.10:885][  0]LogInit: Computer: KOBE-PC
[2015.12.04-12.55.10:885][  0]LogInit: User: kobe
[2015.12.04-12.55.10:885][  0]LogInit: CPU Page size=4096, Cores=4
[2015.12.04-12.55.10:885][  0]LogInit: High frequency timer resolution =3.421334 MHz
[2015.12.04-12.55.10:885][  0]LogMemory: Memory total: Physical=8.0GB (8GB approx)
[2015.12.04-12.55.10:885][  0]LogMemory: Platform Memory Stats for Windows
[2015.12.04-12.55.10:885][  0]LogMemory: Process Physical Memory: 56.41 MB used, 56.41 MB peak
[2015.12.04-12.55.10:885][  0]LogMemory: Process Virtual Memory: 56.77 MB used, 56.77 MB peak
[2015.12.04-12.55.10:885][  0]LogMemory: Physical Memory: 6645.77 MB used, 8154.23 MB total
[2015.12.04-12.55.10:885][  0]LogMemory: Virtual Memory: 382.25 MB used, 134217728.00 MB total
[2015.12.04-12.55.10:920][  0]LogTextLocalizationManager: No translations for ('zh-TW') exist, falling back to 'en' for localization and internationalization data.
[2015.12.04-12.55.11:384][  0]LogD3D11RHI: Found D3D11 adapter 0: NVIDIA GeForce GTX 560 Ti   (Feature Level 11_0)
[2015.12.04-12.55.11:384][  0]LogD3D11RHI: Adapter has 973MB of dedicated video memory, 0MB of dedicated system memory, and 3071MB of shared system memory, 2 output[s]
[2015.12.04-12.55.11:386][  0]LogD3D11RHI: Found D3D11 adapter 1: Microsoft Basic Render Driver (Feature Level 11_0)
[2015.12.04-12.55.11:386][  0]LogD3D11RHI: Adapter has 0MB of dedicated video memory, 0MB of dedicated system memory, and 4077MB of shared system memory, 0 output[s]
[2015.12.04-12.55.11:386][  0]LogD3D11RHI: Chosen D3D11 Adapter Id = 0
[2015.12.04-12.55.11:391][  0]LogD3D11RHI: !Direct3DDevice
[2015.12.04-12.55.11:391][  0]LogRHI: Texture pool is 681 MB (70% of 973 MB)
[2015.12.04-12.55.11:403][  0]LogD3D11RHI: Async texture creation enabled
[2015.12.04-12.55.11:419][  0]LogShaderCompilers: Guid format shader working directory is 2 characters bigger than the processId version (../../../../../../Irene/GravityBall(Unreal)/Intermediate/Shaders/WorkingDirectory/3036/).
[2015.12.04-12.55.11:419][  0]LogShaderCompilers: Cleaned the shader compiler working directory 'C:/Users/kobe/AppData/Local/Temp/UnrealShaderWorkingDir/AB91B3584916F5311FF50EAF3D87C65D/'.
[2015.12.04-12.55.11:419][  0]LogShaderCompilers:Display: Using Local Shader Compiler.
[2015.12.04-12.55.12:388][  0]LogTemp:Display: Loaded TP AllDesktopTargetPlatform
[2015.12.04-12.55.12:394][  0]LogTemp:Display: Loaded TP WindowsClientTargetPlatform
[2015.12.04-12.55.12:400][  0]LogTemp:Display: Loaded TP WindowsNoEditorTargetPlatform
[2015.12.04-12.55.12:404][  0]LogTemp:Display: Loaded TP WindowsServerTargetPlatform
[2015.12.04-12.55.12:409][  0]LogTemp:Display: Loaded TP WindowsTargetPlatform
[2015.12.04-12.55.12:412][  0]LogTemp:Display: Loaded TP AndroidTargetPlatform
[2015.12.04-12.55.12:416][  0]LogTemp:Display: Loaded TP Android_ASTCTargetPlatform
[2015.12.04-12.55.12:419][  0]LogTemp:Display: Loaded TP Android_ATCTargetPlatform
[2015.12.04-12.55.12:422][  0]LogTemp:Display: Loaded TP Android_DXTTargetPlatform
[2015.12.04-12.55.12:426][  0]LogTemp:Display: Loaded TP Android_ETC1TargetPlatform
[2015.12.04-12.55.12:431][  0]LogTemp:Display: Loaded TP Android_ETC2TargetPlatform
[2015.12.04-12.55.12:438][  0]LogTemp:Display: Loaded TP Android_MultiTargetPlatform
[2015.12.04-12.55.12:438][  0]LogTemp:Display: Loaded TP Android_PVRTCTargetPlatform
[2015.12.04-12.55.12:439][  0]LogTemp:Display: Loaded TP HTML5TargetPlatform
[2015.12.04-12.55.12:456][  0]LogTemp:Display: Loaded TP IOSTargetPlatform
[2015.12.04-12.55.12:459][  0]LogTemp:Display: Loaded TP LinuxNoEditorTargetPlatform
[2015.12.04-12.55.12:463][  0]LogTemp:Display: Loaded TP LinuxServerTargetPlatform
[2015.12.04-12.55.12:467][  0]LogTemp:Display: Loaded TP LinuxTargetPlatform
[2015.12.04-12.55.12:467][  0]LogTargetPlatformManager:Display: Building Assets For Windows
[2015.12.04-12.55.12:574][  0]LogDerivedDataCache:Display: Max Cache Size: 512 MB
[2015.12.04-12.55.12:614][  0]LogDerivedDataCache: Loaded boot cache 0.04s 41MB C:/Users/kobe/AppData/Local/UnrealEngine/4.10/DerivedDataCache/Boot.ddc.
[2015.12.04-12.55.12:614][  0]LogDerivedDataCache:Display: Loaded Boot cache: C:/Users/kobe/AppData/Local/UnrealEngine/4.10/DerivedDataCache/Boot.ddc
[2015.12.04-12.55.12:614][  0]LogDerivedDataCache: FDerivedDataBackendGraph:  Pak pak cache file ../../../../../../Irene/GravityBall(Unreal)/DerivedDataCache/DDC.ddp not found, will not use a pak cache.
[2015.12.04-12.55.12:614][  0]LogDerivedDataCache: Unable to find inner node Pak for hierarchical cache Hierarchy.
[2015.12.04-12.55.12:614][  0]LogDerivedDataCache: FDerivedDataBackendGraph:  CompressedPak pak cache file ../../../../../../Irene/GravityBall(Unreal)/DerivedDataCache/Compressed.ddp not found, will not use a pak cache.
[2015.12.04-12.55.12:614][  0]LogDerivedDataCache: Unable to find inner node CompressedPak for hierarchical cache Hierarchy.
[2015.12.04-12.55.12:674][  0]LogDerivedDataCache:Display: Pak cache opened for reading ../../../Engine/DerivedDataCache/Compressed.ddp.
[2015.12.04-12.55.12:686][  0]LogDerivedDataCache: Using Local data cache path C:/Users/kobe/AppData/Local/UnrealEngine/Common/DerivedDataCache: Writable
[2015.12.04-12.55.12:906][  0]LogInit: Selected Device Profile: [Windows]
[2015.12.04-12.55.12:909][  0]LogContentStreaming: Texture pool size is 0.000000MB
[2015.12.04-12.55.13:029][  0]LogMeshUtilities: No automatic mesh reduction module available
[2015.12.04-12.55.13:029][  0]LogMeshUtilities: No automatic mesh merging module available
[2015.12.04-12.55.13:251][  0]LogInit: WinSock: version 1.1 (2.2), MaxSocks=32767, MaxUdp=65467
[2015.12.04-12.55.14:121][  0]UdpMessaging: Initializing bridge on interface 0.0.0.0:0 to multicast group 230.0.0.1:6666.
[2015.12.04-12.55.14:224][  0]LogAssetRegistry: FAssetRegistry took 0.0107 seconds to start up
[2015.12.04-12.55.14:421][  0]SourceControl: Info Source control is disabled
[2015.12.04-12.55.14:446][  0]SourceControl: Info Source control is disabled
[2015.12.04-12.55.14:467][  0]SourceControl: Info Source control is disabled
[2015.12.04-12.55.14:485][  0]SourceControl: Info Source control is disabled
[2015.12.04-12.55.14:838][  0]LogObj: 28633 objects as part of root set at end of initial load.
[2015.12.04-12.55.14:838][  0]LogUObjectAllocator: 6099744 out of 0 bytes used by permanent object pool.
[2015.12.04-12.55.14:901][  0]LogEngine: Initializing Engine...
[2015.12.04-12.55.14:904][  0]LogHMD: Can't find Oculus library dev build: is proper Runtime installed? Version: 0.8.0.0
[2015.12.04-12.55.14:905][  0]LogHMD: SteamVR failed to initialize.  Err: 110
[2015.12.04-12.55.15:030][  0]LogAIModule: Creating AISystem for world NewWorld
[2015.12.04-12.55.15:039][  0]LogInit: XAudio2 using '喇叭 (VIA HD Audio)' : 2 channels at 48 kHz using 32 bits per sample (channel mask 0x3)
[2015.12.04-12.55.15:053][  0]LogInit: FAudioDevice initialized.
[2015.12.04-12.55.15:076][  0]LogDerivedDataCache: Saved boot cache 0.02s 41MB C:/Users/kobe/AppData/Local/UnrealEngine/4.10/DerivedDataCache/Boot.ddc.
[2015.12.04-12.55.15:079][  0]LogInit: Texture streaming: Enabled
[2015.12.04-12.55.15:085][  0]LogAnalytics: Creating configured Analytics provider AnalyticsET
[2015.12.04-12.55.15:085][  0]LogAnalytics: [UEEditor.Rocket.Release] APIServer = http://et2.epicgames.com/ET2/. AppVersion = 4.10.0-2758231+++depot+UE4-Releases+4.10
[2015.12.04-12.55.15:085][  0]LogAnalytics: [UEEditor.Rocket.Release] SetUserId a7ad9f804d206c42366b9fbf7e3f6747|7ab9c2e1b7464127a7a1e84c1ac07d12|f09af62b-db99-4ac1-bb79-bfe136e8c522
[2015.12.04-12.55.15:085][  0]LogAnalytics: [UEEditor.Rocket.Release] AnalyticsET::StartSession
[2015.12.04-12.55.15:104][  0]LogWindowsTextInputMethodSystem:Display: IME system now activated using TSF (微軟注音).
[2015.12.04-12.55.15:125][  0]LogInit: Transaction tracking system initialized
[2015.12.04-12.55.15:156][  0]BlueprintLog: New page: Editor Load
[2015.12.04-12.55.15:257][  0]LocalizationService: Info Localization service is disabled
[2015.12.04-12.55.15:349][  0]LogConsoleResponse:Display: 
[2015.12.04-12.55.15:473][  0]LogCook:Display: Done creating registry. It took  0.00s.
[2015.12.04-12.55.15:549][  0]LogFileCache: Scanning file cache for directory 'I:/Irene/GravityBall(Unreal)/Content/' took 0.01s
[2015.12.04-12.55.15:549][  0]SourceControl: Info Source control is disabled
[2015.12.04-12.55.15:549][  0]Cmd: MAP LOAD FILE="../../../../../../Irene/GravityBall(Unreal)/Content/RollingMap.umap" TEMPLATE=0 SHOWPROGRESS=1 FEATURELEVEL=3
[2015.12.04-12.55.15:549][  0]LightingResults: New page: Lighting Build
[2015.12.04-12.55.15:552][  0]MapCheck: New page: Map Check
[2015.12.04-12.55.15:552][  0]LightingResults: New page: Lighting Build
[2015.12.04-12.55.15:566][  0]LogParticles: Destroying 0 GPU particle simulations for FXSystem 0x0000025979CBF420
[2015.12.04-12.55.15:836][  0]LogLinker:Warning: Can't find file '/Game/StarterContent/Textures/T_MacroVariation'
[2015.12.04-12.55.15:836][  0]LogLinker:Warning: Can't find file for asset '/Game/StarterContent/Textures/T_MacroVariation' while loading ../../../../../../Irene/GravityBall(Unreal)/Content/Material/M_Metal_Rust.uasset.
[2015.12.04-12.55.15:836][  0]LoadErrors:Error: Error /Game/Material/M_Metal_Rust : Can't find file for asset. /Game/StarterContent/Textures/T_MacroVariation
[2015.12.04-12.55.15:836][  0]LogLinker:Warning: Can't find file '/Game/StarterContent/Textures/T_Metal_Rust_D'
[2015.12.04-12.55.15:836][  0]LogLinker:Warning: Can't find file for asset '/Game/StarterContent/Textures/T_Metal_Rust_D' while loading ../../../../../../Irene/GravityBall(Unreal)/Content/Material/M_Metal_Rust.uasset.
[2015.12.04-12.55.15:836][  0]LoadErrors:Error: Error /Game/Material/M_Metal_Rust : Can't find file for asset. /Game/StarterContent/Textures/T_Metal_Rust_D
[2015.12.04-12.55.15:837][  0]LogLinker:Warning: Can't find file '/Game/StarterContent/Textures/T_Metal_Rust_N'
[2015.12.04-12.55.15:837][  0]LogLinker:Warning: Can't find file for asset '/Game/StarterContent/Textures/T_Metal_Rust_N' while loading ../../../../../../Irene/GravityBall(Unreal)/Content/Material/M_Metal_Rust.uasset.
[2015.12.04-12.55.15:837][  0]LoadErrors:Error: Error /Game/Material/M_Metal_Rust : Can't find file for asset. /Game/StarterContent/Textures/T_Metal_Rust_N
[2015.12.04-12.55.15:837][  0]LogLinker:Warning: Can't find file '/Game/StarterContent/Textures/T_MacroVariation'
[2015.12.04-12.55.15:837][  0]LogLinker:Warning: Can't find file for asset '/Game/StarterContent/Textures/T_MacroVariation' while loading ../../../../../../Irene/GravityBall(Unreal)/Content/Material/M_Metal_Rust.uasset.
[2015.12.04-12.55.15:837][  0]LoadErrors:Error: Error /Game/Material/M_Metal_Rust : Can't find file for asset. /Game/StarterContent/Textures/T_MacroVariation
[2015.12.04-12.55.15:837][  0]LogLinker:Warning: Can't find file '/Game/StarterContent/Textures/T_Metal_Rust_D'
[2015.12.04-12.55.15:837][  0]LogLinker:Warning: Can't find file for asset '/Game/StarterContent/Textures/T_Metal_Rust_D' while loading ../../../../../../Irene/GravityBall(Unreal)/Content/Material/M_Metal_Rust.uasset.
[2015.12.04-12.55.15:837][  0]LoadErrors:Error: Error /Game/Material/M_Metal_Rust : Can't find file for asset. /Game/StarterContent/Textures/T_Metal_Rust_D
[2015.12.04-12.55.15:837][  0]LogLinker:Warning: Can't find file '/Game/StarterContent/Textures/T_Metal_Rust_N'
[2015.12.04-12.55.15:837][  0]LogLinker:Warning: Can't find file for asset '/Game/StarterContent/Textures/T_Metal_Rust_N' while loading ../../../../../../Irene/GravityBall(Unreal)/Content/Material/M_Metal_Rust.uasset.
[2015.12.04-12.55.15:837][  0]LoadErrors:Error: Error /Game/Material/M_Metal_Rust : Can't find file for asset. /Game/StarterContent/Textures/T_Metal_Rust_N
[2015.12.04-12.55.15:847][  0]LogLinker:Warning: Can't find file '/Game/StarterContent/Textures/T_Metal_Rust_N'
[2015.12.04-12.55.15:847][  0]LoadErrors: Info Failed to load /Game/StarterContent/Textures/T_Metal_Rust_N.T_Metal_Rust_N Referenced by MaterialExpressionTextureSample_4
[2015.12.04-12.55.15:847][  0]LogLinker:Warning: Can't find file for asset '/Game/StarterContent/Textures/T_Metal_Rust_N' while loading NULL.
[2015.12.04-12.55.15:847][  0]LoadErrors: Info Failed to load /Game/StarterContent/Textures/T_Metal_Rust_N.T_Metal_Rust_N Referenced by MaterialExpressionTextureSample_4
[2015.12.04-12.55.15:848][  0]LogLinker:Warning: Can't find file '/Game/StarterContent/Textures/T_Metal_Rust_N'
[2015.12.04-12.55.15:848][  0]LoadErrors: Info Failed to load /Game/StarterContent/Textures/T_Metal_Rust_N.T_Metal_Rust_N Referenced by MaterialExpressionTextureSample_5
[2015.12.04-12.55.15:848][  0]LogLinker:Warning: Can't find file for asset '/Game/StarterContent/Textures/T_Metal_Rust_N' while loading NULL.
[2015.12.04-12.55.15:848][  0]LoadErrors: Info Failed to load /Game/StarterContent/Textures/T_Metal_Rust_N.T_Metal_Rust_N Referenced by MaterialExpressionTextureSample_5
[2015.12.04-12.55.15:848][  0]LogLinker:Warning: Can't find file '/Game/StarterContent/Textures/T_Metal_Rust_D'
[2015.12.04-12.55.15:848][  0]LoadErrors: Info Failed to load /Game/StarterContent/Textures/T_Metal_Rust_D.T_Metal_Rust_D Referenced by MaterialExpressionTextureSample_55
[2015.12.04-12.55.15:848][  0]LogLinker:Warning: Can't find file for asset '/Game/StarterContent/Textures/T_Metal_Rust_D' while loading NULL.
[2015.12.04-12.55.15:848][  0]LoadErrors: Info Failed to load /Game/StarterContent/Textures/T_Metal_Rust_D.T_Metal_Rust_D Referenced by MaterialExpressionTextureSample_55
[2015.12.04-12.55.15:848][  0]LogLinker:Warning: Can't find file '/Game/StarterContent/Textures/T_MacroVariation'
[2015.12.04-12.55.15:848][  0]LoadErrors: Info Failed to load /Game/StarterContent/Textures/T_MacroVariation.T_MacroVariation Referenced by MaterialExpressionTextureSample_58
[2015.12.04-12.55.15:848][  0]LogLinker:Warning: Can't find file for asset '/Game/StarterContent/Textures/T_MacroVariation' while loading NULL.
[2015.12.04-12.55.15:848][  0]LoadErrors: Info Failed to load /Game/StarterContent/Textures/T_MacroVariation.T_MacroVariation Referenced by MaterialExpressionTextureSample_58
[2015.12.04-12.55.15:848][  0]LogLinker:Warning: Can't find file '/Game/StarterContent/Textures/T_MacroVariation'
[2015.12.04-12.55.15:849][  0]LoadErrors: Info Failed to load /Game/StarterContent/Textures/T_MacroVariation.T_MacroVariation Referenced by MaterialExpressionTextureSample_59
[2015.12.04-12.55.15:849][  0]LogLinker:Warning: Can't find file for asset '/Game/StarterContent/Textures/T_MacroVariation' while loading NULL.
[2015.12.04-12.55.15:849][  0]LoadErrors: Info Failed to load /Game/StarterContent/Textures/T_MacroVariation.T_MacroVariation Referenced by MaterialExpressionTextureSample_59
[2015.12.04-12.55.15:864][  0]LogMaterial: Missing cached shader map for material M_Metal_Rust, compiling. 
[2015.12.04-12.55.15:865][  0]LogMaterial:Warning: Failed to compile Material /Game/Material/M_Metal_Rust.M_Metal_Rust for platform PCD3D_SM5, Default Material will be used in game.
[2015.12.04-12.55.15:865][  0]LogMaterial:Warning: 	(Node TextureSample) TextureSample> Missing input texture
[2015.12.04-12.55.15:935][  0]LogAIModule: Creating AISystem for world RollingMap
[2015.12.04-12.55.15:941][  0]LogEditorServer: Finished looking for orphan Actors (0.000 secs)
[2015.12.04-12.55.15:941][  0]Cmd: MAP CHECKDEP NOCLEARLOG
[2015.12.04-12.55.16:024][  0]MapCheck: Info Map check complete: 0 Error(s), 0 Warning(s), took 82.624ms to complete.
[2015.12.04-12.55.16:024][  0]LogFileHelpers: Loading map 'RollingMap' took 0.475
[2015.12.04-12.55.16:160][  0]LogCollectionManager: Loaded 0 collections in 0.003053 seconds
[2015.12.04-12.55.16:205][  0]LogFileCache: Scanning file cache for directory 'I:/Irene/GravityBall(Unreal)/Saved/Collections/' took 0.01s
[2015.12.04-12.55.16:205][  0]LogFileCache: Scanning file cache for directory 'I:/Irene/GravityBall(Unreal)/Content/Developers/kobe/Collections/' took 0.01s
[2015.12.04-12.55.16:205][  0]LogFileCache: Scanning file cache for directory 'I:/Irene/GravityBall(Unreal)/Content/Collections/' took 0.01s
[2015.12.04-12.55.16:205][  0]LogCollectionManager: Rebuilt the GUID cache for 0 collections in 0.000002 seconds
[2015.12.04-12.55.16:216][  0]LogContentBrowser: Native class hierarchy populated in 0.0109 seconds. Added 1893 classes and 338 folders.
[2015.12.04-12.55.16:226][  0]LogContentBrowser: Native class hierarchy updated for 'WidgetCarousel' in 0.0006 seconds. Added 0 classes and 0 folders.
[2015.12.04-12.55.16:299][  0]LogContentBrowser: Native class hierarchy updated for 'AddContentDialog' in 0.0006 seconds. Added 0 classes and 0 folders.
[2015.12.04-12.55.16:304][  0]LogContentBrowser: Native class hierarchy updated for 'SceneOutliner' in 0.0007 seconds. Added 1 classes and 2 folders.
[2015.12.04-12.55.16:398][  0]LogCrashTracker: Crashtracker disabled due to settings.
[2015.12.04-12.55.16:405][  0]LogUObjectGlobals:Warning: Failed to find object 'Class None.'
[2015.12.04-12.55.16:427][  0]LogLoad: Full Startup: 6.00 seconds (BP compile: 0.07 seconds)
[2015.12.04-12.55.16:443][  0]LogOcInput: Can't find Oculus library dev build: is proper Runtime installed? Version: 0.8.0.0
[2015.12.04-12.55.16:533][  0]LogContentStreaming: Texture pool size now 1000 MB
[2015.12.04-12.55.16:720][  0]LogRenderer: Reallocating scene render targets to support 1208x572 (Frame:2).
[2015.12.04-12.55.17:508][  3]LogAssetRegistry: Asset discovery search completed in 3.2949 seconds
[2015.12.04-12.55.17:508][  3]LogCollectionManager: Rebuilt the object cache for 0 collections in 0.000002 seconds (found 0 objects)
[2015.12.04-12.55.17:508][  3]LogCollectionManager: Fixed up redirectors for 0 collections in 0.000125 seconds (updated 0 objects)
[2015.12.04-12.55.20:263][177]LogPlayLevel: PlayLevel: No blueprints needed recompiling
[2015.12.04-12.55.20:264][177]PIE: New page: PIE session: RollingMap (Dec 5, 2015, 4:55:20 AM)
[2015.12.04-12.55.20:264][177]LogPlayLevel: Creating play world package: /Game/UEDPIE_0_RollingMap
[2015.12.04-12.55.20:266][177]LogPlayLevel: PIE: StaticDuplicateObject took: (0.001883s)
[2015.12.04-12.55.20:266][177]LogAIModule: Creating AISystem for world RollingMap
[2015.12.04-12.55.20:266][177]LogPlayLevel: PIE: World Init took: (0.000711s)
[2015.12.04-12.55.20:266][177]LogPlayLevel: PIE: Created PIE world by copying editor world from /Game/RollingMap.RollingMap to /Game/UEDPIE_0_RollingMap.RollingMap (0.002768s)
[2015.12.04-12.55.20:292][177]LogInit: XAudio2 using '喇叭 (VIA HD Audio)' : 2 channels at 48 kHz using 32 bits per sample (channel mask 0x3)
[2015.12.04-12.55.20:304][177]LogInit: FAudioDevice initialized.
[2015.12.04-12.55.20:352][177]LogWorld: Game class is 'RollingGameMode_C'
[2015.12.04-12.55.20:355][177]LogWorld: Bringing World /Game/UEDPIE_0_RollingMap.RollingMap up for play (max tick rate 0) at 2015.12.04-20.55.20
[2015.12.04-12.55.20:355][177]LogActor:Warning: GameSession /Game/UEDPIE_0_RollingMap.RollingMap:PersistentLevel.GameSession_0 has natively added scene component(s), but none of them were set as the actor's RootComponent - picking one arbitrarily
[2015.12.04-12.55.20:356][177]LogActor:Warning: GameNetworkManager /Game/UEDPIE_0_RollingMap.RollingMap:PersistentLevel.GameNetworkManager_0 has natively added scene component(s), but none of them were set as the actor's RootComponent - picking one arbitrarily
[2015.12.04-12.55.20:356][177]LogWorld: Bringing up level for play took: 0.002782
[2015.12.04-12.55.20:361][177]PIE: Info Play in editor start time for /Game/UEDPIE_0_RollingMap 0.311
[2015.12.04-12.55.31:187][455]LogParticles: Destroying 0 GPU particle simulations for FXSystem 0x00000259149D5E40
[2015.12.04-12.55.32:781][639]LogPlayLevel: PlayLevel: No blueprints needed recompiling
[2015.12.04-12.55.32:781][639]PIE: New page: PIE session: RollingMap (Dec 5, 2015, 4:55:32 AM)
[2015.12.04-12.55.32:781][639]LogPlayLevel: Creating play world package: /Game/UEDPIE_0_RollingMap
[2015.12.04-12.55.32:783][639]LogPlayLevel: PIE: StaticDuplicateObject took: (0.002242s)
[2015.12.04-12.55.32:784][639]LogAIModule: Creating AISystem for world RollingMap
[2015.12.04-12.55.32:784][639]LogPlayLevel: PIE: World Init took: (0.000763s)
[2015.12.04-12.55.32:784][639]LogPlayLevel: PIE: Created PIE world by copying editor world from /Game/RollingMap.RollingMap to /Game/UEDPIE_0_RollingMap.RollingMap (0.003193s)
[2015.12.04-12.55.32:802][639]LogInit: XAudio2 using '喇叭 (VIA HD Audio)' : 2 channels at 48 kHz using 32 bits per sample (channel mask 0x3)
[2015.12.04-12.55.32:814][639]LogInit: FAudioDevice initialized.
[2015.12.04-12.55.32:847][639]LogWorld: Game class is 'RollingGameMode_C'
[2015.12.04-12.55.32:851][639]LogWorld: Bringing World /Game/UEDPIE_0_RollingMap.RollingMap up for play (max tick rate 0) at 2015.12.04-20.55.32
[2015.12.04-12.55.32:851][639]LogActor:Warning: GameSession /Game/UEDPIE_0_RollingMap.RollingMap:PersistentLevel.GameSession_1 has natively added scene component(s), but none of them were set as the actor's RootComponent - picking one arbitrarily
[2015.12.04-12.55.32:851][639]LogActor:Warning: GameNetworkManager /Game/UEDPIE_0_RollingMap.RollingMap:PersistentLevel.GameNetworkManager_1 has natively added scene component(s), but none of them were set as the actor's RootComponent - picking one arbitrarily
[2015.12.04-12.55.32:852][639]LogWorld: Bringing up level for play took: 0.003245
[2015.12.04-12.55.32:887][639]PIE: Info Play in editor start time for /Game/UEDPIE_0_RollingMap 0.838
[2015.12.04-12.55.49:415][610]LogParticles: Destroying 0 GPU particle simulations for FXSystem 0x000002596A1FC540
[2015.12.04-12.55.51:865][894]LogEditorViewport: Clicking on Actor (LMB): Ball_C (Ball)
[2015.12.04-12.55.52:027][895]LogEditorViewport: Clicking on Component (LMB): StaticMeshComponent (Sphere)
[2015.12.04-12.56.27:210][  9]LogLinker:Warning: Asset '../../../Engine/Content/ArtTools/RenderToTexture/Macros/RenderToTextureMacros.uasset' has been saved with empty engine version. The asset will be loaded but may be incompatible.
[2015.12.04-12.56.27:660][  9]LogContentBrowser: Native class hierarchy updated for 'BlueprintGraph' in 0.0014 seconds. Added 107 classes and 0 folders.
[2015.12.04-12.56.28:084][  9]LogActor:Warning: GameNetworkManager /Engine/Transient.World_4:PersistentLevel.GameNetworkManager_2 has natively added scene component(s), but none of them were set as the actor's RootComponent - picking one arbitrarily
[2015.12.04-12.57.00:915][777]LogEditorViewport: Clicking on Component (LMB): StaticMeshComponent (Sphere)
[2015.12.04-12.57.01:024][787]LogEditorViewport: Clicking on Actor (double click): Ball_C (Ball)
[2015.12.04-12.57.09:320][728]LogScript:Warning: Accessed None 'Sphere'
	RolloingControler_C /Engine/Transient.World_5:PersistentLevel.RolloingControler_C_2
	Function /Game/RolloingControler.RolloingControler_C:ExecuteUbergraph_RolloingControler:0212
[2015.12.04-12.57.09:320][728]LogScript:Warning: Accessed None 'Sphere'
	RolloingControler_C /Engine/Transient.World_5:PersistentLevel.RolloingControler_C_2
	Function /Game/RolloingControler.RolloingControler_C:ExecuteUbergraph_RolloingControler:014B
[2015.12.04-12.57.09:583][729]LogScript:Warning: Accessed None 'Sphere'
	RolloingControler_C /Engine/Transient.World_5:PersistentLevel.RolloingControler_C_2
	Function /Game/RolloingControler.RolloingControler_C:ExecuteUbergraph_RolloingControler:0212
[2015.12.04-12.57.09:583][729]LogScript:Warning: Accessed None 'Sphere'
	RolloingControler_C /Engine/Transient.World_5:PersistentLevel.RolloingControler_C_2
	Function /Game/RolloingControler.RolloingControler_C:ExecuteUbergraph_RolloingControler:014B
[2015.12.04-12.57.09:608][730]LogScript:Warning: Accessed None 'Sphere'
	RolloingControler_C /Engine/Transient.World_5:PersistentLevel.RolloingControler_C_2
	Function /Game/RolloingControler.RolloingControler_C:ExecuteUbergraph_RolloingControler:0212
[2015.12.04-12.57.09:608][730]LogScript:Warning: Accessed None 'Sphere'
	RolloingControler_C /Engine/Transient.World_5:PersistentLevel.RolloingControler_C_2
	Function /Game/RolloingControler.RolloingControler_C:ExecuteUbergraph_RolloingControler:014B
[2015.12.04-12.57.09:706][731]LogScript:Warning: Accessed None 'Sphere'
	RolloingControler_C /Engine/Transient.World_5:PersistentLevel.RolloingControler_C_2
	Function /Game/RolloingControler.RolloingControler_C:ExecuteUbergraph_RolloingControler:0212
[2015.12.04-12.57.09:706][731]LogScript:Warning: Accessed None 'Sphere'
	RolloingControler_C /Engine/Transient.World_5:PersistentLevel.RolloingControler_C_2
	Function /Game/RolloingControler.RolloingControler_C:ExecuteUbergraph_RolloingControler:014B
[2015.12.04-12.57.09:720][732]LogScript:Warning: Accessed None 'Sphere'
	RolloingControler_C /Engine/Transient.World_5:PersistentLevel.RolloingControler_C_2
	Function /Game/RolloingControler.RolloingControler_C:ExecuteUbergraph_RolloingControler:0212
[2015.12.04-12.57.09:720][732]LogScript:Warning: Accessed None 'Sphere'
	RolloingControler_C /Engine/Transient.World_5:PersistentLevel.RolloingControler_C_2
	Function /Game/RolloingControler.RolloingControler_C:ExecuteUbergraph_RolloingControler:014B
[2015.12.04-12.57.09:734][733]LogScript:Warning: Accessed None 'Sphere'
	RolloingControler_C /Engine/Transient.World_5:PersistentLevel.RolloingControler_C_2
	Function /Game/RolloingControler.RolloingControler_C:ExecuteUbergraph_RolloingControler:0212
[2015.12.04-12.57.09:734][733]LogScript:Warning: Accessed None 'Sphere'
	RolloingControler_C /Engine/Transient.World_5:PersistentLevel.RolloingControler_C_2
	Function /Game/RolloingControler.RolloingControler_C:ExecuteUbergraph_RolloingControler:014B
[2015.12.04-12.57.09:749][734]LogScript:Warning: Accessed None 'Sphere'
	RolloingControler_C /Engine/Transient.World_5:PersistentLevel.RolloingControler_C_2
	Function /Game/RolloingControler.RolloingControler_C:ExecuteUbergraph_RolloingControler:0212
[2015.12.04-12.57.09:749][734]LogScript:Warning: Accessed None 'Sphere'
	RolloingControler_C /Engine/Transient.World_5:PersistentLevel.RolloingControler_C_2
	Function /Game/RolloingControler.RolloingControler_C:ExecuteUbergraph_RolloingControler:014B
[2015.12.04-12.57.09:763][735]LogScript:Warning: Accessed None 'Sphere'
	RolloingControler_C /Engine/Transient.World_5:PersistentLevel.RolloingControler_C_2
	Function /Game/RolloingControler.RolloingControler_C:ExecuteUbergraph_RolloingControler:0212
[2015.12.04-12.57.09:763][735]LogScript:Warning: Accessed None 'Sphere'
	RolloingControler_C /Engine/Transient.World_5:PersistentLevel.RolloingControler_C_2
	Function /Game/RolloingControler.RolloingControler_C:ExecuteUbergraph_RolloingControler:014B
[2015.12.04-12.57.09:776][736]LogScript:Warning: Accessed None 'Sphere'
	RolloingControler_C /Engine/Transient.World_5:PersistentLevel.RolloingControler_C_2
	Function /Game/RolloingControler.RolloingControler_C:ExecuteUbergraph_RolloingControler:0212
[2015.12.04-12.57.14:320][137]LogActor:Warning: GameNetworkManager /Engine/Transient.World_6:PersistentLevel.GameNetworkManager_3 has natively added scene component(s), but none of them were set as the actor's RootComponent - picking one arbitrarily
[2015.12.04-12.57.38:141][675]LogActor:Warning: GameNetworkManager /Engine/Transient.World_8:PersistentLevel.GameNetworkManager_4 has natively added scene component(s), but none of them were set as the actor's RootComponent - picking one arbitrarily
[2015.12.04-12.57.47:191][690]LogScript:Warning: Accessed None 'Sphere'
	RolloingControler_C /Engine/Transient.World_9:PersistentLevel.RolloingControler_C_3
	Function /Game/RolloingControler.RolloingControler_C:ExecuteUbergraph_RolloingControler:0212
[2015.12.04-12.57.47:191][690]LogScript:Warning: Accessed None 'Sphere'
	RolloingControler_C /Engine/Transient.World_9:PersistentLevel.RolloingControler_C_3
	Function /Game/RolloingControler.RolloingControler_C:ExecuteUbergraph_RolloingControler:014B
[2015.12.04-12.57.47:304][691]LogScript:Warning: Accessed None 'Sphere'
	RolloingControler_C /Engine/Transient.World_9:PersistentLevel.RolloingControler_C_3
	Function /Game/RolloingControler.RolloingControler_C:ExecuteUbergraph_RolloingControler:0212
[2015.12.04-12.57.47:304][691]LogScript:Warning: Accessed None 'Sphere'
	RolloingControler_C /Engine/Transient.World_9:PersistentLevel.RolloingControler_C_3
	Function /Game/RolloingControler.RolloingControler_C:ExecuteUbergraph_RolloingControler:014B
[2015.12.04-12.57.47:322][692]LogScript:Warning: Accessed None 'Sphere'
	RolloingControler_C /Engine/Transient.World_9:PersistentLevel.RolloingControler_C_3
	Function /Game/RolloingControler.RolloingControler_C:ExecuteUbergraph_RolloingControler:0212
[2015.12.04-12.57.47:322][692]LogScript:Warning: Accessed None 'Sphere'
	RolloingControler_C /Engine/Transient.World_9:PersistentLevel.RolloingControler_C_3
	Function /Game/RolloingControler.RolloingControler_C:ExecuteUbergraph_RolloingControler:014B
[2015.12.04-12.57.47:372][693]LogScript:Warning: Accessed None 'Sphere'
	RolloingControler_C /Engine/Transient.World_9:PersistentLevel.RolloingControler_C_3
	Function /Game/RolloingControler.RolloingControler_C:ExecuteUbergraph_RolloingControler:0212
[2015.12.04-12.57.47:372][693]LogScript:Warning: Accessed None 'Sphere'
	RolloingControler_C /Engine/Transient.World_9:PersistentLevel.RolloingControler_C_3
	Function /Game/RolloingControler.RolloingControler_C:ExecuteUbergraph_RolloingControler:014B
[2015.12.04-12.57.47:387][694]LogScript:Warning: Accessed None 'Sphere'
	RolloingControler_C /Engine/Transient.World_9:PersistentLevel.RolloingControler_C_3
	Function /Game/RolloingControler.RolloingControler_C:ExecuteUbergraph_RolloingControler:0212
[2015.12.04-12.57.47:387][694]LogScript:Warning: Accessed None 'Sphere'
	RolloingControler_C /Engine/Transient.World_9:PersistentLevel.RolloingControler_C_3
	Function /Game/RolloingControler.RolloingControler_C:ExecuteUbergraph_RolloingControler:014B
[2015.12.04-12.57.47:402][695]LogScript:Warning: Accessed None 'Sphere'
	RolloingControler_C /Engine/Transient.World_9:PersistentLevel.RolloingControler_C_3
	Function /Game/RolloingControler.RolloingControler_C:ExecuteUbergraph_RolloingControler:0212
[2015.12.04-12.57.47:402][695]LogScript:Warning: Accessed None 'Sphere'
	RolloingControler_C /Engine/Transient.World_9:PersistentLevel.RolloingControler_C_3
	Function /Game/RolloingControler.RolloingControler_C:ExecuteUbergraph_RolloingControler:014B
[2015.12.04-12.57.47:417][696]LogScript:Warning: Accessed None 'Sphere'
	RolloingControler_C /Engine/Transient.World_9:PersistentLevel.RolloingControler_C_3
	Function /Game/RolloingControler.RolloingControler_C:ExecuteUbergraph_RolloingControler:0212
[2015.12.04-12.57.47:417][696]LogScript:Warning: Accessed None 'Sphere'
	RolloingControler_C /Engine/Transient.World_9:PersistentLevel.RolloingControler_C_3
	Function /Game/RolloingControler.RolloingControler_C:ExecuteUbergraph_RolloingControler:014B
[2015.12.04-12.57.47:432][697]LogScript:Warning: Accessed None 'Sphere'
	RolloingControler_C /Engine/Transient.World_9:PersistentLevel.RolloingControler_C_3
	Function /Game/RolloingControler.RolloingControler_C:ExecuteUbergraph_RolloingControler:0212
[2015.12.04-12.57.47:432][697]LogScript:Warning: Accessed None 'Sphere'
	RolloingControler_C /Engine/Transient.World_9:PersistentLevel.RolloingControler_C_3
	Function /Game/RolloingControler.RolloingControler_C:ExecuteUbergraph_RolloingControler:014B
[2015.12.04-12.57.47:446][698]LogScript:Warning: Accessed None 'Sphere'
	RolloingControler_C /Engine/Transient.World_9:PersistentLevel.RolloingControler_C_3
	Function /Game/RolloingControler.RolloingControler_C:ExecuteUbergraph_RolloingControler:0212
[2015.12.04-13.04.23:717][862]LogParticles: Destroying 0 GPU particle simulations for FXSystem 0x0000025969FF22A0
[2015.12.04-13.04.23:720][862]LogParticles: Destroying 0 GPU particle simulations for FXSystem 0x0000025969FBBF60
[2015.12.04-13.04.23:721][862]LogParticles: Destroying 0 GPU particle simulations for FXSystem 0x0000025938CC6840
[2015.12.04-13.04.23:723][862]LogParticles: Destroying 0 GPU particle simulations for FXSystem 0x000002593008A840
[2015.12.04-13.04.23:724][862]LogParticles: Destroying 0 GPU particle simulations for FXSystem 0x0000025941DD7920
[2015.12.04-13.04.23:726][862]LogParticles: Destroying 0 GPU particle simulations for FXSystem 0x00000259304107C0
[2015.12.04-13.04.24:061][863]Cmd: QUIT_EDITOR
[2015.12.04-13.04.24:835][863]LogWindowsTextInputMethodSystem:Display: IME system now activated using TSF (微軟注音).
[2015.12.04-13.04.24:914][863]LogExit: Preparing to exit.
[2015.12.04-13.04.25:397][863]LogExit: Editor shut down
[2015.12.04-13.04.25:397][863]LogExit: Transaction tracking system shut down
[2015.12.04-13.04.25:400][863]LogParticles: Destroying 0 GPU particle simulations for FXSystem 0x0000025969C1AF20
[2015.12.04-13.04.25:401][863]LogParticles: Destroying 0 GPU particle simulations for FXSystem 0x0000025905E03880
[2015.12.04-13.04.25:401][863]LogParticles: Destroying 0 GPU particle simulations for FXSystem 0x000002596BA6E020
[2015.12.04-13.04.25:401][863]LogParticles: Destroying 0 GPU particle simulations for FXSystem 0x0000025914B84360
[2015.12.04-13.04.25:401][863]LogParticles: Destroying 0 GPU particle simulations for FXSystem 0x0000025914B84180
[2015.12.04-13.04.25:596][863]LogExit: Object subsystem successfully closed.
[2015.12.04-13.04.25:612][863]LogD3D11RHI: Shutdown
[2015.12.04-13.04.25:612][863]LogD3D11RHI: CleanupD3DDevice
[2015.12.04-13.04.25:661][863]LogD3D11RHI: ~FD3D11DynamicRHI
[2015.12.04-13.04.25:684][863]LogModuleManager: Shutting down and abandoning module BlueprintGraph (199)
[2015.12.04-13.04.25:684][863]LogModuleManager: Shutting down and abandoning module CrashTracker (198)
[2015.12.04-13.04.25:684][863]LogModuleManager: Shutting down and abandoning module SceneOutliner (197)
[2015.12.04-13.04.25:684][863]LogModuleManager: Shutting down and abandoning module SuperSearch (196)
[2015.12.04-13.04.25:684][863]LogModuleManager: Shutting down and abandoning module WidgetCarousel (195)
[2015.12.04-13.04.25:684][863]LogModuleManager: Shutting down and abandoning module AddContentDialog (194)
[2015.12.04-13.04.25:686][863]LogModuleManager: Shutting down and abandoning module EditorWidgets (193)
[2015.12.04-13.04.25:686][863]LogModuleManager: Shutting down and abandoning module CollectionManager (192)
[2015.12.04-13.04.25:686][863]LogModuleManager: Shutting down and abandoning module StatsViewer (191)
[2015.12.04-13.04.25:686][863]LogModuleManager: Shutting down and abandoning module FoliageEdit (190)
[2015.12.04-13.04.25:686][863]LogModuleManager: Shutting down and abandoning module LandscapeEditor (189)
[2015.12.04-13.04.25:686][863]LogModuleManager: Shutting down and abandoning module ActorPickerMode (188)
[2015.12.04-13.04.25:686][863]LogModuleManager: Shutting down and abandoning module GeometryMode (187)
[2015.12.04-13.04.25:686][863]LogModuleManager: Shutting down and abandoning module TextureAlignMode (186)
[2015.12.04-13.04.25:687][863]LogModuleManager: Shutting down and abandoning module BspMode (185)
[2015.12.04-13.04.25:687][863]LogModuleManager: Shutting down and abandoning module PlacementMode (184)
[2015.12.04-13.04.25:687][863]LogModuleManager: Shutting down and abandoning module AutomationWorker (183)
[2015.12.04-13.04.25:687][863]LogModuleManager: Shutting down and abandoning module CharacterAI (182)
[2015.12.04-13.04.25:687][863]LogModuleManager: Shutting down and abandoning module SmartSnapping (181)
[2015.12.04-13.04.25:687][863]LogModuleManager: Shutting down and abandoning module ViewportSnapping (180)
[2015.12.04-13.04.25:687][863]LogModuleManager: Shutting down and abandoning module LogVisualizer (179)
[2015.12.04-13.04.25:687][863]LogModuleManager: Shutting down and abandoning module GameProjectGeneration (178)
[2015.12.04-13.04.25:687][863]LogModuleManager: Shutting down and abandoning module IntroTutorials (177)
[2015.12.04-13.04.25:687][863]LogModuleManager: Shutting down and abandoning module EditorLiveStreaming (176)
[2015.12.04-13.04.25:687][863]LogModuleManager: Shutting down and abandoning module IOSPlatformEditor (175)
[2015.12.04-13.04.25:687][863]LogModuleManager: Shutting down and abandoning module HTML5PlatformEditor (174)
[2015.12.04-13.04.25:687][863]LogModuleManager: Shutting down and abandoning module AndroidDeviceDetection (173)
[2015.12.04-13.04.26:040][863]LogModuleManager: Shutting down and abandoning module AndroidPlatformEditor (172)
[2015.12.04-13.04.26:040][863]LogModuleManager: Shutting down and abandoning module IOSRuntimeSettings (171)
[2015.12.04-13.04.26:040][863]LogModuleManager: Shutting down and abandoning module AndroidRuntimeSettings (170)
[2015.12.04-13.04.26:040][863]LogModuleManager: Shutting down and abandoning module MergeActors (169)
[2015.12.04-13.04.26:040][863]LogModuleManager: Shutting down and abandoning module SizeMap (168)
[2015.12.04-13.04.26:040][863]LogModuleManager: Shutting down and abandoning module TreeMap (167)
[2015.12.04-13.04.26:040][863]LogModuleManager: Shutting down and abandoning module ReferenceViewer (166)
[2015.12.04-13.04.26:040][863]LogModuleManager: Shutting down and abandoning module LocalizationService (165)
[2015.12.04-13.04.26:040][863]LogModuleManager: Shutting down and abandoning module LocalizationDashboard (164)
[2015.12.04-13.04.26:040][863]LogModuleManager: Shutting down and abandoning module HardwareTargeting (163)
[2015.12.04-13.04.26:040][863]LogModuleManager: Shutting down and abandoning module DeviceProfileEditor (162)
[2015.12.04-13.04.26:040][863]LogModuleManager: Shutting down and abandoning module UndoHistory (161)
[2015.12.04-13.04.26:040][863]LogModuleManager: Shutting down and abandoning module GameplayTagsEditor (160)
[2015.12.04-13.04.26:040][863]LogModuleManager: Shutting down and abandoning module UserFeedback (159)
[2015.12.04-13.04.26:040][863]LogModuleManager: Shutting down and abandoning module XmlParser (158)
[2015.12.04-13.04.26:040][863]LogModuleManager: Shutting down and abandoning module Blutility (157)
[2015.12.04-13.04.26:040][863]LogModuleManager: Shutting down and abandoning module ProjectTargetPlatformEditor (156)
[2015.12.04-13.04.26:041][863]LogModuleManager: Shutting down and abandoning module ProjectSettingsViewer (155)
[2015.12.04-13.04.26:041][863]LogModuleManager: Shutting down and abandoning module InputBindingEditor (154)
[2015.12.04-13.04.26:041][863]LogModuleManager: Shutting down and abandoning module EditorSettingsViewer (153)
[2015.12.04-13.04.26:041][863]LogModuleManager: Shutting down and abandoning module SettingsEditor (152)
[2015.12.04-13.04.26:041][863]LogModuleManager: Shutting down and abandoning module ProjectLauncher (151)
[2015.12.04-13.04.26:041][863]LogModuleManager: Shutting down and abandoning module SessionFrontend (150)
[2015.12.04-13.04.26:041][863]LogModuleManager: Shutting down and abandoning module ProfilerClient (149)
[2015.12.04-13.04.26:041][863]LogModuleManager: Shutting down and abandoning module TargetDeviceServices (148)
[2015.12.04-13.04.26:041][863]LogModuleManager: Shutting down and abandoning module DeviceManager (147)
[2015.12.04-13.04.26:041][863]LogModuleManager: Shutting down and abandoning module AutomationController (146)
[2015.12.04-13.04.26:041][863]LogModuleManager: Shutting down and abandoning module AutomationWindow (145)
[2015.12.04-13.04.26:041][863]LogModuleManager: Shutting down and abandoning module Layers (144)
[2015.12.04-13.04.26:041][863]LogModuleManager: Shutting down and abandoning module ComponentVisualizers (143)
[2015.12.04-13.04.26:041][863]LogModuleManager: Shutting down and abandoning module DetailCustomizations (142)
[2015.12.04-13.04.26:041][863]LogModuleManager: Shutting down and abandoning module PackagesDialog (141)
[2015.12.04-13.04.26:041][863]LogModuleManager: Shutting down and abandoning module Persona (140)
[2015.12.04-13.04.26:041][863]LogModuleManager: Shutting down and abandoning module Kismet (139)
[2015.12.04-13.04.26:041][863]LogModuleManager: Shutting down and abandoning module GraphEditor (138)
[2015.12.04-13.04.26:041][863]LogModuleManager: Shutting down and abandoning module ClassViewer (137)
[2015.12.04-13.04.26:041][863]LogModuleManager: Shutting down and abandoning module Toolbox (136)
[2015.12.04-13.04.26:041][863]LogModuleManager: Shutting down and abandoning module ModuleUI (135)
[2015.12.04-13.04.26:041][863]LogModuleManager: Shutting down and abandoning module MovieSceneTools (134)
[2015.12.04-13.04.26:041][863]LogModuleManager: Shutting down and abandoning module OutputLog (133)
[2015.12.04-13.04.26:041][863]LogModuleManager: Shutting down and abandoning module GammaUI (132)
[2015.12.04-13.04.26:041][863]LogModuleManager: Shutting down and abandoning module Documentation (131)
[2015.12.04-13.04.26:042][863]LogModuleManager: Shutting down and abandoning module GameLiveStreaming (130)
[2015.12.04-13.04.26:042][863]LogModuleManager: Shutting down and abandoning module StreamingPauseRendering (129)
[2015.12.04-13.04.26:042][863]LogModuleManager: Shutting down and abandoning module AnalyticsET (128)
[2015.12.04-13.04.26:042][863]LogModuleManager: Shutting down and abandoning module Analytics (127)
[2015.12.04-13.04.26:042][863]LogModuleManager: Shutting down and abandoning module AITestSuite (126)
[2015.12.04-13.04.26:042][863]LogModuleManager: Shutting down and abandoning module GameplayDebugger (125)
[2015.12.04-13.04.26:042][863]LogModuleManager: Shutting down and abandoning module AIModule (124)
[2015.12.04-13.04.26:042][863]LogModuleManager: Shutting down and abandoning module ProfilerService (123)
[2015.12.04-13.04.26:164][863]LogModuleManager: Shutting down and abandoning module TaskGraph (122)
[2015.12.04-13.04.26:164][863]LogModuleManager: Shutting down and abandoning module SlateRemote (121)
[2015.12.04-13.04.26:165][863]LogModuleManager: Shutting down and abandoning module SteamVRController (120)
[2015.12.04-13.04.26:165][863]LogModuleManager: Shutting down and abandoning module SteamVR (119)
[2015.12.04-13.04.26:165][863]LogModuleManager: Shutting down and abandoning module ProceduralMeshComponent (118)
[2015.12.04-13.04.26:165][863]LogModuleManager: Shutting down and abandoning module OculusLibrary (117)
[2015.12.04-13.04.26:165][863]LogModuleManager: Shutting down and abandoning module OculusInput (116)
[2015.12.04-13.04.26:165][863]LogModuleManager: Shutting down and abandoning module LeapMotionController (115)
[2015.12.04-13.04.26:190][863]LogModuleManager: Shutting down and abandoning module CustomMeshComponent (114)
[2015.12.04-13.04.26:190][863]LogModuleManager: Shutting down and abandoning module CableComponent (113)
[2015.12.04-13.04.26:190][863]LogModuleManager: Shutting down and abandoning module ArchVisCharacter (112)
[2015.12.04-13.04.26:190][863]LogModuleManager: Shutting down and abandoning module MessagingDebugger (111)
[2015.12.04-13.04.26:190][863]LogModuleManager: Shutting down and abandoning module MediaPlayerEditor (110)
[2015.12.04-13.04.26:190][863]LogModuleManager: Shutting down and abandoning module HTML5Networking (109)
[2015.12.04-13.04.26:190][863]LogModuleManager: Shutting down and abandoning module SpeedTreeImporter (108)
[2015.12.04-13.04.26:190][863]LogModuleManager: Shutting down and abandoning module PluginBrowser (107)
[2015.12.04-13.04.26:190][863]LogModuleManager: Shutting down and abandoning module EpicSurvey (106)
[2015.12.04-13.04.26:190][863]LogModuleManager: Shutting down and abandoning module DesktopPlatform (105)
[2015.12.04-13.04.26:190][863]LogModuleManager: Shutting down and abandoning module VisualStudioSourceCodeAccess (104)
[2015.12.04-13.04.26:190][863]LogModuleManager: Shutting down and abandoning module UObjectPlugin (103)
[2015.12.04-13.04.26:190][863]LogModuleManager: Shutting down and abandoning module SubversionSourceControl (102)
[2015.12.04-13.04.26:190][863]LogModuleManager: Shutting down and abandoning module PerforceSourceControl (101)
[2015.12.04-13.04.26:190][863]LogModuleManager: Shutting down and abandoning module SourceControl (100)
[2015.12.04-13.04.26:190][863]LogModuleManager: Shutting down and abandoning module GitSourceControl (99)
[2015.12.04-13.04.26:190][863]LogModuleManager: Shutting down and abandoning module LightPropagationVolumeEditor (98)
[2015.12.04-13.04.26:190][863]LogModuleManager: Shutting down and abandoning module PaperTiledImporter (97)
[2015.12.04-13.04.26:190][863]LogModuleManager: Shutting down and abandoning module PaperSpriteSheetImporter (96)
[2015.12.04-13.04.26:190][863]LogModuleManager: Shutting down and abandoning module MeshPaint (95)
[2015.12.04-13.04.26:190][863]LogModuleManager: Shutting down and abandoning module SlateReflector (94)
[2015.12.04-13.04.26:190][863]LogModuleManager: Shutting down and abandoning module HotReload (93)
[2015.12.04-13.04.26:190][863]LogModuleManager: Shutting down and abandoning module MainFrame (92)
[2015.12.04-13.04.26:190][863]LogModuleManager: Shutting down and abandoning module LevelEditor (91)
[2015.12.04-13.04.26:191][863]LogModuleManager: Shutting down and abandoning module DirectoryWatcher (90)
[2015.12.04-13.04.26:193][863]LogModuleManager: Shutting down and abandoning module AssetRegistry (89)
[2015.12.04-13.04.26:227][863]LogModuleManager: Shutting down and abandoning module ContentBrowser (88)
[2015.12.04-13.04.26:227][863]LogModuleManager: Shutting down and abandoning module Paper2DEditor (87)
[2015.12.04-13.04.26:227][863]LogModuleManager: Shutting down and abandoning module UdpMessaging (86)
[2015.12.04-13.04.26:328][863]LogModuleManager: Shutting down and abandoning module LightPropagationVolumeRuntime (85)
[2015.12.04-13.04.26:328][863]LogModuleManager: Shutting down and abandoning module Paper2D (84)
[2015.12.04-13.04.26:328][863]LogModuleManager: Shutting down and abandoning module WindowsMoviePlayer (83)
[2015.12.04-13.04.26:331][863]LogModuleManager: Shutting down and abandoning module Media (82)
[2015.12.04-13.04.26:331][863]LogModuleManager: Shutting down and abandoning module WmfMedia (81)
[2015.12.04-13.04.26:332][863]LogModuleManager: Shutting down and abandoning module OnlineBlueprintSupport (80)
[2015.12.04-13.04.26:332][863]LogModuleManager: Shutting down and abandoning module GameplayTasksEditor (79)
[2015.12.04-13.04.26:332][863]LogModuleManager: Shutting down and abandoning module PropertyEditor (78)
[2015.12.04-13.04.26:332][863]LogModuleManager: Shutting down and abandoning module BehaviorTreeEditor (77)
[2015.12.04-13.04.26:332][863]LogModuleManager: Shutting down and abandoning module FunctionalTesting (76)
[2015.12.04-13.04.26:332][863]LogModuleManager: Shutting down and abandoning module CollisionAnalyzer (75)
[2015.12.04-13.04.26:332][863]LogModuleManager: Shutting down and abandoning module WorkspaceMenuStructure (74)
[2015.12.04-13.04.26:332][863]LogModuleManager: Shutting down and abandoning module MessageLog (73)
[2015.12.04-13.04.26:332][863]LogModuleManager: Shutting down and abandoning module Sequencer (72)
[2015.12.04-13.04.26:332][863]LogModuleManager: Shutting down and abandoning module AssetTools (71)
[2015.12.04-13.04.26:332][863]LogModuleManager: Shutting down and abandoning module UMGEditor (70)
[2015.12.04-13.04.26:332][863]LogModuleManager: Shutting down and abandoning module UMG (69)
[2015.12.04-13.04.26:332][863]LogModuleManager: Shutting down and abandoning module Slate (68)
[2015.12.04-13.04.26:332][863]LogModuleManager: Shutting down and abandoning module EditorStyle (67)
[2015.12.04-13.04.26:333][863]LogModuleManager: Shutting down and abandoning module SessionServices (66)
[2015.12.04-13.04.26:333][863]LogModuleManager: Shutting down and abandoning module SourceCodeAccess (65)
[2015.12.04-13.04.26:333][863]LogModuleManager: Shutting down and abandoning module HeadMountedDisplay (64)
[2015.12.04-13.04.26:333][863]LogModuleManager: Shutting down and abandoning module XAudio2 (63)
[2015.12.04-13.04.26:333][863]LogModuleManager: Shutting down and abandoning module Networking (61)
[2015.12.04-13.04.26:333][863]LogModuleManager: Shutting down and abandoning module Core (60)
[2015.12.04-13.04.26:333][863]LogModuleManager: Shutting down and abandoning module KismetCompiler (59)
[2015.12.04-13.04.26:333][863]LogModuleManager: Shutting down and abandoning module PhysXFormats (58)
[2015.12.04-13.04.26:333][863]LogModuleManager: Shutting down and abandoning module MeshUtilities (57)
[2015.12.04-13.04.26:333][863]LogModuleManager: Shutting down and abandoning module DerivedDataCache (56)
[2015.12.04-13.04.26:391][863]LogDerivedDataCache: Shutdown
[2015.12.04-13.04.26:391][863]LogModuleManager: Shutting down and abandoning module ShaderFormatOpenGL (55)
[2015.12.04-13.04.26:391][863]LogModuleManager: Shutting down and abandoning module ShaderFormatD3D (54)
[2015.12.04-13.04.26:391][863]LogModuleManager: Shutting down and abandoning module MetalShaderFormat (53)
[2015.12.04-13.04.26:391][863]LogModuleManager: Shutting down and abandoning module TextureFormatUncompressed (52)
[2015.12.04-13.04.26:391][863]LogModuleManager: Shutting down and abandoning module TextureFormatPVR (51)
[2015.12.04-13.04.26:391][863]LogModuleManager: Shutting down and abandoning module TextureFormatIntelISPCTexComp (50)
[2015.12.04-13.04.26:391][863]LogModuleManager: Shutting down and abandoning module TextureFormatDXT (49)
[2015.12.04-13.04.26:391][863]LogModuleManager: Shutting down and abandoning module ImageWrapper (48)
[2015.12.04-13.04.26:391][863]LogModuleManager: Shutting down and abandoning module TextureFormatASTC (47)
[2015.12.04-13.04.26:391][863]LogModuleManager: Shutting down and abandoning module TextureFormatAndroid (46)
[2015.12.04-13.04.26:391][863]LogModuleManager: Shutting down and abandoning module AudioFormatOpus (45)
[2015.12.04-13.04.26:391][863]LogModuleManager: Shutting down and abandoning module AudioFormatOgg (44)
[2015.12.04-13.04.26:391][863]LogModuleManager: Shutting down and abandoning module AudioFormatADPCM (43)
[2015.12.04-13.04.26:391][863]LogModuleManager: Shutting down and abandoning module LinuxTargetPlatform (42)
[2015.12.04-13.04.26:391][863]LogModuleManager: Shutting down and abandoning module LinuxServerTargetPlatform (41)
[2015.12.04-13.04.26:391][863]LogModuleManager: Shutting down and abandoning module LinuxNoEditorTargetPlatform (40)
[2015.12.04-13.04.26:391][863]LogModuleManager: Shutting down and abandoning module Messaging (39)
[2015.12.04-13.04.26:391][863]LogModuleManager: Shutting down and abandoning module IOSTargetPlatform (38)
[2015.12.04-13.04.26:391][863]LogModuleManager: Shutting down and abandoning module HTML5TargetPlatform (37)
[2015.12.04-13.04.26:391][863]LogModuleManager: Shutting down and abandoning module Android_PVRTCTargetPlatform (36)
[2015.12.04-13.04.26:391][863]LogModuleManager: Shutting down and abandoning module Android_MultiTargetPlatform (35)
[2015.12.04-13.04.26:391][863]LogModuleManager: Shutting down and abandoning module Android_ETC2TargetPlatform (34)
[2015.12.04-13.04.26:391][863]LogModuleManager: Shutting down and abandoning module Android_ETC1TargetPlatform (33)
[2015.12.04-13.04.26:391][863]LogModuleManager: Shutting down and abandoning module Android_DXTTargetPlatform (32)
[2015.12.04-13.04.26:391][863]LogModuleManager: Shutting down and abandoning module Android_ATCTargetPlatform (31)
[2015.12.04-13.04.26:391][863]LogModuleManager: Shutting down and abandoning module Android_ASTCTargetPlatform (30)
[2015.12.04-13.04.26:391][863]LogModuleManager: Shutting down and abandoning module AndroidTargetPlatform (29)
[2015.12.04-13.04.26:391][863]LogModuleManager: Shutting down and abandoning module WindowsTargetPlatform (28)
[2015.12.04-13.04.26:391][863]LogModuleManager: Shutting down and abandoning module WindowsServerTargetPlatform (27)
[2015.12.04-13.04.26:391][863]LogModuleManager: Shutting down and abandoning module WindowsNoEditorTargetPlatform (26)
[2015.12.04-13.04.26:391][863]LogModuleManager: Shutting down and abandoning module WindowsClientTargetPlatform (25)
[2015.12.04-13.04.26:391][863]LogModuleManager: Shutting down and abandoning module AllDesktopTargetPlatform (24)
[2015.12.04-13.04.26:392][863]LogModuleManager: Shutting down and abandoning module TargetPlatform (23)
[2015.12.04-13.04.26:392][863]LogModuleManager: Shutting down and abandoning module InputCore (22)
[2015.12.04-13.04.26:392][863]LogModuleManager: Shutting down and abandoning module Settings (21)
[2015.12.04-13.04.26:392][863]LogModuleManager: Shutting down and abandoning module OnlineSubsystem (19)
[2015.12.04-13.04.26:392][863]LogModuleManager: Shutting down and abandoning module HTTP (18)
[2015.12.04-13.04.29:394][863]LogModuleManager: Shutting down and abandoning module XMPP (17)
[2015.12.04-13.04.29:394][863]LogModuleManager: Shutting down and abandoning module OculusRift (16)
[2015.12.04-13.04.29:394][863]LogModuleManager: Shutting down and abandoning module ExampleDeviceProfileSelector (15)
[2015.12.04-13.04.29:394][863]LogModuleManager: Shutting down and abandoning module TextureCompressor (14)
[2015.12.04-13.04.29:394][863]LogModuleManager: Shutting down and abandoning module ShaderCore (13)
[2015.12.04-13.04.29:394][863]LogModuleManager: Shutting down and abandoning module Landscape (12)
[2015.12.04-13.04.29:394][863]LogModuleManager: Shutting down and abandoning module SlateRHIRenderer (11)
[2015.12.04-13.04.29:395][863]LogModuleManager: Shutting down and abandoning module OpenGLDrv (10)
[2015.12.04-13.04.29:395][863]LogModuleManager: Shutting down and abandoning module D3D11RHI (9)
[2015.12.04-13.04.29:395][863]LogModuleManager: Shutting down and abandoning module AnimGraphRuntime (8)
[2015.12.04-13.04.29:395][863]LogModuleManager: Shutting down and abandoning module Renderer (7)
[2015.12.04-13.04.29:395][863]LogModuleManager: Shutting down and abandoning module Engine (6)
[2015.12.04-13.04.29:395][863]LogModuleManager: Shutting down and abandoning module CoreUObject (5)
[2015.12.04-13.04.29:395][863]LogModuleManager: Shutting down and abandoning module NetworkFile (4)
[2015.12.04-13.04.29:396][863]LogModuleManager: Shutting down and abandoning module StreamingFile (3)
[2015.12.04-13.04.29:396][863]LogModuleManager: Shutting down and abandoning module SandboxFile (2)
[2015.12.04-13.04.29:396][863]LogModuleManager: Shutting down and abandoning module PakFile (1)
[2015.12.04-13.04.29:397][863]LogExit: Exiting.
[2015.12.04-13.04.29:398][863]Log file closed, 12/04/15 21:04:29
