[2015.12.01-13.45.22:744][  0]Log file open, 12/01/15 21:45:22
[2015.12.01-13.45.22:744][  0]LogInit:Display: Running engine for game: GravityBall
[2015.12.01-13.45.22:744][  0]LogPlatformFile: Not using cached read wrapper
[2015.12.01-13.45.22:744][  0]LogInit:Display: RandInit(-895170520) SRandInit(-895170518).
[2015.12.01-13.45.22:744][  0]LogTaskGraph: Started task graph with 4 named threads and 7 total threads.
[2015.12.01-13.45.22:744][  0]LogStats: Stats thread started at 0.151950
[2015.12.01-13.45.22:744][  0]LogInit: Version: 4.10.0-2758231+++depot+UE4-Releases+4.10
[2015.12.01-13.45.22:744][  0]LogInit: API Version: 2758231
[2015.12.01-13.45.22:744][  0]LogInit: Compiled (64-bit): Nov  7 2015 05:13:45
[2015.12.01-13.45.22:744][  0]LogInit: Compiled with Visual C++: 19.00.23026.00
[2015.12.01-13.45.22:744][  0]LogInit: Build Configuration: Development
[2015.12.01-13.45.22:744][  0]LogInit: Branch Name: ++depot+UE4-Releases+4.10
[2015.12.01-13.45.22:744][  0]LogInit: Command line:  
[2015.12.01-13.45.22:744][  0]LogInit: Base directory: I:/Program Files (x86)/Epic Games/4.10/Engine/Binaries/Win64/
[2015.12.01-13.45.22:744][  0]LogInit: Rocket: 1
[2015.12.01-13.45.22:802][  0]LogInit: Using libcurl 7.41.0
[2015.12.01-13.45.22:802][  0]LogInit:  - built for x86_64-pc-win32
[2015.12.01-13.45.22:802][  0]LogInit:  - supports SSL with WinSSL
[2015.12.01-13.45.22:802][  0]LogInit:  - other features:
[2015.12.01-13.45.22:802][  0]LogInit:      CURL_VERSION_SSL
[2015.12.01-13.45.22:802][  0]LogInit:      CURL_VERSION_IPV6
[2015.12.01-13.45.22:802][  0]LogInit:      CURL_VERSION_ASYNCHDNS
[2015.12.01-13.45.22:802][  0]LogInit:      CURL_VERSION_LARGEFILE
[2015.12.01-13.45.22:802][  0]LogInit:      CURL_VERSION_IDN
[2015.12.01-13.45.22:802][  0]LogInit:  CurlRequestOptions (configurable via config and command line):
[2015.12.01-13.45.22:802][  0]LogInit:  - bVerifyPeer = true  - Libcurl will verify peer certificate
[2015.12.01-13.45.22:802][  0]LogInit:  - bUseHttpProxy = false  - Libcurl will NOT use HTTP proxy
[2015.12.01-13.45.22:802][  0]LogInit:  - bDontReuseConnections = false  - Libcurl will reuse connections
[2015.12.01-13.45.22:802][  0]LogInit:  - CertBundlePath = nullptr  - Libcurl will use whatever was configured at build time.
[2015.12.01-13.45.22:904][  0]LogInit: Presizing for 0 objects not considered by GC, pre-allocating 0 bytes.
[2015.12.01-13.45.22:910][  0]LogInit: Object subsystem initialized
[2015.12.01-13.45.22:921][  0]LogInit: Selected Device Profile: [Windows]
[2015.12.01-13.45.22:921][  0]LogInit: Applying CVar settings loaded from the selected device profile: [Windows]
[2015.12.01-13.45.22:935][  0]LogInit: Computer: KOBE-PC
[2015.12.01-13.45.22:935][  0]LogInit: User: kobe
[2015.12.01-13.45.22:935][  0]LogInit: CPU Page size=4096, Cores=4
[2015.12.01-13.45.22:935][  0]LogInit: High frequency timer resolution =3.421333 MHz
[2015.12.01-13.45.22:935][  0]LogMemory: Memory total: Physical=8.0GB (8GB approx)
[2015.12.01-13.45.22:935][  0]LogMemory: Platform Memory Stats for Windows
[2015.12.01-13.45.22:935][  0]LogMemory: Process Physical Memory: 56.25 MB used, 56.25 MB peak
[2015.12.01-13.45.22:935][  0]LogMemory: Process Virtual Memory: 56.69 MB used, 56.69 MB peak
[2015.12.01-13.45.22:935][  0]LogMemory: Physical Memory: 3615.74 MB used, 8154.23 MB total
[2015.12.01-13.45.22:935][  0]LogMemory: Virtual Memory: 382.25 MB used, 134217728.00 MB total
[2015.12.01-13.45.23:281][  0]LogTextLocalizationManager: No translations for ('zh-TW') exist, falling back to 'en' for localization and internationalization data.
[2015.12.01-13.45.23:668][  0]LogD3D11RHI: Found D3D11 adapter 0: NVIDIA GeForce GTX 560 Ti   (Feature Level 11_0)
[2015.12.01-13.45.23:668][  0]LogD3D11RHI: Adapter has 973MB of dedicated video memory, 0MB of dedicated system memory, and 3071MB of shared system memory, 2 output[s]
[2015.12.01-13.45.23:670][  0]LogD3D11RHI: Found D3D11 adapter 1: Microsoft Basic Render Driver (Feature Level 11_0)
[2015.12.01-13.45.23:670][  0]LogD3D11RHI: Adapter has 0MB of dedicated video memory, 0MB of dedicated system memory, and 4077MB of shared system memory, 0 output[s]
[2015.12.01-13.45.23:670][  0]LogD3D11RHI: Chosen D3D11 Adapter Id = 0
[2015.12.01-13.45.23:673][  0]LogD3D11RHI: !Direct3DDevice
[2015.12.01-13.45.23:674][  0]LogRHI: Texture pool is 681 MB (70% of 973 MB)
[2015.12.01-13.45.23:681][  0]LogD3D11RHI: Async texture creation enabled
[2015.12.01-13.45.23:696][  0]LogShaderCompilers: Guid format shader working directory is 1 characters bigger than the processId version (../../../../../../Irene/GravityBall(Unreal)/Intermediate/Shaders/WorkingDirectory/12788/).
[2015.12.01-13.45.23:696][  0]LogShaderCompilers: Cleaned the shader compiler working directory 'C:/Users/kobe/AppData/Local/Temp/UnrealShaderWorkingDir/D7D6271C43FA3347741264BC805BBA1E/'.
[2015.12.01-13.45.23:696][  0]LogShaderCompilers:Display: Using Local Shader Compiler.
[2015.12.01-13.45.27:697][  0]LogTemp:Display: Loaded TP AllDesktopTargetPlatform
[2015.12.01-13.45.27:701][  0]LogTemp:Display: Loaded TP WindowsClientTargetPlatform
[2015.12.01-13.45.27:705][  0]LogTemp:Display: Loaded TP WindowsNoEditorTargetPlatform
[2015.12.01-13.45.27:709][  0]LogTemp:Display: Loaded TP WindowsServerTargetPlatform
[2015.12.01-13.45.27:713][  0]LogTemp:Display: Loaded TP WindowsTargetPlatform
[2015.12.01-13.45.27:717][  0]LogTemp:Display: Loaded TP AndroidTargetPlatform
[2015.12.01-13.45.27:719][  0]LogTemp:Display: Loaded TP Android_ASTCTargetPlatform
[2015.12.01-13.45.27:722][  0]LogTemp:Display: Loaded TP Android_ATCTargetPlatform
[2015.12.01-13.45.27:725][  0]LogTemp:Display: Loaded TP Android_DXTTargetPlatform
[2015.12.01-13.45.27:728][  0]LogTemp:Display: Loaded TP Android_ETC1TargetPlatform
[2015.12.01-13.45.27:731][  0]LogTemp:Display: Loaded TP Android_ETC2TargetPlatform
[2015.12.01-13.45.27:737][  0]LogTemp:Display: Loaded TP Android_MultiTargetPlatform
[2015.12.01-13.45.27:737][  0]LogTemp:Display: Loaded TP Android_PVRTCTargetPlatform
[2015.12.01-13.45.27:738][  0]LogTemp:Display: Loaded TP HTML5TargetPlatform
[2015.12.01-13.45.27:844][  0]LogTemp:Display: Loaded TP IOSTargetPlatform
[2015.12.01-13.45.27:847][  0]LogTemp:Display: Loaded TP LinuxNoEditorTargetPlatform
[2015.12.01-13.45.27:850][  0]LogTemp:Display: Loaded TP LinuxServerTargetPlatform
[2015.12.01-13.45.27:873][  0]LogTemp:Display: Loaded TP LinuxTargetPlatform
[2015.12.01-13.45.27:873][  0]LogTargetPlatformManager:Display: Building Assets For Windows
[2015.12.01-13.45.28:568][  0]LogDerivedDataCache:Display: Max Cache Size: 512 MB
[2015.12.01-13.45.28:783][  0]LogDerivedDataCache: Loaded boot cache 0.21s 46MB C:/Users/kobe/AppData/Local/UnrealEngine/4.10/DerivedDataCache/Boot.ddc.
[2015.12.01-13.45.28:783][  0]LogDerivedDataCache:Display: Loaded Boot cache: C:/Users/kobe/AppData/Local/UnrealEngine/4.10/DerivedDataCache/Boot.ddc
[2015.12.01-13.45.28:783][  0]LogDerivedDataCache: FDerivedDataBackendGraph:  Pak pak cache file ../../../../../../Irene/GravityBall(Unreal)/DerivedDataCache/DDC.ddp not found, will not use a pak cache.
[2015.12.01-13.45.28:783][  0]LogDerivedDataCache: Unable to find inner node Pak for hierarchical cache Hierarchy.
[2015.12.01-13.45.28:783][  0]LogDerivedDataCache: FDerivedDataBackendGraph:  CompressedPak pak cache file ../../../../../../Irene/GravityBall(Unreal)/DerivedDataCache/Compressed.ddp not found, will not use a pak cache.
[2015.12.01-13.45.28:783][  0]LogDerivedDataCache: Unable to find inner node CompressedPak for hierarchical cache Hierarchy.
[2015.12.01-13.45.28:949][  0]LogDerivedDataCache:Display: Pak cache opened for reading ../../../Engine/DerivedDataCache/Compressed.ddp.
[2015.12.01-13.45.28:962][  0]LogDerivedDataCache: Using Local data cache path C:/Users/kobe/AppData/Local/UnrealEngine/Common/DerivedDataCache: Writable
[2015.12.01-13.45.38:134][  0]LogInit: Selected Device Profile: [Windows]
[2015.12.01-13.45.38:182][  0]LogContentStreaming: Texture pool size is 0.000000MB
[2015.12.01-13.45.39:180][  0]LogMeshUtilities: No automatic mesh reduction module available
[2015.12.01-13.45.39:180][  0]LogMeshUtilities: No automatic mesh merging module available
[2015.12.01-13.45.42:209][  0]LogInit: WinSock: version 1.1 (2.2), MaxSocks=32767, MaxUdp=65467
[2015.12.01-13.45.53:742][  0]UdpMessaging: Initializing bridge on interface 0.0.0.0:0 to multicast group 230.0.0.1:6666.
[2015.12.01-13.45.54:500][  0]LogAssetRegistry: FAssetRegistry took 0.0327 seconds to start up
[2015.12.01-13.45.56:622][  0]SourceControl: Info Source control is disabled
[2015.12.01-13.45.56:690][  0]SourceControl: Info Source control is disabled
[2015.12.01-13.45.56:828][  0]SourceControl: Info Source control is disabled
[2015.12.01-13.45.56:855][  0]SourceControl: Info Source control is disabled
[2015.12.01-13.45.58:468][  0]LogObj: 28633 objects as part of root set at end of initial load.
[2015.12.01-13.45.58:468][  0]LogUObjectAllocator: 6099744 out of 0 bytes used by permanent object pool.
[2015.12.01-13.45.59:343][  0]LogEngine: Initializing Engine...
[2015.12.01-13.45.59:397][  0]LogHMD: Can't find Oculus library dev build: is proper Runtime installed? Version: 0.8.0.0
[2015.12.01-13.45.59:500][  0]LogHMD: SteamVR failed to initialize.  Err: 110
[2015.12.01-13.46.00:282][  0]LogAIModule: Creating AISystem for world NewWorld
[2015.12.01-13.46.00:569][  0]LogInit: XAudio2 using '喇叭 (VIA HD Audio)' : 2 channels at 48 kHz using 32 bits per sample (channel mask 0x3)
[2015.12.01-13.46.00:598][  0]LogInit: FAudioDevice initialized.
[2015.12.01-13.46.00:616][  0]LogDerivedDataCache: Saved boot cache 0.02s 46MB C:/Users/kobe/AppData/Local/UnrealEngine/4.10/DerivedDataCache/Boot.ddc.
[2015.12.01-13.46.00:618][  0]LogInit: Texture streaming: Enabled
[2015.12.01-13.46.00:645][  0]LogAnalytics: Creating configured Analytics provider AnalyticsET
[2015.12.01-13.46.00:645][  0]LogAnalytics: [UEEditor.Rocket.Release] APIServer = http://et2.epicgames.com/ET2/. AppVersion = 4.10.0-2758231+++depot+UE4-Releases+4.10
[2015.12.01-13.46.00:645][  0]LogAnalytics: [UEEditor.Rocket.Release] SetUserId a7ad9f804d206c42366b9fbf7e3f6747|7ab9c2e1b7464127a7a1e84c1ac07d12|f09af62b-db99-4ac1-bb79-bfe136e8c522
[2015.12.01-13.46.00:661][  0]LogAnalytics: [UEEditor.Rocket.Release] AnalyticsET::StartSession
[2015.12.01-13.46.00:720][  0]LogWindowsTextInputMethodSystem:Display: IME system now activated using TSF (微軟注音).
[2015.12.01-13.46.01:789][  0]LogInit: Transaction tracking system initialized
[2015.12.01-13.46.01:937][  0]BlueprintLog: New page: Editor Load
[2015.12.01-13.46.05:238][  0]LocalizationService: Info Localization service is disabled
[2015.12.01-13.46.06:273][  0]LogConsoleResponse:Display: 
[2015.12.01-13.46.11:086][  0]LogFileCache: Scanning file cache for directory 'I:/Irene/GravityBall(Unreal)/Content/' took 0.01s
[2015.12.01-13.46.11:086][  0]LogCook:Display: Done creating registry. It took  0.00s.
[2015.12.01-13.46.12:625][  0]SourceControl: Info Source control is disabled
[2015.12.01-13.46.12:683][  0]Cmd: MAP LOAD FILE="../../../../../../Irene/GravityBall(Unreal)/Content/RollingMap.umap" TEMPLATE=0 SHOWPROGRESS=1 FEATURELEVEL=3
[2015.12.01-13.46.12:828][  0]LightingResults: New page: Lighting Build
[2015.12.01-13.46.13:224][  0]MapCheck: New page: Map Check
[2015.12.01-13.46.13:224][  0]LightingResults: New page: Lighting Build
[2015.12.01-13.46.13:447][  0]LogParticles: Destroying 0 GPU particle simulations for FXSystem 0x0000024C8AB9F420
[2015.12.01-13.46.15:472][  0]LogMaterial: Missing cached shader map for material MyMertrial, compiling. 
[2015.12.01-13.46.17:265][  0]LogAIModule: Creating AISystem for world RollingMap
[2015.12.01-13.46.17:985][  0]LogEditorServer: Finished looking for orphan Actors (0.000 secs)
[2015.12.01-13.46.18:132][  0]Cmd: MAP CHECKDEP NOCLEARLOG
[2015.12.01-13.46.18:261][  0]MapCheck: Info Map check complete: 0 Error(s), 0 Warning(s), took 129.66ms to complete.
[2015.12.01-13.46.18:262][  0]LogFileHelpers: Loading map 'RollingMap' took 5.616
[2015.12.01-13.46.22:282][  0]LogCollectionManager: Loaded 0 collections in 0.004195 seconds
[2015.12.01-13.46.22:850][  0]LogFileCache: Scanning file cache for directory 'I:/Irene/GravityBall(Unreal)/Saved/Collections/' took 0.01s
[2015.12.01-13.46.22:850][  0]LogFileCache: Scanning file cache for directory 'I:/Irene/GravityBall(Unreal)/Content/Developers/kobe/Collections/' took 0.01s
[2015.12.01-13.46.22:850][  0]LogFileCache: Scanning file cache for directory 'I:/Irene/GravityBall(Unreal)/Content/Collections/' took 0.01s
[2015.12.01-13.46.22:850][  0]LogCollectionManager: Rebuilt the GUID cache for 0 collections in 0.000008 seconds
[2015.12.01-13.46.22:928][  0]LogContentBrowser: Native class hierarchy populated in 0.0640 seconds. Added 1893 classes and 338 folders.
[2015.12.01-13.46.23:097][  0]LogContentBrowser: Native class hierarchy updated for 'WidgetCarousel' in 0.0006 seconds. Added 0 classes and 0 folders.
[2015.12.01-13.46.26:754][  0]LogContentBrowser: Native class hierarchy updated for 'AddContentDialog' in 0.0005 seconds. Added 0 classes and 0 folders.
[2015.12.01-13.46.26:962][  0]LogContentBrowser: Native class hierarchy updated for 'SceneOutliner' in 0.0011 seconds. Added 1 classes and 2 folders.
[2015.12.01-13.46.27:437][  0]LogCrashTracker: Crashtracker disabled due to settings.
[2015.12.01-13.46.27:927][  0]LogLoad: Full Startup: 66.49 seconds (BP compile: 0.43 seconds)
[2015.12.01-13.46.28:000][  0]LogOcInput: Can't find Oculus library dev build: is proper Runtime installed? Version: 0.8.0.0
[2015.12.01-13.46.28:744][  0]LogContentStreaming: Texture pool size now 1000 MB
[2015.12.01-13.46.29:121][  0]LogRenderer: Reallocating scene render targets to support 1208x572 (Frame:2).
[2015.12.01-13.46.29:723][  4]LogAssetRegistry: Asset discovery search completed in 35.2336 seconds
[2015.12.01-13.46.29:733][  4]LogCollectionManager: Rebuilt the object cache for 0 collections in 0.000001 seconds (found 0 objects)
[2015.12.01-13.46.29:733][  4]LogCollectionManager: Fixed up redirectors for 0 collections in 0.000051 seconds (updated 0 objects)
[2015.12.01-13.47.13:246][216]LogEditorViewport: Clicking on Actor (LMB): StaticMeshActor (Floor)
[2015.12.01-13.47.15:898][435]LogPlayLevel: PlayLevel: No blueprints needed recompiling
[2015.12.01-13.47.15:899][435]PIE: New page: PIE session: RollingMap (Dec 2, 2015, 5:47:15 AM)
[2015.12.01-13.47.15:899][435]LogPlayLevel: Creating play world package: /Game/UEDPIE_0_RollingMap
[2015.12.01-13.47.15:901][435]LogPlayLevel: PIE: StaticDuplicateObject took: (0.002151s)
[2015.12.01-13.47.15:902][435]LogAIModule: Creating AISystem for world RollingMap
[2015.12.01-13.47.15:902][435]LogPlayLevel: PIE: World Init took: (0.000666s)
[2015.12.01-13.47.15:908][435]LogPlayLevel: PIE: Created PIE world by copying editor world from /Game/RollingMap.RollingMap to /Game/UEDPIE_0_RollingMap.RollingMap (0.009382s)
[2015.12.01-13.47.15:955][435]LogInit: XAudio2 using '喇叭 (VIA HD Audio)' : 2 channels at 48 kHz using 32 bits per sample (channel mask 0x3)
[2015.12.01-13.47.15:965][435]LogInit: FAudioDevice initialized.
[2015.12.01-13.47.16:115][435]LogWorld: Game class is 'RolloingGameMode_C'
[2015.12.01-13.47.16:129][435]LogWorld: Bringing World /Game/UEDPIE_0_RollingMap.RollingMap up for play (max tick rate 0) at 2015.12.01-21.47.16
[2015.12.01-13.47.16:129][435]LogActor:Warning: GameSession /Game/UEDPIE_0_RollingMap.RollingMap:PersistentLevel.GameSession_0 has natively added scene component(s), but none of them were set as the actor's RootComponent - picking one arbitrarily
[2015.12.01-13.47.16:129][435]LogActor:Warning: GameNetworkManager /Game/UEDPIE_0_RollingMap.RollingMap:PersistentLevel.GameNetworkManager_0 has natively added scene component(s), but none of them were set as the actor's RootComponent - picking one arbitrarily
[2015.12.01-13.47.16:140][435]LogWorld: Bringing up level for play took: 0.014180
[2015.12.01-13.47.16:217][435]PIE: Info Play in editor start time for /Game/UEDPIE_0_RollingMap 0.378
[2015.12.01-13.47.18:894][720]LogParticles: Destroying 0 GPU particle simulations for FXSystem 0x0000024CB0436160
[2015.12.01-13.47.24:843][417]LogEditorViewport: Clicking on Actor (LMB): StaticMeshActor (Floor)
[2015.12.01-13.47.55:287][713]LogEditorViewport: Clicking on Actor (LMB): StaticMeshActor (Floor)
[2015.12.01-13.48.11:895][527]LogPlayLevel: PlayLevel: No blueprints needed recompiling
[2015.12.01-13.48.11:895][527]PIE: New page: PIE session: RollingMap (Dec 2, 2015, 5:48:11 AM)
[2015.12.01-13.48.11:895][527]LogPlayLevel: Creating play world package: /Game/UEDPIE_0_RollingMap
[2015.12.01-13.48.11:897][527]LogPlayLevel: PIE: StaticDuplicateObject took: (0.001727s)
[2015.12.01-13.48.11:898][527]LogAIModule: Creating AISystem for world RollingMap
[2015.12.01-13.48.11:898][527]LogPlayLevel: PIE: World Init took: (0.000801s)
[2015.12.01-13.48.11:898][527]LogPlayLevel: PIE: Created PIE world by copying editor world from /Game/RollingMap.RollingMap to /Game/UEDPIE_0_RollingMap.RollingMap (0.002707s)
[2015.12.01-13.48.11:913][527]LogInit: XAudio2 using '喇叭 (VIA HD Audio)' : 2 channels at 48 kHz using 32 bits per sample (channel mask 0x3)
[2015.12.01-13.48.11:922][527]LogInit: FAudioDevice initialized.
[2015.12.01-13.48.11:956][527]LogWorld: Game class is 'RolloingGameMode_C'
[2015.12.01-13.48.11:960][527]LogWorld: Bringing World /Game/UEDPIE_0_RollingMap.RollingMap up for play (max tick rate 0) at 2015.12.01-21.48.11
[2015.12.01-13.48.11:960][527]LogActor:Warning: GameSession /Game/UEDPIE_0_RollingMap.RollingMap:PersistentLevel.GameSession_1 has natively added scene component(s), but none of them were set as the actor's RootComponent - picking one arbitrarily
[2015.12.01-13.48.11:960][527]LogActor:Warning: GameNetworkManager /Game/UEDPIE_0_RollingMap.RollingMap:PersistentLevel.GameNetworkManager_1 has natively added scene component(s), but none of them were set as the actor's RootComponent - picking one arbitrarily
[2015.12.01-13.48.11:960][527]LogWorld: Bringing up level for play took: 0.003030
[2015.12.01-13.48.11:961][527]PIE: Info Play in editor start time for /Game/UEDPIE_0_RollingMap 0.123
[2015.12.01-13.48.29:386][600]LogParticles: Destroying 0 GPU particle simulations for FXSystem 0x0000024CB0528EA0
[2015.12.01-13.48.31:160][812]LogEditorViewport: Clicking on Actor (LMB): Ball_C (Ball)
[2015.12.01-13.48.54:166][549]LogEditorViewport: Clicking on Actor (LMB): StaticMeshActor (Floor)
[2015.12.01-13.49.01:873][366]LogEditorViewport: Clicking on Actor (LMB): Ball_C (Ball)
[2015.12.01-13.49.26:398][285]LogEditorViewport: Clicking on Actor (LMB): StaticMeshActor (Floor)
[2015.12.01-13.49.31:997][944]LogEditorViewport: Clicking on Actor (LMB): StaticMeshActor (Floor)
[2015.12.01-13.49.40:701][985]LogEditorViewport: Clicking on Actor (LMB): StaticMeshActor (Floor)
[2015.12.01-13.50.21:841][825]LogActorComponent: ~FComponentReregisterContext: (/Game/RollingMap.RollingMap:PersistentLevel.Ball_647.SpringArm) Component already registered.
[2015.12.01-13.50.24:513][139]LogActorComponent: ~FComponentReregisterContext: (/Game/RollingMap.RollingMap:PersistentLevel.Ball_647.SpringArm) Component already registered.
[2015.12.01-13.50.26:967][427]LogActorComponent: ~FComponentReregisterContext: (/Game/RollingMap.RollingMap:PersistentLevel.Ball_647.SpringArm) Component already registered.
[2015.12.01-13.50.49:608][122]LogEditorViewport: Clicking on Component (LMB): StaticMeshComponent (Sphere)
[2015.12.01-13.50.53:306][550]LogEditorViewport: Clicking on Actor (LMB): StaticMeshActor (Floor)
[2015.12.01-13.50.54:916][731]LogEditorViewport: Clicking on Actor (LMB): StaticMeshActor (Floor)
[2015.12.01-13.50.55:751][829]LogEditorViewport: Clicking on Actor (LMB): StaticMeshActor (Floor)
[2015.12.01-13.50.58:934][208]LogEditorViewport: Clicking on Actor (LMB): Ball_C (Ball)
[2015.12.01-13.52.08:892][336]LogEditorViewport: Clicking on Component (LMB): StaticMeshComponent (Sphere)
[2015.12.01-13.52.08:998][339]LogEditorViewport: Clicking on Actor (double click): Ball_C (Ball)
[2015.12.01-13.52.11:431][624]LogEditorViewport: Clicking on Actor (LMB): Ball_C (Ball)
[2015.12.01-13.53.51:938][206]LogPlayLevel: PlayLevel: No blueprints needed recompiling
[2015.12.01-13.53.51:938][206]PIE: New page: PIE session: RollingMap (Dec 2, 2015, 5:53:51 AM)
[2015.12.01-13.53.51:938][206]LogPlayLevel: Creating play world package: /Game/UEDPIE_0_RollingMap
[2015.12.01-13.53.51:941][206]LogPlayLevel: PIE: StaticDuplicateObject took: (0.002152s)
[2015.12.01-13.53.51:941][206]LogAIModule: Creating AISystem for world RollingMap
[2015.12.01-13.53.51:941][206]LogPlayLevel: PIE: World Init took: (0.000795s)
[2015.12.01-13.53.51:942][206]LogPlayLevel: PIE: Created PIE world by copying editor world from /Game/RollingMap.RollingMap to /Game/UEDPIE_0_RollingMap.RollingMap (0.003115s)
[2015.12.01-13.53.51:981][206]LogInit: XAudio2 using '喇叭 (VIA HD Audio)' : 2 channels at 48 kHz using 32 bits per sample (channel mask 0x3)
[2015.12.01-13.53.51:991][206]LogInit: FAudioDevice initialized.
[2015.12.01-13.53.52:026][206]LogWorld: Game class is 'RolloingGameMode_C'
[2015.12.01-13.53.52:030][206]LogWorld: Bringing World /Game/UEDPIE_0_RollingMap.RollingMap up for play (max tick rate 0) at 2015.12.01-21.53.52
[2015.12.01-13.53.52:030][206]LogActor:Warning: GameSession /Game/UEDPIE_0_RollingMap.RollingMap:PersistentLevel.GameSession_2 has natively added scene component(s), but none of them were set as the actor's RootComponent - picking one arbitrarily
[2015.12.01-13.53.52:030][206]LogActor:Warning: GameNetworkManager /Game/UEDPIE_0_RollingMap.RollingMap:PersistentLevel.GameNetworkManager_2 has natively added scene component(s), but none of them were set as the actor's RootComponent - picking one arbitrarily
[2015.12.01-13.53.52:030][206]LogWorld: Bringing up level for play took: 0.003307
[2015.12.01-13.53.52:031][206]PIE: Info Play in editor start time for /Game/UEDPIE_0_RollingMap 0.193
[2015.12.01-13.54.11:910][582]LogParticles: Destroying 0 GPU particle simulations for FXSystem 0x0000024C9C50D440
[2015.12.01-13.54.14:167][842]LogPlayLevel: PlayLevel: No blueprints needed recompiling
[2015.12.01-13.54.14:167][842]PIE: New page: PIE session: RollingMap (Dec 2, 2015, 5:54:14 AM)
[2015.12.01-13.54.14:167][842]LogPlayLevel: Creating play world package: /Game/UEDPIE_0_RollingMap
[2015.12.01-13.54.14:169][842]LogPlayLevel: PIE: StaticDuplicateObject took: (0.001836s)
[2015.12.01-13.54.14:170][842]LogAIModule: Creating AISystem for world RollingMap
[2015.12.01-13.54.14:170][842]LogPlayLevel: PIE: World Init took: (0.000744s)
[2015.12.01-13.54.14:170][842]LogPlayLevel: PIE: Created PIE world by copying editor world from /Game/RollingMap.RollingMap to /Game/UEDPIE_0_RollingMap.RollingMap (0.002785s)
[2015.12.01-13.54.14:212][842]LogInit: XAudio2 using '喇叭 (VIA HD Audio)' : 2 channels at 48 kHz using 32 bits per sample (channel mask 0x3)
[2015.12.01-13.54.14:221][842]LogInit: FAudioDevice initialized.
[2015.12.01-13.54.14:256][842]LogWorld: Game class is 'RolloingGameMode_C'
[2015.12.01-13.54.14:259][842]LogWorld: Bringing World /Game/UEDPIE_0_RollingMap.RollingMap up for play (max tick rate 0) at 2015.12.01-21.54.14
[2015.12.01-13.54.14:259][842]LogActor:Warning: GameSession /Game/UEDPIE_0_RollingMap.RollingMap:PersistentLevel.GameSession_3 has natively added scene component(s), but none of them were set as the actor's RootComponent - picking one arbitrarily
[2015.12.01-13.54.14:260][842]LogActor:Warning: GameNetworkManager /Game/UEDPIE_0_RollingMap.RollingMap:PersistentLevel.GameNetworkManager_3 has natively added scene component(s), but none of them were set as the actor's RootComponent - picking one arbitrarily
[2015.12.01-13.54.14:260][842]LogWorld: Bringing up level for play took: 0.003165
[2015.12.01-13.54.14:261][842]PIE: Info Play in editor start time for /Game/UEDPIE_0_RollingMap 0.422
[2015.12.01-13.54.24:111][ 13]LogParticles: Destroying 0 GPU particle simulations for FXSystem 0x0000024CC57D5F80
[2015.12.01-13.55.10:480][245]LogLinker:Warning: Asset '../../../Engine/Content/ArtTools/RenderToTexture/Macros/RenderToTextureMacros.uasset' has been saved with empty engine version. The asset will be loaded but may be incompatible.
[2015.12.01-13.55.10:993][245]LogContentBrowser: Native class hierarchy updated for 'BlueprintGraph' in 0.0008 seconds. Added 107 classes and 0 folders.
[2015.12.01-13.55.11:487][245]LogActor:Warning: GameNetworkManager /Engine/Transient.World_4:PersistentLevel.GameNetworkManager_4 has natively added scene component(s), but none of them were set as the actor's RootComponent - picking one arbitrarily
[2015.12.01-13.57.18:226][811]LogParticles: Destroying 0 GPU particle simulations for FXSystem 0x0000024C9BF1DEE0
[2015.12.01-13.57.18:272][811]Cmd: OBJ SAVEPACKAGE PACKAGE="/Game/RollingMap" FILE="../../../../../../Irene/GravityBall(Unreal)/Saved/Autosaves/Game/RollingMap_Auto1.umap" SILENT=true AUTOSAVING=true KEEPDIRTY=false
[2015.12.01-13.57.18:518][811]LogSavePackage: Save=85.364975ms
[2015.12.01-13.57.18:519][811]LogSavePackage: Moving '../../../../../../Irene/GravityBall(Unreal)/Saved/RollingMap_Auto1CE8861BF479F8E745B881F939BFB1923.tmp' to '../../../../../../Irene/GravityBall(Unreal)/Saved/Autosaves/Game/RollingMap_Auto1.umap'
[2015.12.01-13.57.18:522][811]LogSavePackage: Total save time: 235.321730ms
[2015.12.01-13.57.18:522][811]LogSavePackage:Display: Finished SavePackage ../../../../../../Irene/GravityBall(Unreal)/Saved/Autosaves/Game/RollingMap_Auto1.umap
[2015.12.01-13.57.18:541][811]LogFileHelpers: Editor autosave (incl. sublevels) for '/Game/RollingMap' took 0.334
[2015.12.01-13.57.18:541][811]LogFileHelpers: Editor autosave (incl. sublevels) for all levels took 0.334
[2015.12.01-14.10.38:778][618]LogActor:Warning: GameNetworkManager /Engine/Transient.World_6:PersistentLevel.GameNetworkManager_5 has natively added scene component(s), but none of them were set as the actor's RootComponent - picking one arbitrarily
[2015.12.01-14.10.56:791][719]LogScript:Warning: Accessed None 'Sphere'
	RolloingControler_C /Engine/Transient.World_7:PersistentLevel.RolloingControler_C_4
	Function /Game/RolloingControler.RolloingControler_C:ExecuteUbergraph_RolloingControler:0212
[2015.12.01-14.10.56:791][719]LogScript:Warning: Accessed None 'Sphere'
	RolloingControler_C /Engine/Transient.World_7:PersistentLevel.RolloingControler_C_4
	Function /Game/RolloingControler.RolloingControler_C:ExecuteUbergraph_RolloingControler:014B
[2015.12.01-14.10.56:970][720]LogScript:Warning: Accessed None 'Sphere'
	RolloingControler_C /Engine/Transient.World_7:PersistentLevel.RolloingControler_C_4
	Function /Game/RolloingControler.RolloingControler_C:ExecuteUbergraph_RolloingControler:0212
[2015.12.01-14.10.56:970][720]LogScript:Warning: Accessed None 'Sphere'
	RolloingControler_C /Engine/Transient.World_7:PersistentLevel.RolloingControler_C_4
	Function /Game/RolloingControler.RolloingControler_C:ExecuteUbergraph_RolloingControler:014B
[2015.12.01-14.10.56:992][721]LogScript:Warning: Accessed None 'Sphere'
	RolloingControler_C /Engine/Transient.World_7:PersistentLevel.RolloingControler_C_4
	Function /Game/RolloingControler.RolloingControler_C:ExecuteUbergraph_RolloingControler:0212
[2015.12.01-14.10.56:992][721]LogScript:Warning: Accessed None 'Sphere'
	RolloingControler_C /Engine/Transient.World_7:PersistentLevel.RolloingControler_C_4
	Function /Game/RolloingControler.RolloingControler_C:ExecuteUbergraph_RolloingControler:014B
[2015.12.01-14.10.57:054][722]LogScript:Warning: Accessed None 'Sphere'
	RolloingControler_C /Engine/Transient.World_7:PersistentLevel.RolloingControler_C_4
	Function /Game/RolloingControler.RolloingControler_C:ExecuteUbergraph_RolloingControler:0212
[2015.12.01-14.10.57:054][722]LogScript:Warning: Accessed None 'Sphere'
	RolloingControler_C /Engine/Transient.World_7:PersistentLevel.RolloingControler_C_4
	Function /Game/RolloingControler.RolloingControler_C:ExecuteUbergraph_RolloingControler:014B
[2015.12.01-14.10.57:068][723]LogScript:Warning: Accessed None 'Sphere'
	RolloingControler_C /Engine/Transient.World_7:PersistentLevel.RolloingControler_C_4
	Function /Game/RolloingControler.RolloingControler_C:ExecuteUbergraph_RolloingControler:0212
[2015.12.01-14.10.57:068][723]LogScript:Warning: Accessed None 'Sphere'
	RolloingControler_C /Engine/Transient.World_7:PersistentLevel.RolloingControler_C_4
	Function /Game/RolloingControler.RolloingControler_C:ExecuteUbergraph_RolloingControler:014B
[2015.12.01-14.10.57:080][724]LogScript:Warning: Accessed None 'Sphere'
	RolloingControler_C /Engine/Transient.World_7:PersistentLevel.RolloingControler_C_4
	Function /Game/RolloingControler.RolloingControler_C:ExecuteUbergraph_RolloingControler:0212
[2015.12.01-14.10.57:080][724]LogScript:Warning: Accessed None 'Sphere'
	RolloingControler_C /Engine/Transient.World_7:PersistentLevel.RolloingControler_C_4
	Function /Game/RolloingControler.RolloingControler_C:ExecuteUbergraph_RolloingControler:014B
[2015.12.01-14.10.57:092][725]LogScript:Warning: Accessed None 'Sphere'
	RolloingControler_C /Engine/Transient.World_7:PersistentLevel.RolloingControler_C_4
	Function /Game/RolloingControler.RolloingControler_C:ExecuteUbergraph_RolloingControler:0212
[2015.12.01-14.10.57:092][725]LogScript:Warning: Accessed None 'Sphere'
	RolloingControler_C /Engine/Transient.World_7:PersistentLevel.RolloingControler_C_4
	Function /Game/RolloingControler.RolloingControler_C:ExecuteUbergraph_RolloingControler:014B
[2015.12.01-14.10.57:104][726]LogScript:Warning: Accessed None 'Sphere'
	RolloingControler_C /Engine/Transient.World_7:PersistentLevel.RolloingControler_C_4
	Function /Game/RolloingControler.RolloingControler_C:ExecuteUbergraph_RolloingControler:0212
[2015.12.01-14.10.57:105][726]LogScript:Warning: Accessed None 'Sphere'
	RolloingControler_C /Engine/Transient.World_7:PersistentLevel.RolloingControler_C_4
	Function /Game/RolloingControler.RolloingControler_C:ExecuteUbergraph_RolloingControler:014B
[2015.12.01-14.10.57:117][727]LogScript:Warning: Accessed None 'Sphere'
	RolloingControler_C /Engine/Transient.World_7:PersistentLevel.RolloingControler_C_4
	Function /Game/RolloingControler.RolloingControler_C:ExecuteUbergraph_RolloingControler:0212
[2015.12.01-14.11.41:043][546]LogRenderer: Reallocating scene render targets to support 1208x900 (Frame:13875).
[2015.12.01-14.14.23:568][ 20]LogParticles: Destroying 0 GPU particle simulations for FXSystem 0x0000024CCC3A68E0
[2015.12.01-14.14.23:569][ 20]LogParticles: Destroying 0 GPU particle simulations for FXSystem 0x0000024CCC0B6E80
[2015.12.01-14.14.23:570][ 20]LogParticles: Destroying 0 GPU particle simulations for FXSystem 0x0000024CDACD9E40
[2015.12.01-14.14.23:576][ 20]LogFileHelpers: Editor autosave (incl. sublevels) for '/Game/RollingMap' took 0.032
[2015.12.01-14.14.23:580][ 20]OBJ SavePackage: Generating thumbnails for [1] asset(s) in package [/Game/Ball] ([1] browsable assets)...
[2015.12.01-14.14.23:631][ 20]OBJ SavePackage:     Rendered thumbnail for [Blueprint /Game/Ball.Ball]
[2015.12.01-14.14.23:631][ 20]OBJ SavePackage: Finished generating thumbnails for package [/Game/Ball]
[2015.12.01-14.14.23:631][ 20]Cmd: OBJ SAVEPACKAGE PACKAGE="/Game/Ball" FILE="../../../../../../Irene/GravityBall(Unreal)/Saved/Autosaves/Game/Ball_Auto2.uasset" SILENT=false AUTOSAVING=true
[2015.12.01-14.14.23:670][ 20]LogSavePackage: Save=17.495228ms
[2015.12.01-14.14.23:670][ 20]LogSavePackage: Moving '../../../../../../Irene/GravityBall(Unreal)/Saved/Ball_Auto2A914093B409E6CDF959A7FB86F303C47.tmp' to '../../../../../../Irene/GravityBall(Unreal)/Saved/Autosaves/Game/Ball_Auto2.uasset'
[2015.12.01-14.14.23:671][ 20]LogSavePackage: Total save time: 38.157057ms
[2015.12.01-14.14.23:671][ 20]LogSavePackage:Display: Finished SavePackage ../../../../../../Irene/GravityBall(Unreal)/Saved/Autosaves/Game/Ball_Auto2.uasset
[2015.12.01-14.14.23:671][ 20]LogFileHelpers: Auto-saving content packages took 0.095
[2015.12.01-14.16.34:372][339]Cmd: OBJ SAVEPACKAGE PACKAGE="/Game/Ball" FILE="../../../../../../Irene/GravityBall(Unreal)/Content/Ball.uasset" SILENT=true
[2015.12.01-14.16.34:393][339]LogSavePackage: Save=17.269001ms
[2015.12.01-14.16.34:393][339]LogSavePackage: Moving '../../../../../../Irene/GravityBall(Unreal)/Saved/BallF2A3EC474C78F14F1B0EB5B4AE4F39C8.tmp' to '../../../../../../Irene/GravityBall(Unreal)/Content/Ball.uasset'
[2015.12.01-14.16.34:402][339]LogSavePackage: Total save time: 29.131334ms
[2015.12.01-14.16.34:402][339]LogSavePackage:Display: Finished SavePackage ../../../../../../Irene/GravityBall(Unreal)/Content/Ball.uasset
[2015.12.01-14.16.51:118][ 20]BlueprintLog: New page: Compile Ball
[2015.12.01-14.16.51:353][ 20]BlueprintEditorCompileResults: Info [1889.91] Compile of Ball successful! [in 223 ms]
[2015.12.01-14.16.52:483][108]Cmd: OBJ SAVEPACKAGE PACKAGE="/Game/Ball" FILE="../../../../../../Irene/GravityBall(Unreal)/Content/Ball.uasset" SILENT=true
[2015.12.01-14.16.52:503][108]LogSavePackage: Save=16.545013ms
[2015.12.01-14.16.52:503][108]LogSavePackage: Moving '../../../../../../Irene/GravityBall(Unreal)/Saved/Ball56D72F294C7BA96EB24E2B9ADEEAE7F5.tmp' to '../../../../../../Irene/GravityBall(Unreal)/Content/Ball.uasset'
[2015.12.01-14.16.52:504][108]LogSavePackage: Total save time: 19.616622ms
[2015.12.01-14.16.52:504][108]LogSavePackage:Display: Finished SavePackage ../../../../../../Irene/GravityBall(Unreal)/Content/Ball.uasset
[2015.12.01-14.17.01:558][979]LogPlayLevel: PlayLevel: No blueprints needed recompiling
[2015.12.01-14.17.01:558][979]PIE: New page: PIE session: RollingMap (Dec 2, 2015, 6:17:01 AM)
[2015.12.01-14.17.01:558][979]LogPlayLevel: Creating play world package: /Game/UEDPIE_0_RollingMap
[2015.12.01-14.17.01:560][979]LogPlayLevel: PIE: StaticDuplicateObject took: (0.001595s)
[2015.12.01-14.17.01:561][979]LogAIModule: Creating AISystem for world RollingMap
[2015.12.01-14.17.01:561][979]LogPlayLevel: PIE: World Init took: (0.000691s)
[2015.12.01-14.17.01:561][979]LogPlayLevel: PIE: Created PIE world by copying editor world from /Game/RollingMap.RollingMap to /Game/UEDPIE_0_RollingMap.RollingMap (0.002487s)
[2015.12.01-14.17.01:579][979]LogParticles: Destroying 0 GPU particle simulations for FXSystem 0x0000024CF4F89620
[2015.12.01-14.17.01:615][979]LogInit: XAudio2 using '喇叭 (VIA HD Audio)' : 2 channels at 48 kHz using 32 bits per sample (channel mask 0x3)
[2015.12.01-14.17.01:624][979]LogInit: FAudioDevice initialized.
[2015.12.01-14.17.01:659][979]LogWorld: Game class is 'RolloingGameMode_C'
[2015.12.01-14.17.01:663][979]LogWorld: Bringing World /Game/UEDPIE_0_RollingMap.RollingMap up for play (max tick rate 0) at 2015.12.01-22.17.01
[2015.12.01-14.17.01:663][979]LogActor:Warning: GameSession /Game/UEDPIE_0_RollingMap.RollingMap:PersistentLevel.GameSession_4 has natively added scene component(s), but none of them were set as the actor's RootComponent - picking one arbitrarily
[2015.12.01-14.17.01:664][979]LogActor:Warning: GameNetworkManager /Game/UEDPIE_0_RollingMap.RollingMap:PersistentLevel.GameNetworkManager_6 has natively added scene component(s), but none of them were set as the actor's RootComponent - picking one arbitrarily
[2015.12.01-14.17.01:664][979]LogWorld: Bringing up level for play took: 0.003231
[2015.12.01-14.17.01:665][979]PIE: Info Play in editor start time for /Game/UEDPIE_0_RollingMap -0.174
[2015.12.01-14.17.04:919][267]LogParticles: Destroying 0 GPU particle simulations for FXSystem 0x0000024CBF78A700
[2015.12.01-14.17.06:219][366]LogPlayLevel: PlayLevel: No blueprints needed recompiling
[2015.12.01-14.17.06:219][366]PIE: New page: PIE session: RollingMap (Dec 2, 2015, 6:17:06 AM)
[2015.12.01-14.17.06:219][366]LogPlayLevel: Creating play world package: /Game/UEDPIE_0_RollingMap
[2015.12.01-14.17.06:220][366]LogPlayLevel: PIE: StaticDuplicateObject took: (0.001492s)
[2015.12.01-14.17.06:221][366]LogAIModule: Creating AISystem for world RollingMap
[2015.12.01-14.17.06:221][366]LogPlayLevel: PIE: World Init took: (0.000676s)
[2015.12.01-14.17.06:221][366]LogPlayLevel: PIE: Created PIE world by copying editor world from /Game/RollingMap.RollingMap to /Game/UEDPIE_0_RollingMap.RollingMap (0.002349s)
[2015.12.01-14.17.06:269][366]LogInit: XAudio2 using '喇叭 (VIA HD Audio)' : 2 channels at 48 kHz using 32 bits per sample (channel mask 0x3)
[2015.12.01-14.17.06:279][366]LogInit: FAudioDevice initialized.
[2015.12.01-14.17.06:315][366]LogWorld: Game class is 'RolloingGameMode_C'
[2015.12.01-14.17.06:318][366]LogWorld: Bringing World /Game/UEDPIE_0_RollingMap.RollingMap up for play (max tick rate 0) at 2015.12.01-22.17.06
[2015.12.01-14.17.06:319][366]LogActor:Warning: GameSession /Game/UEDPIE_0_RollingMap.RollingMap:PersistentLevel.GameSession_5 has natively added scene component(s), but none of them were set as the actor's RootComponent - picking one arbitrarily
[2015.12.01-14.17.06:319][366]LogActor:Warning: GameNetworkManager /Game/UEDPIE_0_RollingMap.RollingMap:PersistentLevel.GameNetworkManager_7 has natively added scene component(s), but none of them were set as the actor's RootComponent - picking one arbitrarily
[2015.12.01-14.17.06:319][366]LogWorld: Bringing up level for play took: 0.003076
[2015.12.01-14.17.06:320][366]PIE: Info Play in editor start time for /Game/UEDPIE_0_RollingMap 0.482
[2015.12.01-14.17.08:668][581]LogParticles: Destroying 0 GPU particle simulations for FXSystem 0x0000024C8488C5E0
[2015.12.01-14.17.09:769][663]Cmd: OBJ SAVEPACKAGE PACKAGE="/Game/Ball" FILE="../../../../../../Irene/GravityBall(Unreal)/Content/Ball.uasset" SILENT=true
[2015.12.01-14.17.09:783][663]LogSavePackage: Save=11.270168ms
[2015.12.01-14.17.09:783][663]LogSavePackage: Moving '../../../../../../Irene/GravityBall(Unreal)/Saved/Ball2A4E3D654102B1EBEAC427B7EF5C1984.tmp' to '../../../../../../Irene/GravityBall(Unreal)/Content/Ball.uasset'
[2015.12.01-14.17.09:784][663]LogSavePackage: Total save time: 14.367208ms
[2015.12.01-14.17.09:784][663]LogSavePackage:Display: Finished SavePackage ../../../../../../Irene/GravityBall(Unreal)/Content/Ball.uasset
[2015.12.01-14.17.15:189][225]LogActor:Warning: GameNetworkManager /Engine/Transient.World_11:PersistentLevel.GameNetworkManager_8 has natively added scene component(s), but none of them were set as the actor's RootComponent - picking one arbitrarily
[2015.12.01-14.17.19:277][701]LogParticles: Destroying 0 GPU particle simulations for FXSystem 0x0000024CCBAC19E0
[2015.12.01-14.17.19:277][701]LogParticles: Destroying 0 GPU particle simulations for FXSystem 0x0000024CA6885C60
[2015.12.01-14.17.22:371][701]Cmd: OBJ SAVEPACKAGE PACKAGE="/Game/RollingMap" FILE="../../../../../../Irene/GravityBall(Unreal)/Content/RollingMap.umap" SILENT=true AUTOSAVING=false KEEPDIRTY=false
[2015.12.01-14.17.22:441][701]LogSavePackage: Save=48.090027ms
[2015.12.01-14.17.22:441][701]LogSavePackage: Moving '../../../../../../Irene/GravityBall(Unreal)/Saved/RollingMap030D263749BAC3BAC114F6BEC32A88AC.tmp' to '../../../../../../Irene/GravityBall(Unreal)/Content/RollingMap.umap'
[2015.12.01-14.17.22:444][701]LogSavePackage: Total save time: 54.320056ms
[2015.12.01-14.17.22:444][701]LogSavePackage:Display: Finished SavePackage ../../../../../../Irene/GravityBall(Unreal)/Content/RollingMap.umap
[2015.12.01-14.17.22:490][701]LogFileHelpers: Saving map 'RollingMap' took 0.213
[2015.12.01-14.17.22:499][701]Cmd: MAP LOAD FILE="../../../../../../Irene/GravityBall(Unreal)/Content/RollingMap.umap" TEMPLATE=0 SHOWPROGRESS=1 FEATURELEVEL=3
[2015.12.01-14.17.22:499][701]LightingResults: New page: Lighting Build
[2015.12.01-14.17.22:515][701]LoadErrors: New page: Loading map: RollingMap.umap
[2015.12.01-14.17.22:540][701]MapCheck: New page: Map Check
[2015.12.01-14.17.22:540][701]LightingResults: New page: Lighting Build
[2015.12.01-14.17.22:556][701]LogParticles: Destroying 0 GPU particle simulations for FXSystem 0x0000024C81A6F880
[2015.12.01-14.17.22:557][701]LogParticles: Destroying 0 GPU particle simulations for FXSystem 0x0000024CEB665D00
[2015.12.01-14.17.22:585][701]LogAIModule: Creating AISystem for world RollingMap
[2015.12.01-14.17.22:588][701]LogEditorServer: Finished looking for orphan Actors (0.000 secs)
[2015.12.01-14.17.22:606][701]Cmd: MAP CHECKDEP NOCLEARLOG
[2015.12.01-14.17.22:693][701]MapCheck: Info Map check complete: 0 Error(s), 0 Warning(s), took 86.854ms to complete.
[2015.12.01-14.17.22:693][701]LogFileHelpers: Loading map 'RollingMap' took 0.196
[2015.12.01-14.17.25:921][ 75]Cmd: OBJ SAVEPACKAGE PACKAGE="/Game/RollingMap" FILE="../../../../../../Irene/GravityBall(Unreal)/Content/RollingMap.umap" SILENT=true AUTOSAVING=false KEEPDIRTY=false
[2015.12.01-14.17.25:960][ 75]LogSavePackage: Save=17.568590ms
[2015.12.01-14.17.25:960][ 75]LogSavePackage: Moving '../../../../../../Irene/GravityBall(Unreal)/Saved/RollingMap29EDD5AB407EEAED639E24A602829CE3.tmp' to '../../../../../../Irene/GravityBall(Unreal)/Content/RollingMap.umap'
[2015.12.01-14.17.25:961][ 75]LogSavePackage: Total save time: 21.163389ms
[2015.12.01-14.17.25:961][ 75]LogSavePackage:Display: Finished SavePackage ../../../../../../Irene/GravityBall(Unreal)/Content/RollingMap.umap
[2015.12.01-14.17.28:118][327]LogEditorViewport: Clicking on Actor (LMB): BP_Sky_Sphere_C (Sky Sphere)
[2015.12.01-14.17.29:001][426]LogEditorViewport: Clicking on Actor (LMB): Ball_C (Ball)
[2015.12.01-14.17.32:909][854]LogScript:Warning: Accessed None 'Sphere'
	RolloingControler_C /Engine/Transient.World_12:PersistentLevel.RolloingControler_C_7
	Function /Game/RolloingControler.RolloingControler_C:ExecuteUbergraph_RolloingControler:0212
[2015.12.01-14.17.32:909][854]LogScript:Warning: Accessed None 'Sphere'
	RolloingControler_C /Engine/Transient.World_12:PersistentLevel.RolloingControler_C_7
	Function /Game/RolloingControler.RolloingControler_C:ExecuteUbergraph_RolloingControler:014B
[2015.12.01-14.17.32:995][855]LogScript:Warning: Accessed None 'Sphere'
	RolloingControler_C /Engine/Transient.World_12:PersistentLevel.RolloingControler_C_7
	Function /Game/RolloingControler.RolloingControler_C:ExecuteUbergraph_RolloingControler:0212
[2015.12.01-14.17.32:995][855]LogScript:Warning: Accessed None 'Sphere'
	RolloingControler_C /Engine/Transient.World_12:PersistentLevel.RolloingControler_C_7
	Function /Game/RolloingControler.RolloingControler_C:ExecuteUbergraph_RolloingControler:014B
[2015.12.01-14.17.33:009][856]LogScript:Warning: Accessed None 'Sphere'
	RolloingControler_C /Engine/Transient.World_12:PersistentLevel.RolloingControler_C_7
	Function /Game/RolloingControler.RolloingControler_C:ExecuteUbergraph_RolloingControler:0212
[2015.12.01-14.17.33:009][856]LogScript:Warning: Accessed None 'Sphere'
	RolloingControler_C /Engine/Transient.World_12:PersistentLevel.RolloingControler_C_7
	Function /Game/RolloingControler.RolloingControler_C:ExecuteUbergraph_RolloingControler:014B
[2015.12.01-14.17.33:048][857]LogScript:Warning: Accessed None 'Sphere'
	RolloingControler_C /Engine/Transient.World_12:PersistentLevel.RolloingControler_C_7
	Function /Game/RolloingControler.RolloingControler_C:ExecuteUbergraph_RolloingControler:0212
[2015.12.01-14.17.33:048][857]LogScript:Warning: Accessed None 'Sphere'
	RolloingControler_C /Engine/Transient.World_12:PersistentLevel.RolloingControler_C_7
	Function /Game/RolloingControler.RolloingControler_C:ExecuteUbergraph_RolloingControler:014B
[2015.12.01-14.17.33:061][858]LogScript:Warning: Accessed None 'Sphere'
	RolloingControler_C /Engine/Transient.World_12:PersistentLevel.RolloingControler_C_7
	Function /Game/RolloingControler.RolloingControler_C:ExecuteUbergraph_RolloingControler:0212
[2015.12.01-14.17.33:061][858]LogScript:Warning: Accessed None 'Sphere'
	RolloingControler_C /Engine/Transient.World_12:PersistentLevel.RolloingControler_C_7
	Function /Game/RolloingControler.RolloingControler_C:ExecuteUbergraph_RolloingControler:014B
[2015.12.01-14.17.33:074][859]LogScript:Warning: Accessed None 'Sphere'
	RolloingControler_C /Engine/Transient.World_12:PersistentLevel.RolloingControler_C_7
	Function /Game/RolloingControler.RolloingControler_C:ExecuteUbergraph_RolloingControler:0212
[2015.12.01-14.17.33:074][859]LogScript:Warning: Accessed None 'Sphere'
	RolloingControler_C /Engine/Transient.World_12:PersistentLevel.RolloingControler_C_7
	Function /Game/RolloingControler.RolloingControler_C:ExecuteUbergraph_RolloingControler:014B
[2015.12.01-14.17.33:087][860]LogScript:Warning: Accessed None 'Sphere'
	RolloingControler_C /Engine/Transient.World_12:PersistentLevel.RolloingControler_C_7
	Function /Game/RolloingControler.RolloingControler_C:ExecuteUbergraph_RolloingControler:0212
[2015.12.01-14.17.33:087][860]LogScript:Warning: Accessed None 'Sphere'
	RolloingControler_C /Engine/Transient.World_12:PersistentLevel.RolloingControler_C_7
	Function /Game/RolloingControler.RolloingControler_C:ExecuteUbergraph_RolloingControler:014B
[2015.12.01-14.17.33:100][861]LogScript:Warning: Accessed None 'Sphere'
	RolloingControler_C /Engine/Transient.World_12:PersistentLevel.RolloingControler_C_7
	Function /Game/RolloingControler.RolloingControler_C:ExecuteUbergraph_RolloingControler:0212
[2015.12.01-14.17.33:100][861]LogScript:Warning: Accessed None 'Sphere'
	RolloingControler_C /Engine/Transient.World_12:PersistentLevel.RolloingControler_C_7
	Function /Game/RolloingControler.RolloingControler_C:ExecuteUbergraph_RolloingControler:014B
[2015.12.01-14.17.33:113][862]LogScript:Warning: Accessed None 'Sphere'
	RolloingControler_C /Engine/Transient.World_12:PersistentLevel.RolloingControler_C_7
	Function /Game/RolloingControler.RolloingControler_C:ExecuteUbergraph_RolloingControler:0212
[2015.12.01-14.19.43:083][326]BlueprintLog: New page: Compile Ball
[2015.12.01-14.19.43:157][326]LogParticles: Destroying 0 GPU particle simulations for FXSystem 0x0000024C99F60720
[2015.12.01-14.19.43:164][326]BlueprintEditorCompileResults: Info [2061.73] Compile of Ball successful! [in 80 ms]
[2015.12.01-14.19.44:583][440]Cmd: OBJ SAVEPACKAGE PACKAGE="/Game/Ball" FILE="../../../../../../Irene/GravityBall(Unreal)/Content/Ball.uasset" SILENT=true
[2015.12.01-14.19.44:604][440]LogSavePackage: Save=16.645267ms
[2015.12.01-14.19.44:604][440]LogSavePackage: Moving '../../../../../../Irene/GravityBall(Unreal)/Saved/Ball367D2ECF486D4FCB05C54BA947A99794.tmp' to '../../../../../../Irene/GravityBall(Unreal)/Content/Ball.uasset'
[2015.12.01-14.19.44:607][440]LogSavePackage: Total save time: 22.176445ms
[2015.12.01-14.19.44:607][440]LogSavePackage:Display: Finished SavePackage ../../../../../../Irene/GravityBall(Unreal)/Content/Ball.uasset
[2015.12.01-14.19.56:079][554]LogActor:Warning: GameNetworkManager /Engine/Transient.World_14:PersistentLevel.GameNetworkManager_9 has natively added scene component(s), but none of them were set as the actor's RootComponent - picking one arbitrarily
[2015.12.01-14.19.58:844][881]LogSlate:Warning: Prevented a slow task dialog from being summoned while a context menu was open
[2015.12.01-14.20.11:150][325]BlueprintLog: New page: Compile RolloingGameMode
[2015.12.01-14.20.11:244][325]BlueprintEditorCompileResults: Info [2089.81] Compile of RolloingGameMode successful! [in 93 ms]
[2015.12.01-14.20.11:986][408]Cmd: OBJ SAVEPACKAGE PACKAGE="/Game/RolloingGameMode" FILE="../../../../../../Irene/GravityBall(Unreal)/Content/RolloingGameMode.uasset" SILENT=true
[2015.12.01-14.20.12:014][408]LogSavePackage: Save=8.484705ms
[2015.12.01-14.20.12:014][408]LogSavePackage: Moving '../../../../../../Irene/GravityBall(Unreal)/Saved/RolloingGameMode349AF58F430EA933672C249E85E553CB.tmp' to '../../../../../../Irene/GravityBall(Unreal)/Content/RolloingGameMode.uasset'
[2015.12.01-14.20.12:026][408]LogSavePackage: Total save time: 37.948661ms
[2015.12.01-14.20.12:026][408]LogSavePackage:Display: Finished SavePackage ../../../../../../Irene/GravityBall(Unreal)/Content/RolloingGameMode.uasset
[2015.12.01-14.20.39:645][654]LogPlayLevel: PlayLevel: No blueprints needed recompiling
[2015.12.01-14.20.39:645][654]PIE: New page: PIE session: RollingMap (Dec 2, 2015, 6:20:39 AM)
[2015.12.01-14.20.39:645][654]LogPlayLevel: Creating play world package: /Game/UEDPIE_0_RollingMap
[2015.12.01-14.20.39:647][654]LogPlayLevel: PIE: StaticDuplicateObject took: (0.001593s)
[2015.12.01-14.20.39:647][654]LogAIModule: Creating AISystem for world RollingMap
[2015.12.01-14.20.39:647][654]LogPlayLevel: PIE: World Init took: (0.000696s)
[2015.12.01-14.20.39:647][654]LogPlayLevel: PIE: Created PIE world by copying editor world from /Game/RollingMap.RollingMap to /Game/UEDPIE_0_RollingMap.RollingMap (0.002462s)
[2015.12.01-14.20.39:701][654]LogInit: XAudio2 using '喇叭 (VIA HD Audio)' : 2 channels at 48 kHz using 32 bits per sample (channel mask 0x3)
[2015.12.01-14.20.39:710][654]LogInit: FAudioDevice initialized.
[2015.12.01-14.20.39:746][654]LogWorld: Game class is 'RolloingGameMode_C'
[2015.12.01-14.20.39:750][654]LogWorld: Bringing World /Game/UEDPIE_0_RollingMap.RollingMap up for play (max tick rate 0) at 2015.12.01-22.20.39
[2015.12.01-14.20.39:750][654]LogActor:Warning: GameSession /Game/UEDPIE_0_RollingMap.RollingMap:PersistentLevel.GameSession_6 has natively added scene component(s), but none of them were set as the actor's RootComponent - picking one arbitrarily
[2015.12.01-14.20.39:750][654]LogActor:Warning: GameNetworkManager /Game/UEDPIE_0_RollingMap.RollingMap:PersistentLevel.GameNetworkManager_10 has natively added scene component(s), but none of them were set as the actor's RootComponent - picking one arbitrarily
[2015.12.01-14.20.39:750][654]LogWorld: Bringing up level for play took: 0.003419
[2015.12.01-14.20.39:752][654]PIE: Info Play in editor start time for /Game/UEDPIE_0_RollingMap -0.087
[2015.12.01-14.20.51:604][ 63]LogParticles: Destroying 0 GPU particle simulations for FXSystem 0x0000024CEB665440
[2015.12.01-14.21.17:767][171]LogEditorViewport: Clicking on Component (LMB): StaticMeshComponent (Sphere)
[2015.12.01-14.21.28:166][357]LogEditorViewport: Clicking on Actor (LMB): Ball_C (Ball)
[2015.12.01-14.21.30:216][587]Cmd: DELETE
[2015.12.01-14.21.30:216][587]Cmd: ACTOR DELETE
[2015.12.01-14.21.30:283][587]LogEditorActor: Deleted Actor: Ball_C
[2015.12.01-14.21.30:337][587]LogEditorActor: Deleted 1 Actors (0.055 secs)
[2015.12.01-14.21.31:426][718]LogEditorViewport: Clicking on Actor (LMB): Ball_C (Ball2)
[2015.12.01-14.21.39:353][575]LogEditorViewport: Clicking on Actor (LMB): StaticMeshActor (Floor)
[2015.12.01-14.21.48:661][604]LogEditorViewport: Clicking on Actor (LMB): Ball_C (Ball2)
[2015.12.01-14.22.01:778][154]LogPlayLevel: PlayLevel: No blueprints needed recompiling
[2015.12.01-14.22.01:778][154]PIE: New page: PIE session: RollingMap (Dec 2, 2015, 6:22:01 AM)
[2015.12.01-14.22.01:778][154]LogPlayLevel: Creating play world package: /Game/UEDPIE_0_RollingMap
[2015.12.01-14.22.01:780][154]LogPlayLevel: PIE: StaticDuplicateObject took: (0.001702s)
[2015.12.01-14.22.01:781][154]LogAIModule: Creating AISystem for world RollingMap
[2015.12.01-14.22.01:781][154]LogPlayLevel: PIE: World Init took: (0.000872s)
[2015.12.01-14.22.01:781][154]LogPlayLevel: PIE: Created PIE world by copying editor world from /Game/RollingMap.RollingMap to /Game/UEDPIE_0_RollingMap.RollingMap (0.002728s)
[2015.12.01-14.22.01:831][154]LogInit: XAudio2 using '喇叭 (VIA HD Audio)' : 2 channels at 48 kHz using 32 bits per sample (channel mask 0x3)
[2015.12.01-14.22.01:840][154]LogInit: FAudioDevice initialized.
[2015.12.01-14.22.01:875][154]LogWorld: Game class is 'RolloingGameMode_C'
[2015.12.01-14.22.01:879][154]LogWorld: Bringing World /Game/UEDPIE_0_RollingMap.RollingMap up for play (max tick rate 0) at 2015.12.01-22.22.01
[2015.12.01-14.22.01:879][154]LogActor:Warning: GameSession /Game/UEDPIE_0_RollingMap.RollingMap:PersistentLevel.GameSession_7 has natively added scene component(s), but none of them were set as the actor's RootComponent - picking one arbitrarily
[2015.12.01-14.22.01:879][154]LogActor:Warning: GameNetworkManager /Game/UEDPIE_0_RollingMap.RollingMap:PersistentLevel.GameNetworkManager_11 has natively added scene component(s), but none of them were set as the actor's RootComponent - picking one arbitrarily
[2015.12.01-14.22.01:895][154]LogWorld: Bringing up level for play took: 0.018493
[2015.12.01-14.22.01:953][154]PIE: Info Play in editor start time for /Game/UEDPIE_0_RollingMap 0.114
[2015.12.01-14.22.04:673][467]LogParticles: Destroying 0 GPU particle simulations for FXSystem 0x0000024CBC18F420
[2015.12.01-14.22.07:369][775]Cmd: OBJ SAVEPACKAGE PACKAGE="/Game/RollingMap" FILE="../../../../../../Irene/GravityBall(Unreal)/Content/RollingMap.umap" SILENT=true AUTOSAVING=false KEEPDIRTY=false
[2015.12.01-14.22.07:408][775]LogSavePackage: Save=17.060310ms
[2015.12.01-14.22.07:408][775]LogSavePackage: Moving '../../../../../../Irene/GravityBall(Unreal)/Saved/RollingMapB343FDEE4A0487E09F739781AE8A8011.tmp' to '../../../../../../Irene/GravityBall(Unreal)/Content/RollingMap.umap'
[2015.12.01-14.22.07:411][775]LogSavePackage: Total save time: 22.014227ms
[2015.12.01-14.22.07:411][775]LogSavePackage:Display: Finished SavePackage ../../../../../../Irene/GravityBall(Unreal)/Content/RollingMap.umap
[2015.12.01-14.22.09:337][  1]LogPlayLevel: PlayLevel: No blueprints needed recompiling
[2015.12.01-14.22.09:337][  1]PIE: New page: PIE session: RollingMap (Dec 2, 2015, 6:22:09 AM)
[2015.12.01-14.22.09:337][  1]LogPlayLevel: Creating play world package: /Game/UEDPIE_0_RollingMap
[2015.12.01-14.22.09:339][  1]LogPlayLevel: PIE: StaticDuplicateObject took: (0.001701s)
[2015.12.01-14.22.09:339][  1]LogAIModule: Creating AISystem for world RollingMap
[2015.12.01-14.22.09:339][  1]LogPlayLevel: PIE: World Init took: (0.000774s)
[2015.12.01-14.22.09:340][  1]LogPlayLevel: PIE: Created PIE world by copying editor world from /Game/RollingMap.RollingMap to /Game/UEDPIE_0_RollingMap.RollingMap (0.002654s)
[2015.12.01-14.22.09:356][  1]LogParticles: Destroying 0 GPU particle simulations for FXSystem 0x0000024C806579C0
[2015.12.01-14.22.09:357][  1]LogParticles: Destroying 0 GPU particle simulations for FXSystem 0x0000024CFFD78220
[2015.12.01-14.22.09:395][  1]LogInit: XAudio2 using '喇叭 (VIA HD Audio)' : 2 channels at 48 kHz using 32 bits per sample (channel mask 0x3)
[2015.12.01-14.22.09:404][  1]LogInit: FAudioDevice initialized.
[2015.12.01-14.22.09:437][  1]LogWorld: Game class is 'RolloingGameMode_C'
[2015.12.01-14.22.09:441][  1]LogWorld: Bringing World /Game/UEDPIE_0_RollingMap.RollingMap up for play (max tick rate 0) at 2015.12.01-22.22.09
[2015.12.01-14.22.09:441][  1]LogActor:Warning: GameSession /Game/UEDPIE_0_RollingMap.RollingMap:PersistentLevel.GameSession_8 has natively added scene component(s), but none of them were set as the actor's RootComponent - picking one arbitrarily
[2015.12.01-14.22.09:442][  1]LogActor:Warning: GameNetworkManager /Game/UEDPIE_0_RollingMap.RollingMap:PersistentLevel.GameNetworkManager_12 has natively added scene component(s), but none of them were set as the actor's RootComponent - picking one arbitrarily
[2015.12.01-14.22.09:442][  1]LogWorld: Bringing up level for play took: 0.003495
[2015.12.01-14.22.09:444][  1]PIE: Info Play in editor start time for /Game/UEDPIE_0_RollingMap -0.395
[2015.12.01-14.22.18:918][126]LogParticles: Destroying 0 GPU particle simulations for FXSystem 0x0000024C895EAF20
[2015.12.01-14.22.31:115][552]LogEditorViewport: Clicking on Actor (LMB): StaticMeshActor (Floor)
[2015.12.01-14.22.32:185][668]LogEditorViewport: Clicking on Actor (LMB): Ball_C (Ball2)
[2015.12.01-14.22.34:634][951]LogEditorViewport: Clicking on Actor (LMB): StaticMeshActor (Floor)
[2015.12.01-14.22.36:152][120]LogEditorViewport: Clicking on Actor (LMB): Ball_C (Ball2)
[2015.12.01-14.22.43:620][  3]LogPlayLevel: PlayLevel: No blueprints needed recompiling
[2015.12.01-14.22.43:620][  3]PIE: New page: PIE session: RollingMap (Dec 2, 2015, 6:22:43 AM)
[2015.12.01-14.22.43:620][  3]LogPlayLevel: Creating play world package: /Game/UEDPIE_0_RollingMap
[2015.12.01-14.22.43:622][  3]LogPlayLevel: PIE: StaticDuplicateObject took: (0.001712s)
[2015.12.01-14.22.43:622][  3]LogAIModule: Creating AISystem for world RollingMap
[2015.12.01-14.22.43:623][  3]LogPlayLevel: PIE: World Init took: (0.000771s)
[2015.12.01-14.22.43:623][  3]LogPlayLevel: PIE: Created PIE world by copying editor world from /Game/RollingMap.RollingMap to /Game/UEDPIE_0_RollingMap.RollingMap (0.002656s)
[2015.12.01-14.22.43:676][  3]LogInit: XAudio2 using '喇叭 (VIA HD Audio)' : 2 channels at 48 kHz using 32 bits per sample (channel mask 0x3)
[2015.12.01-14.22.43:686][  3]LogInit: FAudioDevice initialized.
[2015.12.01-14.22.43:720][  3]LogWorld: Game class is 'RolloingGameMode_C'
[2015.12.01-14.22.43:723][  3]LogWorld: Bringing World /Game/UEDPIE_0_RollingMap.RollingMap up for play (max tick rate 0) at 2015.12.01-22.22.43
[2015.12.01-14.22.43:723][  3]LogActor:Warning: GameSession /Game/UEDPIE_0_RollingMap.RollingMap:PersistentLevel.GameSession_9 has natively added scene component(s), but none of them were set as the actor's RootComponent - picking one arbitrarily
[2015.12.01-14.22.43:724][  3]LogActor:Warning: GameNetworkManager /Game/UEDPIE_0_RollingMap.RollingMap:PersistentLevel.GameNetworkManager_13 has natively added scene component(s), but none of them were set as the actor's RootComponent - picking one arbitrarily
[2015.12.01-14.22.43:724][  3]LogWorld: Bringing up level for play took: 0.003433
[2015.12.01-14.22.43:726][  3]PIE: Info Play in editor start time for /Game/UEDPIE_0_RollingMap -0.113
[2015.12.01-14.22.54:767][314]LogParticles: Destroying 0 GPU particle simulations for FXSystem 0x0000024C8280B6A0
[2015.12.01-14.23.21:345][400]Cmd: DELETE
[2015.12.01-14.23.21:345][400]Cmd: ACTOR DELETE
[2015.12.01-14.23.21:346][400]LogEditorActor: Deleted Actor: Ball_C
[2015.12.01-14.23.21:388][400]LogEditorActor: Deleted 1 Actors (0.042 secs)
[2015.12.01-14.23.25:204][857]LogPlayLevel: PlayLevel: No blueprints needed recompiling
[2015.12.01-14.23.25:204][857]PIE: New page: PIE session: RollingMap (Dec 2, 2015, 6:23:25 AM)
[2015.12.01-14.23.25:204][857]LogPlayLevel: Creating play world package: /Game/UEDPIE_0_RollingMap
[2015.12.01-14.23.25:206][857]LogPlayLevel: PIE: StaticDuplicateObject took: (0.001511s)
[2015.12.01-14.23.25:206][857]LogAIModule: Creating AISystem for world RollingMap
[2015.12.01-14.23.25:206][857]LogPlayLevel: PIE: World Init took: (0.000773s)
[2015.12.01-14.23.25:207][857]LogPlayLevel: PIE: Created PIE world by copying editor world from /Game/RollingMap.RollingMap to /Game/UEDPIE_0_RollingMap.RollingMap (0.002456s)
[2015.12.01-14.23.25:230][857]LogInit: XAudio2 using '喇叭 (VIA HD Audio)' : 2 channels at 48 kHz using 32 bits per sample (channel mask 0x3)
[2015.12.01-14.23.25:239][857]LogInit: FAudioDevice initialized.
[2015.12.01-14.23.25:269][857]LogWorld: Game class is 'RolloingGameMode_C'
[2015.12.01-14.23.25:272][857]LogWorld: Bringing World /Game/UEDPIE_0_RollingMap.RollingMap up for play (max tick rate 0) at 2015.12.01-22.23.25
[2015.12.01-14.23.25:272][857]LogActor:Warning: GameSession /Game/UEDPIE_0_RollingMap.RollingMap:PersistentLevel.GameSession_10 has natively added scene component(s), but none of them were set as the actor's RootComponent - picking one arbitrarily
[2015.12.01-14.23.25:273][857]LogActor:Warning: GameNetworkManager /Game/UEDPIE_0_RollingMap.RollingMap:PersistentLevel.GameNetworkManager_14 has natively added scene component(s), but none of them were set as the actor's RootComponent - picking one arbitrarily
[2015.12.01-14.23.25:273][857]LogWorld: Bringing up level for play took: 0.002800
[2015.12.01-14.23.25:275][857]PIE: Info Play in editor start time for /Game/UEDPIE_0_RollingMap -0.564
[2015.12.01-14.23.27:667][137]LogParticles: Destroying 0 GPU particle simulations for FXSystem 0x0000024CBC7FE980
[2015.12.01-14.23.28:528][239]Cmd: TRANSACTION UNDO
[2015.12.01-14.23.28:528][239]LogEditorTransaction: Undo Delete Actors
[2015.12.01-14.23.30:309][414]LogPlayLevel: PlayLevel: No blueprints needed recompiling
[2015.12.01-14.23.30:309][414]PIE: New page: PIE session: RollingMap (Dec 2, 2015, 6:23:30 AM)
[2015.12.01-14.23.30:309][414]LogPlayLevel: Creating play world package: /Game/UEDPIE_0_RollingMap
[2015.12.01-14.23.30:311][414]LogPlayLevel: PIE: StaticDuplicateObject took: (0.001643s)
[2015.12.01-14.23.30:311][414]LogAIModule: Creating AISystem for world RollingMap
[2015.12.01-14.23.30:311][414]LogPlayLevel: PIE: World Init took: (0.000696s)
[2015.12.01-14.23.30:311][414]LogPlayLevel: PIE: Created PIE world by copying editor world from /Game/RollingMap.RollingMap to /Game/UEDPIE_0_RollingMap.RollingMap (0.002515s)
[2015.12.01-14.23.30:358][414]LogInit: XAudio2 using '喇叭 (VIA HD Audio)' : 2 channels at 48 kHz using 32 bits per sample (channel mask 0x3)
[2015.12.01-14.23.30:367][414]LogInit: FAudioDevice initialized.
[2015.12.01-14.23.30:403][414]LogWorld: Game class is 'RolloingGameMode_C'
[2015.12.01-14.23.30:406][414]LogWorld: Bringing World /Game/UEDPIE_0_RollingMap.RollingMap up for play (max tick rate 0) at 2015.12.01-22.23.30
[2015.12.01-14.23.30:406][414]LogActor:Warning: GameSession /Game/UEDPIE_0_RollingMap.RollingMap:PersistentLevel.GameSession_11 has natively added scene component(s), but none of them were set as the actor's RootComponent - picking one arbitrarily
[2015.12.01-14.23.30:407][414]LogActor:Warning: GameNetworkManager /Game/UEDPIE_0_RollingMap.RollingMap:PersistentLevel.GameNetworkManager_15 has natively added scene component(s), but none of them were set as the actor's RootComponent - picking one arbitrarily
[2015.12.01-14.23.30:407][414]LogWorld: Bringing up level for play took: 0.003621
[2015.12.01-14.23.30:409][414]PIE: Info Play in editor start time for /Game/UEDPIE_0_RollingMap 0.57
[2015.12.01-14.23.31:606][543]LogParticles: Destroying 0 GPU particle simulations for FXSystem 0x0000024CAC1BC860
[2015.12.01-14.23.33:766][789]LogEditorViewport: Clicking on Actor (LMB): StaticMeshActor (Floor)
[2015.12.01-14.23.35:707][979]LogActor:Warning: GameNetworkManager /Engine/Transient.World_15:PersistentLevel.GameNetworkManager_16 has natively added scene component(s), but none of them were set as the actor's RootComponent - picking one arbitrarily
[2015.12.01-14.23.38:185][272]LogSlate:Warning: Prevented a slow task dialog from being summoned while a context menu was open
[2015.12.01-14.23.45:328][117]BlueprintLog: New page: Compile RolloingGameMode
[2015.12.01-14.23.45:382][117]BlueprintEditorCompileResults: Info [2303.95] Compile of RolloingGameMode successful! [in 53 ms]
[2015.12.01-14.23.46:452][241]Cmd: OBJ SAVEPACKAGE PACKAGE="/Game/RolloingGameMode" FILE="../../../../../../Irene/GravityBall(Unreal)/Content/RolloingGameMode.uasset" SILENT=true
[2015.12.01-14.23.46:464][241]LogSavePackage: Save=8.117888ms
[2015.12.01-14.23.46:464][241]LogSavePackage: Moving '../../../../../../Irene/GravityBall(Unreal)/Saved/RolloingGameModeC9FBC9E240EA21C41AFA8CB540E47970.tmp' to '../../../../../../Irene/GravityBall(Unreal)/Content/RolloingGameMode.uasset'
[2015.12.01-14.23.46:466][241]LogSavePackage: Total save time: 12.879480ms
[2015.12.01-14.23.46:466][241]LogSavePackage:Display: Finished SavePackage ../../../../../../Irene/GravityBall(Unreal)/Content/RolloingGameMode.uasset
[2015.12.01-14.23.49:121][523]LogScript:Warning: Accessed None 'Sphere'
	RolloingControler_C /Engine/Transient.World_16:PersistentLevel.RolloingControler_C_14
	Function /Game/RolloingControler.RolloingControler_C:ExecuteUbergraph_RolloingControler:0212
[2015.12.01-14.23.49:121][523]LogScript:Warning: Accessed None 'Sphere'
	RolloingControler_C /Engine/Transient.World_16:PersistentLevel.RolloingControler_C_14
	Function /Game/RolloingControler.RolloingControler_C:ExecuteUbergraph_RolloingControler:014B
[2015.12.01-14.23.49:165][524]LogScript:Warning: Accessed None 'Sphere'
	RolloingControler_C /Engine/Transient.World_16:PersistentLevel.RolloingControler_C_14
	Function /Game/RolloingControler.RolloingControler_C:ExecuteUbergraph_RolloingControler:0212
[2015.12.01-14.23.49:165][524]LogScript:Warning: Accessed None 'Sphere'
	RolloingControler_C /Engine/Transient.World_16:PersistentLevel.RolloingControler_C_14
	Function /Game/RolloingControler.RolloingControler_C:ExecuteUbergraph_RolloingControler:014B
[2015.12.01-14.23.49:183][525]LogScript:Warning: Accessed None 'Sphere'
	RolloingControler_C /Engine/Transient.World_16:PersistentLevel.RolloingControler_C_14
	Function /Game/RolloingControler.RolloingControler_C:ExecuteUbergraph_RolloingControler:0212
[2015.12.01-14.23.49:183][525]LogScript:Warning: Accessed None 'Sphere'
	RolloingControler_C /Engine/Transient.World_16:PersistentLevel.RolloingControler_C_14
	Function /Game/RolloingControler.RolloingControler_C:ExecuteUbergraph_RolloingControler:014B
[2015.12.01-14.23.49:219][526]LogScript:Warning: Accessed None 'Sphere'
	RolloingControler_C /Engine/Transient.World_16:PersistentLevel.RolloingControler_C_14
	Function /Game/RolloingControler.RolloingControler_C:ExecuteUbergraph_RolloingControler:0212
[2015.12.01-14.23.49:219][526]LogScript:Warning: Accessed None 'Sphere'
	RolloingControler_C /Engine/Transient.World_16:PersistentLevel.RolloingControler_C_14
	Function /Game/RolloingControler.RolloingControler_C:ExecuteUbergraph_RolloingControler:014B
[2015.12.01-14.23.49:229][527]LogScript:Warning: Accessed None 'Sphere'
	RolloingControler_C /Engine/Transient.World_16:PersistentLevel.RolloingControler_C_14
	Function /Game/RolloingControler.RolloingControler_C:ExecuteUbergraph_RolloingControler:0212
[2015.12.01-14.23.49:229][527]LogScript:Warning: Accessed None 'Sphere'
	RolloingControler_C /Engine/Transient.World_16:PersistentLevel.RolloingControler_C_14
	Function /Game/RolloingControler.RolloingControler_C:ExecuteUbergraph_RolloingControler:014B
[2015.12.01-14.23.49:240][528]LogScript:Warning: Accessed None 'Sphere'
	RolloingControler_C /Engine/Transient.World_16:PersistentLevel.RolloingControler_C_14
	Function /Game/RolloingControler.RolloingControler_C:ExecuteUbergraph_RolloingControler:0212
[2015.12.01-14.23.49:240][528]LogScript:Warning: Accessed None 'Sphere'
	RolloingControler_C /Engine/Transient.World_16:PersistentLevel.RolloingControler_C_14
	Function /Game/RolloingControler.RolloingControler_C:ExecuteUbergraph_RolloingControler:014B
[2015.12.01-14.23.49:250][529]LogScript:Warning: Accessed None 'Sphere'
	RolloingControler_C /Engine/Transient.World_16:PersistentLevel.RolloingControler_C_14
	Function /Game/RolloingControler.RolloingControler_C:ExecuteUbergraph_RolloingControler:0212
[2015.12.01-14.23.49:250][529]LogScript:Warning: Accessed None 'Sphere'
	RolloingControler_C /Engine/Transient.World_16:PersistentLevel.RolloingControler_C_14
	Function /Game/RolloingControler.RolloingControler_C:ExecuteUbergraph_RolloingControler:014B
[2015.12.01-14.23.49:260][530]LogScript:Warning: Accessed None 'Sphere'
	RolloingControler_C /Engine/Transient.World_16:PersistentLevel.RolloingControler_C_14
	Function /Game/RolloingControler.RolloingControler_C:ExecuteUbergraph_RolloingControler:0212
[2015.12.01-14.23.49:260][530]LogScript:Warning: Accessed None 'Sphere'
	RolloingControler_C /Engine/Transient.World_16:PersistentLevel.RolloingControler_C_14
	Function /Game/RolloingControler.RolloingControler_C:ExecuteUbergraph_RolloingControler:014B
[2015.12.01-14.23.49:270][531]LogScript:Warning: Accessed None 'Sphere'
	RolloingControler_C /Engine/Transient.World_16:PersistentLevel.RolloingControler_C_14
	Function /Game/RolloingControler.RolloingControler_C:ExecuteUbergraph_RolloingControler:0212
[2015.12.01-14.24.09:679][736]LogEditorActor: Deleted Actor: BP_Sky_Sphere_C
[2015.12.01-14.24.09:697][736]LogParticles: Destroying 0 GPU particle simulations for FXSystem 0x0000024CA5925620
[2015.12.01-14.24.09:700][736]LogEditorActor: Deleted 1 Actors (0.020 secs)
[2015.12.01-14.24.12:540][ 76]LogPlayLevel: PlayLevel: No blueprints needed recompiling
[2015.12.01-14.24.12:540][ 76]PIE: New page: PIE session: RollingMap (Dec 2, 2015, 6:24:12 AM)
[2015.12.01-14.24.12:540][ 76]LogPlayLevel: Creating play world package: /Game/UEDPIE_0_RollingMap
[2015.12.01-14.24.12:542][ 76]LogPlayLevel: PIE: StaticDuplicateObject took: (0.001431s)
[2015.12.01-14.24.12:542][ 76]LogAIModule: Creating AISystem for world RollingMap
[2015.12.01-14.24.12:542][ 76]LogPlayLevel: PIE: World Init took: (0.000615s)
[2015.12.01-14.24.12:542][ 76]LogPlayLevel: PIE: Created PIE world by copying editor world from /Game/RollingMap.RollingMap to /Game/UEDPIE_0_RollingMap.RollingMap (0.002220s)
[2015.12.01-14.24.12:567][ 76]LogInit: XAudio2 using '喇叭 (VIA HD Audio)' : 2 channels at 48 kHz using 32 bits per sample (channel mask 0x3)
[2015.12.01-14.24.12:576][ 76]LogInit: FAudioDevice initialized.
[2015.12.01-14.24.12:608][ 76]LogWorld: Game class is 'RolloingGameMode_C'
[2015.12.01-14.24.12:612][ 76]LogWorld: Bringing World /Game/UEDPIE_0_RollingMap.RollingMap up for play (max tick rate 0) at 2015.12.01-22.24.12
[2015.12.01-14.24.12:612][ 76]LogActor:Warning: GameSession /Game/UEDPIE_0_RollingMap.RollingMap:PersistentLevel.GameSession_12 has natively added scene component(s), but none of them were set as the actor's RootComponent - picking one arbitrarily
[2015.12.01-14.24.12:612][ 76]LogActor:Warning: GameNetworkManager /Game/UEDPIE_0_RollingMap.RollingMap:PersistentLevel.GameNetworkManager_17 has natively added scene component(s), but none of them were set as the actor's RootComponent - picking one arbitrarily
[2015.12.01-14.24.12:613][ 76]LogWorld: Bringing up level for play took: 0.003368
[2015.12.01-14.24.12:614][ 76]PIE: Info Play in editor start time for /Game/UEDPIE_0_RollingMap 0.776
[2015.12.01-14.24.14:951][346]LogParticles: Destroying 0 GPU particle simulations for FXSystem 0x0000024CCC2CDD00
[2015.12.01-14.24.15:855][454]Cmd: TRANSACTION UNDO
[2015.12.01-14.24.15:855][454]LogEditorTransaction: Undo Delete selection
[2015.12.01-14.26.31:717][777]LogPlayLevel: PlayLevel: No blueprints needed recompiling
[2015.12.01-14.26.31:717][777]PIE: New page: PIE session: RollingMap (Dec 2, 2015, 6:26:31 AM)
[2015.12.01-14.26.31:718][777]LogPlayLevel: Creating play world package: /Game/UEDPIE_0_RollingMap
[2015.12.01-14.26.31:719][777]LogPlayLevel: PIE: StaticDuplicateObject took: (0.001622s)
[2015.12.01-14.26.31:720][777]LogAIModule: Creating AISystem for world RollingMap
[2015.12.01-14.26.31:720][777]LogPlayLevel: PIE: World Init took: (0.000690s)
[2015.12.01-14.26.31:720][777]LogPlayLevel: PIE: Created PIE world by copying editor world from /Game/RollingMap.RollingMap to /Game/UEDPIE_0_RollingMap.RollingMap (0.002521s)
[2015.12.01-14.26.31:747][777]LogInit: XAudio2 using '喇叭 (VIA HD Audio)' : 2 channels at 48 kHz using 32 bits per sample (channel mask 0x3)
[2015.12.01-14.26.31:756][777]LogInit: FAudioDevice initialized.
[2015.12.01-14.26.31:788][777]LogWorld: Game class is 'RolloingGameMode_C'
[2015.12.01-14.26.31:792][777]LogWorld: Bringing World /Game/UEDPIE_0_RollingMap.RollingMap up for play (max tick rate 0) at 2015.12.01-22.26.31
[2015.12.01-14.26.31:792][777]LogActor:Warning: GameSession /Game/UEDPIE_0_RollingMap.RollingMap:PersistentLevel.GameSession_13 has natively added scene component(s), but none of them were set as the actor's RootComponent - picking one arbitrarily
[2015.12.01-14.26.31:792][777]LogActor:Warning: GameNetworkManager /Game/UEDPIE_0_RollingMap.RollingMap:PersistentLevel.GameNetworkManager_18 has natively added scene component(s), but none of them were set as the actor's RootComponent - picking one arbitrarily
[2015.12.01-14.26.31:793][777]LogWorld: Bringing up level for play took: 0.003471
[2015.12.01-14.26.31:794][777]PIE: Info Play in editor start time for /Game/UEDPIE_0_RollingMap -0.044
[2015.12.01-14.26.44:357][265]LogParticles: Destroying 0 GPU particle simulations for FXSystem 0x0000024CE6E69760
[2015.12.01-14.26.45:803][431]Cmd: OBJ SAVEPACKAGE PACKAGE="/Game/RollingMap" FILE="../../../../../../Irene/GravityBall(Unreal)/Content/RollingMap.umap" SILENT=true AUTOSAVING=false KEEPDIRTY=false
[2015.12.01-14.26.45:843][431]LogSavePackage: Save=17.225742ms
[2015.12.01-14.26.45:843][431]LogSavePackage: Moving '../../../../../../Irene/GravityBall(Unreal)/Saved/RollingMap5DCA424C4A6FAFEFDE8E2F989B03C5B9.tmp' to '../../../../../../Irene/GravityBall(Unreal)/Content/RollingMap.umap'
[2015.12.01-14.26.45:846][431]LogSavePackage: Total save time: 24.072781ms
[2015.12.01-14.26.45:846][431]LogSavePackage:Display: Finished SavePackage ../../../../../../Irene/GravityBall(Unreal)/Content/RollingMap.umap
[2015.12.01-14.27.17:523][ 69]LogParticles: Destroying 0 GPU particle simulations for FXSystem 0x0000024CAC0EB7E0
[2015.12.01-14.27.17:815][ 70]Cmd: QUIT_EDITOR
[2015.12.01-14.27.18:861][ 70]LogWindowsTextInputMethodSystem:Display: IME system now activated using TSF (微軟注音).
[2015.12.01-14.27.18:914][ 70]LogExit: Preparing to exit.
[2015.12.01-14.27.19:716][ 70]LogExit: Editor shut down
[2015.12.01-14.27.19:717][ 70]LogExit: Transaction tracking system shut down
[2015.12.01-14.27.19:719][ 70]LogParticles: Destroying 0 GPU particle simulations for FXSystem 0x0000024C9A0DE840
[2015.12.01-14.27.19:719][ 70]LogParticles: Destroying 0 GPU particle simulations for FXSystem 0x0000024C99E9F1A0
[2015.12.01-14.27.19:719][ 70]LogParticles: Destroying 0 GPU particle simulations for FXSystem 0x0000024CA1BF85E0
[2015.12.01-14.27.19:719][ 70]LogParticles: Destroying 0 GPU particle simulations for FXSystem 0x0000024CB0437E20
[2015.12.01-14.27.19:722][ 70]LogParticles: Destroying 0 GPU particle simulations for FXSystem 0x0000024C9A1E0680
[2015.12.01-14.27.20:282][ 70]LogExit: Object subsystem successfully closed.
[2015.12.01-14.27.20:320][ 70]LogD3D11RHI: Shutdown
[2015.12.01-14.27.20:320][ 70]LogD3D11RHI: CleanupD3DDevice
[2015.12.01-14.27.20:392][ 70]LogD3D11RHI: ~FD3D11DynamicRHI
[2015.12.01-14.27.20:463][ 70]LogModuleManager: Shutting down and abandoning module CookingStats (200)
[2015.12.01-14.27.20:463][ 70]LogModuleManager: Shutting down and abandoning module BlueprintGraph (199)
[2015.12.01-14.27.20:463][ 70]LogModuleManager: Shutting down and abandoning module CrashTracker (198)
[2015.12.01-14.27.20:463][ 70]LogModuleManager: Shutting down and abandoning module SceneOutliner (197)
[2015.12.01-14.27.20:463][ 70]LogModuleManager: Shutting down and abandoning module SuperSearch (196)
[2015.12.01-14.27.20:463][ 70]LogModuleManager: Shutting down and abandoning module WidgetCarousel (195)
[2015.12.01-14.27.20:463][ 70]LogModuleManager: Shutting down and abandoning module AddContentDialog (194)
[2015.12.01-14.27.20:468][ 70]LogModuleManager: Shutting down and abandoning module EditorWidgets (193)
[2015.12.01-14.27.20:468][ 70]LogModuleManager: Shutting down and abandoning module CollectionManager (192)
[2015.12.01-14.27.20:468][ 70]LogModuleManager: Shutting down and abandoning module StatsViewer (191)
[2015.12.01-14.27.20:469][ 70]LogModuleManager: Shutting down and abandoning module FoliageEdit (190)
[2015.12.01-14.27.20:469][ 70]LogModuleManager: Shutting down and abandoning module LandscapeEditor (189)
[2015.12.01-14.27.20:469][ 70]LogModuleManager: Shutting down and abandoning module ActorPickerMode (188)
[2015.12.01-14.27.20:469][ 70]LogModuleManager: Shutting down and abandoning module GeometryMode (187)
[2015.12.01-14.27.20:469][ 70]LogModuleManager: Shutting down and abandoning module TextureAlignMode (186)
[2015.12.01-14.27.20:469][ 70]LogModuleManager: Shutting down and abandoning module BspMode (185)
[2015.12.01-14.27.20:469][ 70]LogModuleManager: Shutting down and abandoning module PlacementMode (184)
[2015.12.01-14.27.20:469][ 70]LogModuleManager: Shutting down and abandoning module AutomationWorker (183)
[2015.12.01-14.27.20:469][ 70]LogModuleManager: Shutting down and abandoning module CharacterAI (182)
[2015.12.01-14.27.20:469][ 70]LogModuleManager: Shutting down and abandoning module SmartSnapping (181)
[2015.12.01-14.27.20:469][ 70]LogModuleManager: Shutting down and abandoning module ViewportSnapping (180)
[2015.12.01-14.27.20:469][ 70]LogModuleManager: Shutting down and abandoning module LogVisualizer (179)
[2015.12.01-14.27.20:469][ 70]LogModuleManager: Shutting down and abandoning module GameProjectGeneration (178)
[2015.12.01-14.27.20:469][ 70]LogModuleManager: Shutting down and abandoning module IntroTutorials (177)
[2015.12.01-14.27.20:469][ 70]LogModuleManager: Shutting down and abandoning module EditorLiveStreaming (176)
[2015.12.01-14.27.20:469][ 70]LogModuleManager: Shutting down and abandoning module IOSPlatformEditor (175)
[2015.12.01-14.27.20:469][ 70]LogModuleManager: Shutting down and abandoning module HTML5PlatformEditor (174)
[2015.12.01-14.27.20:469][ 70]LogModuleManager: Shutting down and abandoning module AndroidDeviceDetection (173)
[2015.12.01-14.27.20:573][ 70]LogModuleManager: Shutting down and abandoning module AndroidPlatformEditor (172)
[2015.12.01-14.27.20:573][ 70]LogModuleManager: Shutting down and abandoning module IOSRuntimeSettings (171)
[2015.12.01-14.27.20:573][ 70]LogModuleManager: Shutting down and abandoning module AndroidRuntimeSettings (170)
[2015.12.01-14.27.20:573][ 70]LogModuleManager: Shutting down and abandoning module MergeActors (169)
[2015.12.01-14.27.20:573][ 70]LogModuleManager: Shutting down and abandoning module SizeMap (168)
[2015.12.01-14.27.20:573][ 70]LogModuleManager: Shutting down and abandoning module TreeMap (167)
[2015.12.01-14.27.20:573][ 70]LogModuleManager: Shutting down and abandoning module ReferenceViewer (166)
[2015.12.01-14.27.20:573][ 70]LogModuleManager: Shutting down and abandoning module LocalizationService (165)
[2015.12.01-14.27.20:573][ 70]LogModuleManager: Shutting down and abandoning module LocalizationDashboard (164)
[2015.12.01-14.27.20:573][ 70]LogModuleManager: Shutting down and abandoning module HardwareTargeting (163)
[2015.12.01-14.27.20:573][ 70]LogModuleManager: Shutting down and abandoning module DeviceProfileEditor (162)
[2015.12.01-14.27.20:573][ 70]LogModuleManager: Shutting down and abandoning module UndoHistory (161)
[2015.12.01-14.27.20:573][ 70]LogModuleManager: Shutting down and abandoning module GameplayTagsEditor (160)
[2015.12.01-14.27.20:573][ 70]LogModuleManager: Shutting down and abandoning module UserFeedback (159)
[2015.12.01-14.27.20:573][ 70]LogModuleManager: Shutting down and abandoning module XmlParser (158)
[2015.12.01-14.27.20:573][ 70]LogModuleManager: Shutting down and abandoning module Blutility (157)
[2015.12.01-14.27.20:573][ 70]LogModuleManager: Shutting down and abandoning module ProjectTargetPlatformEditor (156)
[2015.12.01-14.27.20:574][ 70]LogModuleManager: Shutting down and abandoning module ProjectSettingsViewer (155)
[2015.12.01-14.27.20:574][ 70]LogModuleManager: Shutting down and abandoning module InputBindingEditor (154)
[2015.12.01-14.27.20:574][ 70]LogModuleManager: Shutting down and abandoning module EditorSettingsViewer (153)
[2015.12.01-14.27.20:574][ 70]LogModuleManager: Shutting down and abandoning module SettingsEditor (152)
[2015.12.01-14.27.20:574][ 70]LogModuleManager: Shutting down and abandoning module ProjectLauncher (151)
[2015.12.01-14.27.20:574][ 70]LogModuleManager: Shutting down and abandoning module SessionFrontend (150)
[2015.12.01-14.27.20:574][ 70]LogModuleManager: Shutting down and abandoning module ProfilerClient (149)
[2015.12.01-14.27.20:574][ 70]LogModuleManager: Shutting down and abandoning module TargetDeviceServices (148)
[2015.12.01-14.27.20:574][ 70]LogModuleManager: Shutting down and abandoning module DeviceManager (147)
[2015.12.01-14.27.20:581][ 70]LogModuleManager: Shutting down and abandoning module AutomationController (146)
[2015.12.01-14.27.20:581][ 70]LogModuleManager: Shutting down and abandoning module AutomationWindow (145)
[2015.12.01-14.27.20:592][ 70]LogModuleManager: Shutting down and abandoning module Layers (144)
[2015.12.01-14.27.20:592][ 70]LogModuleManager: Shutting down and abandoning module ComponentVisualizers (143)
[2015.12.01-14.27.20:592][ 70]LogModuleManager: Shutting down and abandoning module DetailCustomizations (142)
[2015.12.01-14.27.20:592][ 70]LogModuleManager: Shutting down and abandoning module PackagesDialog (141)
[2015.12.01-14.27.20:592][ 70]LogModuleManager: Shutting down and abandoning module Persona (140)
[2015.12.01-14.27.20:618][ 70]LogModuleManager: Shutting down and abandoning module Kismet (139)
[2015.12.01-14.27.20:618][ 70]LogModuleManager: Shutting down and abandoning module GraphEditor (138)
[2015.12.01-14.27.20:618][ 70]LogModuleManager: Shutting down and abandoning module ClassViewer (137)
[2015.12.01-14.27.20:619][ 70]LogModuleManager: Shutting down and abandoning module Toolbox (136)
[2015.12.01-14.27.20:619][ 70]LogModuleManager: Shutting down and abandoning module ModuleUI (135)
[2015.12.01-14.27.20:619][ 70]LogModuleManager: Shutting down and abandoning module MovieSceneTools (134)
[2015.12.01-14.27.20:631][ 70]LogModuleManager: Shutting down and abandoning module OutputLog (133)
[2015.12.01-14.27.20:631][ 70]LogModuleManager: Shutting down and abandoning module GammaUI (132)
[2015.12.01-14.27.20:631][ 70]LogModuleManager: Shutting down and abandoning module Documentation (131)
[2015.12.01-14.27.20:631][ 70]LogModuleManager: Shutting down and abandoning module GameLiveStreaming (130)
[2015.12.01-14.27.20:631][ 70]LogModuleManager: Shutting down and abandoning module StreamingPauseRendering (129)
[2015.12.01-14.27.20:631][ 70]LogModuleManager: Shutting down and abandoning module AnalyticsET (128)
[2015.12.01-14.27.20:631][ 70]LogModuleManager: Shutting down and abandoning module Analytics (127)
[2015.12.01-14.27.20:631][ 70]LogModuleManager: Shutting down and abandoning module AITestSuite (126)
[2015.12.01-14.27.20:631][ 70]LogModuleManager: Shutting down and abandoning module GameplayDebugger (125)
[2015.12.01-14.27.20:631][ 70]LogModuleManager: Shutting down and abandoning module AIModule (124)
[2015.12.01-14.27.20:631][ 70]LogModuleManager: Shutting down and abandoning module ProfilerService (123)
[2015.12.01-14.27.20:719][ 70]LogModuleManager: Shutting down and abandoning module TaskGraph (122)
[2015.12.01-14.27.20:719][ 70]LogModuleManager: Shutting down and abandoning module SlateRemote (121)
[2015.12.01-14.27.20:720][ 70]LogModuleManager: Shutting down and abandoning module SteamVRController (120)
[2015.12.01-14.27.20:720][ 70]LogModuleManager: Shutting down and abandoning module SteamVR (119)
[2015.12.01-14.27.20:720][ 70]LogModuleManager: Shutting down and abandoning module ProceduralMeshComponent (118)
[2015.12.01-14.27.20:720][ 70]LogModuleManager: Shutting down and abandoning module OculusLibrary (117)
[2015.12.01-14.27.20:720][ 70]LogModuleManager: Shutting down and abandoning module OculusInput (116)
[2015.12.01-14.27.20:720][ 70]LogModuleManager: Shutting down and abandoning module LeapMotionController (115)
[2015.12.01-14.27.20:734][ 70]LogModuleManager: Shutting down and abandoning module CustomMeshComponent (114)
[2015.12.01-14.27.20:734][ 70]LogModuleManager: Shutting down and abandoning module CableComponent (113)
[2015.12.01-14.27.20:734][ 70]LogModuleManager: Shutting down and abandoning module ArchVisCharacter (112)
[2015.12.01-14.27.20:734][ 70]LogModuleManager: Shutting down and abandoning module MessagingDebugger (111)
[2015.12.01-14.27.20:806][ 70]LogModuleManager: Shutting down and abandoning module MediaPlayerEditor (110)
[2015.12.01-14.27.20:806][ 70]LogModuleManager: Shutting down and abandoning module HTML5Networking (109)
[2015.12.01-14.27.20:806][ 70]LogModuleManager: Shutting down and abandoning module SpeedTreeImporter (108)
[2015.12.01-14.27.20:806][ 70]LogModuleManager: Shutting down and abandoning module PluginBrowser (107)
[2015.12.01-14.27.20:806][ 70]LogModuleManager: Shutting down and abandoning module EpicSurvey (106)
[2015.12.01-14.27.20:806][ 70]LogModuleManager: Shutting down and abandoning module DesktopPlatform (105)
[2015.12.01-14.27.20:806][ 70]LogModuleManager: Shutting down and abandoning module VisualStudioSourceCodeAccess (104)
[2015.12.01-14.27.20:806][ 70]LogModuleManager: Shutting down and abandoning module UObjectPlugin (103)
[2015.12.01-14.27.20:806][ 70]LogModuleManager: Shutting down and abandoning module SubversionSourceControl (102)
[2015.12.01-14.27.20:806][ 70]LogModuleManager: Shutting down and abandoning module PerforceSourceControl (101)
[2015.12.01-14.27.20:806][ 70]LogModuleManager: Shutting down and abandoning module SourceControl (100)
[2015.12.01-14.27.20:806][ 70]LogModuleManager: Shutting down and abandoning module GitSourceControl (99)
[2015.12.01-14.27.20:806][ 70]LogModuleManager: Shutting down and abandoning module LightPropagationVolumeEditor (98)
[2015.12.01-14.27.20:806][ 70]LogModuleManager: Shutting down and abandoning module PaperTiledImporter (97)
[2015.12.01-14.27.20:806][ 70]LogModuleManager: Shutting down and abandoning module PaperSpriteSheetImporter (96)
[2015.12.01-14.27.20:806][ 70]LogModuleManager: Shutting down and abandoning module MeshPaint (95)
[2015.12.01-14.27.20:806][ 70]LogModuleManager: Shutting down and abandoning module SlateReflector (94)
[2015.12.01-14.27.20:812][ 70]LogModuleManager: Shutting down and abandoning module HotReload (93)
[2015.12.01-14.27.20:812][ 70]LogModuleManager: Shutting down and abandoning module MainFrame (92)
[2015.12.01-14.27.20:812][ 70]LogModuleManager: Shutting down and abandoning module LevelEditor (91)
[2015.12.01-14.27.20:813][ 70]LogModuleManager: Shutting down and abandoning module DirectoryWatcher (90)
[2015.12.01-14.27.20:817][ 70]LogModuleManager: Shutting down and abandoning module AssetRegistry (89)
[2015.12.01-14.27.20:897][ 70]LogModuleManager: Shutting down and abandoning module ContentBrowser (88)
[2015.12.01-14.27.20:898][ 70]LogModuleManager: Shutting down and abandoning module Paper2DEditor (87)
[2015.12.01-14.27.20:898][ 70]LogModuleManager: Shutting down and abandoning module UdpMessaging (86)
[2015.12.01-14.27.20:998][ 70]LogModuleManager: Shutting down and abandoning module LightPropagationVolumeRuntime (85)
[2015.12.01-14.27.20:998][ 70]LogModuleManager: Shutting down and abandoning module Paper2D (84)
[2015.12.01-14.27.20:998][ 70]LogModuleManager: Shutting down and abandoning module WindowsMoviePlayer (83)
[2015.12.01-14.27.21:003][ 70]LogModuleManager: Shutting down and abandoning module Media (82)
[2015.12.01-14.27.21:003][ 70]LogModuleManager: Shutting down and abandoning module WmfMedia (81)
[2015.12.01-14.27.21:005][ 70]LogModuleManager: Shutting down and abandoning module OnlineBlueprintSupport (80)
[2015.12.01-14.27.21:005][ 70]LogModuleManager: Shutting down and abandoning module GameplayTasksEditor (79)
[2015.12.01-14.27.21:005][ 70]LogModuleManager: Shutting down and abandoning module PropertyEditor (78)
[2015.12.01-14.27.21:005][ 70]LogModuleManager: Shutting down and abandoning module BehaviorTreeEditor (77)
[2015.12.01-14.27.21:005][ 70]LogModuleManager: Shutting down and abandoning module FunctionalTesting (76)
[2015.12.01-14.27.21:005][ 70]LogModuleManager: Shutting down and abandoning module CollisionAnalyzer (75)
[2015.12.01-14.27.21:005][ 70]LogModuleManager: Shutting down and abandoning module WorkspaceMenuStructure (74)
[2015.12.01-14.27.21:005][ 70]LogModuleManager: Shutting down and abandoning module MessageLog (73)
[2015.12.01-14.27.21:005][ 70]LogModuleManager: Shutting down and abandoning module Sequencer (72)
[2015.12.01-14.27.21:006][ 70]LogModuleManager: Shutting down and abandoning module AssetTools (71)
[2015.12.01-14.27.21:006][ 70]LogModuleManager: Shutting down and abandoning module UMGEditor (70)
[2015.12.01-14.27.21:010][ 70]LogModuleManager: Shutting down and abandoning module UMG (69)
[2015.12.01-14.27.21:010][ 70]LogModuleManager: Shutting down and abandoning module Slate (68)
[2015.12.01-14.27.21:010][ 70]LogModuleManager: Shutting down and abandoning module EditorStyle (67)
[2015.12.01-14.27.21:014][ 70]LogModuleManager: Shutting down and abandoning module SessionServices (66)
[2015.12.01-14.27.21:014][ 70]LogModuleManager: Shutting down and abandoning module SourceCodeAccess (65)
[2015.12.01-14.27.21:014][ 70]LogModuleManager: Shutting down and abandoning module HeadMountedDisplay (64)
[2015.12.01-14.27.21:014][ 70]LogModuleManager: Shutting down and abandoning module XAudio2 (63)
[2015.12.01-14.27.21:014][ 70]LogModuleManager: Shutting down and abandoning module Networking (61)
[2015.12.01-14.27.21:014][ 70]LogModuleManager: Shutting down and abandoning module Core (60)
[2015.12.01-14.27.21:014][ 70]LogModuleManager: Shutting down and abandoning module KismetCompiler (59)
[2015.12.01-14.27.21:014][ 70]LogModuleManager: Shutting down and abandoning module PhysXFormats (58)
[2015.12.01-14.27.21:014][ 70]LogModuleManager: Shutting down and abandoning module MeshUtilities (57)
[2015.12.01-14.27.21:014][ 70]LogModuleManager: Shutting down and abandoning module DerivedDataCache (56)
[2015.12.01-14.27.21:032][ 70]LogDerivedDataCache: Shutdown
[2015.12.01-14.27.21:032][ 70]LogModuleManager: Shutting down and abandoning module ShaderFormatOpenGL (55)
[2015.12.01-14.27.21:032][ 70]LogModuleManager: Shutting down and abandoning module ShaderFormatD3D (54)
[2015.12.01-14.27.21:032][ 70]LogModuleManager: Shutting down and abandoning module MetalShaderFormat (53)
[2015.12.01-14.27.21:032][ 70]LogModuleManager: Shutting down and abandoning module TextureFormatUncompressed (52)
[2015.12.01-14.27.21:032][ 70]LogModuleManager: Shutting down and abandoning module TextureFormatPVR (51)
[2015.12.01-14.27.21:032][ 70]LogModuleManager: Shutting down and abandoning module TextureFormatIntelISPCTexComp (50)
[2015.12.01-14.27.21:032][ 70]LogModuleManager: Shutting down and abandoning module TextureFormatDXT (49)
[2015.12.01-14.27.21:032][ 70]LogModuleManager: Shutting down and abandoning module ImageWrapper (48)
[2015.12.01-14.27.21:032][ 70]LogModuleManager: Shutting down and abandoning module TextureFormatASTC (47)
[2015.12.01-14.27.21:032][ 70]LogModuleManager: Shutting down and abandoning module TextureFormatAndroid (46)
[2015.12.01-14.27.21:032][ 70]LogModuleManager: Shutting down and abandoning module AudioFormatOpus (45)
[2015.12.01-14.27.21:032][ 70]LogModuleManager: Shutting down and abandoning module AudioFormatOgg (44)
[2015.12.01-14.27.21:032][ 70]LogModuleManager: Shutting down and abandoning module AudioFormatADPCM (43)
[2015.12.01-14.27.21:032][ 70]LogModuleManager: Shutting down and abandoning module LinuxTargetPlatform (42)
[2015.12.01-14.27.21:033][ 70]LogModuleManager: Shutting down and abandoning module LinuxServerTargetPlatform (41)
[2015.12.01-14.27.21:033][ 70]LogModuleManager: Shutting down and abandoning module LinuxNoEditorTargetPlatform (40)
[2015.12.01-14.27.21:033][ 70]LogModuleManager: Shutting down and abandoning module Messaging (39)
[2015.12.01-14.27.21:033][ 70]LogModuleManager: Shutting down and abandoning module IOSTargetPlatform (38)
[2015.12.01-14.27.21:033][ 70]LogModuleManager: Shutting down and abandoning module HTML5TargetPlatform (37)
[2015.12.01-14.27.21:033][ 70]LogModuleManager: Shutting down and abandoning module Android_PVRTCTargetPlatform (36)
[2015.12.01-14.27.21:033][ 70]LogModuleManager: Shutting down and abandoning module Android_MultiTargetPlatform (35)
[2015.12.01-14.27.21:033][ 70]LogModuleManager: Shutting down and abandoning module Android_ETC2TargetPlatform (34)
[2015.12.01-14.27.21:033][ 70]LogModuleManager: Shutting down and abandoning module Android_ETC1TargetPlatform (33)
[2015.12.01-14.27.21:033][ 70]LogModuleManager: Shutting down and abandoning module Android_DXTTargetPlatform (32)
[2015.12.01-14.27.21:033][ 70]LogModuleManager: Shutting down and abandoning module Android_ATCTargetPlatform (31)
[2015.12.01-14.27.21:033][ 70]LogModuleManager: Shutting down and abandoning module Android_ASTCTargetPlatform (30)
[2015.12.01-14.27.21:033][ 70]LogModuleManager: Shutting down and abandoning module AndroidTargetPlatform (29)
[2015.12.01-14.27.21:033][ 70]LogModuleManager: Shutting down and abandoning module WindowsTargetPlatform (28)
[2015.12.01-14.27.21:033][ 70]LogModuleManager: Shutting down and abandoning module WindowsServerTargetPlatform (27)
[2015.12.01-14.27.21:033][ 70]LogModuleManager: Shutting down and abandoning module WindowsNoEditorTargetPlatform (26)
[2015.12.01-14.27.21:033][ 70]LogModuleManager: Shutting down and abandoning module WindowsClientTargetPlatform (25)
[2015.12.01-14.27.21:034][ 70]LogModuleManager: Shutting down and abandoning module AllDesktopTargetPlatform (24)
[2015.12.01-14.27.21:034][ 70]LogModuleManager: Shutting down and abandoning module TargetPlatform (23)
[2015.12.01-14.27.21:034][ 70]LogModuleManager: Shutting down and abandoning module InputCore (22)
[2015.12.01-14.27.21:034][ 70]LogModuleManager: Shutting down and abandoning module Settings (21)
[2015.12.01-14.27.21:034][ 70]LogModuleManager: Shutting down and abandoning module OnlineSubsystem (19)
[2015.12.01-14.27.21:034][ 70]LogModuleManager: Shutting down and abandoning module HTTP (18)
[2015.12.01-14.27.23:037][ 70]LogModuleManager: Shutting down and abandoning module XMPP (17)
[2015.12.01-14.27.23:037][ 70]LogModuleManager: Shutting down and abandoning module OculusRift (16)
[2015.12.01-14.27.23:037][ 70]LogModuleManager: Shutting down and abandoning module ExampleDeviceProfileSelector (15)
[2015.12.01-14.27.23:037][ 70]LogModuleManager: Shutting down and abandoning module TextureCompressor (14)
[2015.12.01-14.27.23:037][ 70]LogModuleManager: Shutting down and abandoning module ShaderCore (13)
[2015.12.01-14.27.23:037][ 70]LogModuleManager: Shutting down and abandoning module Landscape (12)
[2015.12.01-14.27.23:037][ 70]LogModuleManager: Shutting down and abandoning module SlateRHIRenderer (11)
[2015.12.01-14.27.23:044][ 70]LogModuleManager: Shutting down and abandoning module OpenGLDrv (10)
[2015.12.01-14.27.23:044][ 70]LogModuleManager: Shutting down and abandoning module D3D11RHI (9)
[2015.12.01-14.27.23:044][ 70]LogModuleManager: Shutting down and abandoning module AnimGraphRuntime (8)
[2015.12.01-14.27.23:044][ 70]LogModuleManager: Shutting down and abandoning module Renderer (7)
[2015.12.01-14.27.23:044][ 70]LogModuleManager: Shutting down and abandoning module Engine (6)
[2015.12.01-14.27.23:044][ 70]LogModuleManager: Shutting down and abandoning module CoreUObject (5)
[2015.12.01-14.27.23:044][ 70]LogModuleManager: Shutting down and abandoning module NetworkFile (4)
[2015.12.01-14.27.23:044][ 70]LogModuleManager: Shutting down and abandoning module StreamingFile (3)
[2015.12.01-14.27.23:044][ 70]LogModuleManager: Shutting down and abandoning module SandboxFile (2)
[2015.12.01-14.27.23:044][ 70]LogModuleManager: Shutting down and abandoning module PakFile (1)
[2015.12.01-14.27.23:046][ 70]LogExit: Exiting.
[2015.12.01-14.27.23:062][ 70]Log file closed, 12/01/15 22:27:23
