[2015.11.27-15.33.51:425][  0]Log file open, 11/27/15 23:33:51
[2015.11.27-15.33.51:425][  0]LogInit:Display: Running engine for game: RollingBall
[2015.11.27-15.33.51:426][  0]LogPlatformFile: Not using cached read wrapper
[2015.11.27-15.33.51:426][  0]LogInit:Display: RandInit(-1061729374) SRandInit(-1061729371).
[2015.11.27-15.33.51:426][  0]LogTaskGraph: Started task graph with 4 named threads and 5 total threads.
[2015.11.27-15.33.51:426][  0]LogStats: Stats thread started at 0.476634
[2015.11.27-15.33.51:426][  0]LogInit: Version: 4.10.0-2758231+++depot+UE4-Releases+4.10
[2015.11.27-15.33.51:426][  0]LogInit: API Version: 2758231
[2015.11.27-15.33.51:426][  0]LogInit: Compiled (64-bit): Nov  7 2015 05:13:45
[2015.11.27-15.33.51:426][  0]LogInit: Compiled with Visual C++: 19.00.23026.00
[2015.11.27-15.33.51:426][  0]LogInit: Build Configuration: Development
[2015.11.27-15.33.51:426][  0]LogInit: Branch Name: ++depot+UE4-Releases+4.10
[2015.11.27-15.33.51:426][  0]LogInit: Command line: 
[2015.11.27-15.33.51:426][  0]LogInit: Base directory: C:/Program Files (x86)/Epic Games/4.10/Engine/Binaries/Win64/
[2015.11.27-15.33.51:426][  0]LogInit: Rocket: 1
[2015.11.27-15.33.51:443][  0]LogInit: Using libcurl 7.41.0
[2015.11.27-15.33.51:443][  0]LogInit:  - built for x86_64-pc-win32
[2015.11.27-15.33.51:443][  0]LogInit:  - supports SSL with WinSSL
[2015.11.27-15.33.51:443][  0]LogInit:  - other features:
[2015.11.27-15.33.51:443][  0]LogInit:      CURL_VERSION_SSL
[2015.11.27-15.33.51:444][  0]LogInit:      CURL_VERSION_IPV6
[2015.11.27-15.33.51:444][  0]LogInit:      CURL_VERSION_ASYNCHDNS
[2015.11.27-15.33.51:444][  0]LogInit:      CURL_VERSION_LARGEFILE
[2015.11.27-15.33.51:444][  0]LogInit:      CURL_VERSION_IDN
[2015.11.27-15.33.51:444][  0]LogInit:  CurlRequestOptions (configurable via config and command line):
[2015.11.27-15.33.51:444][  0]LogInit:  - bVerifyPeer = true  - Libcurl will verify peer certificate
[2015.11.27-15.33.51:444][  0]LogInit:  - bUseHttpProxy = false  - Libcurl will NOT use HTTP proxy
[2015.11.27-15.33.51:445][  0]LogInit:  - bDontReuseConnections = false  - Libcurl will reuse connections
[2015.11.27-15.33.51:445][  0]LogInit:  - CertBundlePath = nullptr  - Libcurl will use whatever was configured at build time.
[2015.11.27-15.33.51:485][  0]LogInit: Presizing for 0 objects not considered by GC, pre-allocating 0 bytes.
[2015.11.27-15.33.51:505][  0]LogInit: Object subsystem initialized
[2015.11.27-15.33.51:516][  0]LogInit: Selected Device Profile: [Windows]
[2015.11.27-15.33.51:516][  0]LogInit: Applying CVar settings loaded from the selected device profile: [Windows]
[2015.11.27-15.33.51:553][  0]LogInit: Computer: USER
[2015.11.27-15.33.51:553][  0]LogInit: User: acer
[2015.11.27-15.33.51:553][  0]LogInit: CPU Page size=4096, Cores=2
[2015.11.27-15.33.51:553][  0]LogInit: High frequency timer resolution =2.435881 MHz
[2015.11.27-15.33.51:553][  0]LogMemory: Memory total: Physical=3.8GB (4GB approx)
[2015.11.27-15.33.51:553][  0]LogMemory: Platform Memory Stats for Windows
[2015.11.27-15.33.51:553][  0]LogMemory: Process Physical Memory: 55.97 MB used, 55.97 MB peak
[2015.11.27-15.33.51:553][  0]LogMemory: Process Virtual Memory: 55.58 MB used, 55.58 MB peak
[2015.11.27-15.33.51:553][  0]LogMemory: Physical Memory: 3656.29 MB used, 3914.31 MB total
[2015.11.27-15.33.51:553][  0]LogMemory: Virtual Memory: 378.15 MB used, 134217728.00 MB total
[2015.11.27-15.33.51:731][  0]LogTextLocalizationManager: No translations for ('zh-TW') exist, falling back to 'en' for localization and internationalization data.
[2015.11.27-15.33.53:031][  0]LogD3D11RHI: Found D3D11 adapter 0: Intel(R) HD Graphics 4000 (Feature Level 11_0)
[2015.11.27-15.33.53:031][  0]LogD3D11RHI: Adapter has 96MB of dedicated video memory, 0MB of dedicated system memory, and 1696MB of shared system memory, 1 output[s]
[2015.11.27-15.33.53:035][  0]LogD3D11RHI: Found D3D11 adapter 1: Microsoft Basic Render Driver (Feature Level 11_0)
[2015.11.27-15.33.53:035][  0]LogD3D11RHI: Adapter has 0MB of dedicated video memory, 0MB of dedicated system memory, and 1957MB of shared system memory, 0 output[s]
[2015.11.27-15.33.53:035][  0]LogD3D11RHI: Chosen D3D11 Adapter Id = 0
[2015.11.27-15.33.53:046][  0]LogD3D11RHI: !Direct3DDevice
[2015.11.27-15.33.53:046][  0]LogRHI: Texture pool is 660 MB (70% of 944 MB)
[2015.11.27-15.33.53:052][  0]LogD3D11RHI: Async texture creation enabled
[2015.11.27-15.33.53:074][  0]LogShaderCompilers: Guid format shader working directory is -21 characters bigger than the processId version (../../../../../../Users/acer/Documents/Unreal Projects/RollingBall/Intermediate/Shaders/WorkingDirectory/9820/).
[2015.11.27-15.33.53:075][  0]LogShaderCompilers: Cleaned the shader compiler working directory 'C:/Users/acer/AppData/Local/Temp/UnrealShaderWorkingDir/0AAB0BBC413945F03253B0A7BB3C77D4/'.
[2015.11.27-15.33.53:075][  0]LogShaderCompilers:Display: Using Local Shader Compiler.
[2015.11.27-15.33.57:085][  0]LogTemp:Display: Loaded TP AllDesktopTargetPlatform
[2015.11.27-15.33.57:098][  0]LogTemp:Display: Loaded TP WindowsClientTargetPlatform
[2015.11.27-15.33.57:111][  0]LogTemp:Display: Loaded TP WindowsNoEditorTargetPlatform
[2015.11.27-15.33.57:124][  0]LogTemp:Display: Loaded TP WindowsServerTargetPlatform
[2015.11.27-15.33.57:137][  0]LogTemp:Display: Loaded TP WindowsTargetPlatform
[2015.11.27-15.33.57:146][  0]LogTemp:Display: Loaded TP AndroidTargetPlatform
[2015.11.27-15.33.57:153][  0]LogTemp:Display: Loaded TP Android_ASTCTargetPlatform
[2015.11.27-15.33.57:162][  0]LogTemp:Display: Loaded TP Android_ATCTargetPlatform
[2015.11.27-15.33.57:174][  0]LogTemp:Display: Loaded TP Android_DXTTargetPlatform
[2015.11.27-15.33.57:189][  0]LogTemp:Display: Loaded TP Android_ETC1TargetPlatform
[2015.11.27-15.33.57:201][  0]LogTemp:Display: Loaded TP Android_ETC2TargetPlatform
[2015.11.27-15.33.57:220][  0]LogTemp:Display: Loaded TP Android_MultiTargetPlatform
[2015.11.27-15.33.57:220][  0]LogTemp:Display: Loaded TP Android_PVRTCTargetPlatform
[2015.11.27-15.33.57:224][  0]LogTemp:Display: Loaded TP HTML5TargetPlatform
[2015.11.27-15.33.57:256][  0]LogTemp:Display: Loaded TP IOSTargetPlatform
[2015.11.27-15.33.57:265][  0]LogTemp:Display: Loaded TP LinuxNoEditorTargetPlatform
[2015.11.27-15.33.57:281][  0]LogTemp:Display: Loaded TP LinuxServerTargetPlatform
[2015.11.27-15.33.57:296][  0]LogTemp:Display: Loaded TP LinuxTargetPlatform
[2015.11.27-15.33.57:296][  0]LogTargetPlatformManager:Display: Building Assets For Windows
[2015.11.27-15.33.57:525][  0]LogDerivedDataCache:Display: Max Cache Size: 512 MB
[2015.11.27-15.33.57:737][  0]LogDerivedDataCache: Loaded boot cache 0.21s 41MB C:/Users/acer/AppData/Local/UnrealEngine/4.10/DerivedDataCache/Boot.ddc.
[2015.11.27-15.33.57:737][  0]LogDerivedDataCache:Display: Loaded Boot cache: C:/Users/acer/AppData/Local/UnrealEngine/4.10/DerivedDataCache/Boot.ddc
[2015.11.27-15.33.57:737][  0]LogDerivedDataCache: FDerivedDataBackendGraph:  Pak pak cache file ../../../../../../Users/acer/Documents/Unreal Projects/RollingBall/DerivedDataCache/DDC.ddp not found, will not use a pak cache.
[2015.11.27-15.33.57:737][  0]LogDerivedDataCache: Unable to find inner node Pak for hierarchical cache Hierarchy.
[2015.11.27-15.33.57:738][  0]LogDerivedDataCache: FDerivedDataBackendGraph:  CompressedPak pak cache file ../../../../../../Users/acer/Documents/Unreal Projects/RollingBall/DerivedDataCache/Compressed.ddp not found, will not use a pak cache.
[2015.11.27-15.33.57:738][  0]LogDerivedDataCache: Unable to find inner node CompressedPak for hierarchical cache Hierarchy.
[2015.11.27-15.33.57:868][  0]LogDerivedDataCache:Display: Pak cache opened for reading ../../../Engine/DerivedDataCache/Compressed.ddp.
[2015.11.27-15.33.57:884][  0]LogDerivedDataCache: Using Local data cache path C:/Users/acer/AppData/Local/UnrealEngine/Common/DerivedDataCache: Writable
[2015.11.27-15.34.00:484][  0]LogInit: Selected Device Profile: [Windows]
[2015.11.27-15.34.00:494][  0]LogContentStreaming: Texture pool size is 0.000000MB
[2015.11.27-15.34.00:797][  0]LogMeshUtilities: No automatic mesh reduction module available
[2015.11.27-15.34.00:797][  0]LogMeshUtilities: No automatic mesh merging module available
[2015.11.27-15.34.01:726][  0]LogInit: WinSock: version 1.1 (2.2), MaxSocks=32767, MaxUdp=65467
[2015.11.27-15.34.06:439][  0]UdpMessaging: Initializing bridge on interface 0.0.0.0:0 to multicast group 230.0.0.1:6666.
[2015.11.27-15.34.06:440][  0]FUdpSocketBuilder: Failed to create the socket UdpMessageMulticastSocket as configured
[2015.11.27-15.34.06:440][  0]UdpMessageTransport.StartTransport: Failed to create multicast socket on 0.0.0.0:0, joined to 230.0.0.1:6666 with TTL 1
[2015.11.27-15.34.06:618][  0]LogAssetRegistry: FAssetRegistry took 0.0107 seconds to start up
[2015.11.27-15.34.07:159][  0]SourceControl: Info Source control is disabled
[2015.11.27-15.34.07:349][  0]SourceControl: Info Source control is disabled
[2015.11.27-15.34.07:379][  0]SourceControl: Info Source control is disabled
[2015.11.27-15.34.07:406][  0]SourceControl: Info Source control is disabled
[2015.11.27-15.34.08:040][  0]LogObj: 28633 objects as part of root set at end of initial load.
[2015.11.27-15.34.08:040][  0]LogUObjectAllocator: 6099744 out of 0 bytes used by permanent object pool.
[2015.11.27-15.34.08:218][  0]LogEngine: Initializing Engine...
[2015.11.27-15.34.08:227][  0]LogHMD: Can't find Oculus library dev build: is proper Runtime installed? Version: 0.8.0.0
[2015.11.27-15.34.08:263][  0]LogHMD: SteamVR failed to initialize.  Err: 110
[2015.11.27-15.34.08:657][  0]LogAIModule: Creating AISystem for world NewWorld
[2015.11.27-15.34.08:676][  0]LogInit: XAudio2 using '喇叭 (Realtek High Definition Audio)' : 2 channels at 48 kHz using 32 bits per sample (channel mask 0x3)
[2015.11.27-15.34.08:707][  0]LogInit: FAudioDevice initialized.
[2015.11.27-15.34.08:742][  0]LogDerivedDataCache: Saved boot cache 0.03s 41MB C:/Users/acer/AppData/Local/UnrealEngine/4.10/DerivedDataCache/Boot.ddc.
[2015.11.27-15.34.08:748][  0]LogInit: Texture streaming: Enabled
[2015.11.27-15.34.08:768][  0]LogAnalytics: Creating configured Analytics provider AnalyticsET
[2015.11.27-15.34.08:769][  0]LogAnalytics: [UEEditor.Rocket.Release] APIServer = http://et2.epicgames.com/ET2/. AppVersion = 4.10.0-2758231+++depot+UE4-Releases+4.10
[2015.11.27-15.34.08:769][  0]LogAnalytics: [UEEditor.Rocket.Release] SetUserId b28a54dd4c274698e8fd378172540302|7ab9c2e1b7464127a7a1e84c1ac07d12|20189905-d510-4860-8e10-ed7b2f66fadd
[2015.11.27-15.34.08:769][  0]LogAnalytics: [UEEditor.Rocket.Release] AnalyticsET::StartSession
[2015.11.27-15.34.08:899][  0]LogInit: Transaction tracking system initialized
[2015.11.27-15.34.09:090][  0]BlueprintLog: New page: Editor Load
[2015.11.27-15.34.09:451][  0]LogInit:Warning: CVar named 'r.MobileHDR' marked up in RendererSettings was not found or is set to read-only
[2015.11.27-15.34.15:224][  0]LocalizationService: Info Localization service is disabled
[2015.11.27-15.34.15:854][  0]LogConsoleResponse:Display: 
[2015.11.27-15.34.16:644][  0]LogFileCache: Scanning file cache for directory 'C:/Users/acer/Documents/Unreal Projects/RollingBall/Content/' took 0.01s
[2015.11.27-15.34.16:644][  0]LogCook:Display: Done creating registry. It took  0.00s.
[2015.11.27-15.34.17:019][  0]SourceControl: Info Source control is disabled
[2015.11.27-15.34.17:023][  0]Cmd: MAP LOAD FILE="../../../../../../Users/acer/Documents/Unreal Projects/RollingBall/Content/RollingBP/Maps/RollingBPExampleMap.umap" TEMPLATE=0 SHOWPROGRESS=1 FEATURELEVEL=3
[2015.11.27-15.34.17:038][  0]LightingResults: New page: Lighting Build
[2015.11.27-15.34.17:082][  0]MapCheck: New page: Map Check
[2015.11.27-15.34.17:082][  0]LightingResults: New page: Lighting Build
[2015.11.27-15.34.17:177][  0]LogParticles: Destroying 0 GPU particle simulations for FXSystem 0x000000FFAC5FAAC0
[2015.11.27-15.34.18:412][  0]LogMaterial: Missing cached shader map for material M_Blue_Checker, compiling. 
[2015.11.27-15.34.18:496][  0]LogMaterial: Missing cached shader map for material CubeMaterial, compiling. 
[2015.11.27-15.34.18:728][  0]LogAIModule: Creating AISystem for world RollingBPExampleMap
[2015.11.27-15.34.18:968][  0]LogEditorServer: Finished looking for orphan Actors (0.001 secs)
[2015.11.27-15.34.19:001][  0]Cmd: MAP CHECKDEP NOCLEARLOG
[2015.11.27-15.34.19:170][  0]MapCheck: Info Map check complete: 0 Error(s), 0 Warning(s), took 167.855ms to complete.
[2015.11.27-15.34.19:170][  0]LogFileHelpers: Loading map 'RollingBPExampleMap' took 2.149
[2015.11.27-15.34.19:660][  0]LogCollectionManager: Loaded 0 collections in 0.006520 seconds
[2015.11.27-15.34.19:766][  0]LogFileCache: Scanning file cache for directory 'C:/Users/acer/Documents/Unreal Projects/RollingBall/Saved/Collections/' took 0.02s
[2015.11.27-15.34.19:766][  0]LogFileCache: Scanning file cache for directory 'C:/Users/acer/Documents/Unreal Projects/RollingBall/Content/Developers/acer/Collections/' took 0.02s
[2015.11.27-15.34.19:766][  0]LogFileCache: Scanning file cache for directory 'C:/Users/acer/Documents/Unreal Projects/RollingBall/Content/Collections/' took 0.02s
[2015.11.27-15.34.19:766][  0]LogCollectionManager: Rebuilt the GUID cache for 0 collections in 0.000007 seconds
[2015.11.27-15.34.19:791][  0]LogContentBrowser: Native class hierarchy populated in 0.0235 seconds. Added 1893 classes and 338 folders.
[2015.11.27-15.34.19:825][  0]LogContentBrowser: Native class hierarchy updated for 'WidgetCarousel' in 0.0007 seconds. Added 0 classes and 0 folders.
[2015.11.27-15.34.20:503][  0]LogContentBrowser: Native class hierarchy updated for 'AddContentDialog' in 0.0007 seconds. Added 0 classes and 0 folders.
[2015.11.27-15.34.20:542][  0]LogContentBrowser: Native class hierarchy updated for 'SceneOutliner' in 0.0014 seconds. Added 1 classes and 2 folders.
[2015.11.27-15.34.20:723][  0]LogCrashTracker: Crashtracker disabled due to settings.
[2015.11.27-15.34.20:747][  0]LogUObjectGlobals:Warning: Failed to find object 'Class None.'
[2015.11.27-15.34.20:799][  0]LogLoad: Full Startup: 31.11 seconds (BP compile: 0.26 seconds)
[2015.11.27-15.34.20:840][  0]LogOcInput: Can't find Oculus library dev build: is proper Runtime installed? Version: 0.8.0.0
[2015.11.27-15.34.21:139][  0]LogContentStreaming: Texture pool size now 1000 MB
[2015.11.27-15.34.21:444][  0]LogRenderer: Reallocating scene render targets to support 608x340 (Frame:2).
[2015.11.27-15.34.32:090][213]LogAssetRegistry: Asset discovery search completed in 25.4841 seconds
[2015.11.27-15.34.32:092][213]LogCollectionManager: Rebuilt the object cache for 0 collections in 0.000002 seconds (found 0 objects)
[2015.11.27-15.34.32:093][213]LogCollectionManager: Fixed up redirectors for 0 collections in 0.001353 seconds (updated 0 objects)
[2015.11.27-15.34.35:376][283]LogEditorViewport: Clicking on Actor (LMB): PhysicsBallBP_C (PhysicsBallBP)
[2015.11.27-15.34.38:066][319]LogEditorViewport: Clicking on Actor (LMB): StaticMeshActor (Ground)
[2015.11.27-15.35.17:680][550]LogMaterial: Missing cached shader map for material NewMaterial, compiling. 
[2015.11.27-15.35.17:987][550]LogMaterial: Missing cached shader map for material NewMaterial, compiling. 
[2015.11.27-15.35.18:001][550]LogMaterial: 0.001116 seconds spent updating 1 materials, 1 interfaces, 0 instances, 0 with static permutations.
[2015.11.27-15.35.34:753][733]LogParticles: Destroying 0 GPU particle simulations for FXSystem 0x000000FFD9DFFA60
[2015.11.27-15.35.42:753][733]LogWindowsTextInputMethodSystem:Display: IME system now activated using TSF (微軟注音).
[2015.11.27-15.35.42:754][733]LogWindowsTextInputMethodSystem:Display: IME system now activated using TSF (微軟注音).
[2015.11.27-15.35.42:975][733]LogWindowsTextInputMethodSystem:Display: IME system now activated using TSF (微軟注音).
[2015.11.27-15.35.42:976][733]LogWindowsTextInputMethodSystem:Display: IME system now activated using TSF (微軟注音).
[2015.11.27-15.35.43:937][734]Cmd: QUIT_EDITOR
[2015.11.27-15.35.44:333][734]LogWindowsTextInputMethodSystem:Display: IME system now activated using TSF (微軟注音).
[2015.11.27-15.35.44:334][734]LogWindowsTextInputMethodSystem:Display: IME system now activated using TSF (微軟注音).
[2015.11.27-15.35.44:616][734]LogExit: Preparing to exit.
[2015.11.27-15.35.45:856][734]LogExit: Editor shut down
[2015.11.27-15.35.45:856][734]LogExit: Transaction tracking system shut down
[2015.11.27-15.35.45:867][734]LogParticles: Destroying 0 GPU particle simulations for FXSystem 0x000000FF9927F9C0
[2015.11.27-15.35.45:880][734]LogParticles: Destroying 0 GPU particle simulations for FXSystem 0x000000FFB60F5EE0
[2015.11.27-15.35.45:883][734]LogParticles: Destroying 0 GPU particle simulations for FXSystem 0x000000FFCF1934C0
[2015.11.27-15.35.45:884][734]LogParticles: Destroying 0 GPU particle simulations for FXSystem 0x000000FFCF190180
[2015.11.27-15.35.48:153][734]LogExit: Object subsystem successfully closed.
[2015.11.27-15.35.48:220][734]LogD3D11RHI: Shutdown
[2015.11.27-15.35.48:220][734]LogD3D11RHI: CleanupD3DDevice
[2015.11.27-15.35.48:422][734]LogD3D11RHI: ~FD3D11DynamicRHI
[2015.11.27-15.35.48:548][734]LogModuleManager: Shutting down and abandoning module MaterialEditor (199)
[2015.11.27-15.35.48:548][734]LogModuleManager: Shutting down and abandoning module CrashTracker (198)
[2015.11.27-15.35.48:548][734]LogModuleManager: Shutting down and abandoning module SceneOutliner (197)
[2015.11.27-15.35.48:548][734]LogModuleManager: Shutting down and abandoning module SuperSearch (196)
[2015.11.27-15.35.48:548][734]LogModuleManager: Shutting down and abandoning module WidgetCarousel (195)
[2015.11.27-15.35.48:549][734]LogModuleManager: Shutting down and abandoning module AddContentDialog (194)
[2015.11.27-15.35.48:555][734]LogModuleManager: Shutting down and abandoning module EditorWidgets (193)
[2015.11.27-15.35.48:556][734]LogModuleManager: Shutting down and abandoning module CollectionManager (192)
[2015.11.27-15.35.48:558][734]LogModuleManager: Shutting down and abandoning module StatsViewer (191)
[2015.11.27-15.35.48:559][734]LogModuleManager: Shutting down and abandoning module FoliageEdit (190)
[2015.11.27-15.35.48:559][734]LogModuleManager: Shutting down and abandoning module LandscapeEditor (189)
[2015.11.27-15.35.48:562][734]LogModuleManager: Shutting down and abandoning module ActorPickerMode (188)
[2015.11.27-15.35.48:562][734]LogModuleManager: Shutting down and abandoning module GeometryMode (187)
[2015.11.27-15.35.48:562][734]LogModuleManager: Shutting down and abandoning module TextureAlignMode (186)
[2015.11.27-15.35.48:562][734]LogModuleManager: Shutting down and abandoning module BspMode (185)
[2015.11.27-15.35.48:562][734]LogModuleManager: Shutting down and abandoning module PlacementMode (184)
[2015.11.27-15.35.48:562][734]LogModuleManager: Shutting down and abandoning module AutomationWorker (183)
[2015.11.27-15.35.48:562][734]LogModuleManager: Shutting down and abandoning module CharacterAI (182)
[2015.11.27-15.35.48:562][734]LogModuleManager: Shutting down and abandoning module SmartSnapping (181)
[2015.11.27-15.35.48:562][734]LogModuleManager: Shutting down and abandoning module ViewportSnapping (180)
[2015.11.27-15.35.48:562][734]LogModuleManager: Shutting down and abandoning module LogVisualizer (179)
[2015.11.27-15.35.48:566][734]LogModuleManager: Shutting down and abandoning module GameProjectGeneration (178)
[2015.11.27-15.35.48:568][734]LogModuleManager: Shutting down and abandoning module IntroTutorials (177)
[2015.11.27-15.35.48:574][734]LogModuleManager: Shutting down and abandoning module EditorLiveStreaming (176)
[2015.11.27-15.35.48:574][734]LogModuleManager: Shutting down and abandoning module IOSPlatformEditor (175)
[2015.11.27-15.35.48:576][734]LogModuleManager: Shutting down and abandoning module HTML5PlatformEditor (174)
[2015.11.27-15.35.48:577][734]LogModuleManager: Shutting down and abandoning module AndroidDeviceDetection (173)
[2015.11.27-15.35.49:536][734]LogModuleManager: Shutting down and abandoning module AndroidPlatformEditor (172)
[2015.11.27-15.35.49:536][734]LogModuleManager: Shutting down and abandoning module IOSRuntimeSettings (171)
[2015.11.27-15.35.49:536][734]LogModuleManager: Shutting down and abandoning module AndroidRuntimeSettings (170)
[2015.11.27-15.35.49:536][734]LogModuleManager: Shutting down and abandoning module MergeActors (169)
[2015.11.27-15.35.49:537][734]LogModuleManager: Shutting down and abandoning module SizeMap (168)
[2015.11.27-15.35.49:537][734]LogModuleManager: Shutting down and abandoning module TreeMap (167)
[2015.11.27-15.35.49:538][734]LogModuleManager: Shutting down and abandoning module ReferenceViewer (166)
[2015.11.27-15.35.49:538][734]LogModuleManager: Shutting down and abandoning module LocalizationService (165)
[2015.11.27-15.35.49:538][734]LogModuleManager: Shutting down and abandoning module LocalizationDashboard (164)
[2015.11.27-15.35.49:539][734]LogModuleManager: Shutting down and abandoning module HardwareTargeting (163)
[2015.11.27-15.35.49:540][734]LogModuleManager: Shutting down and abandoning module DeviceProfileEditor (162)
[2015.11.27-15.35.49:540][734]LogModuleManager: Shutting down and abandoning module UndoHistory (161)
[2015.11.27-15.35.49:541][734]LogModuleManager: Shutting down and abandoning module GameplayTagsEditor (160)
[2015.11.27-15.35.49:541][734]LogModuleManager: Shutting down and abandoning module UserFeedback (159)
[2015.11.27-15.35.49:541][734]LogModuleManager: Shutting down and abandoning module XmlParser (158)
[2015.11.27-15.35.49:542][734]LogModuleManager: Shutting down and abandoning module Blutility (157)
[2015.11.27-15.35.49:542][734]LogModuleManager: Shutting down and abandoning module ProjectTargetPlatformEditor (156)
[2015.11.27-15.35.49:542][734]LogModuleManager: Shutting down and abandoning module ProjectSettingsViewer (155)
[2015.11.27-15.35.49:542][734]LogModuleManager: Shutting down and abandoning module InputBindingEditor (154)
[2015.11.27-15.35.49:544][734]LogModuleManager: Shutting down and abandoning module EditorSettingsViewer (153)
[2015.11.27-15.35.49:544][734]LogModuleManager: Shutting down and abandoning module SettingsEditor (152)
[2015.11.27-15.35.49:545][734]LogModuleManager: Shutting down and abandoning module ProjectLauncher (151)
[2015.11.27-15.35.49:546][734]LogModuleManager: Shutting down and abandoning module SessionFrontend (150)
[2015.11.27-15.35.49:547][734]LogModuleManager: Shutting down and abandoning module ProfilerClient (149)
[2015.11.27-15.35.49:548][734]LogModuleManager: Shutting down and abandoning module TargetDeviceServices (148)
[2015.11.27-15.35.49:548][734]LogModuleManager: Shutting down and abandoning module DeviceManager (147)
[2015.11.27-15.35.49:550][734]LogModuleManager: Shutting down and abandoning module AutomationController (146)
[2015.11.27-15.35.49:550][734]LogModuleManager: Shutting down and abandoning module AutomationWindow (145)
[2015.11.27-15.35.49:551][734]LogModuleManager: Shutting down and abandoning module Layers (144)
[2015.11.27-15.35.49:554][734]LogModuleManager: Shutting down and abandoning module ComponentVisualizers (143)
[2015.11.27-15.35.49:554][734]LogModuleManager: Shutting down and abandoning module DetailCustomizations (142)
[2015.11.27-15.35.49:554][734]LogModuleManager: Shutting down and abandoning module PackagesDialog (141)
[2015.11.27-15.35.49:555][734]LogModuleManager: Shutting down and abandoning module Persona (140)
[2015.11.27-15.35.49:558][734]LogModuleManager: Shutting down and abandoning module Kismet (139)
[2015.11.27-15.35.49:559][734]LogModuleManager: Shutting down and abandoning module GraphEditor (138)
[2015.11.27-15.35.49:559][734]LogModuleManager: Shutting down and abandoning module ClassViewer (137)
[2015.11.27-15.35.49:559][734]LogModuleManager: Shutting down and abandoning module Toolbox (136)
[2015.11.27-15.35.49:559][734]LogModuleManager: Shutting down and abandoning module ModuleUI (135)
[2015.11.27-15.35.49:560][734]LogModuleManager: Shutting down and abandoning module MovieSceneTools (134)
[2015.11.27-15.35.49:561][734]LogModuleManager: Shutting down and abandoning module OutputLog (133)
[2015.11.27-15.35.49:561][734]LogModuleManager: Shutting down and abandoning module GammaUI (132)
[2015.11.27-15.35.49:562][734]LogModuleManager: Shutting down and abandoning module Documentation (131)
[2015.11.27-15.35.49:563][734]LogModuleManager: Shutting down and abandoning module GameLiveStreaming (130)
[2015.11.27-15.35.49:566][734]LogModuleManager: Shutting down and abandoning module StreamingPauseRendering (129)
[2015.11.27-15.35.49:566][734]LogModuleManager: Shutting down and abandoning module AnalyticsET (128)
[2015.11.27-15.35.49:566][734]LogModuleManager: Shutting down and abandoning module Analytics (127)
[2015.11.27-15.35.49:566][734]LogModuleManager: Shutting down and abandoning module AITestSuite (126)
[2015.11.27-15.35.49:567][734]LogModuleManager: Shutting down and abandoning module GameplayDebugger (125)
[2015.11.27-15.35.49:568][734]LogModuleManager: Shutting down and abandoning module AIModule (124)
[2015.11.27-15.35.49:568][734]LogModuleManager: Shutting down and abandoning module ProfilerService (123)
[2015.11.27-15.35.49:793][734]LogModuleManager: Shutting down and abandoning module TaskGraph (122)
[2015.11.27-15.35.49:797][734]LogModuleManager: Shutting down and abandoning module SlateRemote (121)
[2015.11.27-15.35.49:797][734]LogModuleManager: Shutting down and abandoning module SteamVRController (120)
[2015.11.27-15.35.49:797][734]LogModuleManager: Shutting down and abandoning module SteamVR (119)
[2015.11.27-15.35.49:797][734]LogModuleManager: Shutting down and abandoning module ProceduralMeshComponent (118)
[2015.11.27-15.35.49:797][734]LogModuleManager: Shutting down and abandoning module OculusLibrary (117)
[2015.11.27-15.35.49:797][734]LogModuleManager: Shutting down and abandoning module OculusInput (116)
[2015.11.27-15.35.49:797][734]LogModuleManager: Shutting down and abandoning module LeapMotionController (115)
[2015.11.27-15.35.49:865][734]LogModuleManager: Shutting down and abandoning module CustomMeshComponent (114)
[2015.11.27-15.35.49:865][734]LogModuleManager: Shutting down and abandoning module CableComponent (113)
[2015.11.27-15.35.49:871][734]LogModuleManager: Shutting down and abandoning module ArchVisCharacter (112)
[2015.11.27-15.35.49:871][734]LogModuleManager: Shutting down and abandoning module MessagingDebugger (111)
[2015.11.27-15.35.49:873][734]LogModuleManager: Shutting down and abandoning module MediaPlayerEditor (110)
[2015.11.27-15.35.49:880][734]LogModuleManager: Shutting down and abandoning module HTML5Networking (109)
[2015.11.27-15.35.49:880][734]LogModuleManager: Shutting down and abandoning module SpeedTreeImporter (108)
[2015.11.27-15.35.49:880][734]LogModuleManager: Shutting down and abandoning module PluginBrowser (107)
[2015.11.27-15.35.49:881][734]LogModuleManager: Shutting down and abandoning module EpicSurvey (106)
[2015.11.27-15.35.49:882][734]LogModuleManager: Shutting down and abandoning module DesktopPlatform (105)
[2015.11.27-15.35.49:882][734]LogModuleManager: Shutting down and abandoning module VisualStudioSourceCodeAccess (104)
[2015.11.27-15.35.49:893][734]LogModuleManager: Shutting down and abandoning module UObjectPlugin (103)
[2015.11.27-15.35.49:893][734]LogModuleManager: Shutting down and abandoning module SubversionSourceControl (102)
[2015.11.27-15.35.49:896][734]LogModuleManager: Shutting down and abandoning module PerforceSourceControl (101)
[2015.11.27-15.35.49:899][734]LogModuleManager: Shutting down and abandoning module SourceControl (100)
[2015.11.27-15.35.49:900][734]LogModuleManager: Shutting down and abandoning module GitSourceControl (99)
[2015.11.27-15.35.49:901][734]LogModuleManager: Shutting down and abandoning module LightPropagationVolumeEditor (98)
[2015.11.27-15.35.49:901][734]LogModuleManager: Shutting down and abandoning module PaperTiledImporter (97)
[2015.11.27-15.35.49:901][734]LogModuleManager: Shutting down and abandoning module PaperSpriteSheetImporter (96)
[2015.11.27-15.35.49:901][734]LogModuleManager: Shutting down and abandoning module MeshPaint (95)
[2015.11.27-15.35.49:901][734]LogModuleManager: Shutting down and abandoning module SlateReflector (94)
[2015.11.27-15.35.49:902][734]LogModuleManager: Shutting down and abandoning module HotReload (93)
[2015.11.27-15.35.49:903][734]LogModuleManager: Shutting down and abandoning module MainFrame (92)
[2015.11.27-15.35.49:903][734]LogModuleManager: Shutting down and abandoning module LevelEditor (91)
[2015.11.27-15.35.49:906][734]LogModuleManager: Shutting down and abandoning module DirectoryWatcher (90)
[2015.11.27-15.35.49:908][734]LogModuleManager: Shutting down and abandoning module AssetRegistry (89)
[2015.11.27-15.35.50:056][734]LogModuleManager: Shutting down and abandoning module ContentBrowser (88)
[2015.11.27-15.35.50:059][734]LogModuleManager: Shutting down and abandoning module Paper2DEditor (87)
[2015.11.27-15.35.50:061][734]LogModuleManager: Shutting down and abandoning module UdpMessaging (86)
[2015.11.27-15.35.50:163][734]LogModuleManager: Shutting down and abandoning module LightPropagationVolumeRuntime (85)
[2015.11.27-15.35.50:163][734]LogModuleManager: Shutting down and abandoning module Paper2D (84)
[2015.11.27-15.35.50:168][734]LogModuleManager: Shutting down and abandoning module WindowsMoviePlayer (83)
[2015.11.27-15.35.50:177][734]LogModuleManager: Shutting down and abandoning module Media (82)
[2015.11.27-15.35.50:177][734]LogModuleManager: Shutting down and abandoning module WmfMedia (81)
[2015.11.27-15.35.50:180][734]LogModuleManager: Shutting down and abandoning module OnlineBlueprintSupport (80)
[2015.11.27-15.35.50:181][734]LogModuleManager: Shutting down and abandoning module GameplayTasksEditor (79)
[2015.11.27-15.35.50:181][734]LogModuleManager: Shutting down and abandoning module PropertyEditor (78)
[2015.11.27-15.35.50:181][734]LogModuleManager: Shutting down and abandoning module BehaviorTreeEditor (77)
[2015.11.27-15.35.50:186][734]LogModuleManager: Shutting down and abandoning module FunctionalTesting (76)
[2015.11.27-15.35.50:186][734]LogModuleManager: Shutting down and abandoning module CollisionAnalyzer (75)
[2015.11.27-15.35.50:187][734]LogModuleManager: Shutting down and abandoning module WorkspaceMenuStructure (74)
[2015.11.27-15.35.50:187][734]LogModuleManager: Shutting down and abandoning module MessageLog (73)
[2015.11.27-15.35.50:187][734]LogModuleManager: Shutting down and abandoning module Sequencer (72)
[2015.11.27-15.35.50:192][734]LogModuleManager: Shutting down and abandoning module AssetTools (71)
[2015.11.27-15.35.50:195][734]LogModuleManager: Shutting down and abandoning module UMGEditor (70)
[2015.11.27-15.35.50:197][734]LogModuleManager: Shutting down and abandoning module UMG (69)
[2015.11.27-15.35.50:197][734]LogModuleManager: Shutting down and abandoning module Slate (68)
[2015.11.27-15.35.50:197][734]LogModuleManager: Shutting down and abandoning module EditorStyle (67)
[2015.11.27-15.35.50:204][734]LogModuleManager: Shutting down and abandoning module SessionServices (66)
[2015.11.27-15.35.50:204][734]LogModuleManager: Shutting down and abandoning module SourceCodeAccess (65)
[2015.11.27-15.35.50:204][734]LogModuleManager: Shutting down and abandoning module HeadMountedDisplay (64)
[2015.11.27-15.35.50:204][734]LogModuleManager: Shutting down and abandoning module XAudio2 (63)
[2015.11.27-15.35.50:205][734]LogModuleManager: Shutting down and abandoning module Networking (61)
[2015.11.27-15.35.50:205][734]LogModuleManager: Shutting down and abandoning module Core (60)
[2015.11.27-15.35.50:205][734]LogModuleManager: Shutting down and abandoning module KismetCompiler (59)
[2015.11.27-15.35.50:205][734]LogModuleManager: Shutting down and abandoning module PhysXFormats (58)
[2015.11.27-15.35.50:205][734]LogModuleManager: Shutting down and abandoning module MeshUtilities (57)
[2015.11.27-15.35.50:206][734]LogModuleManager: Shutting down and abandoning module DerivedDataCache (56)
[2015.11.27-15.35.50:240][734]LogDerivedDataCache: Shutdown
[2015.11.27-15.35.50:240][734]LogModuleManager: Shutting down and abandoning module ShaderFormatOpenGL (55)
[2015.11.27-15.35.50:241][734]LogModuleManager: Shutting down and abandoning module ShaderFormatD3D (54)
[2015.11.27-15.35.50:241][734]LogModuleManager: Shutting down and abandoning module MetalShaderFormat (53)
[2015.11.27-15.35.50:242][734]LogModuleManager: Shutting down and abandoning module TextureFormatUncompressed (52)
[2015.11.27-15.35.50:242][734]LogModuleManager: Shutting down and abandoning module TextureFormatPVR (51)
[2015.11.27-15.35.50:242][734]LogModuleManager: Shutting down and abandoning module TextureFormatIntelISPCTexComp (50)
[2015.11.27-15.35.50:242][734]LogModuleManager: Shutting down and abandoning module TextureFormatDXT (49)
[2015.11.27-15.35.50:243][734]LogModuleManager: Shutting down and abandoning module ImageWrapper (48)
[2015.11.27-15.35.50:243][734]LogModuleManager: Shutting down and abandoning module TextureFormatASTC (47)
[2015.11.27-15.35.50:243][734]LogModuleManager: Shutting down and abandoning module TextureFormatAndroid (46)
[2015.11.27-15.35.50:243][734]LogModuleManager: Shutting down and abandoning module AudioFormatOpus (45)
[2015.11.27-15.35.50:243][734]LogModuleManager: Shutting down and abandoning module AudioFormatOgg (44)
[2015.11.27-15.35.50:244][734]LogModuleManager: Shutting down and abandoning module AudioFormatADPCM (43)
[2015.11.27-15.35.50:244][734]LogModuleManager: Shutting down and abandoning module LinuxTargetPlatform (42)
[2015.11.27-15.35.50:244][734]LogModuleManager: Shutting down and abandoning module LinuxServerTargetPlatform (41)
[2015.11.27-15.35.50:244][734]LogModuleManager: Shutting down and abandoning module LinuxNoEditorTargetPlatform (40)
[2015.11.27-15.35.50:245][734]LogModuleManager: Shutting down and abandoning module Messaging (39)
[2015.11.27-15.35.50:245][734]LogModuleManager: Shutting down and abandoning module IOSTargetPlatform (38)
[2015.11.27-15.35.50:245][734]LogModuleManager: Shutting down and abandoning module HTML5TargetPlatform (37)
[2015.11.27-15.35.50:245][734]LogModuleManager: Shutting down and abandoning module Android_PVRTCTargetPlatform (36)
[2015.11.27-15.35.50:245][734]LogModuleManager: Shutting down and abandoning module Android_MultiTargetPlatform (35)
[2015.11.27-15.35.50:245][734]LogModuleManager: Shutting down and abandoning module Android_ETC2TargetPlatform (34)
[2015.11.27-15.35.50:245][734]LogModuleManager: Shutting down and abandoning module Android_ETC1TargetPlatform (33)
[2015.11.27-15.35.50:245][734]LogModuleManager: Shutting down and abandoning module Android_DXTTargetPlatform (32)
[2015.11.27-15.35.50:245][734]LogModuleManager: Shutting down and abandoning module Android_ATCTargetPlatform (31)
[2015.11.27-15.35.50:245][734]LogModuleManager: Shutting down and abandoning module Android_ASTCTargetPlatform (30)
[2015.11.27-15.35.50:245][734]LogModuleManager: Shutting down and abandoning module AndroidTargetPlatform (29)
[2015.11.27-15.35.50:245][734]LogModuleManager: Shutting down and abandoning module WindowsTargetPlatform (28)
[2015.11.27-15.35.50:245][734]LogModuleManager: Shutting down and abandoning module WindowsServerTargetPlatform (27)
[2015.11.27-15.35.50:246][734]LogModuleManager: Shutting down and abandoning module WindowsNoEditorTargetPlatform (26)
[2015.11.27-15.35.50:246][734]LogModuleManager: Shutting down and abandoning module WindowsClientTargetPlatform (25)
[2015.11.27-15.35.50:246][734]LogModuleManager: Shutting down and abandoning module AllDesktopTargetPlatform (24)
[2015.11.27-15.35.50:246][734]LogModuleManager: Shutting down and abandoning module TargetPlatform (23)
[2015.11.27-15.35.50:247][734]LogModuleManager: Shutting down and abandoning module InputCore (22)
[2015.11.27-15.35.50:247][734]LogModuleManager: Shutting down and abandoning module Settings (21)
[2015.11.27-15.35.50:247][734]LogModuleManager: Shutting down and abandoning module OnlineSubsystem (19)
[2015.11.27-15.35.50:247][734]LogModuleManager: Shutting down and abandoning module HTTP (18)
[2015.11.27-15.35.51:249][734]LogModuleManager: Shutting down and abandoning module XMPP (17)
[2015.11.27-15.35.51:250][734]LogModuleManager: Shutting down and abandoning module OculusRift (16)
[2015.11.27-15.35.51:251][734]LogModuleManager: Shutting down and abandoning module ExampleDeviceProfileSelector (15)
[2015.11.27-15.35.51:251][734]LogModuleManager: Shutting down and abandoning module TextureCompressor (14)
[2015.11.27-15.35.51:252][734]LogModuleManager: Shutting down and abandoning module ShaderCore (13)
[2015.11.27-15.35.51:252][734]LogModuleManager: Shutting down and abandoning module Landscape (12)
[2015.11.27-15.35.51:252][734]LogModuleManager: Shutting down and abandoning module SlateRHIRenderer (11)
[2015.11.27-15.35.51:255][734]LogModuleManager: Shutting down and abandoning module OpenGLDrv (10)
[2015.11.27-15.35.51:256][734]LogModuleManager: Shutting down and abandoning module D3D11RHI (9)
[2015.11.27-15.35.51:256][734]LogModuleManager: Shutting down and abandoning module AnimGraphRuntime (8)
[2015.11.27-15.35.51:257][734]LogModuleManager: Shutting down and abandoning module Renderer (7)
[2015.11.27-15.35.51:257][734]LogModuleManager: Shutting down and abandoning module Engine (6)
[2015.11.27-15.35.51:257][734]LogModuleManager: Shutting down and abandoning module CoreUObject (5)
[2015.11.27-15.35.51:257][734]LogModuleManager: Shutting down and abandoning module NetworkFile (4)
[2015.11.27-15.35.51:258][734]LogModuleManager: Shutting down and abandoning module StreamingFile (3)
[2015.11.27-15.35.51:258][734]LogModuleManager: Shutting down and abandoning module SandboxFile (2)
[2015.11.27-15.35.51:258][734]LogModuleManager: Shutting down and abandoning module PakFile (1)
[2015.11.27-15.35.51:263][734]LogExit: Exiting.
[2015.11.27-15.35.51:308][734]Log file closed, 11/27/15 23:35:51
