[2015.11.27-15.42.06:512][  0]Log file open, 11/27/15 23:42:06
[2015.11.27-15.42.06:512][  0]LogInit:Display: Running engine for game: RollingBall
[2015.11.27-15.42.06:512][  0]LogPlatformFile: Not using cached read wrapper
[2015.11.27-15.42.06:512][  0]LogInit:Display: RandInit(144829178) SRandInit(144829185).
[2015.11.27-15.42.06:512][  0]LogTaskGraph: Started task graph with 4 named threads and 5 total threads.
[2015.11.27-15.42.06:512][  0]LogStats: Stats thread started at 0.092773
[2015.11.27-15.42.06:512][  0]LogInit: Version: 4.10.0-2758231+++depot+UE4-Releases+4.10
[2015.11.27-15.42.06:512][  0]LogInit: API Version: 2758231
[2015.11.27-15.42.06:512][  0]LogInit: Compiled (64-bit): Nov  7 2015 05:13:45
[2015.11.27-15.42.06:512][  0]LogInit: Compiled with Visual C++: 19.00.23026.00
[2015.11.27-15.42.06:512][  0]LogInit: Build Configuration: Development
[2015.11.27-15.42.06:512][  0]LogInit: Branch Name: ++depot+UE4-Releases+4.10
[2015.11.27-15.42.06:512][  0]LogInit: Command line:  
[2015.11.27-15.42.06:512][  0]LogInit: Base directory: C:/Program Files (x86)/Epic Games/4.10/Engine/Binaries/Win64/
[2015.11.27-15.42.06:512][  0]LogInit: Rocket: 1
[2015.11.27-15.42.06:523][  0]LogInit: Using libcurl 7.41.0
[2015.11.27-15.42.06:523][  0]LogInit:  - built for x86_64-pc-win32
[2015.11.27-15.42.06:523][  0]LogInit:  - supports SSL with WinSSL
[2015.11.27-15.42.06:523][  0]LogInit:  - other features:
[2015.11.27-15.42.06:523][  0]LogInit:      CURL_VERSION_SSL
[2015.11.27-15.42.06:523][  0]LogInit:      CURL_VERSION_IPV6
[2015.11.27-15.42.06:523][  0]LogInit:      CURL_VERSION_ASYNCHDNS
[2015.11.27-15.42.06:523][  0]LogInit:      CURL_VERSION_LARGEFILE
[2015.11.27-15.42.06:523][  0]LogInit:      CURL_VERSION_IDN
[2015.11.27-15.42.06:523][  0]LogInit:  CurlRequestOptions (configurable via config and command line):
[2015.11.27-15.42.06:523][  0]LogInit:  - bVerifyPeer = true  - Libcurl will verify peer certificate
[2015.11.27-15.42.06:523][  0]LogInit:  - bUseHttpProxy = false  - Libcurl will NOT use HTTP proxy
[2015.11.27-15.42.06:523][  0]LogInit:  - bDontReuseConnections = false  - Libcurl will reuse connections
[2015.11.27-15.42.06:523][  0]LogInit:  - CertBundlePath = nullptr  - Libcurl will use whatever was configured at build time.
[2015.11.27-15.42.06:535][  0]LogInit: Presizing for 0 objects not considered by GC, pre-allocating 0 bytes.
[2015.11.27-15.42.06:547][  0]LogInit: Object subsystem initialized
[2015.11.27-15.42.06:548][  0]LogInit: Selected Device Profile: [Windows]
[2015.11.27-15.42.06:548][  0]LogInit: Applying CVar settings loaded from the selected device profile: [Windows]
[2015.11.27-15.42.06:596][  0]LogInit: Computer: USER
[2015.11.27-15.42.06:596][  0]LogInit: User: acer
[2015.11.27-15.42.06:596][  0]LogInit: CPU Page size=4096, Cores=2
[2015.11.27-15.42.06:596][  0]LogInit: High frequency timer resolution =2.435881 MHz
[2015.11.27-15.42.06:596][  0]LogMemory: Memory total: Physical=3.8GB (4GB approx)
[2015.11.27-15.42.06:596][  0]LogMemory: Platform Memory Stats for Windows
[2015.11.27-15.42.06:596][  0]LogMemory: Process Physical Memory: 56.02 MB used, 56.02 MB peak
[2015.11.27-15.42.06:596][  0]LogMemory: Process Virtual Memory: 57.49 MB used, 57.49 MB peak
[2015.11.27-15.42.06:596][  0]LogMemory: Physical Memory: 2791.87 MB used, 3914.31 MB total
[2015.11.27-15.42.06:596][  0]LogMemory: Virtual Memory: 377.94 MB used, 134217728.00 MB total
[2015.11.27-15.42.06:680][  0]LogTextLocalizationManager: No translations for ('zh-TW') exist, falling back to 'en' for localization and internationalization data.
[2015.11.27-15.42.07:612][  0]LogD3D11RHI: Found D3D11 adapter 0: Intel(R) HD Graphics 4000 (Feature Level 11_0)
[2015.11.27-15.42.07:612][  0]LogD3D11RHI: Adapter has 96MB of dedicated video memory, 0MB of dedicated system memory, and 1696MB of shared system memory, 1 output[s]
[2015.11.27-15.42.07:614][  0]LogD3D11RHI: Found D3D11 adapter 1: Microsoft Basic Render Driver (Feature Level 11_0)
[2015.11.27-15.42.07:614][  0]LogD3D11RHI: Adapter has 0MB of dedicated video memory, 0MB of dedicated system memory, and 1957MB of shared system memory, 0 output[s]
[2015.11.27-15.42.07:614][  0]LogD3D11RHI: Chosen D3D11 Adapter Id = 0
[2015.11.27-15.42.07:622][  0]LogD3D11RHI: !Direct3DDevice
[2015.11.27-15.42.07:622][  0]LogRHI: Texture pool is 660 MB (70% of 944 MB)
[2015.11.27-15.42.07:626][  0]LogD3D11RHI: Async texture creation enabled
[2015.11.27-15.42.07:634][  0]LogShaderCompilers: Guid format shader working directory is -22 characters bigger than the processId version (../../../../../../Users/acer/Documents/Unreal Projects/RollingBall/Intermediate/Shaders/WorkingDirectory/12140/).
[2015.11.27-15.42.07:634][  0]LogShaderCompilers: Cleaned the shader compiler working directory 'C:/Users/acer/AppData/Local/Temp/UnrealShaderWorkingDir/3C344D0C43C0988F3365E1B011EE174F/'.
[2015.11.27-15.42.07:634][  0]LogShaderCompilers:Display: Using Local Shader Compiler.
[2015.11.27-15.42.10:312][  0]LogTemp:Display: Loaded TP AllDesktopTargetPlatform
[2015.11.27-15.42.10:320][  0]LogTemp:Display: Loaded TP WindowsClientTargetPlatform
[2015.11.27-15.42.10:327][  0]LogTemp:Display: Loaded TP WindowsNoEditorTargetPlatform
[2015.11.27-15.42.10:336][  0]LogTemp:Display: Loaded TP WindowsServerTargetPlatform
[2015.11.27-15.42.10:345][  0]LogTemp:Display: Loaded TP WindowsTargetPlatform
[2015.11.27-15.42.10:352][  0]LogTemp:Display: Loaded TP AndroidTargetPlatform
[2015.11.27-15.42.10:358][  0]LogTemp:Display: Loaded TP Android_ASTCTargetPlatform
[2015.11.27-15.42.10:366][  0]LogTemp:Display: Loaded TP Android_ATCTargetPlatform
[2015.11.27-15.42.10:375][  0]LogTemp:Display: Loaded TP Android_DXTTargetPlatform
[2015.11.27-15.42.10:385][  0]LogTemp:Display: Loaded TP Android_ETC1TargetPlatform
[2015.11.27-15.42.10:395][  0]LogTemp:Display: Loaded TP Android_ETC2TargetPlatform
[2015.11.27-15.42.10:408][  0]LogTemp:Display: Loaded TP Android_MultiTargetPlatform
[2015.11.27-15.42.10:408][  0]LogTemp:Display: Loaded TP Android_PVRTCTargetPlatform
[2015.11.27-15.42.10:411][  0]LogTemp:Display: Loaded TP HTML5TargetPlatform
[2015.11.27-15.42.10:434][  0]LogTemp:Display: Loaded TP IOSTargetPlatform
[2015.11.27-15.42.10:438][  0]LogTemp:Display: Loaded TP LinuxNoEditorTargetPlatform
[2015.11.27-15.42.10:443][  0]LogTemp:Display: Loaded TP LinuxServerTargetPlatform
[2015.11.27-15.42.10:449][  0]LogTemp:Display: Loaded TP LinuxTargetPlatform
[2015.11.27-15.42.10:449][  0]LogTargetPlatformManager:Display: Building Assets For Windows
[2015.11.27-15.42.10:607][  0]LogDerivedDataCache:Display: Max Cache Size: 512 MB
[2015.11.27-15.42.10:706][  0]LogDerivedDataCache: Loaded boot cache 0.10s 41MB C:/Users/acer/AppData/Local/UnrealEngine/4.10/DerivedDataCache/Boot.ddc.
[2015.11.27-15.42.10:706][  0]LogDerivedDataCache:Display: Loaded Boot cache: C:/Users/acer/AppData/Local/UnrealEngine/4.10/DerivedDataCache/Boot.ddc
[2015.11.27-15.42.10:706][  0]LogDerivedDataCache: FDerivedDataBackendGraph:  Pak pak cache file ../../../../../../Users/acer/Documents/Unreal Projects/RollingBall/DerivedDataCache/DDC.ddp not found, will not use a pak cache.
[2015.11.27-15.42.10:706][  0]LogDerivedDataCache: Unable to find inner node Pak for hierarchical cache Hierarchy.
[2015.11.27-15.42.10:706][  0]LogDerivedDataCache: FDerivedDataBackendGraph:  CompressedPak pak cache file ../../../../../../Users/acer/Documents/Unreal Projects/RollingBall/DerivedDataCache/Compressed.ddp not found, will not use a pak cache.
[2015.11.27-15.42.10:706][  0]LogDerivedDataCache: Unable to find inner node CompressedPak for hierarchical cache Hierarchy.
[2015.11.27-15.42.10:813][  0]LogDerivedDataCache:Display: Pak cache opened for reading ../../../Engine/DerivedDataCache/Compressed.ddp.
[2015.11.27-15.42.10:827][  0]LogDerivedDataCache: Using Local data cache path C:/Users/acer/AppData/Local/UnrealEngine/Common/DerivedDataCache: Writable
[2015.11.27-15.42.12:975][  0]LogInit: Selected Device Profile: [Windows]
[2015.11.27-15.42.12:989][  0]LogContentStreaming: Texture pool size is 0.000000MB
[2015.11.27-15.42.13:220][  0]LogMeshUtilities: No automatic mesh reduction module available
[2015.11.27-15.42.13:220][  0]LogMeshUtilities: No automatic mesh merging module available
[2015.11.27-15.42.13:665][  0]LogInit: WinSock: version 1.1 (2.2), MaxSocks=32767, MaxUdp=65467
[2015.11.27-15.42.17:973][  0]UdpMessaging: Initializing bridge on interface 0.0.0.0:0 to multicast group 230.0.0.1:6666.
[2015.11.27-15.42.17:974][  0]FUdpSocketBuilder: Failed to create the socket UdpMessageMulticastSocket as configured
[2015.11.27-15.42.17:974][  0]UdpMessageTransport.StartTransport: Failed to create multicast socket on 0.0.0.0:0, joined to 230.0.0.1:6666 with TTL 1
[2015.11.27-15.42.18:186][  0]LogAssetRegistry: FAssetRegistry took 0.0127 seconds to start up
[2015.11.27-15.42.18:529][  0]SourceControl: Info Source control is disabled
[2015.11.27-15.42.18:611][  0]SourceControl: Info Source control is disabled
[2015.11.27-15.42.18:637][  0]SourceControl: Info Source control is disabled
[2015.11.27-15.42.18:663][  0]SourceControl: Info Source control is disabled
[2015.11.27-15.42.19:223][  0]LogObj: 28633 objects as part of root set at end of initial load.
[2015.11.27-15.42.19:224][  0]LogUObjectAllocator: 6099744 out of 0 bytes used by permanent object pool.
[2015.11.27-15.42.19:325][  0]LogEngine: Initializing Engine...
[2015.11.27-15.42.19:329][  0]LogHMD: Can't find Oculus library dev build: is proper Runtime installed? Version: 0.8.0.0
[2015.11.27-15.42.19:350][  0]LogHMD: SteamVR failed to initialize.  Err: 110
[2015.11.27-15.42.19:593][  0]LogAIModule: Creating AISystem for world NewWorld
[2015.11.27-15.42.19:601][  0]LogInit: XAudio2 using '喇叭 (Realtek High Definition Audio)' : 2 channels at 48 kHz using 32 bits per sample (channel mask 0x3)
[2015.11.27-15.42.19:624][  0]LogInit: FAudioDevice initialized.
[2015.11.27-15.42.19:677][  0]LogDerivedDataCache: Saved boot cache 0.05s 41MB C:/Users/acer/AppData/Local/UnrealEngine/4.10/DerivedDataCache/Boot.ddc.
[2015.11.27-15.42.19:691][  0]LogInit: Texture streaming: Enabled
[2015.11.27-15.42.19:704][  0]LogAnalytics: Creating configured Analytics provider AnalyticsET
[2015.11.27-15.42.19:704][  0]LogAnalytics: [UEEditor.Rocket.Release] APIServer = http://et2.epicgames.com/ET2/. AppVersion = 4.10.0-2758231+++depot+UE4-Releases+4.10
[2015.11.27-15.42.19:704][  0]LogAnalytics: [UEEditor.Rocket.Release] SetUserId b28a54dd4c274698e8fd378172540302|7ab9c2e1b7464127a7a1e84c1ac07d12|20189905-d510-4860-8e10-ed7b2f66fadd
[2015.11.27-15.42.19:704][  0]LogAnalytics: [UEEditor.Rocket.Release] AnalyticsET::StartSession
[2015.11.27-15.42.19:803][  0]LogInit: Transaction tracking system initialized
[2015.11.27-15.42.19:921][  0]BlueprintLog: New page: Editor Load
[2015.11.27-15.42.20:440][  0]LocalizationService: Info Localization service is disabled
[2015.11.27-15.42.20:627][  0]LogConsoleResponse:Display: 
[2015.11.27-15.42.20:929][  0]LogCook:Display: Done creating registry. It took  0.00s.
[2015.11.27-15.42.21:090][  0]LogFileCache: Scanning file cache for directory 'C:/Users/acer/Documents/Unreal Projects/RollingBall/Content/' took 0.02s
[2015.11.27-15.42.21:101][  0]SourceControl: Info Source control is disabled
[2015.11.27-15.42.21:102][  0]Cmd: MAP LOAD FILE="../../../../../../Users/acer/Documents/Unreal Projects/RollingBall/Content/RollingBP/Maps/RollingBPExampleMap.umap" TEMPLATE=0 SHOWPROGRESS=1 FEATURELEVEL=3
[2015.11.27-15.42.21:111][  0]LightingResults: New page: Lighting Build
[2015.11.27-15.42.21:116][  0]MapCheck: New page: Map Check
[2015.11.27-15.42.21:116][  0]LightingResults: New page: Lighting Build
[2015.11.27-15.42.21:154][  0]LogParticles: Destroying 0 GPU particle simulations for FXSystem 0x000000B8753A3420
[2015.11.27-15.42.22:517][  0]LogMaterial: Missing cached shader map for material CubeMaterial, compiling. 
[2015.11.27-15.42.22:652][  0]LogAIModule: Creating AISystem for world RollingBPExampleMap
[2015.11.27-15.42.22:689][  0]LogEditorServer: Finished looking for orphan Actors (0.000 secs)
[2015.11.27-15.42.22:691][  0]Cmd: MAP CHECKDEP NOCLEARLOG
[2015.11.27-15.42.22:834][  0]MapCheck: Info Map check complete: 0 Error(s), 0 Warning(s), took 143.276ms to complete.
[2015.11.27-15.42.22:834][  0]LogFileHelpers: Loading map 'RollingBPExampleMap' took 1.733
[2015.11.27-15.42.23:182][  0]LogCollectionManager: Loaded 0 collections in 0.005375 seconds
[2015.11.27-15.42.23:242][  0]LogFileCache: Scanning file cache for directory 'C:/Users/acer/Documents/Unreal Projects/RollingBall/Saved/Collections/' took 0.02s
[2015.11.27-15.42.23:242][  0]LogFileCache: Scanning file cache for directory 'C:/Users/acer/Documents/Unreal Projects/RollingBall/Content/Developers/acer/Collections/' took 0.01s
[2015.11.27-15.42.23:242][  0]LogFileCache: Scanning file cache for directory 'C:/Users/acer/Documents/Unreal Projects/RollingBall/Content/Collections/' took 0.01s
[2015.11.27-15.42.23:242][  0]LogCollectionManager: Rebuilt the GUID cache for 0 collections in 0.000005 seconds
[2015.11.27-15.42.23:269][  0]LogContentBrowser: Native class hierarchy populated in 0.0269 seconds. Added 1893 classes and 338 folders.
[2015.11.27-15.42.23:308][  0]LogContentBrowser: Native class hierarchy updated for 'WidgetCarousel' in 0.0006 seconds. Added 0 classes and 0 folders.
[2015.11.27-15.42.23:692][  0]LogContentBrowser: Native class hierarchy updated for 'AddContentDialog' in 0.0007 seconds. Added 0 classes and 0 folders.
[2015.11.27-15.42.23:713][  0]LogContentBrowser: Native class hierarchy updated for 'SceneOutliner' in 0.0008 seconds. Added 1 classes and 2 folders.
[2015.11.27-15.42.23:784][  0]LogCrashTracker: Crashtracker disabled due to settings.
[2015.11.27-15.42.23:794][  0]LogUObjectGlobals:Warning: Failed to find object 'Class None.'
[2015.11.27-15.42.23:836][  0]LogLoad: Full Startup: 18.44 seconds (BP compile: 0.20 seconds)
[2015.11.27-15.42.23:873][  0]LogOcInput: Can't find Oculus library dev build: is proper Runtime installed? Version: 0.8.0.0
[2015.11.27-15.42.24:020][  0]LogContentStreaming: Texture pool size now 1000 MB
[2015.11.27-15.42.24:333][  0]LogRenderer: Reallocating scene render targets to support 608x312 (Frame:2).
[2015.11.27-15.42.25:541][  5]LogAssetRegistry: Asset discovery search completed in 7.3675 seconds
[2015.11.27-15.42.25:541][  5]LogCollectionManager: Rebuilt the object cache for 0 collections in 0.000002 seconds (found 0 objects)
[2015.11.27-15.42.25:541][  5]LogCollectionManager: Fixed up redirectors for 0 collections in 0.000056 seconds (updated 0 objects)
[2015.11.27-15.43.00:022][799]LogGameProjectGeneration:Verbose: 'C:/Program Files (x86)/Epic Games/4.10/Templates/TP_RollingBP/Media/TP_RollingBP.png': Skipping as it is in an ignored folder 'Media'
[2015.11.27-15.43.00:023][799]LogGameProjectGeneration:Verbose: 'C:/Program Files (x86)/Epic Games/4.10/Templates/TP_RollingBP/Media/TP_RollingBP_Preview.png': Skipping as it is in an ignored folder 'Media'
[2015.11.27-15.43.00:431][800]Cmd: CLOSE_SLATE_MAINFRAME
[2015.11.27-15.43.00:829][800]LogWindowsTextInputMethodSystem:Display: IME system now activated using TSF (微軟注音).
[2015.11.27-15.43.00:829][800]LogWindowsTextInputMethodSystem:Display: IME system now activated using TSF (微軟注音).
[2015.11.27-15.43.00:935][800]LogWindowsTextInputMethodSystem:Display: IME system now activated using TSF (微軟注音).
[2015.11.27-15.43.00:935][800]LogWindowsTextInputMethodSystem:Display: IME system now activated using TSF (微軟注音).
[2015.11.27-15.43.01:521][801]Cmd: QUIT_EDITOR
[2015.11.27-15.43.01:869][801]LogWindowsTextInputMethodSystem:Display: IME system now activated using TSF (微軟注音).
[2015.11.27-15.43.01:870][801]LogWindowsTextInputMethodSystem:Display: IME system now activated using TSF (微軟注音).
[2015.11.27-15.43.02:212][801]LogExit: Preparing to exit.
[2015.11.27-15.43.03:228][801]LogExit: Editor shut down
[2015.11.27-15.43.03:229][801]LogExit: Transaction tracking system shut down
[2015.11.27-15.43.03:239][801]LogParticles: Destroying 0 GPU particle simulations for FXSystem 0x000000B864653420
[2015.11.27-15.43.03:715][801]LogParticles: Destroying 0 GPU particle simulations for FXSystem 0x000000B87E633880
[2015.11.27-15.43.03:715][801]LogExit: Object subsystem successfully closed.
[2015.11.27-15.43.03:750][801]LogD3D11RHI: Shutdown
[2015.11.27-15.43.03:750][801]LogD3D11RHI: CleanupD3DDevice
[2015.11.27-15.43.03:850][801]LogD3D11RHI: ~FD3D11DynamicRHI
[2015.11.27-15.43.03:951][801]LogModuleManager: Shutting down and abandoning module CrashTracker (198)
[2015.11.27-15.43.03:951][801]LogModuleManager: Shutting down and abandoning module SceneOutliner (197)
[2015.11.27-15.43.03:951][801]LogModuleManager: Shutting down and abandoning module SuperSearch (196)
[2015.11.27-15.43.03:951][801]LogModuleManager: Shutting down and abandoning module WidgetCarousel (195)
[2015.11.27-15.43.03:951][801]LogModuleManager: Shutting down and abandoning module AddContentDialog (194)
[2015.11.27-15.43.03:954][801]LogModuleManager: Shutting down and abandoning module EditorWidgets (193)
[2015.11.27-15.43.03:954][801]LogModuleManager: Shutting down and abandoning module CollectionManager (192)
[2015.11.27-15.43.03:954][801]LogModuleManager: Shutting down and abandoning module StatsViewer (191)
[2015.11.27-15.43.03:955][801]LogModuleManager: Shutting down and abandoning module FoliageEdit (190)
[2015.11.27-15.43.03:955][801]LogModuleManager: Shutting down and abandoning module LandscapeEditor (189)
[2015.11.27-15.43.03:956][801]LogModuleManager: Shutting down and abandoning module ActorPickerMode (188)
[2015.11.27-15.43.03:956][801]LogModuleManager: Shutting down and abandoning module GeometryMode (187)
[2015.11.27-15.43.03:956][801]LogModuleManager: Shutting down and abandoning module TextureAlignMode (186)
[2015.11.27-15.43.03:956][801]LogModuleManager: Shutting down and abandoning module BspMode (185)
[2015.11.27-15.43.03:956][801]LogModuleManager: Shutting down and abandoning module PlacementMode (184)
[2015.11.27-15.43.03:957][801]LogModuleManager: Shutting down and abandoning module AutomationWorker (183)
[2015.11.27-15.43.03:957][801]LogModuleManager: Shutting down and abandoning module CharacterAI (182)
[2015.11.27-15.43.03:957][801]LogModuleManager: Shutting down and abandoning module SmartSnapping (181)
[2015.11.27-15.43.03:957][801]LogModuleManager: Shutting down and abandoning module ViewportSnapping (180)
[2015.11.27-15.43.03:957][801]LogModuleManager: Shutting down and abandoning module LogVisualizer (179)
[2015.11.27-15.43.03:958][801]LogModuleManager: Shutting down and abandoning module GameProjectGeneration (178)
[2015.11.27-15.43.03:958][801]LogModuleManager: Shutting down and abandoning module IntroTutorials (177)
[2015.11.27-15.43.03:960][801]LogModuleManager: Shutting down and abandoning module EditorLiveStreaming (176)
[2015.11.27-15.43.03:960][801]LogModuleManager: Shutting down and abandoning module IOSPlatformEditor (175)
[2015.11.27-15.43.03:960][801]LogModuleManager: Shutting down and abandoning module HTML5PlatformEditor (174)
[2015.11.27-15.43.03:960][801]LogModuleManager: Shutting down and abandoning module AndroidDeviceDetection (173)
[2015.11.27-15.43.04:306][801]LogModuleManager: Shutting down and abandoning module AndroidPlatformEditor (172)
[2015.11.27-15.43.04:306][801]LogModuleManager: Shutting down and abandoning module IOSRuntimeSettings (171)
[2015.11.27-15.43.04:306][801]LogModuleManager: Shutting down and abandoning module AndroidRuntimeSettings (170)
[2015.11.27-15.43.04:306][801]LogModuleManager: Shutting down and abandoning module MergeActors (169)
[2015.11.27-15.43.04:307][801]LogModuleManager: Shutting down and abandoning module SizeMap (168)
[2015.11.27-15.43.04:307][801]LogModuleManager: Shutting down and abandoning module TreeMap (167)
[2015.11.27-15.43.04:313][801]LogModuleManager: Shutting down and abandoning module ReferenceViewer (166)
[2015.11.27-15.43.04:314][801]LogModuleManager: Shutting down and abandoning module LocalizationService (165)
[2015.11.27-15.43.04:314][801]LogModuleManager: Shutting down and abandoning module LocalizationDashboard (164)
[2015.11.27-15.43.04:315][801]LogModuleManager: Shutting down and abandoning module HardwareTargeting (163)
[2015.11.27-15.43.04:315][801]LogModuleManager: Shutting down and abandoning module DeviceProfileEditor (162)
[2015.11.27-15.43.04:319][801]LogModuleManager: Shutting down and abandoning module UndoHistory (161)
[2015.11.27-15.43.04:319][801]LogModuleManager: Shutting down and abandoning module GameplayTagsEditor (160)
[2015.11.27-15.43.04:321][801]LogModuleManager: Shutting down and abandoning module UserFeedback (159)
[2015.11.27-15.43.04:322][801]LogModuleManager: Shutting down and abandoning module XmlParser (158)
[2015.11.27-15.43.04:322][801]LogModuleManager: Shutting down and abandoning module Blutility (157)
[2015.11.27-15.43.04:322][801]LogModuleManager: Shutting down and abandoning module ProjectTargetPlatformEditor (156)
[2015.11.27-15.43.04:322][801]LogModuleManager: Shutting down and abandoning module ProjectSettingsViewer (155)
[2015.11.27-15.43.04:323][801]LogModuleManager: Shutting down and abandoning module InputBindingEditor (154)
[2015.11.27-15.43.04:324][801]LogModuleManager: Shutting down and abandoning module EditorSettingsViewer (153)
[2015.11.27-15.43.04:324][801]LogModuleManager: Shutting down and abandoning module SettingsEditor (152)
[2015.11.27-15.43.04:325][801]LogModuleManager: Shutting down and abandoning module ProjectLauncher (151)
[2015.11.27-15.43.04:326][801]LogModuleManager: Shutting down and abandoning module SessionFrontend (150)
[2015.11.27-15.43.04:327][801]LogModuleManager: Shutting down and abandoning module ProfilerClient (149)
[2015.11.27-15.43.04:330][801]LogModuleManager: Shutting down and abandoning module TargetDeviceServices (148)
[2015.11.27-15.43.04:330][801]LogModuleManager: Shutting down and abandoning module DeviceManager (147)
[2015.11.27-15.43.04:332][801]LogModuleManager: Shutting down and abandoning module AutomationController (146)
[2015.11.27-15.43.04:332][801]LogModuleManager: Shutting down and abandoning module AutomationWindow (145)
[2015.11.27-15.43.04:333][801]LogModuleManager: Shutting down and abandoning module Layers (144)
[2015.11.27-15.43.04:336][801]LogModuleManager: Shutting down and abandoning module ComponentVisualizers (143)
[2015.11.27-15.43.04:336][801]LogModuleManager: Shutting down and abandoning module DetailCustomizations (142)
[2015.11.27-15.43.04:337][801]LogModuleManager: Shutting down and abandoning module PackagesDialog (141)
[2015.11.27-15.43.04:338][801]LogModuleManager: Shutting down and abandoning module Persona (140)
[2015.11.27-15.43.04:342][801]LogModuleManager: Shutting down and abandoning module Kismet (139)
[2015.11.27-15.43.04:343][801]LogModuleManager: Shutting down and abandoning module GraphEditor (138)
[2015.11.27-15.43.04:353][801]LogModuleManager: Shutting down and abandoning module ClassViewer (137)
[2015.11.27-15.43.04:353][801]LogModuleManager: Shutting down and abandoning module Toolbox (136)
[2015.11.27-15.43.04:353][801]LogModuleManager: Shutting down and abandoning module ModuleUI (135)
[2015.11.27-15.43.04:354][801]LogModuleManager: Shutting down and abandoning module MovieSceneTools (134)
[2015.11.27-15.43.04:355][801]LogModuleManager: Shutting down and abandoning module OutputLog (133)
[2015.11.27-15.43.04:355][801]LogModuleManager: Shutting down and abandoning module GammaUI (132)
[2015.11.27-15.43.04:355][801]LogModuleManager: Shutting down and abandoning module Documentation (131)
[2015.11.27-15.43.04:355][801]LogModuleManager: Shutting down and abandoning module GameLiveStreaming (130)
[2015.11.27-15.43.04:356][801]LogModuleManager: Shutting down and abandoning module StreamingPauseRendering (129)
[2015.11.27-15.43.04:356][801]LogModuleManager: Shutting down and abandoning module AnalyticsET (128)
[2015.11.27-15.43.04:356][801]LogModuleManager: Shutting down and abandoning module Analytics (127)
[2015.11.27-15.43.04:356][801]LogModuleManager: Shutting down and abandoning module AITestSuite (126)
[2015.11.27-15.43.04:357][801]LogModuleManager: Shutting down and abandoning module GameplayDebugger (125)
[2015.11.27-15.43.04:358][801]LogModuleManager: Shutting down and abandoning module AIModule (124)
[2015.11.27-15.43.04:358][801]LogModuleManager: Shutting down and abandoning module ProfilerService (123)
[2015.11.27-15.43.04:556][801]LogModuleManager: Shutting down and abandoning module TaskGraph (122)
[2015.11.27-15.43.04:558][801]LogModuleManager: Shutting down and abandoning module SlateRemote (121)
[2015.11.27-15.43.04:559][801]LogModuleManager: Shutting down and abandoning module SteamVRController (120)
[2015.11.27-15.43.04:563][801]LogModuleManager: Shutting down and abandoning module SteamVR (119)
[2015.11.27-15.43.04:563][801]LogModuleManager: Shutting down and abandoning module ProceduralMeshComponent (118)
[2015.11.27-15.43.04:564][801]LogModuleManager: Shutting down and abandoning module OculusLibrary (117)
[2015.11.27-15.43.04:564][801]LogModuleManager: Shutting down and abandoning module OculusInput (116)
[2015.11.27-15.43.04:564][801]LogModuleManager: Shutting down and abandoning module LeapMotionController (115)
[2015.11.27-15.43.04:707][801]LogModuleManager: Shutting down and abandoning module CustomMeshComponent (114)
[2015.11.27-15.43.04:707][801]LogModuleManager: Shutting down and abandoning module CableComponent (113)
[2015.11.27-15.43.04:708][801]LogModuleManager: Shutting down and abandoning module ArchVisCharacter (112)
[2015.11.27-15.43.04:708][801]LogModuleManager: Shutting down and abandoning module MessagingDebugger (111)
[2015.11.27-15.43.04:711][801]LogModuleManager: Shutting down and abandoning module MediaPlayerEditor (110)
[2015.11.27-15.43.04:713][801]LogModuleManager: Shutting down and abandoning module HTML5Networking (109)
[2015.11.27-15.43.04:713][801]LogModuleManager: Shutting down and abandoning module SpeedTreeImporter (108)
[2015.11.27-15.43.04:713][801]LogModuleManager: Shutting down and abandoning module PluginBrowser (107)
[2015.11.27-15.43.04:714][801]LogModuleManager: Shutting down and abandoning module EpicSurvey (106)
[2015.11.27-15.43.04:715][801]LogModuleManager: Shutting down and abandoning module DesktopPlatform (105)
[2015.11.27-15.43.04:715][801]LogModuleManager: Shutting down and abandoning module VisualStudioSourceCodeAccess (104)
[2015.11.27-15.43.04:715][801]LogModuleManager: Shutting down and abandoning module UObjectPlugin (103)
[2015.11.27-15.43.04:715][801]LogModuleManager: Shutting down and abandoning module SubversionSourceControl (102)
[2015.11.27-15.43.04:716][801]LogModuleManager: Shutting down and abandoning module PerforceSourceControl (101)
[2015.11.27-15.43.04:718][801]LogModuleManager: Shutting down and abandoning module SourceControl (100)
[2015.11.27-15.43.04:720][801]LogModuleManager: Shutting down and abandoning module GitSourceControl (99)
[2015.11.27-15.43.04:721][801]LogModuleManager: Shutting down and abandoning module LightPropagationVolumeEditor (98)
[2015.11.27-15.43.04:721][801]LogModuleManager: Shutting down and abandoning module PaperTiledImporter (97)
[2015.11.27-15.43.04:722][801]LogModuleManager: Shutting down and abandoning module PaperSpriteSheetImporter (96)
[2015.11.27-15.43.04:722][801]LogModuleManager: Shutting down and abandoning module MeshPaint (95)
[2015.11.27-15.43.04:722][801]LogModuleManager: Shutting down and abandoning module SlateReflector (94)
[2015.11.27-15.43.04:723][801]LogModuleManager: Shutting down and abandoning module HotReload (93)
[2015.11.27-15.43.04:723][801]LogModuleManager: Shutting down and abandoning module MainFrame (92)
[2015.11.27-15.43.04:723][801]LogModuleManager: Shutting down and abandoning module LevelEditor (91)
[2015.11.27-15.43.04:725][801]LogModuleManager: Shutting down and abandoning module DirectoryWatcher (90)
[2015.11.27-15.43.04:727][801]LogModuleManager: Shutting down and abandoning module AssetRegistry (89)
[2015.11.27-15.43.04:882][801]LogModuleManager: Shutting down and abandoning module ContentBrowser (88)
[2015.11.27-15.43.04:897][801]LogModuleManager: Shutting down and abandoning module Paper2DEditor (87)
[2015.11.27-15.43.04:904][801]LogModuleManager: Shutting down and abandoning module UdpMessaging (86)
[2015.11.27-15.43.05:005][801]LogModuleManager: Shutting down and abandoning module LightPropagationVolumeRuntime (85)
[2015.11.27-15.43.05:005][801]LogModuleManager: Shutting down and abandoning module Paper2D (84)
[2015.11.27-15.43.05:006][801]LogModuleManager: Shutting down and abandoning module WindowsMoviePlayer (83)
[2015.11.27-15.43.05:014][801]LogModuleManager: Shutting down and abandoning module Media (82)
[2015.11.27-15.43.05:014][801]LogModuleManager: Shutting down and abandoning module WmfMedia (81)
[2015.11.27-15.43.05:016][801]LogModuleManager: Shutting down and abandoning module OnlineBlueprintSupport (80)
[2015.11.27-15.43.05:016][801]LogModuleManager: Shutting down and abandoning module GameplayTasksEditor (79)
[2015.11.27-15.43.05:016][801]LogModuleManager: Shutting down and abandoning module PropertyEditor (78)
[2015.11.27-15.43.05:016][801]LogModuleManager: Shutting down and abandoning module BehaviorTreeEditor (77)
[2015.11.27-15.43.05:018][801]LogModuleManager: Shutting down and abandoning module FunctionalTesting (76)
[2015.11.27-15.43.05:018][801]LogModuleManager: Shutting down and abandoning module CollisionAnalyzer (75)
[2015.11.27-15.43.05:019][801]LogModuleManager: Shutting down and abandoning module WorkspaceMenuStructure (74)
[2015.11.27-15.43.05:019][801]LogModuleManager: Shutting down and abandoning module MessageLog (73)
[2015.11.27-15.43.05:019][801]LogModuleManager: Shutting down and abandoning module Sequencer (72)
[2015.11.27-15.43.05:025][801]LogModuleManager: Shutting down and abandoning module AssetTools (71)
[2015.11.27-15.43.05:028][801]LogModuleManager: Shutting down and abandoning module UMGEditor (70)
[2015.11.27-15.43.05:030][801]LogModuleManager: Shutting down and abandoning module UMG (69)
[2015.11.27-15.43.05:031][801]LogModuleManager: Shutting down and abandoning module Slate (68)
[2015.11.27-15.43.05:031][801]LogModuleManager: Shutting down and abandoning module EditorStyle (67)
[2015.11.27-15.43.05:037][801]LogModuleManager: Shutting down and abandoning module SessionServices (66)
[2015.11.27-15.43.05:037][801]LogModuleManager: Shutting down and abandoning module SourceCodeAccess (65)
[2015.11.27-15.43.05:037][801]LogModuleManager: Shutting down and abandoning module HeadMountedDisplay (64)
[2015.11.27-15.43.05:037][801]LogModuleManager: Shutting down and abandoning module XAudio2 (63)
[2015.11.27-15.43.05:037][801]LogModuleManager: Shutting down and abandoning module Networking (61)
[2015.11.27-15.43.05:037][801]LogModuleManager: Shutting down and abandoning module Core (60)
[2015.11.27-15.43.05:037][801]LogModuleManager: Shutting down and abandoning module KismetCompiler (59)
[2015.11.27-15.43.05:037][801]LogModuleManager: Shutting down and abandoning module PhysXFormats (58)
[2015.11.27-15.43.05:039][801]LogModuleManager: Shutting down and abandoning module MeshUtilities (57)
[2015.11.27-15.43.05:040][801]LogModuleManager: Shutting down and abandoning module DerivedDataCache (56)
[2015.11.27-15.43.05:520][801]LogDerivedDataCache: Shutdown
[2015.11.27-15.43.05:520][801]LogModuleManager: Shutting down and abandoning module ShaderFormatOpenGL (55)
[2015.11.27-15.43.05:521][801]LogModuleManager: Shutting down and abandoning module ShaderFormatD3D (54)
[2015.11.27-15.43.05:521][801]LogModuleManager: Shutting down and abandoning module MetalShaderFormat (53)
[2015.11.27-15.43.05:522][801]LogModuleManager: Shutting down and abandoning module TextureFormatUncompressed (52)
[2015.11.27-15.43.05:522][801]LogModuleManager: Shutting down and abandoning module TextureFormatPVR (51)
[2015.11.27-15.43.05:522][801]LogModuleManager: Shutting down and abandoning module TextureFormatIntelISPCTexComp (50)
[2015.11.27-15.43.05:522][801]LogModuleManager: Shutting down and abandoning module TextureFormatDXT (49)
[2015.11.27-15.43.05:522][801]LogModuleManager: Shutting down and abandoning module ImageWrapper (48)
[2015.11.27-15.43.05:522][801]LogModuleManager: Shutting down and abandoning module TextureFormatASTC (47)
[2015.11.27-15.43.05:522][801]LogModuleManager: Shutting down and abandoning module TextureFormatAndroid (46)
[2015.11.27-15.43.05:522][801]LogModuleManager: Shutting down and abandoning module AudioFormatOpus (45)
[2015.11.27-15.43.05:523][801]LogModuleManager: Shutting down and abandoning module AudioFormatOgg (44)
[2015.11.27-15.43.05:523][801]LogModuleManager: Shutting down and abandoning module AudioFormatADPCM (43)
[2015.11.27-15.43.05:523][801]LogModuleManager: Shutting down and abandoning module LinuxTargetPlatform (42)
[2015.11.27-15.43.05:523][801]LogModuleManager: Shutting down and abandoning module LinuxServerTargetPlatform (41)
[2015.11.27-15.43.05:523][801]LogModuleManager: Shutting down and abandoning module LinuxNoEditorTargetPlatform (40)
[2015.11.27-15.43.05:523][801]LogModuleManager: Shutting down and abandoning module Messaging (39)
[2015.11.27-15.43.05:523][801]LogModuleManager: Shutting down and abandoning module IOSTargetPlatform (38)
[2015.11.27-15.43.05:523][801]LogModuleManager: Shutting down and abandoning module HTML5TargetPlatform (37)
[2015.11.27-15.43.05:523][801]LogModuleManager: Shutting down and abandoning module Android_PVRTCTargetPlatform (36)
[2015.11.27-15.43.05:523][801]LogModuleManager: Shutting down and abandoning module Android_MultiTargetPlatform (35)
[2015.11.27-15.43.05:523][801]LogModuleManager: Shutting down and abandoning module Android_ETC2TargetPlatform (34)
[2015.11.27-15.43.05:523][801]LogModuleManager: Shutting down and abandoning module Android_ETC1TargetPlatform (33)
[2015.11.27-15.43.05:523][801]LogModuleManager: Shutting down and abandoning module Android_DXTTargetPlatform (32)
[2015.11.27-15.43.05:523][801]LogModuleManager: Shutting down and abandoning module Android_ATCTargetPlatform (31)
[2015.11.27-15.43.05:523][801]LogModuleManager: Shutting down and abandoning module Android_ASTCTargetPlatform (30)
[2015.11.27-15.43.05:523][801]LogModuleManager: Shutting down and abandoning module AndroidTargetPlatform (29)
[2015.11.27-15.43.05:523][801]LogModuleManager: Shutting down and abandoning module WindowsTargetPlatform (28)
[2015.11.27-15.43.05:523][801]LogModuleManager: Shutting down and abandoning module WindowsServerTargetPlatform (27)
[2015.11.27-15.43.05:523][801]LogModuleManager: Shutting down and abandoning module WindowsNoEditorTargetPlatform (26)
[2015.11.27-15.43.05:523][801]LogModuleManager: Shutting down and abandoning module WindowsClientTargetPlatform (25)
[2015.11.27-15.43.05:523][801]LogModuleManager: Shutting down and abandoning module AllDesktopTargetPlatform (24)
[2015.11.27-15.43.05:523][801]LogModuleManager: Shutting down and abandoning module TargetPlatform (23)
[2015.11.27-15.43.05:523][801]LogModuleManager: Shutting down and abandoning module InputCore (22)
[2015.11.27-15.43.05:523][801]LogModuleManager: Shutting down and abandoning module Settings (21)
[2015.11.27-15.43.05:523][801]LogModuleManager: Shutting down and abandoning module OnlineSubsystem (19)
[2015.11.27-15.43.05:523][801]LogModuleManager: Shutting down and abandoning module HTTP (18)
[2015.11.27-15.43.07:533][801]LogModuleManager: Shutting down and abandoning module XMPP (17)
[2015.11.27-15.43.07:535][801]LogModuleManager: Shutting down and abandoning module OculusRift (16)
[2015.11.27-15.43.07:536][801]LogModuleManager: Shutting down and abandoning module ExampleDeviceProfileSelector (15)
[2015.11.27-15.43.07:536][801]LogModuleManager: Shutting down and abandoning module TextureCompressor (14)
[2015.11.27-15.43.07:536][801]LogModuleManager: Shutting down and abandoning module ShaderCore (13)
[2015.11.27-15.43.07:536][801]LogModuleManager: Shutting down and abandoning module Landscape (12)
[2015.11.27-15.43.07:536][801]LogModuleManager: Shutting down and abandoning module SlateRHIRenderer (11)
[2015.11.27-15.43.07:538][801]LogModuleManager: Shutting down and abandoning module OpenGLDrv (10)
[2015.11.27-15.43.07:538][801]LogModuleManager: Shutting down and abandoning module D3D11RHI (9)
[2015.11.27-15.43.07:538][801]LogModuleManager: Shutting down and abandoning module AnimGraphRuntime (8)
[2015.11.27-15.43.07:539][801]LogModuleManager: Shutting down and abandoning module Renderer (7)
[2015.11.27-15.43.07:539][801]LogModuleManager: Shutting down and abandoning module Engine (6)
[2015.11.27-15.43.07:539][801]LogModuleManager: Shutting down and abandoning module CoreUObject (5)
[2015.11.27-15.43.07:539][801]LogModuleManager: Shutting down and abandoning module NetworkFile (4)
[2015.11.27-15.43.07:540][801]LogModuleManager: Shutting down and abandoning module StreamingFile (3)
[2015.11.27-15.43.07:540][801]LogModuleManager: Shutting down and abandoning module SandboxFile (2)
[2015.11.27-15.43.07:540][801]LogModuleManager: Shutting down and abandoning module PakFile (1)
[2015.11.27-15.43.07:544][801]LogExit: Exiting.
[2015.11.27-15.43.07:548][801]Log file closed, 11/27/15 23:43:07
